[0.468s] Invoking command in '/workspace/turtlebot3_ws/build/turtlebot3_example': CMAKE_PREFIX_PATH=/workspace/turtlebot3_ws/install/turtlebot3_msgs:/workspace/turtlebot3_ws/install/turtlebot3:/workspace/turtlebot3_ws/install/turtlebot3_simulations:/workspace/turtlebot3_ws/install/turtlebot3_bringup:/workspace/turtlebot3_ws/install/turtlebot3_node:/workspace/turtlebot3_ws/install/turtlebot3_navigation2:/workspace/turtlebot3_ws/install/turtlebot3_fake_node:/workspace/turtlebot3_ws/install/turtlebot3_gazebo:/workspace/turtlebot3_ws/install/turtlebot3_description:/workspace/turtlebot3_ws/install/turtlebot3_cartographer LD_LIBRARY_PATH=/workspace/turtlebot3_ws/install/turtlebot3_msgs/lib:/usr/lib/x86_64-linux-gnu/gazebo-11/plugins:/opt/ros/humble/opt/rviz_ogre_vendor/lib:/opt/ros/humble/lib/x86_64-linux-gnu:/opt/ros/humble/lib:/usr/lib/x86_64-linux-gnu/gazebo-11/plugins PYTHONPATH=/workspace/turtlebot3_ws/build/turtlebot3_example/prefix_override:/usr/lib/python3/dist-packages/colcon_core/task/python/colcon_distutils_commands:/workspace/turtlebot3_ws/install/turtlebot3_example/lib/python3.10/site-packages:${PYTHONPATH} /usr/bin/python3 -W ignore:setup.py install is deprecated -W ignore:easy_install command is deprecated setup.py develop --uninstall --editable --build-directory /workspace/turtlebot3_ws/build/turtlebot3_example/build
[0.707s] running develop
[0.830s] Removing /workspace/turtlebot3_ws/install/turtlebot3_example/lib/python3.10/site-packages/turtlebot3-example.egg-link (link to .)
[0.861s] Invoked command in '/workspace/turtlebot3_ws/build/turtlebot3_example' returned '0': CMAKE_PREFIX_PATH=/workspace/turtlebot3_ws/install/turtlebot3_msgs:/workspace/turtlebot3_ws/install/turtlebot3:/workspace/turtlebot3_ws/install/turtlebot3_simulations:/workspace/turtlebot3_ws/install/turtlebot3_bringup:/workspace/turtlebot3_ws/install/turtlebot3_node:/workspace/turtlebot3_ws/install/turtlebot3_navigation2:/workspace/turtlebot3_ws/install/turtlebot3_fake_node:/workspace/turtlebot3_ws/install/turtlebot3_gazebo:/workspace/turtlebot3_ws/install/turtlebot3_description:/workspace/turtlebot3_ws/install/turtlebot3_cartographer LD_LIBRARY_PATH=/workspace/turtlebot3_ws/install/turtlebot3_msgs/lib:/usr/lib/x86_64-linux-gnu/gazebo-11/plugins:/opt/ros/humble/opt/rviz_ogre_vendor/lib:/opt/ros/humble/lib/x86_64-linux-gnu:/opt/ros/humble/lib:/usr/lib/x86_64-linux-gnu/gazebo-11/plugins PYTHONPATH=/workspace/turtlebot3_ws/build/turtlebot3_example/prefix_override:/usr/lib/python3/dist-packages/colcon_core/task/python/colcon_distutils_commands:/workspace/turtlebot3_ws/install/turtlebot3_example/lib/python3.10/site-packages:${PYTHONPATH} /usr/bin/python3 -W ignore:setup.py install is deprecated -W ignore:easy_install command is deprecated setup.py develop --uninstall --editable --build-directory /workspace/turtlebot3_ws/build/turtlebot3_example/build
[0.865s] Invoking command in '/workspace/turtlebot3_ws/src/turtlebot3/turtlebot3_example': CMAKE_PREFIX_PATH=/workspace/turtlebot3_ws/install/turtlebot3_msgs:/workspace/turtlebot3_ws/install/turtlebot3:/workspace/turtlebot3_ws/install/turtlebot3_simulations:/workspace/turtlebot3_ws/install/turtlebot3_bringup:/workspace/turtlebot3_ws/install/turtlebot3_node:/workspace/turtlebot3_ws/install/turtlebot3_navigation2:/workspace/turtlebot3_ws/install/turtlebot3_fake_node:/workspace/turtlebot3_ws/install/turtlebot3_gazebo:/workspace/turtlebot3_ws/install/turtlebot3_description:/workspace/turtlebot3_ws/install/turtlebot3_cartographer LD_LIBRARY_PATH=/workspace/turtlebot3_ws/install/turtlebot3_msgs/lib:/usr/lib/x86_64-linux-gnu/gazebo-11/plugins:/opt/ros/humble/opt/rviz_ogre_vendor/lib:/opt/ros/humble/lib/x86_64-linux-gnu:/opt/ros/humble/lib:/usr/lib/x86_64-linux-gnu/gazebo-11/plugins PYTHONPATH=/workspace/turtlebot3_ws/build/turtlebot3_example/prefix_override:/usr/lib/python3/dist-packages/colcon_core/task/python/colcon_distutils_commands:/workspace/turtlebot3_ws/install/turtlebot3_example/lib/python3.10/site-packages:${PYTHONPATH} /usr/bin/python3 -W ignore:setup.py install is deprecated -W ignore:easy_install command is deprecated setup.py egg_info --egg-base ../../../build/turtlebot3_example build --build-base /workspace/turtlebot3_ws/build/turtlebot3_example/build install --record /workspace/turtlebot3_ws/build/turtlebot3_example/install.log --single-version-externally-managed install_data --force
[1.132s] running egg_info
[1.133s] writing ../../../build/turtlebot3_example/turtlebot3_example.egg-info/PKG-INFO
[1.134s] writing dependency_links to ../../../build/turtlebot3_example/turtlebot3_example.egg-info/dependency_links.txt
[1.134s] writing entry points to ../../../build/turtlebot3_example/turtlebot3_example.egg-info/entry_points.txt
[1.134s] writing requirements to ../../../build/turtlebot3_example/turtlebot3_example.egg-info/requires.txt
[1.134s] writing top-level names to ../../../build/turtlebot3_example/turtlebot3_example.egg-info/top_level.txt
[1.137s] reading manifest file '../../../build/turtlebot3_example/turtlebot3_example.egg-info/SOURCES.txt'
[1.138s] writing manifest file '../../../build/turtlebot3_example/turtlebot3_example.egg-info/SOURCES.txt'
[1.138s] running build
[1.138s] running build_py
[1.138s] creating /workspace/turtlebot3_ws/build/turtlebot3_example/build
[1.138s] creating /workspace/turtlebot3_ws/build/turtlebot3_example/build/lib
[1.139s] creating /workspace/turtlebot3_ws/build/turtlebot3_example/build/lib/turtlebot3_example
[1.139s] copying turtlebot3_example/__init__.py -> /workspace/turtlebot3_ws/build/turtlebot3_example/build/lib/turtlebot3_example
[1.139s] creating /workspace/turtlebot3_ws/build/turtlebot3_example/build/lib/turtlebot3_example/turtlebot3_patrol_client
[1.139s] copying turtlebot3_example/turtlebot3_patrol_client/main.py -> /workspace/turtlebot3_ws/build/turtlebot3_example/build/lib/turtlebot3_example/turtlebot3_patrol_client
[1.139s] copying turtlebot3_example/turtlebot3_patrol_client/__init__.py -> /workspace/turtlebot3_ws/build/turtlebot3_example/build/lib/turtlebot3_example/turtlebot3_patrol_client
[1.139s] copying turtlebot3_example/turtlebot3_patrol_client/turtlebot3_patrol_client.py -> /workspace/turtlebot3_ws/build/turtlebot3_example/build/lib/turtlebot3_example/turtlebot3_patrol_client
[1.139s] creating /workspace/turtlebot3_ws/build/turtlebot3_example/build/lib/turtlebot3_example/turtlebot3_patrol_server
[1.139s] copying turtlebot3_example/turtlebot3_patrol_server/main.py -> /workspace/turtlebot3_ws/build/turtlebot3_example/build/lib/turtlebot3_example/turtlebot3_patrol_server
[1.139s] copying turtlebot3_example/turtlebot3_patrol_server/__init__.py -> /workspace/turtlebot3_ws/build/turtlebot3_example/build/lib/turtlebot3_example/turtlebot3_patrol_server
[1.140s] copying turtlebot3_example/turtlebot3_patrol_server/turtlebot3_patrol_server.py -> /workspace/turtlebot3_ws/build/turtlebot3_example/build/lib/turtlebot3_example/turtlebot3_patrol_server
[1.140s] copying turtlebot3_example/turtlebot3_patrol_server/turtlebot3_path.py -> /workspace/turtlebot3_ws/build/turtlebot3_example/build/lib/turtlebot3_example/turtlebot3_patrol_server
[1.140s] creating /workspace/turtlebot3_ws/build/turtlebot3_example/build/lib/turtlebot3_example/turtlebot3_position_control
[1.140s] copying turtlebot3_example/turtlebot3_position_control/main.py -> /workspace/turtlebot3_ws/build/turtlebot3_example/build/lib/turtlebot3_example/turtlebot3_position_control
[1.140s] copying turtlebot3_example/turtlebot3_position_control/__init__.py -> /workspace/turtlebot3_ws/build/turtlebot3_example/build/lib/turtlebot3_example/turtlebot3_position_control
[1.140s] copying turtlebot3_example/turtlebot3_position_control/turtlebot3_position_control.py -> /workspace/turtlebot3_ws/build/turtlebot3_example/build/lib/turtlebot3_example/turtlebot3_position_control
[1.140s] copying turtlebot3_example/turtlebot3_position_control/turtlebot3_path.py -> /workspace/turtlebot3_ws/build/turtlebot3_example/build/lib/turtlebot3_example/turtlebot3_position_control
[1.140s] creating /workspace/turtlebot3_ws/build/turtlebot3_example/build/lib/turtlebot3_example/turtlebot3_obstacle_detection
[1.140s] copying turtlebot3_example/turtlebot3_obstacle_detection/main.py -> /workspace/turtlebot3_ws/build/turtlebot3_example/build/lib/turtlebot3_example/turtlebot3_obstacle_detection
[1.140s] copying turtlebot3_example/turtlebot3_obstacle_detection/__init__.py -> /workspace/turtlebot3_ws/build/turtlebot3_example/build/lib/turtlebot3_example/turtlebot3_obstacle_detection
[1.141s] copying turtlebot3_example/turtlebot3_obstacle_detection/turtlebot3_obstacle_detection.py -> /workspace/turtlebot3_ws/build/turtlebot3_example/build/lib/turtlebot3_example/turtlebot3_obstacle_detection
[1.143s] running install
[1.143s] running install_lib
[1.143s] creating /workspace/turtlebot3_ws/install/turtlebot3_example/lib/python3.10/site-packages/turtlebot3_example
[1.143s] creating /workspace/turtlebot3_ws/install/turtlebot3_example/lib/python3.10/site-packages/turtlebot3_example/turtlebot3_patrol_client
[1.143s] copying /workspace/turtlebot3_ws/build/turtlebot3_example/build/lib/turtlebot3_example/turtlebot3_patrol_client/main.py -> /workspace/turtlebot3_ws/install/turtlebot3_example/lib/python3.10/site-packages/turtlebot3_example/turtlebot3_patrol_client
[1.143s] copying /workspace/turtlebot3_ws/build/turtlebot3_example/build/lib/turtlebot3_example/turtlebot3_patrol_client/__init__.py -> /workspace/turtlebot3_ws/install/turtlebot3_example/lib/python3.10/site-packages/turtlebot3_example/turtlebot3_patrol_client
[1.144s] copying /workspace/turtlebot3_ws/build/turtlebot3_example/build/lib/turtlebot3_example/turtlebot3_patrol_client/turtlebot3_patrol_client.py -> /workspace/turtlebot3_ws/install/turtlebot3_example/lib/python3.10/site-packages/turtlebot3_example/turtlebot3_patrol_client
[1.144s] copying /workspace/turtlebot3_ws/build/turtlebot3_example/build/lib/turtlebot3_example/__init__.py -> /workspace/turtlebot3_ws/install/turtlebot3_example/lib/python3.10/site-packages/turtlebot3_example
[1.144s] creating /workspace/turtlebot3_ws/install/turtlebot3_example/lib/python3.10/site-packages/turtlebot3_example/turtlebot3_patrol_server
[1.144s] copying /workspace/turtlebot3_ws/build/turtlebot3_example/build/lib/turtlebot3_example/turtlebot3_patrol_server/main.py -> /workspace/turtlebot3_ws/install/turtlebot3_example/lib/python3.10/site-packages/turtlebot3_example/turtlebot3_patrol_server
[1.144s] copying /workspace/turtlebot3_ws/build/turtlebot3_example/build/lib/turtlebot3_example/turtlebot3_patrol_server/__init__.py -> /workspace/turtlebot3_ws/install/turtlebot3_example/lib/python3.10/site-packages/turtlebot3_example/turtlebot3_patrol_server
[1.144s] copying /workspace/turtlebot3_ws/build/turtlebot3_example/build/lib/turtlebot3_example/turtlebot3_patrol_server/turtlebot3_patrol_server.py -> /workspace/turtlebot3_ws/install/turtlebot3_example/lib/python3.10/site-packages/turtlebot3_example/turtlebot3_patrol_server
[1.144s] copying /workspace/turtlebot3_ws/build/turtlebot3_example/build/lib/turtlebot3_example/turtlebot3_patrol_server/turtlebot3_path.py -> /workspace/turtlebot3_ws/install/turtlebot3_example/lib/python3.10/site-packages/turtlebot3_example/turtlebot3_patrol_server
[1.144s] creating /workspace/turtlebot3_ws/install/turtlebot3_example/lib/python3.10/site-packages/turtlebot3_example/turtlebot3_position_control
[1.144s] copying /workspace/turtlebot3_ws/build/turtlebot3_example/build/lib/turtlebot3_example/turtlebot3_position_control/main.py -> /workspace/turtlebot3_ws/install/turtlebot3_example/lib/python3.10/site-packages/turtlebot3_example/turtlebot3_position_control
[1.144s] copying /workspace/turtlebot3_ws/build/turtlebot3_example/build/lib/turtlebot3_example/turtlebot3_position_control/__init__.py -> /workspace/turtlebot3_ws/install/turtlebot3_example/lib/python3.10/site-packages/turtlebot3_example/turtlebot3_position_control
[1.144s] copying /workspace/turtlebot3_ws/build/turtlebot3_example/build/lib/turtlebot3_example/turtlebot3_position_control/turtlebot3_position_control.py -> /workspace/turtlebot3_ws/install/turtlebot3_example/lib/python3.10/site-packages/turtlebot3_example/turtlebot3_position_control
[1.144s] copying /workspace/turtlebot3_ws/build/turtlebot3_example/build/lib/turtlebot3_example/turtlebot3_position_control/turtlebot3_path.py -> /workspace/turtlebot3_ws/install/turtlebot3_example/lib/python3.10/site-packages/turtlebot3_example/turtlebot3_position_control
[1.144s] creating /workspace/turtlebot3_ws/install/turtlebot3_example/lib/python3.10/site-packages/turtlebot3_example/turtlebot3_obstacle_detection
[1.145s] copying /workspace/turtlebot3_ws/build/turtlebot3_example/build/lib/turtlebot3_example/turtlebot3_obstacle_detection/main.py -> /workspace/turtlebot3_ws/install/turtlebot3_example/lib/python3.10/site-packages/turtlebot3_example/turtlebot3_obstacle_detection
[1.145s] copying /workspace/turtlebot3_ws/build/turtlebot3_example/build/lib/turtlebot3_example/turtlebot3_obstacle_detection/__init__.py -> /workspace/turtlebot3_ws/install/turtlebot3_example/lib/python3.10/site-packages/turtlebot3_example/turtlebot3_obstacle_detection
[1.145s] copying /workspace/turtlebot3_ws/build/turtlebot3_example/build/lib/turtlebot3_example/turtlebot3_obstacle_detection/turtlebot3_obstacle_detection.py -> /workspace/turtlebot3_ws/install/turtlebot3_example/lib/python3.10/site-packages/turtlebot3_example/turtlebot3_obstacle_detection
[1.145s] byte-compiling /workspace/turtlebot3_ws/install/turtlebot3_example/lib/python3.10/site-packages/turtlebot3_example/turtlebot3_patrol_client/main.py to main.cpython-310.pyc
[1.146s] byte-compiling /workspace/turtlebot3_ws/install/turtlebot3_example/lib/python3.10/site-packages/turtlebot3_example/turtlebot3_patrol_client/__init__.py to __init__.cpython-310.pyc
[1.146s] byte-compiling /workspace/turtlebot3_ws/install/turtlebot3_example/lib/python3.10/site-packages/turtlebot3_example/turtlebot3_patrol_client/turtlebot3_patrol_client.py to turtlebot3_patrol_client.cpython-310.pyc
[1.147s] byte-compiling /workspace/turtlebot3_ws/install/turtlebot3_example/lib/python3.10/site-packages/turtlebot3_example/__init__.py to __init__.cpython-310.pyc
[1.148s] byte-compiling /workspace/turtlebot3_ws/install/turtlebot3_example/lib/python3.10/site-packages/turtlebot3_example/turtlebot3_patrol_server/main.py to main.cpython-310.pyc
[1.148s] byte-compiling /workspace/turtlebot3_ws/install/turtlebot3_example/lib/python3.10/site-packages/turtlebot3_example/turtlebot3_patrol_server/__init__.py to __init__.cpython-310.pyc
[1.148s] byte-compiling /workspace/turtlebot3_ws/install/turtlebot3_example/lib/python3.10/site-packages/turtlebot3_example/turtlebot3_patrol_server/turtlebot3_patrol_server.py to turtlebot3_patrol_server.cpython-310.pyc
[1.148s] byte-compiling /workspace/turtlebot3_ws/install/turtlebot3_example/lib/python3.10/site-packages/turtlebot3_example/turtlebot3_patrol_server/turtlebot3_path.py to turtlebot3_path.cpython-310.pyc
[1.149s] byte-compiling /workspace/turtlebot3_ws/install/turtlebot3_example/lib/python3.10/site-packages/turtlebot3_example/turtlebot3_position_control/main.py to main.cpython-310.pyc
[1.149s] byte-compiling /workspace/turtlebot3_ws/install/turtlebot3_example/lib/python3.10/site-packages/turtlebot3_example/turtlebot3_position_control/__init__.py to __init__.cpython-310.pyc
[1.149s] byte-compiling /workspace/turtlebot3_ws/install/turtlebot3_example/lib/python3.10/site-packages/turtlebot3_example/turtlebot3_position_control/turtlebot3_position_control.py to turtlebot3_position_control.cpython-310.pyc
[1.150s] byte-compiling /workspace/turtlebot3_ws/install/turtlebot3_example/lib/python3.10/site-packages/turtlebot3_example/turtlebot3_position_control/turtlebot3_path.py to turtlebot3_path.cpython-310.pyc
[1.151s] byte-compiling /workspace/turtlebot3_ws/install/turtlebot3_example/lib/python3.10/site-packages/turtlebot3_example/turtlebot3_obstacle_detection/main.py to main.cpython-310.pyc
[1.151s] byte-compiling /workspace/turtlebot3_ws/install/turtlebot3_example/lib/python3.10/site-packages/turtlebot3_example/turtlebot3_obstacle_detection/__init__.py to __init__.cpython-310.pyc
[1.151s] byte-compiling /workspace/turtlebot3_ws/install/turtlebot3_example/lib/python3.10/site-packages/turtlebot3_example/turtlebot3_obstacle_detection/turtlebot3_obstacle_detection.py to turtlebot3_obstacle_detection.cpython-310.pyc
[1.152s] running install_data
[1.152s] copying resource/turtlebot3_example -> /workspace/turtlebot3_ws/install/turtlebot3_example/share/ament_index/resource_index/packages
[1.152s] copying package.xml -> /workspace/turtlebot3_ws/install/turtlebot3_example/share/turtlebot3_example
[1.152s] running install_egg_info
[1.155s] Copying ../../../build/turtlebot3_example/turtlebot3_example.egg-info to /workspace/turtlebot3_ws/install/turtlebot3_example/lib/python3.10/site-packages/turtlebot3_example-2.1.5-py3.10.egg-info
[1.156s] running install_scripts
[1.188s] Installing turtlebot3_obstacle_detection script to /workspace/turtlebot3_ws/install/turtlebot3_example/lib/turtlebot3_example
[1.188s] Installing turtlebot3_patrol_client script to /workspace/turtlebot3_ws/install/turtlebot3_example/lib/turtlebot3_example
[1.188s] Installing turtlebot3_patrol_server script to /workspace/turtlebot3_ws/install/turtlebot3_example/lib/turtlebot3_example
[1.191s] Installing turtlebot3_position_control script to /workspace/turtlebot3_ws/install/turtlebot3_example/lib/turtlebot3_example
[1.191s] writing list of installed files to '/workspace/turtlebot3_ws/build/turtlebot3_example/install.log'
[1.234s] Invoked command in '/workspace/turtlebot3_ws/src/turtlebot3/turtlebot3_example' returned '0': CMAKE_PREFIX_PATH=/workspace/turtlebot3_ws/install/turtlebot3_msgs:/workspace/turtlebot3_ws/install/turtlebot3:/workspace/turtlebot3_ws/install/turtlebot3_simulations:/workspace/turtlebot3_ws/install/turtlebot3_bringup:/workspace/turtlebot3_ws/install/turtlebot3_node:/workspace/turtlebot3_ws/install/turtlebot3_navigation2:/workspace/turtlebot3_ws/install/turtlebot3_fake_node:/workspace/turtlebot3_ws/install/turtlebot3_gazebo:/workspace/turtlebot3_ws/install/turtlebot3_description:/workspace/turtlebot3_ws/install/turtlebot3_cartographer LD_LIBRARY_PATH=/workspace/turtlebot3_ws/install/turtlebot3_msgs/lib:/usr/lib/x86_64-linux-gnu/gazebo-11/plugins:/opt/ros/humble/opt/rviz_ogre_vendor/lib:/opt/ros/humble/lib/x86_64-linux-gnu:/opt/ros/humble/lib:/usr/lib/x86_64-linux-gnu/gazebo-11/plugins PYTHONPATH=/workspace/turtlebot3_ws/build/turtlebot3_example/prefix_override:/usr/lib/python3/dist-packages/colcon_core/task/python/colcon_distutils_commands:/workspace/turtlebot3_ws/install/turtlebot3_example/lib/python3.10/site-packages:${PYTHONPATH} /usr/bin/python3 -W ignore:setup.py install is deprecated -W ignore:easy_install command is deprecated setup.py egg_info --egg-base ../../../build/turtlebot3_example build --build-base /workspace/turtlebot3_ws/build/turtlebot3_example/build install --record /workspace/turtlebot3_ws/build/turtlebot3_example/install.log --single-version-externally-managed install_data --force
