[0.488s] Invoking command in '/workspace/tors_ws/build/table_order': PYTHONPATH=/workspace/tors_ws/build/table_order/prefix_override:/usr/lib/python3/dist-packages/colcon_core/task/python/colcon_distutils_commands:/workspace/tors_ws/install/table_order/lib/python3.10/site-packages:${PYTHONPATH} /usr/bin/python3 -W ignore:setup.py install is deprecated -W ignore:easy_install command is deprecated setup.py develop --editable --build-directory /workspace/tors_ws/build/table_order/build --no-deps symlink_data
[0.670s] running develop
[0.755s] running egg_info
[0.755s] creating table_order.egg-info
[0.755s] writing table_order.egg-info/PKG-INFO
[0.755s] writing dependency_links to table_order.egg-info/dependency_links.txt
[0.755s] writing entry points to table_order.egg-info/entry_points.txt
[0.755s] writing requirements to table_order.egg-info/requires.txt
[0.755s] writing top-level names to table_order.egg-info/top_level.txt
[0.755s] writing manifest file 'table_order.egg-info/SOURCES.txt'
[0.757s] reading manifest file 'table_order.egg-info/SOURCES.txt'
[0.757s] writing manifest file 'table_order.egg-info/SOURCES.txt'
[0.758s] running build_ext
[0.758s] Creating /workspace/tors_ws/install/table_order/lib/python3.10/site-packages/table-order.egg-link (link to .)
[0.759s] Installing pyqt_gui script to /workspace/tors_ws/install/table_order/lib/table_order
[0.759s] 
[0.759s] Installed /workspace/tors_ws/build/table_order
[0.759s] running symlink_data
[0.759s] creating /workspace/tors_ws/install/table_order/share/ament_index
[0.759s] creating /workspace/tors_ws/install/table_order/share/ament_index/resource_index
[0.760s] creating /workspace/tors_ws/install/table_order/share/ament_index/resource_index/packages
[0.760s] symbolically linking /workspace/tors_ws/build/table_order/resource/table_order -> /workspace/tors_ws/install/table_order/share/ament_index/resource_index/packages
[0.760s] symbolically linking /workspace/tors_ws/build/table_order/package.xml -> /workspace/tors_ws/install/table_order/share/table_order
[0.778s] Invoked command in '/workspace/tors_ws/build/table_order' returned '0': PYTHONPATH=/workspace/tors_ws/build/table_order/prefix_override:/usr/lib/python3/dist-packages/colcon_core/task/python/colcon_distutils_commands:/workspace/tors_ws/install/table_order/lib/python3.10/site-packages:${PYTHONPATH} /usr/bin/python3 -W ignore:setup.py install is deprecated -W ignore:easy_install command is deprecated setup.py develop --editable --build-directory /workspace/tors_ws/build/table_order/build --no-deps symlink_data
