[0.024s] Invoking command in '/workspace/turtlebot3_ws/build/turtlebot3_gazebo': CMAKE_PREFIX_PATH=/opt/ros/humble /usr/bin/cmake /workspace/turtlebot3_ws/src/turtlebot3_simulations/turtlebot3_gazebo -DAMENT_CMAKE_SYMLINK_INSTALL=1 -DCMAKE_INSTALL_PREFIX=/workspace/turtlebot3_ws/install/turtlebot3_gazebo
[0.300s] -- The C compiler identification is GNU 11.4.0
[0.300s] -- The CXX compiler identification is GNU 11.4.0
[0.301s] -- Detecting C compiler ABI info
[0.371s] -- Detecting C compiler ABI info - done
[0.386s] -- Check for working C compiler: /usr/bin/cc - skipped
[0.386s] -- Detecting C compile features
[0.387s] -- Detecting C compile features - done
[0.391s] -- Detecting CXX compiler ABI info
[0.480s] -- Detecting CXX compiler ABI info - done
[0.491s] -- Check for working CXX compiler: /usr/bin/c++ - skipped
[0.491s] -- Detecting CXX compile features
[0.491s] -- Detecting CXX compile features - done
[0.495s] -- Found ament_cmake: 1.3.12 (/opt/ros/humble/share/ament_cmake/cmake)
[0.673s] -- Found Python3: /usr/bin/python3 (found version "3.10.12") found components: Interpreter 
[0.752s] -- Override CMake install command with custom implementation using symlinks instead of copying resources
[0.798s] [33mCMake Warning (dev) at /usr/share/cmake-3.22/Modules/FindPackageHandleStandardArgs.cmake:438 (message):
[0.798s]   The package name passed to `find_package_handle_standard_args` (PkgConfig)
[0.799s]   does not match the name of the calling package (gazebo).  This can lead to
[0.799s]   problems in calling code that expects `find_package` result variables
[0.799s]   (e.g., `_FOUND`) to follow a certain pattern.
[0.799s] Call Stack (most recent call first):
[0.799s]   /usr/share/cmake-3.22/Modules/FindPkgConfig.cmake:99 (find_package_handle_standard_args)
[0.799s]   /usr/lib/x86_64-linux-gnu/cmake/gazebo/gazebo-config.cmake:72 (include)
[0.799s]   CMakeLists.txt:23 (find_package)
[0.799s] This warning is for project developers.  Use -Wno-dev to suppress it.
[0.799s] [0m
[0.799s] -- Found PkgConfig: /usr/bin/pkg-config (found version "0.29.2") 
[0.803s] -- Checking for module 'bullet>=2.82'
[0.825s] --   Found bullet, version 3.05
[0.963s] -- Found fcl: /usr/include (found suitable version "0.7.0", minimum required is "0.5.0") 
[1.015s] -- Found assimp: /usr/include (found version "5.2.0") 
[1.054s] -- Found DART: /usr/include (Required is at least version "6.6") found components: dart 
[1.257s] -- Found Boost: /usr/lib/x86_64-linux-gnu/cmake/Boost-1.74.0/BoostConfig.cmake (found suitable version "1.74.0", minimum required is "1.40.0") found components: thread system filesystem program_options regex iostreams date_time 
[1.279s] -- Found Protobuf: /usr/lib/x86_64-linux-gnu/libprotobuf.so (found version "3.12.4") 
[1.286s] -- Looking for ignition-math6 -- found version 6.15.1
[1.296s] -- Searching for dependencies of ignition-math6
[1.298s] -- Looking for OGRE...
[1.299s] -- OGRE_PREFIX_WATCH changed.
[1.304s] -- Checking for module 'OGRE'
[1.319s] --   Found OGRE, version 1.9.0
[1.346s] -- Found Ogre Ghadamon (1.9.0)
[1.356s] -- Found OGRE: optimized;/usr/lib/x86_64-linux-gnu/libOgreMain.so;debug;/usr/lib/x86_64-linux-gnu/libOgreMain.so
[1.365s] -- Looking for OGRE_Paging...
[1.368s] -- Found OGRE_Paging: optimized;/usr/lib/x86_64-linux-gnu/libOgrePaging.so;debug;/usr/lib/x86_64-linux-gnu/libOgrePaging.so
[1.368s] -- Looking for OGRE_Terrain...
[1.371s] -- Found OGRE_Terrain: optimized;/usr/lib/x86_64-linux-gnu/libOgreTerrain.so;debug;/usr/lib/x86_64-linux-gnu/libOgreTerrain.so
[1.371s] -- Looking for OGRE_Property...
[1.375s] -- Found OGRE_Property: optimized;/usr/lib/x86_64-linux-gnu/libOgreProperty.so;debug;/usr/lib/x86_64-linux-gnu/libOgreProperty.so
[1.375s] -- Looking for OGRE_RTShaderSystem...
[1.379s] -- Found OGRE_RTShaderSystem: optimized;/usr/lib/x86_64-linux-gnu/libOgreRTShaderSystem.so;debug;/usr/lib/x86_64-linux-gnu/libOgreRTShaderSystem.so
[1.379s] -- Looking for OGRE_Volume...
[1.382s] -- Found OGRE_Volume: optimized;/usr/lib/x86_64-linux-gnu/libOgreVolume.so;debug;/usr/lib/x86_64-linux-gnu/libOgreVolume.so
[1.382s] -- Looking for OGRE_Overlay...
[1.385s] -- Found OGRE_Overlay: optimized;/usr/lib/x86_64-linux-gnu/libOgreOverlay.so;debug;/usr/lib/x86_64-linux-gnu/libOgreOverlay.so
[1.468s] -- Looking for ignition-math6 -- found version 6.15.1
[1.471s] -- Looking for ignition-transport8 -- found version 8.2.1
[1.472s] -- Searching for dependencies of ignition-transport8
[1.492s] -- Found Protobuf: /usr/lib/x86_64-linux-gnu/libprotobuf.so (found suitable version "3.12.4", minimum required is "3") 
[1.503s] -- Config-file not installed for ZeroMQ -- checking for pkg-config
[1.507s] -- Checking for module 'libzmq >= 4'
[1.520s] --   Found libzmq , version 4.3.4
[1.550s] -- Found ZeroMQ: TRUE (Required is at least version "4") 
[1.555s] -- Checking for module 'uuid'
[1.564s] --   Found uuid, version 2.37.2
[1.596s] -- Found UUID: TRUE  
[1.598s] -- Looking for ignition-msgs5 -- found version 5.8.1
[1.598s] -- Searching for dependencies of ignition-msgs5
[1.616s] -- Looking for ignition-math6 -- found version 6.15.1
[1.621s] -- Checking for module 'tinyxml2'
[1.633s] --   Found tinyxml2, version 9.0.0
[1.664s] -- Looking for ignition-msgs5 -- found version 5.8.1
[1.668s] -- Looking for ignition-common3 -- found version 3.14.0
[1.668s] -- Searching for dependencies of ignition-common3
[1.669s] -- Looking for dlfcn.h - found
[1.669s] -- Looking for libdl - found
[1.671s] -- Found DL: TRUE  
[1.681s] -- Found tinyobjloader: /usr/lib/x86_64-linux-gnu/cmake/tinyobjloader/tinyobjloader-config.cmake (found version "2.0.0") 
[1.681s] -- Searching for <ignition-common3> component [graphics]
[1.684s] -- Looking for ignition-common3-graphics -- found version 3.14.0
[1.684s] -- Searching for dependencies of ignition-common3-graphics
[1.685s] -- Looking for ignition-math6 -- found version 6.15.1
[1.688s] -- Looking for ignition-fuel_tools4 -- found version 4.4.0
[1.689s] -- Searching for dependencies of ignition-fuel_tools4
[1.762s] -- Found CURL: /usr/lib/x86_64-linux-gnu/libcurl.so (found version "7.81.0")  
[1.772s] -- Checking for module 'jsoncpp'
[1.783s] --   Found jsoncpp, version 1.9.5
[1.810s] -- Found JSONCPP: TRUE  
[1.817s] -- Checking for module 'libzip'
[1.826s] --   Found libzip, version 1.7.3
[1.856s] -- Found ZIP: TRUE  
[1.857s] -- Looking for ignition-common3 -- found version 3.14.0
[1.857s] -- Looking for ignition-math6 -- found version 6.15.1
[1.857s] -- Looking for ignition-msgs5 -- found version 5.8.1
[1.865s] -- Found gazebo_ros_pkgs: 3.9.0 (/opt/ros/humble/share/gazebo_ros_pkgs/cmake)
[1.867s] -- Found geometry_msgs: 4.9.0 (/opt/ros/humble/share/geometry_msgs/cmake)
[1.899s] -- Found rosidl_generator_c: 3.1.7 (/opt/ros/humble/share/rosidl_generator_c/cmake)
[1.903s] -- Found rosidl_adapter: 3.1.7 (/opt/ros/humble/share/rosidl_adapter/cmake)
[1.911s] -- Found rosidl_generator_cpp: 3.1.7 (/opt/ros/humble/share/rosidl_generator_cpp/cmake)
[1.923s] -- Using all available rosidl_typesupport_c: rosidl_typesupport_fastrtps_c;rosidl_typesupport_introspection_c
[1.941s] -- Using all available rosidl_typesupport_cpp: rosidl_typesupport_fastrtps_cpp;rosidl_typesupport_introspection_cpp
[1.984s] -- Found nav_msgs: 4.9.0 (/opt/ros/humble/share/nav_msgs/cmake)
[2.005s] -- Found rclcpp: 16.0.14 (/opt/ros/humble/share/rclcpp/cmake)
[2.057s] -- Found rmw_implementation_cmake: 6.1.2 (/opt/ros/humble/share/rmw_implementation_cmake/cmake)
[2.061s] -- Found rmw_fastrtps_cpp: 6.2.8 (/opt/ros/humble/share/rmw_fastrtps_cpp/cmake)
[2.158s] -- Found OpenSSL: /usr/lib/x86_64-linux-gnu/libcrypto.so (found version "3.0.2")  
[2.190s] -- Found FastRTPS: /opt/ros/humble/include  
[2.245s] -- Using RMW implementation 'rmw_fastrtps_cpp' as default
[2.261s] -- Found Threads: TRUE  
[2.328s] -- Found sensor_msgs: 4.9.0 (/opt/ros/humble/share/sensor_msgs/cmake)
[2.361s] -- Found tf2: 0.25.15 (/opt/ros/humble/share/tf2/cmake)
[2.442s] -- Configuring done
[2.489s] -- Generating done
[2.496s] -- Build files have been written to: /workspace/turtlebot3_ws/build/turtlebot3_gazebo
[2.509s] Invoked command in '/workspace/turtlebot3_ws/build/turtlebot3_gazebo' returned '0': CMAKE_PREFIX_PATH=/opt/ros/humble /usr/bin/cmake /workspace/turtlebot3_ws/src/turtlebot3_simulations/turtlebot3_gazebo -DAMENT_CMAKE_SYMLINK_INSTALL=1 -DCMAKE_INSTALL_PREFIX=/workspace/turtlebot3_ws/install/turtlebot3_gazebo
[2.510s] Invoking command in '/workspace/turtlebot3_ws/build/turtlebot3_gazebo': CMAKE_PREFIX_PATH=/opt/ros/humble /usr/bin/cmake --build /workspace/turtlebot3_ws/build/turtlebot3_gazebo -- -j20 -l20
[2.567s] [ 37%] [32mBuilding CXX object CMakeFiles/obstacle1.dir/models/turtlebot3_dqn_world/obstacle_plugin/obstacle1.cc.o[0m
[2.567s] [ 37%] [32mBuilding CXX object CMakeFiles/turtlebot3_drive.dir/src/turtlebot3_drive.cpp.o[0m
[2.567s] [ 37%] [32mBuilding CXX object CMakeFiles/obstacle2.dir/models/turtlebot3_dqn_world/obstacle_plugin/obstacle2.cc.o[0m
[2.570s] [ 50%] [32mBuilding CXX object CMakeFiles/obstacles.dir/models/turtlebot3_dqn_world/obstacle_plugin/obstacles.cc.o[0m
[18.106s] [ 62%] [32m[1mLinking CXX shared library libobstacle1.so[0m
[18.152s] [ 75%] [32m[1mLinking CXX shared library libobstacles.so[0m
[18.508s] [ 87%] [32m[1mLinking CXX executable turtlebot3_drive[0m
[18.511s] [100%] [32m[1mLinking CXX shared library libobstacle2.so[0m
[18.562s] [100%] Built target obstacle1
[18.613s] [100%] Built target obstacles
[18.785s] [100%] Built target obstacle2
[19.255s] [100%] Built target turtlebot3_drive
[19.269s] Invoked command in '/workspace/turtlebot3_ws/build/turtlebot3_gazebo' returned '0': CMAKE_PREFIX_PATH=/opt/ros/humble /usr/bin/cmake --build /workspace/turtlebot3_ws/build/turtlebot3_gazebo -- -j20 -l20
[19.270s] Invoking command in '/workspace/turtlebot3_ws/build/turtlebot3_gazebo': CMAKE_PREFIX_PATH=/opt/ros/humble /usr/bin/cmake --install /workspace/turtlebot3_ws/build/turtlebot3_gazebo
[19.280s] -- Install configuration: ""
[19.280s] -- Execute custom install script
[19.280s] -- Symlinking: /workspace/turtlebot3_ws/install/turtlebot3_gazebo/lib/turtlebot3_gazebo/turtlebot3_drive
[19.291s] -- Symlinking: /workspace/turtlebot3_ws/install/turtlebot3_gazebo/share/turtlebot3_gazebo//launch/empty_world.launch.py
[19.299s] -- Symlinking: /workspace/turtlebot3_ws/install/turtlebot3_gazebo/share/turtlebot3_gazebo//launch/robot_state_publisher.launch.py
[19.308s] -- Symlinking: /workspace/turtlebot3_ws/install/turtlebot3_gazebo/share/turtlebot3_gazebo//launch/spawn_turtlebot3.launch.py
[19.319s] -- Symlinking: /workspace/turtlebot3_ws/install/turtlebot3_gazebo/share/turtlebot3_gazebo//launch/turtlebot3_dqn_stage1.launch.py
[19.329s] -- Symlinking: /workspace/turtlebot3_ws/install/turtlebot3_gazebo/share/turtlebot3_gazebo//launch/turtlebot3_dqn_stage2.launch.py
[19.340s] -- Symlinking: /workspace/turtlebot3_ws/install/turtlebot3_gazebo/share/turtlebot3_gazebo//launch/turtlebot3_dqn_stage3.launch.py
[19.355s] -- Symlinking: /workspace/turtlebot3_ws/install/turtlebot3_gazebo/share/turtlebot3_gazebo//launch/turtlebot3_dqn_stage4.launch.py
[19.364s] -- Symlinking: /workspace/turtlebot3_ws/install/turtlebot3_gazebo/share/turtlebot3_gazebo//launch/turtlebot3_house.launch.py
[19.375s] -- Symlinking: /workspace/turtlebot3_ws/install/turtlebot3_gazebo/share/turtlebot3_gazebo//launch/turtlebot3_world.launch.py
[19.386s] -- Symlinking: /workspace/turtlebot3_ws/install/turtlebot3_gazebo/share/turtlebot3_gazebo//models/turtlebot3_burger/model-1_4.sdf
[19.397s] -- Symlinking: /workspace/turtlebot3_ws/install/turtlebot3_gazebo/share/turtlebot3_gazebo//models/turtlebot3_burger/model.config
[19.409s] -- Symlinking: /workspace/turtlebot3_ws/install/turtlebot3_gazebo/share/turtlebot3_gazebo//models/turtlebot3_burger/model.sdf
[19.418s] -- Symlinking: /workspace/turtlebot3_ws/install/turtlebot3_gazebo/share/turtlebot3_gazebo//models/turtlebot3_common/meshes/burger_base.dae
[19.429s] -- Symlinking: /workspace/turtlebot3_ws/install/turtlebot3_gazebo/share/turtlebot3_gazebo//models/turtlebot3_common/meshes/lds.dae
[19.440s] -- Symlinking: /workspace/turtlebot3_ws/install/turtlebot3_gazebo/share/turtlebot3_gazebo//models/turtlebot3_common/meshes/r200.dae
[19.450s] -- Symlinking: /workspace/turtlebot3_ws/install/turtlebot3_gazebo/share/turtlebot3_gazebo//models/turtlebot3_common/meshes/tire.dae
[19.459s] -- Symlinking: /workspace/turtlebot3_ws/install/turtlebot3_gazebo/share/turtlebot3_gazebo//models/turtlebot3_common/meshes/waffle_base.dae
[19.471s] -- Symlinking: /workspace/turtlebot3_ws/install/turtlebot3_gazebo/share/turtlebot3_gazebo//models/turtlebot3_common/meshes/waffle_pi_base.dae
[19.480s] -- Symlinking: /workspace/turtlebot3_ws/install/turtlebot3_gazebo/share/turtlebot3_gazebo//models/turtlebot3_common/model.config
[19.490s] -- Symlinking: /workspace/turtlebot3_ws/install/turtlebot3_gazebo/share/turtlebot3_gazebo//models/turtlebot3_dqn_world/goal_box/model.config
[19.500s] -- Symlinking: /workspace/turtlebot3_ws/install/turtlebot3_gazebo/share/turtlebot3_gazebo//models/turtlebot3_dqn_world/goal_box/model.sdf
[19.510s] -- Symlinking: /workspace/turtlebot3_ws/install/turtlebot3_gazebo/share/turtlebot3_gazebo//models/turtlebot3_dqn_world/inner_walls/model.config
[19.522s] -- Symlinking: /workspace/turtlebot3_ws/install/turtlebot3_gazebo/share/turtlebot3_gazebo//models/turtlebot3_dqn_world/inner_walls/model.sdf
[19.531s] -- Symlinking: /workspace/turtlebot3_ws/install/turtlebot3_gazebo/share/turtlebot3_gazebo//models/turtlebot3_dqn_world/model.config
[19.542s] -- Symlinking: /workspace/turtlebot3_ws/install/turtlebot3_gazebo/share/turtlebot3_gazebo//models/turtlebot3_dqn_world/model.sdf
[19.552s] -- Symlinking: /workspace/turtlebot3_ws/install/turtlebot3_gazebo/share/turtlebot3_gazebo//models/turtlebot3_dqn_world/obstacle1/model.config
[19.563s] -- Symlinking: /workspace/turtlebot3_ws/install/turtlebot3_gazebo/share/turtlebot3_gazebo//models/turtlebot3_dqn_world/obstacle1/model.sdf
[19.573s] -- Symlinking: /workspace/turtlebot3_ws/install/turtlebot3_gazebo/share/turtlebot3_gazebo//models/turtlebot3_dqn_world/obstacle2/model.config
[19.584s] -- Symlinking: /workspace/turtlebot3_ws/install/turtlebot3_gazebo/share/turtlebot3_gazebo//models/turtlebot3_dqn_world/obstacle2/model.sdf
[19.595s] -- Symlinking: /workspace/turtlebot3_ws/install/turtlebot3_gazebo/share/turtlebot3_gazebo//models/turtlebot3_dqn_world/obstacle_plugin/CMakeLists.txt
[19.605s] -- Symlinking: /workspace/turtlebot3_ws/install/turtlebot3_gazebo/share/turtlebot3_gazebo//models/turtlebot3_dqn_world/obstacle_plugin/obstacle1.cc
[19.615s] -- Symlinking: /workspace/turtlebot3_ws/install/turtlebot3_gazebo/share/turtlebot3_gazebo//models/turtlebot3_dqn_world/obstacle_plugin/obstacle2.cc
[19.625s] -- Symlinking: /workspace/turtlebot3_ws/install/turtlebot3_gazebo/share/turtlebot3_gazebo//models/turtlebot3_dqn_world/obstacle_plugin/obstacles.cc
[19.636s] -- Symlinking: /workspace/turtlebot3_ws/install/turtlebot3_gazebo/share/turtlebot3_gazebo//models/turtlebot3_dqn_world/obstacles/model.config
[19.647s] -- Symlinking: /workspace/turtlebot3_ws/install/turtlebot3_gazebo/share/turtlebot3_gazebo//models/turtlebot3_dqn_world/obstacles/model.sdf
[19.657s] -- Symlinking: /workspace/turtlebot3_ws/install/turtlebot3_gazebo/share/turtlebot3_gazebo//models/turtlebot3_house/model.config
[19.667s] -- Symlinking: /workspace/turtlebot3_ws/install/turtlebot3_gazebo/share/turtlebot3_gazebo//models/turtlebot3_house/model.sdf
[19.678s] -- Symlinking: /workspace/turtlebot3_ws/install/turtlebot3_gazebo/share/turtlebot3_gazebo//models/turtlebot3_waffle/model-1_4.sdf
[19.690s] -- Symlinking: /workspace/turtlebot3_ws/install/turtlebot3_gazebo/share/turtlebot3_gazebo//models/turtlebot3_waffle/model.config
[19.700s] -- Symlinking: /workspace/turtlebot3_ws/install/turtlebot3_gazebo/share/turtlebot3_gazebo//models/turtlebot3_waffle/model.sdf
[19.710s] -- Symlinking: /workspace/turtlebot3_ws/install/turtlebot3_gazebo/share/turtlebot3_gazebo//models/turtlebot3_waffle_pi/model-1_4_.sdf
[19.721s] -- Symlinking: /workspace/turtlebot3_ws/install/turtlebot3_gazebo/share/turtlebot3_gazebo//models/turtlebot3_waffle_pi/model.config
[19.733s] -- Symlinking: /workspace/turtlebot3_ws/install/turtlebot3_gazebo/share/turtlebot3_gazebo//models/turtlebot3_waffle_pi/model.sdf
[19.743s] -- Symlinking: /workspace/turtlebot3_ws/install/turtlebot3_gazebo/share/turtlebot3_gazebo//models/turtlebot3_world/meshes/hexagon.dae
[19.753s] -- Symlinking: /workspace/turtlebot3_ws/install/turtlebot3_gazebo/share/turtlebot3_gazebo//models/turtlebot3_world/meshes/wall.dae
[19.760s] -- Symlinking: /workspace/turtlebot3_ws/install/turtlebot3_gazebo/share/turtlebot3_gazebo//models/turtlebot3_world/model-1_4.sdf
[19.770s] -- Symlinking: /workspace/turtlebot3_ws/install/turtlebot3_gazebo/share/turtlebot3_gazebo//models/turtlebot3_world/model.config
[19.780s] -- Symlinking: /workspace/turtlebot3_ws/install/turtlebot3_gazebo/share/turtlebot3_gazebo//models/turtlebot3_world/model.sdf
[19.789s] -- Symlinking: /workspace/turtlebot3_ws/install/turtlebot3_gazebo/share/turtlebot3_gazebo//rviz/tb3_gazebo.rviz
[19.800s] -- Symlinking: /workspace/turtlebot3_ws/install/turtlebot3_gazebo/share/turtlebot3_gazebo//urdf/common_properties.urdf
[19.810s] -- Symlinking: /workspace/turtlebot3_ws/install/turtlebot3_gazebo/share/turtlebot3_gazebo//urdf/turtlebot3_burger.urdf
[19.820s] -- Symlinking: /workspace/turtlebot3_ws/install/turtlebot3_gazebo/share/turtlebot3_gazebo//urdf/turtlebot3_waffle.urdf
[19.831s] -- Symlinking: /workspace/turtlebot3_ws/install/turtlebot3_gazebo/share/turtlebot3_gazebo//urdf/turtlebot3_waffle_pi.urdf
[19.840s] -- Symlinking: /workspace/turtlebot3_ws/install/turtlebot3_gazebo/share/turtlebot3_gazebo//worlds/empty_world.world
[19.850s] -- Symlinking: /workspace/turtlebot3_ws/install/turtlebot3_gazebo/share/turtlebot3_gazebo//worlds/turtlebot3_dqn_stage1.world
[19.862s] -- Symlinking: /workspace/turtlebot3_ws/install/turtlebot3_gazebo/share/turtlebot3_gazebo//worlds/turtlebot3_dqn_stage2.world
[19.871s] -- Symlinking: /workspace/turtlebot3_ws/install/turtlebot3_gazebo/share/turtlebot3_gazebo//worlds/turtlebot3_dqn_stage3.world
[19.881s] -- Symlinking: /workspace/turtlebot3_ws/install/turtlebot3_gazebo/share/turtlebot3_gazebo//worlds/turtlebot3_dqn_stage4.world
[19.892s] -- Symlinking: /workspace/turtlebot3_ws/install/turtlebot3_gazebo/share/turtlebot3_gazebo//worlds/turtlebot3_house.world
[19.901s] -- Symlinking: /workspace/turtlebot3_ws/install/turtlebot3_gazebo/share/turtlebot3_gazebo//worlds/turtlebot3_world.world
[19.910s] -- Symlinking: /workspace/turtlebot3_ws/install/turtlebot3_gazebo/include//turtlebot3_gazebo/turtlebot3_drive.hpp
[19.918s] -- Symlinking: /workspace/turtlebot3_ws/install/turtlebot3_gazebo/share/ament_index/resource_index/package_run_dependencies/turtlebot3_gazebo
[19.927s] -- Symlinking: /workspace/turtlebot3_ws/install/turtlebot3_gazebo/share/ament_index/resource_index/parent_prefix_path/turtlebot3_gazebo
[19.937s] -- Symlinking: /workspace/turtlebot3_ws/install/turtlebot3_gazebo/share/turtlebot3_gazebo/environment/ament_prefix_path.sh
[19.947s] -- Symlinking: /workspace/turtlebot3_ws/install/turtlebot3_gazebo/share/turtlebot3_gazebo/environment/ament_prefix_path.dsv
[19.956s] -- Symlinking: /workspace/turtlebot3_ws/install/turtlebot3_gazebo/share/turtlebot3_gazebo/environment/path.sh
[19.967s] -- Symlinking: /workspace/turtlebot3_ws/install/turtlebot3_gazebo/share/turtlebot3_gazebo/environment/path.dsv
[19.977s] -- Symlinking: /workspace/turtlebot3_ws/install/turtlebot3_gazebo/share/turtlebot3_gazebo/local_setup.bash
[19.987s] -- Symlinking: /workspace/turtlebot3_ws/install/turtlebot3_gazebo/share/turtlebot3_gazebo/local_setup.sh
[19.999s] -- Symlinking: /workspace/turtlebot3_ws/install/turtlebot3_gazebo/share/turtlebot3_gazebo/local_setup.zsh
[20.009s] -- Symlinking: /workspace/turtlebot3_ws/install/turtlebot3_gazebo/share/turtlebot3_gazebo/local_setup.dsv
[20.019s] -- Symlinking: /workspace/turtlebot3_ws/install/turtlebot3_gazebo/share/turtlebot3_gazebo/package.dsv
[20.030s] -- Symlinking: /workspace/turtlebot3_ws/install/turtlebot3_gazebo/share/ament_index/resource_index/packages/turtlebot3_gazebo
[20.040s] -- Symlinking: /workspace/turtlebot3_ws/install/turtlebot3_gazebo/share/turtlebot3_gazebo/cmake/ament_cmake_export_include_directories-extras.cmake
[20.052s] -- Symlinking: /workspace/turtlebot3_ws/install/turtlebot3_gazebo/share/turtlebot3_gazebo/cmake/ament_cmake_export_dependencies-extras.cmake
[20.062s] -- Symlinking: /workspace/turtlebot3_ws/install/turtlebot3_gazebo/share/turtlebot3_gazebo/cmake/turtlebot3_gazeboConfig.cmake
[20.072s] -- Symlinking: /workspace/turtlebot3_ws/install/turtlebot3_gazebo/share/turtlebot3_gazebo/cmake/turtlebot3_gazeboConfig-version.cmake
[20.082s] -- Symlinking: /workspace/turtlebot3_ws/install/turtlebot3_gazebo/share/turtlebot3_gazebo/package.xml
[20.095s] Invoked command in '/workspace/turtlebot3_ws/build/turtlebot3_gazebo' returned '0': CMAKE_PREFIX_PATH=/opt/ros/humble /usr/bin/cmake --install /workspace/turtlebot3_ws/build/turtlebot3_gazebo
