[0.313s] Invoking command in '/workspace/turtlebot3_ws/build/turtlebot3_fake_node': AMENT_PREFIX_PATH=/workspace/turtlebot3_ws/install/turtlebot3_msgs:${AMENT_PREFIX_PATH} CMAKE_PREFIX_PATH=/workspace/turtlebot3_ws/install/turtlebot3_msgs:/opt/ros/humble LD_LIBRARY_PATH=/workspace/turtlebot3_ws/install/turtlebot3_msgs/lib:/usr/lib/x86_64-linux-gnu/gazebo-11/plugins:/opt/ros/humble/opt/rviz_ogre_vendor/lib:/opt/ros/humble/lib/x86_64-linux-gnu:/opt/ros/humble/lib:/usr/lib/x86_64-linux-gnu/gazebo-11/plugins PYTHONPATH=/workspace/turtlebot3_ws/install/turtlebot3_msgs/local/lib/python3.10/dist-packages:${PYTHONPATH} /usr/bin/cmake /workspace/turtlebot3_ws/src/turtlebot3_simulations/turtlebot3_fake_node -DAMENT_CMAKE_SYMLINK_INSTALL=1 -DCMAKE_INSTALL_PREFIX=/workspace/turtlebot3_ws/install/turtlebot3_fake_node
[0.388s] -- The C compiler identification is GNU 11.4.0
[0.454s] -- The CXX compiler identification is GNU 11.4.0
[0.463s] -- Detecting C compiler ABI info
[0.539s] -- Detecting C compiler ABI info - done
[0.547s] -- Check for working C compiler: /usr/bin/cc - skipped
[0.547s] -- Detecting C compile features
[0.548s] -- Detecting C compile features - done
[0.552s] -- Detecting CXX compiler ABI info
[0.657s] -- Detecting CXX compiler ABI info - done
[0.667s] -- Check for working CXX compiler: /usr/bin/c++ - skipped
[0.667s] -- Detecting CXX compile features
[0.668s] -- Detecting CXX compile features - done
[0.673s] -- Found ament_cmake: 1.3.12 (/opt/ros/humble/share/ament_cmake/cmake)
[0.845s] -- Found Python3: /usr/bin/python3 (found version "3.10.12") found components: Interpreter 
[0.923s] -- Override CMake install command with custom implementation using symlinks instead of copying resources
[0.969s] -- Found geometry_msgs: 4.9.0 (/opt/ros/humble/share/geometry_msgs/cmake)
[1.021s] -- Found rosidl_generator_c: 3.1.7 (/opt/ros/humble/share/rosidl_generator_c/cmake)
[1.031s] -- Found rosidl_adapter: 3.1.7 (/opt/ros/humble/share/rosidl_adapter/cmake)
[1.046s] -- Found rosidl_generator_cpp: 3.1.7 (/opt/ros/humble/share/rosidl_generator_cpp/cmake)
[1.069s] -- Using all available rosidl_typesupport_c: rosidl_typesupport_fastrtps_c;rosidl_typesupport_introspection_c
[1.105s] -- Using all available rosidl_typesupport_cpp: rosidl_typesupport_fastrtps_cpp;rosidl_typesupport_introspection_cpp
[1.160s] -- Found nav_msgs: 4.9.0 (/opt/ros/humble/share/nav_msgs/cmake)
[1.185s] -- Found rclcpp: 16.0.14 (/opt/ros/humble/share/rclcpp/cmake)
[1.239s] -- Found rmw_implementation_cmake: 6.1.2 (/opt/ros/humble/share/rmw_implementation_cmake/cmake)
[1.243s] -- Found rmw_fastrtps_cpp: 6.2.8 (/opt/ros/humble/share/rmw_fastrtps_cpp/cmake)
[1.347s] -- Found OpenSSL: /usr/lib/x86_64-linux-gnu/libcrypto.so (found version "3.0.2")  
[1.368s] -- Found FastRTPS: /opt/ros/humble/include  
[1.418s] -- Using RMW implementation 'rmw_fastrtps_cpp' as default
[1.442s] -- Looking for pthread.h
[1.522s] -- Looking for pthread.h - found
[1.522s] -- Performing Test CMAKE_HAVE_LIBC_PTHREAD
[1.610s] -- Performing Test CMAKE_HAVE_LIBC_PTHREAD - Success
[1.612s] -- Found Threads: TRUE  
[1.653s] -- Found sensor_msgs: 4.9.0 (/opt/ros/humble/share/sensor_msgs/cmake)
[1.672s] -- Found tf2: 0.25.15 (/opt/ros/humble/share/tf2/cmake)
[1.682s] -- Found tf2_msgs: 0.25.15 (/opt/ros/humble/share/tf2_msgs/cmake)
[1.719s] -- Found turtlebot3_msgs: 2.2.3 (/workspace/turtlebot3_ws/install/turtlebot3_msgs/share/turtlebot3_msgs/cmake)
[1.830s] -- Configuring done
[1.868s] -- Generating done
[1.877s] -- Build files have been written to: /workspace/turtlebot3_ws/build/turtlebot3_fake_node
[1.900s] Invoked command in '/workspace/turtlebot3_ws/build/turtlebot3_fake_node' returned '0': AMENT_PREFIX_PATH=/workspace/turtlebot3_ws/install/turtlebot3_msgs:${AMENT_PREFIX_PATH} CMAKE_PREFIX_PATH=/workspace/turtlebot3_ws/install/turtlebot3_msgs:/opt/ros/humble LD_LIBRARY_PATH=/workspace/turtlebot3_ws/install/turtlebot3_msgs/lib:/usr/lib/x86_64-linux-gnu/gazebo-11/plugins:/opt/ros/humble/opt/rviz_ogre_vendor/lib:/opt/ros/humble/lib/x86_64-linux-gnu:/opt/ros/humble/lib:/usr/lib/x86_64-linux-gnu/gazebo-11/plugins PYTHONPATH=/workspace/turtlebot3_ws/install/turtlebot3_msgs/local/lib/python3.10/dist-packages:${PYTHONPATH} /usr/bin/cmake /workspace/turtlebot3_ws/src/turtlebot3_simulations/turtlebot3_fake_node -DAMENT_CMAKE_SYMLINK_INSTALL=1 -DCMAKE_INSTALL_PREFIX=/workspace/turtlebot3_ws/install/turtlebot3_fake_node
[1.901s] Invoking command in '/workspace/turtlebot3_ws/build/turtlebot3_fake_node': AMENT_PREFIX_PATH=/workspace/turtlebot3_ws/install/turtlebot3_msgs:${AMENT_PREFIX_PATH} CMAKE_PREFIX_PATH=/workspace/turtlebot3_ws/install/turtlebot3_msgs:/opt/ros/humble LD_LIBRARY_PATH=/workspace/turtlebot3_ws/install/turtlebot3_msgs/lib:/usr/lib/x86_64-linux-gnu/gazebo-11/plugins:/opt/ros/humble/opt/rviz_ogre_vendor/lib:/opt/ros/humble/lib/x86_64-linux-gnu:/opt/ros/humble/lib:/usr/lib/x86_64-linux-gnu/gazebo-11/plugins PYTHONPATH=/workspace/turtlebot3_ws/install/turtlebot3_msgs/local/lib/python3.10/dist-packages:${PYTHONPATH} /usr/bin/cmake --build /workspace/turtlebot3_ws/build/turtlebot3_fake_node -- -j20 -l20
[1.996s] [ 50%] [32mBuilding CXX object CMakeFiles/turtlebot3_fake_node.dir/src/turtlebot3_fake_node.cpp.o[0m
[13.428s] [100%] [32m[1mLinking CXX executable turtlebot3_fake_node[0m
[13.911s] [100%] Built target turtlebot3_fake_node
[13.922s] Invoked command in '/workspace/turtlebot3_ws/build/turtlebot3_fake_node' returned '0': AMENT_PREFIX_PATH=/workspace/turtlebot3_ws/install/turtlebot3_msgs:${AMENT_PREFIX_PATH} CMAKE_PREFIX_PATH=/workspace/turtlebot3_ws/install/turtlebot3_msgs:/opt/ros/humble LD_LIBRARY_PATH=/workspace/turtlebot3_ws/install/turtlebot3_msgs/lib:/usr/lib/x86_64-linux-gnu/gazebo-11/plugins:/opt/ros/humble/opt/rviz_ogre_vendor/lib:/opt/ros/humble/lib/x86_64-linux-gnu:/opt/ros/humble/lib:/usr/lib/x86_64-linux-gnu/gazebo-11/plugins PYTHONPATH=/workspace/turtlebot3_ws/install/turtlebot3_msgs/local/lib/python3.10/dist-packages:${PYTHONPATH} /usr/bin/cmake --build /workspace/turtlebot3_ws/build/turtlebot3_fake_node -- -j20 -l20
[13.925s] Invoking command in '/workspace/turtlebot3_ws/build/turtlebot3_fake_node': AMENT_PREFIX_PATH=/workspace/turtlebot3_ws/install/turtlebot3_msgs:${AMENT_PREFIX_PATH} CMAKE_PREFIX_PATH=/workspace/turtlebot3_ws/install/turtlebot3_msgs:/opt/ros/humble LD_LIBRARY_PATH=/workspace/turtlebot3_ws/install/turtlebot3_msgs/lib:/usr/lib/x86_64-linux-gnu/gazebo-11/plugins:/opt/ros/humble/opt/rviz_ogre_vendor/lib:/opt/ros/humble/lib/x86_64-linux-gnu:/opt/ros/humble/lib:/usr/lib/x86_64-linux-gnu/gazebo-11/plugins PYTHONPATH=/workspace/turtlebot3_ws/install/turtlebot3_msgs/local/lib/python3.10/dist-packages:${PYTHONPATH} /usr/bin/cmake --install /workspace/turtlebot3_ws/build/turtlebot3_fake_node
[13.932s] -- Install configuration: ""
[13.932s] -- Execute custom install script
[13.933s] -- Symlinking: /workspace/turtlebot3_ws/install/turtlebot3_fake_node/lib/turtlebot3_fake_node/turtlebot3_fake_node
[13.942s] -- Symlinking: /workspace/turtlebot3_ws/install/turtlebot3_fake_node/share/turtlebot3_fake_node/launch/rviz2.launch.py
[13.952s] -- Symlinking: /workspace/turtlebot3_ws/install/turtlebot3_fake_node/share/turtlebot3_fake_node/launch/turtlebot3_fake_node.launch.py
[13.962s] -- Symlinking: /workspace/turtlebot3_ws/install/turtlebot3_fake_node/share/turtlebot3_fake_node/param/burger.yaml
[13.971s] -- Symlinking: /workspace/turtlebot3_ws/install/turtlebot3_fake_node/share/turtlebot3_fake_node/param/waffle.yaml
[13.981s] -- Symlinking: /workspace/turtlebot3_ws/install/turtlebot3_fake_node/share/turtlebot3_fake_node/param/waffle_pi.yaml
[13.990s] -- Symlinking: /workspace/turtlebot3_ws/install/turtlebot3_fake_node/include//turtlebot3_fake_node/turtlebot3_fake_node.hpp
[13.999s] -- Symlinking: /workspace/turtlebot3_ws/install/turtlebot3_fake_node/share/ament_index/resource_index/package_run_dependencies/turtlebot3_fake_node
[14.009s] -- Symlinking: /workspace/turtlebot3_ws/install/turtlebot3_fake_node/share/ament_index/resource_index/parent_prefix_path/turtlebot3_fake_node
[14.019s] -- Symlinking: /workspace/turtlebot3_ws/install/turtlebot3_fake_node/share/turtlebot3_fake_node/environment/ament_prefix_path.sh
[14.029s] -- Symlinking: /workspace/turtlebot3_ws/install/turtlebot3_fake_node/share/turtlebot3_fake_node/environment/ament_prefix_path.dsv
[14.038s] -- Symlinking: /workspace/turtlebot3_ws/install/turtlebot3_fake_node/share/turtlebot3_fake_node/environment/path.sh
[14.047s] -- Symlinking: /workspace/turtlebot3_ws/install/turtlebot3_fake_node/share/turtlebot3_fake_node/environment/path.dsv
[14.056s] -- Symlinking: /workspace/turtlebot3_ws/install/turtlebot3_fake_node/share/turtlebot3_fake_node/local_setup.bash
[14.066s] -- Symlinking: /workspace/turtlebot3_ws/install/turtlebot3_fake_node/share/turtlebot3_fake_node/local_setup.sh
[14.077s] -- Symlinking: /workspace/turtlebot3_ws/install/turtlebot3_fake_node/share/turtlebot3_fake_node/local_setup.zsh
[14.084s] -- Symlinking: /workspace/turtlebot3_ws/install/turtlebot3_fake_node/share/turtlebot3_fake_node/local_setup.dsv
[14.093s] -- Symlinking: /workspace/turtlebot3_ws/install/turtlebot3_fake_node/share/turtlebot3_fake_node/package.dsv
[14.102s] -- Symlinking: /workspace/turtlebot3_ws/install/turtlebot3_fake_node/share/ament_index/resource_index/packages/turtlebot3_fake_node
[14.111s] -- Symlinking: /workspace/turtlebot3_ws/install/turtlebot3_fake_node/share/turtlebot3_fake_node/cmake/ament_cmake_export_include_directories-extras.cmake
[14.119s] -- Symlinking: /workspace/turtlebot3_ws/install/turtlebot3_fake_node/share/turtlebot3_fake_node/cmake/ament_cmake_export_dependencies-extras.cmake
[14.129s] -- Symlinking: /workspace/turtlebot3_ws/install/turtlebot3_fake_node/share/turtlebot3_fake_node/cmake/turtlebot3_fake_nodeConfig.cmake
[14.138s] -- Symlinking: /workspace/turtlebot3_ws/install/turtlebot3_fake_node/share/turtlebot3_fake_node/cmake/turtlebot3_fake_nodeConfig-version.cmake
[14.147s] -- Symlinking: /workspace/turtlebot3_ws/install/turtlebot3_fake_node/share/turtlebot3_fake_node/package.xml
[14.158s] Invoked command in '/workspace/turtlebot3_ws/build/turtlebot3_fake_node' returned '0': AMENT_PREFIX_PATH=/workspace/turtlebot3_ws/install/turtlebot3_msgs:${AMENT_PREFIX_PATH} CMAKE_PREFIX_PATH=/workspace/turtlebot3_ws/install/turtlebot3_msgs:/opt/ros/humble LD_LIBRARY_PATH=/workspace/turtlebot3_ws/install/turtlebot3_msgs/lib:/usr/lib/x86_64-linux-gnu/gazebo-11/plugins:/opt/ros/humble/opt/rviz_ogre_vendor/lib:/opt/ros/humble/lib/x86_64-linux-gnu:/opt/ros/humble/lib:/usr/lib/x86_64-linux-gnu/gazebo-11/plugins PYTHONPATH=/workspace/turtlebot3_ws/install/turtlebot3_msgs/local/lib/python3.10/dist-packages:${PYTHONPATH} /usr/bin/cmake --install /workspace/turtlebot3_ws/build/turtlebot3_fake_node
