[0.029s] Invoking command in '/workspace/tors_ws/build/tors_interfaces': CMAKE_PREFIX_PATH=${CMAKE_PREFIX_PATH}:/workspace/turtlebot3_ws/install/turtlebot3_teleop:/workspace/turtlebot3_ws/install/turtlebot3_example:/opt/ros/humble /usr/bin/cmake /workspace/tors_ws/src/tors_interfaces -DAMENT_CMAKE_SYMLINK_INSTALL=1 -DCMAKE_INSTALL_PREFIX=/workspace/tors_ws/install/tors_interfaces
[0.259s] -- The C compiler identification is GNU 11.4.0
[0.400s] -- The CXX compiler identification is GNU 11.4.0
[0.411s] -- Detecting C compiler ABI info
[0.506s] -- Detecting C compiler ABI info - done
[0.518s] -- Check for working C compiler: /usr/bin/cc - skipped
[0.519s] -- Detecting C compile features
[0.520s] -- Detecting C compile features - done
[0.527s] -- Detecting CXX compiler ABI info
[0.679s] -- Detecting CXX compiler ABI info - done
[0.688s] -- Check for working CXX compiler: /usr/bin/c++ - skipped
[0.689s] -- Detecting CXX compile features
[0.690s] -- Detecting CXX compile features - done
[0.703s] -- Found ament_cmake: 1.3.12 (/opt/ros/humble/share/ament_cmake/cmake)
[0.905s] -- Found Python3: /usr/bin/python3 (found version "3.10.12") found components: Interpreter 
[0.998s] -- Override CMake install command with custom implementation using symlinks instead of copying resources
[1.094s] -- Found rosidl_default_generators: 1.2.0 (/opt/ros/humble/share/rosidl_default_generators/cmake)
[1.103s] -- Using all available rosidl_typesupport_c: rosidl_typesupport_fastrtps_c;rosidl_typesupport_introspection_c
[1.121s] -- Found rosidl_adapter: 3.1.7 (/opt/ros/humble/share/rosidl_adapter/cmake)
[1.230s] -- Using all available rosidl_typesupport_cpp: rosidl_typesupport_fastrtps_cpp;rosidl_typesupport_introspection_cpp
[1.464s] [31mCMake Error at /opt/ros/humble/share/rosidl_adapter/cmake/rosidl_adapt_interfaces.cmake:59 (message):
[1.464s]   execute_process(/usr/bin/python3 -m rosidl_adapter --package-name
[1.464s]   tors_interfaces --arguments-file
[1.464s]   /workspace/tors_ws/build/tors_interfaces/rosidl_adapter__arguments__tors_interfaces.json
[1.464s]   --output-dir
[1.464s]   /workspace/tors_ws/build/tors_interfaces/rosidl_adapter/tors_interfaces
[1.464s]   --output-file
[1.464s]   /workspace/tors_ws/build/tors_interfaces/rosidl_adapter/tors_interfaces.idls)
[1.464s]   returned error code 1:
[1.465s] 
[1.465s]   Traceback (most recent call last):
[1.465s] 
[1.465s]     File "/usr/lib/python3.10/runpy.py", line 196, in _run_module_as_main
[1.465s]       return _run_code(code, main_globals, None,
[1.465s]     File "/usr/lib/python3.10/runpy.py", line 86, in _run_code
[1.465s]       exec(code, run_globals)
[1.465s]     File "/opt/ros/humble/local/lib/python3.10/dist-packages/rosidl_adapter/__main__.py", line 19, in <module>
[1.465s]       sys.exit(main())
[1.465s]     File "/opt/ros/humble/local/lib/python3.10/dist-packages/rosidl_adapter/main.py", line 53, in main
[1.465s]       abs_idl_file = convert_to_idl(
[1.465s]     File "/opt/ros/humble/local/lib/python3.10/dist-packages/rosidl_adapter/__init__.py", line 24, in convert_to_idl
[1.465s]       return convert_srv_to_idl(
[1.465s]     File "/opt/ros/humble/local/lib/python3.10/dist-packages/rosidl_adapter/srv/__init__.py", line 28, in convert_srv_to_idl
[1.465s]       srv = parse_service_string(package_name, input_file.stem, content)
[1.465s]     File "/opt/ros/humble/local/lib/python3.10/dist-packages/rosidl_adapter/parser.py", line 850, in parse_service_string
[1.465s]       raise InvalidServiceSpecification(
[1.465s] 
[1.466s]   rosidl_adapter.parser.InvalidServiceSpecification: Could not find separator
[1.466s]   '---' between request and response
[1.466s] 
[1.466s] Call Stack (most recent call first):
[1.466s]   /opt/ros/humble/share/rosidl_cmake/cmake/rosidl_generate_interfaces.cmake:130 (rosidl_adapt_interfaces)
[1.466s]   CMakeLists.txt:13 (rosidl_generate_interfaces)
[1.466s] 
[1.466s] [0m
[1.466s] -- Configuring incomplete, errors occurred!
[1.466s] See also "/workspace/tors_ws/build/tors_interfaces/CMakeFiles/CMakeOutput.log".
[1.472s] Invoked command in '/workspace/tors_ws/build/tors_interfaces' returned '1': CMAKE_PREFIX_PATH=${CMAKE_PREFIX_PATH}:/workspace/turtlebot3_ws/install/turtlebot3_teleop:/workspace/turtlebot3_ws/install/turtlebot3_example:/opt/ros/humble /usr/bin/cmake /workspace/tors_ws/src/tors_interfaces -DAMENT_CMAKE_SYMLINK_INSTALL=1 -DCMAKE_INSTALL_PREFIX=/workspace/tors_ws/install/tors_interfaces
