-- Found ament_cmake: 1.3.12 (/opt/ros/humble/share/ament_cmake/cmake)
-- Override CMake install command with custom implementation using symlinks instead of copying resources
-- Found rosidl_default_generators: 1.2.0 (/opt/ros/humble/share/rosidl_default_generators/cmake)
-- Using all available rosidl_typesupport_c: rosidl_typesupport_fastrtps_c;rosidl_typesupport_introspection_c
-- Found rosidl_adapter: 3.1.7 (/opt/ros/humble/share/rosidl_adapter/cmake)
-- Using all available rosidl_typesupport_cpp: rosidl_typesupport_fastrtps_cpp;rosidl_typesupport_introspection_cpp
-- Found ament_cmake_ros: 0.10.0 (/opt/ros/humble/share/ament_cmake_ros/cmake)
-- Using all available rosidl_typesupport_c: rosidl_typesupport_fastrtps_c;rosidl_typesupport_introspection_c
-- Using all available rosidl_typesupport_cpp: rosidl_typesupport_fastrtps_cpp;rosidl_typesupport_introspection_cpp
-- Found PythonInterp: /usr/bin/python3 (found suitable version "3.10.12", minimum required is "3.6") 
-- Found python_cmake_module: 0.10.0 (/opt/ros/humble/share/python_cmake_module/cmake)
-- Found PythonLibs: /usr/lib/x86_64-linux-gnu/libpython3.10.so (found suitable version "3.10.12", minimum required is "3.5") 
-- Using PYTHON_EXECUTABLE: /usr/bin/python3
-- Using PYTHON_INCLUDE_DIRS: /usr/include/python3.10
-- Using PYTHON_LIBRARIES: /usr/lib/x86_64-linux-gnu/libpython3.10.so
-- Found PythonExtra: .so  
-- Found ament_lint_auto: 0.12.14 (/opt/ros/humble/share/ament_lint_auto/cmake)
-- Added test 'lint_cmake' to check CMake code style
-- Added test 'xmllint' to check XML markup files
-- Configuring done
-- Generating done
-- Build files have been written to: /workspace/tors_ws/build/tors_interfaces
[  3%] [34m[1mGenerating C++ code for ROS interfaces[0m
[  3%] Built target tors_interfaces__cpp
[  3%] Built target ament_cmake_python_symlink_tors_interfaces
[  6%] [34m[1mGenerating C++ introspection for ROS interfaces[0m
[  9%] [32mBuilding CXX object CMakeFiles/tors_interfaces__rosidl_typesupport_introspection_cpp.dir/rosidl_typesupport_introspection_cpp/tors_interfaces/srv/detail/order_msg__type_support.cpp.o[0m
[ 12%] [32m[1mLinking CXX shared library libtors_interfaces__rosidl_typesupport_introspection_cpp.so[0m
[ 12%] Built target tors_interfaces__rosidl_typesupport_introspection_cpp
running egg_info
creating tors_interfaces.egg-info
writing tors_interfaces.egg-info/PKG-INFO
writing dependency_links to tors_interfaces.egg-info/dependency_links.txt
writing top-level names to tors_interfaces.egg-info/top_level.txt
writing manifest file 'tors_interfaces.egg-info/SOURCES.txt'
reading manifest file 'tors_interfaces.egg-info/SOURCES.txt'
writing manifest file 'tors_interfaces.egg-info/SOURCES.txt'
[ 12%] Built target ament_cmake_python_build_tors_interfaces_egg
[ 16%] [34m[1mGenerating C++ type support for eProsima Fast-RTPS[0m
[ 19%] [32mBuilding CXX object CMakeFiles/tors_interfaces__rosidl_typesupport_fastrtps_cpp.dir/rosidl_typesupport_fastrtps_cpp/tors_interfaces/srv/detail/dds_fastrtps/order_msg__type_support.cpp.o[0m
[ 22%] [32m[1mLinking CXX shared library libtors_interfaces__rosidl_typesupport_fastrtps_cpp.so[0m
[ 22%] Built target tors_interfaces__rosidl_typesupport_fastrtps_cpp
[ 25%] [34m[1mGenerating C++ type support dispatch for ROS interfaces[0m
[ 29%] [32mBuilding CXX object CMakeFiles/tors_interfaces__rosidl_typesupport_cpp.dir/rosidl_typesupport_cpp/tors_interfaces/srv/order_msg__type_support.cpp.o[0m
[ 32%] [32m[1mLinking CXX shared library libtors_interfaces__rosidl_typesupport_cpp.so[0m
[ 32%] Built target tors_interfaces__rosidl_typesupport_cpp
[ 35%] [34m[1mGenerating C code for ROS interfaces[0m
[ 38%] [32mBuilding C object CMakeFiles/tors_interfaces__rosidl_generator_c.dir/rosidl_generator_c/tors_interfaces/srv/detail/order_msg__functions.c.o[0m
[ 41%] [32m[1mLinking C shared library libtors_interfaces__rosidl_generator_c.so[0m
[ 41%] Built target tors_interfaces__rosidl_generator_c
[ 45%] [34m[1mGenerating C type support for eProsima Fast-RTPS[0m
[ 48%] [32mBuilding CXX object CMakeFiles/tors_interfaces__rosidl_typesupport_fastrtps_c.dir/rosidl_typesupport_fastrtps_c/tors_interfaces/srv/detail/order_msg__type_support_c.cpp.o[0m
[ 51%] [32m[1mLinking CXX shared library libtors_interfaces__rosidl_typesupport_fastrtps_c.so[0m
[ 51%] Built target tors_interfaces__rosidl_typesupport_fastrtps_c
[ 54%] [34m[1mGenerating C type support dispatch for ROS interfaces[0m
[ 58%] [32mBuilding CXX object CMakeFiles/tors_interfaces__rosidl_typesupport_c.dir/rosidl_typesupport_c/tors_interfaces/srv/order_msg__type_support.cpp.o[0m
[ 61%] [32m[1mLinking CXX shared library libtors_interfaces__rosidl_typesupport_c.so[0m
[ 61%] Built target tors_interfaces__rosidl_typesupport_c
[ 64%] [34m[1mGenerating C introspection for ROS interfaces[0m
[ 67%] [32mBuilding C object CMakeFiles/tors_interfaces__rosidl_typesupport_introspection_c.dir/rosidl_typesupport_introspection_c/tors_interfaces/srv/detail/order_msg__type_support.c.o[0m
[ 70%] [32m[1mLinking C shared library libtors_interfaces__rosidl_typesupport_introspection_c.so[0m
[ 70%] Built target tors_interfaces__rosidl_typesupport_introspection_c
[ 70%] Built target tors_interfaces
[ 74%] [34m[1mGenerating Python code for ROS interfaces[0m
[ 74%] Built target tors_interfaces__py
[ 77%] [32mBuilding C object CMakeFiles/tors_interfaces__rosidl_generator_py.dir/rosidl_generator_py/tors_interfaces/srv/_order_msg_s.c.o[0m
[ 80%] [32m[1mLinking C shared library rosidl_generator_py/tors_interfaces/libtors_interfaces__rosidl_generator_py.so[0m
[ 80%] Built target tors_interfaces__rosidl_generator_py
[ 83%] [32mBuilding C object CMakeFiles/tors_interfaces__rosidl_typesupport_fastrtps_c__pyext.dir/rosidl_generator_py/tors_interfaces/_tors_interfaces_s.ep.rosidl_typesupport_fastrtps_c.c.o[0m
[ 87%] [32m[1mLinking C shared library rosidl_generator_py/tors_interfaces/tors_interfaces_s__rosidl_typesupport_fastrtps_c.cpython-310-x86_64-linux-gnu.so[0m
[ 87%] Built target tors_interfaces__rosidl_typesupport_fastrtps_c__pyext
[ 90%] [32mBuilding C object CMakeFiles/tors_interfaces__rosidl_typesupport_c__pyext.dir/rosidl_generator_py/tors_interfaces/_tors_interfaces_s.ep.rosidl_typesupport_c.c.o[0m
[ 93%] [32m[1mLinking C shared library rosidl_generator_py/tors_interfaces/tors_interfaces_s__rosidl_typesupport_c.cpython-310-x86_64-linux-gnu.so[0m
[ 93%] Built target tors_interfaces__rosidl_typesupport_c__pyext
[ 96%] [32mBuilding C object CMakeFiles/tors_interfaces__rosidl_typesupport_introspection_c__pyext.dir/rosidl_generator_py/tors_interfaces/_tors_interfaces_s.ep.rosidl_typesupport_introspection_c.c.o[0m
[100%] [32m[1mLinking C shared library rosidl_generator_py/tors_interfaces/tors_interfaces_s__rosidl_typesupport_introspection_c.cpython-310-x86_64-linux-gnu.so[0m
[100%] Built target tors_interfaces__rosidl_typesupport_introspection_c__pyext
-- Install configuration: ""
-- Execute custom install script
-- Symlinking: /workspace/tors_ws/install/tors_interfaces/share/ament_index/resource_index/rosidl_interfaces/tors_interfaces
-- Symlinking: /workspace/tors_ws/install/tors_interfaces/include/tors_interfaces/tors_interfaces/msg/rosidl_generator_c__visibility_control.h
-- Symlinking: /workspace/tors_ws/install/tors_interfaces/include/tors_interfaces/tors_interfaces/srv/detail/order_msg__functions.h
-- Symlinking: /workspace/tors_ws/install/tors_interfaces/include/tors_interfaces/tors_interfaces/srv/detail/order_msg__struct.h
-- Symlinking: /workspace/tors_ws/install/tors_interfaces/include/tors_interfaces/tors_interfaces/srv/detail/order_msg__type_support.h
-- Symlinking: /workspace/tors_ws/install/tors_interfaces/include/tors_interfaces/tors_interfaces/srv/order_msg.h
-- Symlinking: /workspace/tors_ws/install/tors_interfaces/share/tors_interfaces/environment/library_path.sh
-- Symlinking: /workspace/tors_ws/install/tors_interfaces/share/tors_interfaces/environment/library_path.dsv
-- Symlinking: /workspace/tors_ws/install/tors_interfaces/include/tors_interfaces/tors_interfaces/msg/rosidl_typesupport_fastrtps_c__visibility_control.h
-- Symlinking: /workspace/tors_ws/install/tors_interfaces/include/tors_interfaces/tors_interfaces/srv/detail/order_msg__rosidl_typesupport_fastrtps_c.h
-- Symlinking: /workspace/tors_ws/install/tors_interfaces/include/tors_interfaces/tors_interfaces/msg/rosidl_typesupport_introspection_c__visibility_control.h
-- Symlinking: /workspace/tors_ws/install/tors_interfaces/include/tors_interfaces/tors_interfaces/srv/detail/order_msg__rosidl_typesupport_introspection_c.h
-- Symlinking: /workspace/tors_ws/install/tors_interfaces/include/tors_interfaces/tors_interfaces/msg/rosidl_generator_cpp__visibility_control.hpp
-- Symlinking: /workspace/tors_ws/install/tors_interfaces/include/tors_interfaces/tors_interfaces/srv/detail/order_msg__builder.hpp
-- Symlinking: /workspace/tors_ws/install/tors_interfaces/include/tors_interfaces/tors_interfaces/srv/detail/order_msg__struct.hpp
-- Symlinking: /workspace/tors_ws/install/tors_interfaces/include/tors_interfaces/tors_interfaces/srv/detail/order_msg__traits.hpp
-- Symlinking: /workspace/tors_ws/install/tors_interfaces/include/tors_interfaces/tors_interfaces/srv/detail/order_msg__type_support.hpp
-- Symlinking: /workspace/tors_ws/install/tors_interfaces/include/tors_interfaces/tors_interfaces/srv/order_msg.hpp
-- Symlinking: /workspace/tors_ws/install/tors_interfaces/include/tors_interfaces/tors_interfaces/msg/rosidl_typesupport_fastrtps_cpp__visibility_control.h
-- Symlinking: /workspace/tors_ws/install/tors_interfaces/include/tors_interfaces/tors_interfaces/srv/detail/order_msg__rosidl_typesupport_fastrtps_cpp.hpp
-- Symlinking: /workspace/tors_ws/install/tors_interfaces/include/tors_interfaces/tors_interfaces/srv/detail/order_msg__rosidl_typesupport_introspection_cpp.hpp
-- Symlinking: /workspace/tors_ws/install/tors_interfaces/share/tors_interfaces/environment/pythonpath.sh
-- Symlinking: /workspace/tors_ws/install/tors_interfaces/share/tors_interfaces/environment/pythonpath.dsv
-- Symlinking: /workspace/tors_ws/install/tors_interfaces/local/lib/python3.10/dist-packages/tors_interfaces-0.0.0-py3.10.egg-info/PKG-INFO
-- Symlinking: /workspace/tors_ws/install/tors_interfaces/local/lib/python3.10/dist-packages/tors_interfaces-0.0.0-py3.10.egg-info/SOURCES.txt
-- Symlinking: /workspace/tors_ws/install/tors_interfaces/local/lib/python3.10/dist-packages/tors_interfaces-0.0.0-py3.10.egg-info/dependency_links.txt
-- Symlinking: /workspace/tors_ws/install/tors_interfaces/local/lib/python3.10/dist-packages/tors_interfaces-0.0.0-py3.10.egg-info/top_level.txt
-- Symlinking: /workspace/tors_ws/install/tors_interfaces/local/lib/python3.10/dist-packages/tors_interfaces/__init__.py
-- Symlinking: /workspace/tors_ws/install/tors_interfaces/local/lib/python3.10/dist-packages/tors_interfaces/_tors_interfaces_s.ep.rosidl_typesupport_c.c
-- Symlinking: /workspace/tors_ws/install/tors_interfaces/local/lib/python3.10/dist-packages/tors_interfaces/_tors_interfaces_s.ep.rosidl_typesupport_fastrtps_c.c
-- Symlinking: /workspace/tors_ws/install/tors_interfaces/local/lib/python3.10/dist-packages/tors_interfaces/_tors_interfaces_s.ep.rosidl_typesupport_introspection_c.c
-- Symlinking: /workspace/tors_ws/install/tors_interfaces/local/lib/python3.10/dist-packages/tors_interfaces/libtors_interfaces__rosidl_generator_py.so
-- Symlinking: /workspace/tors_ws/install/tors_interfaces/local/lib/python3.10/dist-packages/tors_interfaces/srv/__init__.py
-- Symlinking: /workspace/tors_ws/install/tors_interfaces/local/lib/python3.10/dist-packages/tors_interfaces/srv/_order_msg.py
-- Symlinking: /workspace/tors_ws/install/tors_interfaces/local/lib/python3.10/dist-packages/tors_interfaces/srv/_order_msg_s.c
-- Symlinking: /workspace/tors_ws/install/tors_interfaces/local/lib/python3.10/dist-packages/tors_interfaces/tors_interfaces_s__rosidl_typesupport_c.cpython-310-x86_64-linux-gnu.so
-- Symlinking: /workspace/tors_ws/install/tors_interfaces/local/lib/python3.10/dist-packages/tors_interfaces/tors_interfaces_s__rosidl_typesupport_fastrtps_c.cpython-310-x86_64-linux-gnu.so
-- Symlinking: /workspace/tors_ws/install/tors_interfaces/local/lib/python3.10/dist-packages/tors_interfaces/tors_interfaces_s__rosidl_typesupport_introspection_c.cpython-310-x86_64-linux-gnu.so
-- Up-to-date symlink: /workspace/tors_ws/install/tors_interfaces/local/lib/python3.10/dist-packages/tors_interfaces/tors_interfaces_s__rosidl_typesupport_fastrtps_c.cpython-310-x86_64-linux-gnu.so
-- Up-to-date symlink: /workspace/tors_ws/install/tors_interfaces/local/lib/python3.10/dist-packages/tors_interfaces/tors_interfaces_s__rosidl_typesupport_introspection_c.cpython-310-x86_64-linux-gnu.so
-- Up-to-date symlink: /workspace/tors_ws/install/tors_interfaces/local/lib/python3.10/dist-packages/tors_interfaces/tors_interfaces_s__rosidl_typesupport_c.cpython-310-x86_64-linux-gnu.so
-- Symlinking: /workspace/tors_ws/install/tors_interfaces/share/tors_interfaces/srv/OrderMsg.idl
-- Symlinking: /workspace/tors_ws/install/tors_interfaces/share/tors_interfaces/srv/OrderMsg.srv
-- Symlinking: /workspace/tors_ws/install/tors_interfaces/share/tors_interfaces/srv/OrderMsg_Request.msg
-- Symlinking: /workspace/tors_ws/install/tors_interfaces/share/tors_interfaces/srv/OrderMsg_Response.msg
-- Symlinking: /workspace/tors_ws/install/tors_interfaces/share/ament_index/resource_index/package_run_dependencies/tors_interfaces
-- Symlinking: /workspace/tors_ws/install/tors_interfaces/share/ament_index/resource_index/parent_prefix_path/tors_interfaces
-- Symlinking: /workspace/tors_ws/install/tors_interfaces/share/tors_interfaces/environment/ament_prefix_path.sh
-- Symlinking: /workspace/tors_ws/install/tors_interfaces/share/tors_interfaces/environment/ament_prefix_path.dsv
-- Symlinking: /workspace/tors_ws/install/tors_interfaces/share/tors_interfaces/environment/path.sh
-- Symlinking: /workspace/tors_ws/install/tors_interfaces/share/tors_interfaces/environment/path.dsv
-- Symlinking: /workspace/tors_ws/install/tors_interfaces/share/tors_interfaces/local_setup.bash
-- Symlinking: /workspace/tors_ws/install/tors_interfaces/share/tors_interfaces/local_setup.sh
-- Symlinking: /workspace/tors_ws/install/tors_interfaces/share/tors_interfaces/local_setup.zsh
-- Symlinking: /workspace/tors_ws/install/tors_interfaces/share/tors_interfaces/local_setup.dsv
-- Symlinking: /workspace/tors_ws/install/tors_interfaces/share/tors_interfaces/package.dsv
-- Symlinking: /workspace/tors_ws/install/tors_interfaces/share/ament_index/resource_index/packages/tors_interfaces
-- Symlinking: /workspace/tors_ws/install/tors_interfaces/share/tors_interfaces/cmake/rosidl_cmake-extras.cmake
-- Symlinking: /workspace/tors_ws/install/tors_interfaces/share/tors_interfaces/cmake/ament_cmake_export_include_directories-extras.cmake
-- Symlinking: /workspace/tors_ws/install/tors_interfaces/share/tors_interfaces/cmake/ament_cmake_export_libraries-extras.cmake
-- Symlinking: /workspace/tors_ws/install/tors_interfaces/share/tors_interfaces/cmake/ament_cmake_export_targets-extras.cmake
-- Symlinking: /workspace/tors_ws/install/tors_interfaces/share/tors_interfaces/cmake/rosidl_cmake_export_typesupport_targets-extras.cmake
-- Symlinking: /workspace/tors_ws/install/tors_interfaces/share/tors_interfaces/cmake/ament_cmake_export_dependencies-extras.cmake
-- Symlinking: /workspace/tors_ws/install/tors_interfaces/share/tors_interfaces/cmake/rosidl_cmake_export_typesupport_libraries-extras.cmake
-- Symlinking: /workspace/tors_ws/install/tors_interfaces/share/tors_interfaces/cmake/tors_interfacesConfig.cmake
-- Symlinking: /workspace/tors_ws/install/tors_interfaces/share/tors_interfaces/cmake/tors_interfacesConfig-version.cmake
-- Symlinking: /workspace/tors_ws/install/tors_interfaces/share/tors_interfaces/package.xml
-- Installing: /workspace/tors_ws/install/tors_interfaces/lib/libtors_interfaces__rosidl_generator_c.so
-- Set runtime path of "/workspace/tors_ws/install/tors_interfaces/lib/libtors_interfaces__rosidl_generator_c.so" to ""
-- Installing: /workspace/tors_ws/install/tors_interfaces/lib/libtors_interfaces__rosidl_typesupport_fastrtps_c.so
-- Set runtime path of "/workspace/tors_ws/install/tors_interfaces/lib/libtors_interfaces__rosidl_typesupport_fastrtps_c.so" to ""
-- Installing: /workspace/tors_ws/install/tors_interfaces/lib/libtors_interfaces__rosidl_typesupport_introspection_c.so
-- Set runtime path of "/workspace/tors_ws/install/tors_interfaces/lib/libtors_interfaces__rosidl_typesupport_introspection_c.so" to ""
-- Installing: /workspace/tors_ws/install/tors_interfaces/lib/libtors_interfaces__rosidl_typesupport_c.so
-- Set runtime path of "/workspace/tors_ws/install/tors_interfaces/lib/libtors_interfaces__rosidl_typesupport_c.so" to ""
-- Installing: /workspace/tors_ws/install/tors_interfaces/lib/libtors_interfaces__rosidl_typesupport_fastrtps_cpp.so
-- Set runtime path of "/workspace/tors_ws/install/tors_interfaces/lib/libtors_interfaces__rosidl_typesupport_fastrtps_cpp.so" to ""
-- Installing: /workspace/tors_ws/install/tors_interfaces/lib/libtors_interfaces__rosidl_typesupport_introspection_cpp.so
-- Set runtime path of "/workspace/tors_ws/install/tors_interfaces/lib/libtors_interfaces__rosidl_typesupport_introspection_cpp.so" to ""
-- Installing: /workspace/tors_ws/install/tors_interfaces/lib/libtors_interfaces__rosidl_typesupport_cpp.so
-- Set runtime path of "/workspace/tors_ws/install/tors_interfaces/lib/libtors_interfaces__rosidl_typesupport_cpp.so" to ""
Listing '/workspace/tors_ws/install/tors_interfaces/local/lib/python3.10/dist-packages/tors_interfaces'...
Compiling '/workspace/tors_ws/install/tors_interfaces/local/lib/python3.10/dist-packages/tors_interfaces/__init__.py'...
Listing '/workspace/tors_ws/install/tors_interfaces/local/lib/python3.10/dist-packages/tors_interfaces/srv'...
Compiling '/workspace/tors_ws/install/tors_interfaces/local/lib/python3.10/dist-packages/tors_interfaces/srv/__init__.py'...
Compiling '/workspace/tors_ws/install/tors_interfaces/local/lib/python3.10/dist-packages/tors_interfaces/srv/_order_msg.py'...
-- Installing: /workspace/tors_ws/install/tors_interfaces/lib/libtors_interfaces__rosidl_generator_py.so
-- Set runtime path of "/workspace/tors_ws/install/tors_interfaces/lib/libtors_interfaces__rosidl_generator_py.so" to ""
-- Installing: /workspace/tors_ws/install/tors_interfaces/share/tors_interfaces/cmake/export_tors_interfaces__rosidl_generator_cExport.cmake
-- Installing: /workspace/tors_ws/install/tors_interfaces/share/tors_interfaces/cmake/export_tors_interfaces__rosidl_generator_cExport-noconfig.cmake
-- Installing: /workspace/tors_ws/install/tors_interfaces/share/tors_interfaces/cmake/export_tors_interfaces__rosidl_typesupport_fastrtps_cExport.cmake
-- Installing: /workspace/tors_ws/install/tors_interfaces/share/tors_interfaces/cmake/export_tors_interfaces__rosidl_typesupport_fastrtps_cExport-noconfig.cmake
-- Installing: /workspace/tors_ws/install/tors_interfaces/share/tors_interfaces/cmake/tors_interfaces__rosidl_typesupport_introspection_cExport.cmake
-- Installing: /workspace/tors_ws/install/tors_interfaces/share/tors_interfaces/cmake/tors_interfaces__rosidl_typesupport_introspection_cExport-noconfig.cmake
-- Installing: /workspace/tors_ws/install/tors_interfaces/share/tors_interfaces/cmake/tors_interfaces__rosidl_typesupport_cExport.cmake
-- Installing: /workspace/tors_ws/install/tors_interfaces/share/tors_interfaces/cmake/tors_interfaces__rosidl_typesupport_cExport-noconfig.cmake
-- Installing: /workspace/tors_ws/install/tors_interfaces/share/tors_interfaces/cmake/export_tors_interfaces__rosidl_generator_cppExport.cmake
-- Installing: /workspace/tors_ws/install/tors_interfaces/share/tors_interfaces/cmake/export_tors_interfaces__rosidl_typesupport_fastrtps_cppExport.cmake
-- Installing: /workspace/tors_ws/install/tors_interfaces/share/tors_interfaces/cmake/export_tors_interfaces__rosidl_typesupport_fastrtps_cppExport-noconfig.cmake
-- Installing: /workspace/tors_ws/install/tors_interfaces/share/tors_interfaces/cmake/tors_interfaces__rosidl_typesupport_introspection_cppExport.cmake
-- Installing: /workspace/tors_ws/install/tors_interfaces/share/tors_interfaces/cmake/tors_interfaces__rosidl_typesupport_introspection_cppExport-noconfig.cmake
-- Installing: /workspace/tors_ws/install/tors_interfaces/share/tors_interfaces/cmake/tors_interfaces__rosidl_typesupport_cppExport.cmake
-- Installing: /workspace/tors_ws/install/tors_interfaces/share/tors_interfaces/cmake/tors_interfaces__rosidl_typesupport_cppExport-noconfig.cmake
-- Installing: /workspace/tors_ws/install/tors_interfaces/share/tors_interfaces/cmake/export_tors_interfaces__rosidl_generator_pyExport.cmake
-- Installing: /workspace/tors_ws/install/tors_interfaces/share/tors_interfaces/cmake/export_tors_interfaces__rosidl_generator_pyExport-noconfig.cmake
