[0.036s] Invoking command in '/workspace/tors_ws/build/tors_interfaces': CMAKE_PREFIX_PATH=${CMAKE_PREFIX_PATH}:/workspace/turtlebot3_ws/install/turtlebot3_teleop:/workspace/turtlebot3_ws/install/turtlebot3_example:/opt/ros/humble /usr/bin/cmake /workspace/tors_ws/src/tors_interfaces -DAMENT_CMAKE_SYMLINK_INSTALL=1 -DCMAKE_INSTALL_PREFIX=/workspace/tors_ws/install/tors_interfaces
[0.036s] -- Found ament_cmake: 1.3.12 (/opt/ros/humble/share/ament_cmake/cmake)
[0.148s] -- Override CMake install command with custom implementation using symlinks instead of copying resources
[0.156s] -- Found rosidl_default_generators: 1.2.0 (/opt/ros/humble/share/rosidl_default_generators/cmake)
[0.159s] -- Using all available rosidl_typesupport_c: rosidl_typesupport_fastrtps_c;rosidl_typesupport_introspection_c
[0.161s] -- Found rosidl_adapter: 3.1.7 (/opt/ros/humble/share/rosidl_adapter/cmake)
[0.189s] -- Using all available rosidl_typesupport_cpp: rosidl_typesupport_fastrtps_cpp;rosidl_typesupport_introspection_cpp
[0.472s] -- Found ament_cmake_ros: 0.10.0 (/opt/ros/humble/share/ament_cmake_ros/cmake)
[0.694s] -- Using all available rosidl_typesupport_c: rosidl_typesupport_fastrtps_c;rosidl_typesupport_introspection_c
[0.965s] -- Using all available rosidl_typesupport_cpp: rosidl_typesupport_fastrtps_cpp;rosidl_typesupport_introspection_cpp
[0.989s] -- Found PythonInterp: /usr/bin/python3 (found suitable version "3.10.12", minimum required is "3.6") 
[0.993s] -- Found python_cmake_module: 0.10.0 (/opt/ros/humble/share/python_cmake_module/cmake)
[1.029s] -- Found PythonLibs: /usr/lib/x86_64-linux-gnu/libpython3.10.so (found suitable version "3.10.12", minimum required is "3.5") 
[1.029s] -- Using PYTHON_EXECUTABLE: /usr/bin/python3
[1.029s] -- Using PYTHON_INCLUDE_DIRS: /usr/include/python3.10
[1.029s] -- Using PYTHON_LIBRARIES: /usr/lib/x86_64-linux-gnu/libpython3.10.so
[1.051s] -- Found PythonExtra: .so  
[1.099s] -- Found ament_lint_auto: 0.12.14 (/opt/ros/humble/share/ament_lint_auto/cmake)
[1.148s] -- Added test 'lint_cmake' to check CMake code style
[1.150s] -- Added test 'xmllint' to check XML markup files
[1.154s] -- Configuring done
[1.187s] -- Generating done
[1.196s] -- Build files have been written to: /workspace/tors_ws/build/tors_interfaces
[1.207s] Invoked command in '/workspace/tors_ws/build/tors_interfaces' returned '0': CMAKE_PREFIX_PATH=${CMAKE_PREFIX_PATH}:/workspace/turtlebot3_ws/install/turtlebot3_teleop:/workspace/turtlebot3_ws/install/turtlebot3_example:/opt/ros/humble /usr/bin/cmake /workspace/tors_ws/src/tors_interfaces -DAMENT_CMAKE_SYMLINK_INSTALL=1 -DCMAKE_INSTALL_PREFIX=/workspace/tors_ws/install/tors_interfaces
[1.208s] Invoking command in '/workspace/tors_ws/build/tors_interfaces': CMAKE_PREFIX_PATH=${CMAKE_PREFIX_PATH}:/workspace/turtlebot3_ws/install/turtlebot3_teleop:/workspace/turtlebot3_ws/install/turtlebot3_example:/opt/ros/humble /usr/bin/cmake --build /workspace/tors_ws/build/tors_interfaces -- -j20 -l20
[1.257s] [  3%] [34m[1mGenerating C++ code for ROS interfaces[0m
[1.693s] [  3%] Built target tors_interfaces__cpp
[1.726s] [  3%] Built target ament_cmake_python_symlink_tors_interfaces
[1.738s] [  6%] [34m[1mGenerating C++ introspection for ROS interfaces[0m
[2.076s] [  9%] [32mBuilding CXX object CMakeFiles/tors_interfaces__rosidl_typesupport_introspection_cpp.dir/rosidl_typesupport_introspection_cpp/tors_interfaces/srv/detail/order_msg__type_support.cpp.o[0m
[2.522s] [ 12%] [32m[1mLinking CXX shared library libtors_interfaces__rosidl_typesupport_introspection_cpp.so[0m
[2.588s] [ 12%] Built target tors_interfaces__rosidl_typesupport_introspection_cpp
[2.847s] running egg_info
[2.847s] creating tors_interfaces.egg-info
[2.848s] writing tors_interfaces.egg-info/PKG-INFO
[2.848s] writing dependency_links to tors_interfaces.egg-info/dependency_links.txt
[2.848s] writing top-level names to tors_interfaces.egg-info/top_level.txt
[2.848s] writing manifest file 'tors_interfaces.egg-info/SOURCES.txt'
[2.850s] reading manifest file 'tors_interfaces.egg-info/SOURCES.txt'
[2.851s] writing manifest file 'tors_interfaces.egg-info/SOURCES.txt'
[2.874s] [ 12%] Built target ament_cmake_python_build_tors_interfaces_egg
[2.885s] [ 16%] [34m[1mGenerating C++ type support for eProsima Fast-RTPS[0m
[3.262s] [ 19%] [32mBuilding CXX object CMakeFiles/tors_interfaces__rosidl_typesupport_fastrtps_cpp.dir/rosidl_typesupport_fastrtps_cpp/tors_interfaces/srv/detail/dds_fastrtps/order_msg__type_support.cpp.o[0m
[3.642s] [ 22%] [32m[1mLinking CXX shared library libtors_interfaces__rosidl_typesupport_fastrtps_cpp.so[0m
[3.708s] [ 22%] Built target tors_interfaces__rosidl_typesupport_fastrtps_cpp
[3.722s] [ 25%] [34m[1mGenerating C++ type support dispatch for ROS interfaces[0m
[4.074s] [ 29%] [32mBuilding CXX object CMakeFiles/tors_interfaces__rosidl_typesupport_cpp.dir/rosidl_typesupport_cpp/tors_interfaces/srv/order_msg__type_support.cpp.o[0m
[4.332s] [ 32%] [32m[1mLinking CXX shared library libtors_interfaces__rosidl_typesupport_cpp.so[0m
[4.373s] [ 32%] Built target tors_interfaces__rosidl_typesupport_cpp
[4.383s] [ 35%] [34m[1mGenerating C code for ROS interfaces[0m
[4.736s] [ 38%] [32mBuilding C object CMakeFiles/tors_interfaces__rosidl_generator_c.dir/rosidl_generator_c/tors_interfaces/srv/detail/order_msg__functions.c.o[0m
[4.808s] [ 41%] [32m[1mLinking C shared library libtors_interfaces__rosidl_generator_c.so[0m
[4.849s] [ 41%] Built target tors_interfaces__rosidl_generator_c
[4.865s] [ 45%] [34m[1mGenerating C type support for eProsima Fast-RTPS[0m
[5.204s] [ 48%] [32mBuilding CXX object CMakeFiles/tors_interfaces__rosidl_typesupport_fastrtps_c.dir/rosidl_typesupport_fastrtps_c/tors_interfaces/srv/detail/order_msg__type_support_c.cpp.o[0m
[5.564s] [ 51%] [32m[1mLinking CXX shared library libtors_interfaces__rosidl_typesupport_fastrtps_c.so[0m
[5.634s] [ 51%] Built target tors_interfaces__rosidl_typesupport_fastrtps_c
[5.643s] [ 54%] [34m[1mGenerating C type support dispatch for ROS interfaces[0m
[5.942s] [ 58%] [32mBuilding CXX object CMakeFiles/tors_interfaces__rosidl_typesupport_c.dir/rosidl_typesupport_c/tors_interfaces/srv/order_msg__type_support.cpp.o[0m
[5.974s] [ 61%] [32m[1mLinking CXX shared library libtors_interfaces__rosidl_typesupport_c.so[0m
[6.022s] [ 61%] Built target tors_interfaces__rosidl_typesupport_c
[6.032s] [ 64%] [34m[1mGenerating C introspection for ROS interfaces[0m
[6.363s] [ 67%] [32mBuilding C object CMakeFiles/tors_interfaces__rosidl_typesupport_introspection_c.dir/rosidl_typesupport_introspection_c/tors_interfaces/srv/detail/order_msg__type_support.c.o[0m
[6.408s] [ 70%] [32m[1mLinking C shared library libtors_interfaces__rosidl_typesupport_introspection_c.so[0m
[6.441s] [ 70%] Built target tors_interfaces__rosidl_typesupport_introspection_c
[6.471s] [ 70%] Built target tors_interfaces
[6.492s] [ 74%] [34m[1mGenerating Python code for ROS interfaces[0m
[7.037s] [ 74%] Built target tors_interfaces__py
[7.057s] [ 77%] [32mBuilding C object CMakeFiles/tors_interfaces__rosidl_generator_py.dir/rosidl_generator_py/tors_interfaces/srv/_order_msg_s.c.o[0m
[7.196s] [ 80%] [32m[1mLinking C shared library rosidl_generator_py/tors_interfaces/libtors_interfaces__rosidl_generator_py.so[0m
[7.243s] [ 80%] Built target tors_interfaces__rosidl_generator_py
[7.265s] [ 83%] [32mBuilding C object CMakeFiles/tors_interfaces__rosidl_typesupport_fastrtps_c__pyext.dir/rosidl_generator_py/tors_interfaces/_tors_interfaces_s.ep.rosidl_typesupport_fastrtps_c.c.o[0m
[7.375s] [ 87%] [32m[1mLinking C shared library rosidl_generator_py/tors_interfaces/tors_interfaces_s__rosidl_typesupport_fastrtps_c.cpython-310-x86_64-linux-gnu.so[0m
[7.407s] [ 87%] Built target tors_interfaces__rosidl_typesupport_fastrtps_c__pyext
[7.427s] [ 90%] [32mBuilding C object CMakeFiles/tors_interfaces__rosidl_typesupport_c__pyext.dir/rosidl_generator_py/tors_interfaces/_tors_interfaces_s.ep.rosidl_typesupport_c.c.o[0m
[7.518s] [ 93%] [32m[1mLinking C shared library rosidl_generator_py/tors_interfaces/tors_interfaces_s__rosidl_typesupport_c.cpython-310-x86_64-linux-gnu.so[0m
[7.556s] [ 93%] Built target tors_interfaces__rosidl_typesupport_c__pyext
[7.586s] [ 96%] [32mBuilding C object CMakeFiles/tors_interfaces__rosidl_typesupport_introspection_c__pyext.dir/rosidl_generator_py/tors_interfaces/_tors_interfaces_s.ep.rosidl_typesupport_introspection_c.c.o[0m
[7.698s] [100%] [32m[1mLinking C shared library rosidl_generator_py/tors_interfaces/tors_interfaces_s__rosidl_typesupport_introspection_c.cpython-310-x86_64-linux-gnu.so[0m
[7.733s] [100%] Built target tors_interfaces__rosidl_typesupport_introspection_c__pyext
[7.748s] Invoked command in '/workspace/tors_ws/build/tors_interfaces' returned '0': CMAKE_PREFIX_PATH=${CMAKE_PREFIX_PATH}:/workspace/turtlebot3_ws/install/turtlebot3_teleop:/workspace/turtlebot3_ws/install/turtlebot3_example:/opt/ros/humble /usr/bin/cmake --build /workspace/tors_ws/build/tors_interfaces -- -j20 -l20
[7.760s] Invoking command in '/workspace/tors_ws/build/tors_interfaces': CMAKE_PREFIX_PATH=${CMAKE_PREFIX_PATH}:/workspace/turtlebot3_ws/install/turtlebot3_teleop:/workspace/turtlebot3_ws/install/turtlebot3_example:/opt/ros/humble /usr/bin/cmake --install /workspace/tors_ws/build/tors_interfaces
[7.771s] -- Install configuration: ""
[7.772s] -- Execute custom install script
[7.772s] -- Symlinking: /workspace/tors_ws/install/tors_interfaces/share/ament_index/resource_index/rosidl_interfaces/tors_interfaces
[7.783s] -- Symlinking: /workspace/tors_ws/install/tors_interfaces/include/tors_interfaces/tors_interfaces/msg/rosidl_generator_c__visibility_control.h
[7.792s] -- Symlinking: /workspace/tors_ws/install/tors_interfaces/include/tors_interfaces/tors_interfaces/srv/detail/order_msg__functions.h
[7.803s] -- Symlinking: /workspace/tors_ws/install/tors_interfaces/include/tors_interfaces/tors_interfaces/srv/detail/order_msg__struct.h
[7.813s] -- Symlinking: /workspace/tors_ws/install/tors_interfaces/include/tors_interfaces/tors_interfaces/srv/detail/order_msg__type_support.h
[7.822s] -- Symlinking: /workspace/tors_ws/install/tors_interfaces/include/tors_interfaces/tors_interfaces/srv/order_msg.h
[7.832s] -- Symlinking: /workspace/tors_ws/install/tors_interfaces/share/tors_interfaces/environment/library_path.sh
[7.843s] -- Symlinking: /workspace/tors_ws/install/tors_interfaces/share/tors_interfaces/environment/library_path.dsv
[7.852s] -- Symlinking: /workspace/tors_ws/install/tors_interfaces/include/tors_interfaces/tors_interfaces/msg/rosidl_typesupport_fastrtps_c__visibility_control.h
[7.861s] -- Symlinking: /workspace/tors_ws/install/tors_interfaces/include/tors_interfaces/tors_interfaces/srv/detail/order_msg__rosidl_typesupport_fastrtps_c.h
[7.870s] -- Symlinking: /workspace/tors_ws/install/tors_interfaces/include/tors_interfaces/tors_interfaces/msg/rosidl_typesupport_introspection_c__visibility_control.h
[7.879s] -- Symlinking: /workspace/tors_ws/install/tors_interfaces/include/tors_interfaces/tors_interfaces/srv/detail/order_msg__rosidl_typesupport_introspection_c.h
[7.887s] -- Symlinking: /workspace/tors_ws/install/tors_interfaces/include/tors_interfaces/tors_interfaces/msg/rosidl_generator_cpp__visibility_control.hpp
[7.895s] -- Symlinking: /workspace/tors_ws/install/tors_interfaces/include/tors_interfaces/tors_interfaces/srv/detail/order_msg__builder.hpp
[7.904s] -- Symlinking: /workspace/tors_ws/install/tors_interfaces/include/tors_interfaces/tors_interfaces/srv/detail/order_msg__struct.hpp
[7.912s] -- Symlinking: /workspace/tors_ws/install/tors_interfaces/include/tors_interfaces/tors_interfaces/srv/detail/order_msg__traits.hpp
[7.923s] -- Symlinking: /workspace/tors_ws/install/tors_interfaces/include/tors_interfaces/tors_interfaces/srv/detail/order_msg__type_support.hpp
[7.930s] -- Symlinking: /workspace/tors_ws/install/tors_interfaces/include/tors_interfaces/tors_interfaces/srv/order_msg.hpp
[7.940s] -- Symlinking: /workspace/tors_ws/install/tors_interfaces/include/tors_interfaces/tors_interfaces/msg/rosidl_typesupport_fastrtps_cpp__visibility_control.h
[7.949s] -- Symlinking: /workspace/tors_ws/install/tors_interfaces/include/tors_interfaces/tors_interfaces/srv/detail/order_msg__rosidl_typesupport_fastrtps_cpp.hpp
[7.958s] -- Symlinking: /workspace/tors_ws/install/tors_interfaces/include/tors_interfaces/tors_interfaces/srv/detail/order_msg__rosidl_typesupport_introspection_cpp.hpp
[7.968s] -- Symlinking: /workspace/tors_ws/install/tors_interfaces/share/tors_interfaces/environment/pythonpath.sh
[7.977s] -- Symlinking: /workspace/tors_ws/install/tors_interfaces/share/tors_interfaces/environment/pythonpath.dsv
[7.987s] -- Symlinking: /workspace/tors_ws/install/tors_interfaces/local/lib/python3.10/dist-packages/tors_interfaces-0.0.0-py3.10.egg-info/PKG-INFO
[7.996s] -- Symlinking: /workspace/tors_ws/install/tors_interfaces/local/lib/python3.10/dist-packages/tors_interfaces-0.0.0-py3.10.egg-info/SOURCES.txt
[8.006s] -- Symlinking: /workspace/tors_ws/install/tors_interfaces/local/lib/python3.10/dist-packages/tors_interfaces-0.0.0-py3.10.egg-info/dependency_links.txt
[8.015s] -- Symlinking: /workspace/tors_ws/install/tors_interfaces/local/lib/python3.10/dist-packages/tors_interfaces-0.0.0-py3.10.egg-info/top_level.txt
[8.024s] -- Symlinking: /workspace/tors_ws/install/tors_interfaces/local/lib/python3.10/dist-packages/tors_interfaces/__init__.py
[8.034s] -- Symlinking: /workspace/tors_ws/install/tors_interfaces/local/lib/python3.10/dist-packages/tors_interfaces/_tors_interfaces_s.ep.rosidl_typesupport_c.c
[8.046s] -- Symlinking: /workspace/tors_ws/install/tors_interfaces/local/lib/python3.10/dist-packages/tors_interfaces/_tors_interfaces_s.ep.rosidl_typesupport_fastrtps_c.c
[8.057s] -- Symlinking: /workspace/tors_ws/install/tors_interfaces/local/lib/python3.10/dist-packages/tors_interfaces/_tors_interfaces_s.ep.rosidl_typesupport_introspection_c.c
[8.067s] -- Symlinking: /workspace/tors_ws/install/tors_interfaces/local/lib/python3.10/dist-packages/tors_interfaces/libtors_interfaces__rosidl_generator_py.so
[8.076s] -- Symlinking: /workspace/tors_ws/install/tors_interfaces/local/lib/python3.10/dist-packages/tors_interfaces/srv/__init__.py
[8.085s] -- Symlinking: /workspace/tors_ws/install/tors_interfaces/local/lib/python3.10/dist-packages/tors_interfaces/srv/_order_msg.py
[8.094s] -- Symlinking: /workspace/tors_ws/install/tors_interfaces/local/lib/python3.10/dist-packages/tors_interfaces/srv/_order_msg_s.c
[8.103s] -- Symlinking: /workspace/tors_ws/install/tors_interfaces/local/lib/python3.10/dist-packages/tors_interfaces/tors_interfaces_s__rosidl_typesupport_c.cpython-310-x86_64-linux-gnu.so
[8.114s] -- Symlinking: /workspace/tors_ws/install/tors_interfaces/local/lib/python3.10/dist-packages/tors_interfaces/tors_interfaces_s__rosidl_typesupport_fastrtps_c.cpython-310-x86_64-linux-gnu.so
[8.123s] -- Symlinking: /workspace/tors_ws/install/tors_interfaces/local/lib/python3.10/dist-packages/tors_interfaces/tors_interfaces_s__rosidl_typesupport_introspection_c.cpython-310-x86_64-linux-gnu.so
[8.136s] -- Up-to-date symlink: /workspace/tors_ws/install/tors_interfaces/local/lib/python3.10/dist-packages/tors_interfaces/tors_interfaces_s__rosidl_typesupport_fastrtps_c.cpython-310-x86_64-linux-gnu.so
[8.136s] -- Up-to-date symlink: /workspace/tors_ws/install/tors_interfaces/local/lib/python3.10/dist-packages/tors_interfaces/tors_interfaces_s__rosidl_typesupport_introspection_c.cpython-310-x86_64-linux-gnu.so
[8.137s] -- Up-to-date symlink: /workspace/tors_ws/install/tors_interfaces/local/lib/python3.10/dist-packages/tors_interfaces/tors_interfaces_s__rosidl_typesupport_c.cpython-310-x86_64-linux-gnu.so
[8.137s] -- Symlinking: /workspace/tors_ws/install/tors_interfaces/share/tors_interfaces/srv/OrderMsg.idl
[8.146s] -- Symlinking: /workspace/tors_ws/install/tors_interfaces/share/tors_interfaces/srv/OrderMsg.srv
[8.156s] -- Symlinking: /workspace/tors_ws/install/tors_interfaces/share/tors_interfaces/srv/OrderMsg_Request.msg
[8.166s] -- Symlinking: /workspace/tors_ws/install/tors_interfaces/share/tors_interfaces/srv/OrderMsg_Response.msg
[8.175s] -- Symlinking: /workspace/tors_ws/install/tors_interfaces/share/ament_index/resource_index/package_run_dependencies/tors_interfaces
[8.184s] -- Symlinking: /workspace/tors_ws/install/tors_interfaces/share/ament_index/resource_index/parent_prefix_path/tors_interfaces
[8.193s] -- Symlinking: /workspace/tors_ws/install/tors_interfaces/share/tors_interfaces/environment/ament_prefix_path.sh
[8.202s] -- Symlinking: /workspace/tors_ws/install/tors_interfaces/share/tors_interfaces/environment/ament_prefix_path.dsv
[8.211s] -- Symlinking: /workspace/tors_ws/install/tors_interfaces/share/tors_interfaces/environment/path.sh
[8.220s] -- Symlinking: /workspace/tors_ws/install/tors_interfaces/share/tors_interfaces/environment/path.dsv
[8.229s] -- Symlinking: /workspace/tors_ws/install/tors_interfaces/share/tors_interfaces/local_setup.bash
[8.239s] -- Symlinking: /workspace/tors_ws/install/tors_interfaces/share/tors_interfaces/local_setup.sh
[8.248s] -- Symlinking: /workspace/tors_ws/install/tors_interfaces/share/tors_interfaces/local_setup.zsh
[8.260s] -- Symlinking: /workspace/tors_ws/install/tors_interfaces/share/tors_interfaces/local_setup.dsv
[8.270s] -- Symlinking: /workspace/tors_ws/install/tors_interfaces/share/tors_interfaces/package.dsv
[8.279s] -- Symlinking: /workspace/tors_ws/install/tors_interfaces/share/ament_index/resource_index/packages/tors_interfaces
[8.288s] -- Symlinking: /workspace/tors_ws/install/tors_interfaces/share/tors_interfaces/cmake/rosidl_cmake-extras.cmake
[8.297s] -- Symlinking: /workspace/tors_ws/install/tors_interfaces/share/tors_interfaces/cmake/ament_cmake_export_include_directories-extras.cmake
[8.307s] -- Symlinking: /workspace/tors_ws/install/tors_interfaces/share/tors_interfaces/cmake/ament_cmake_export_libraries-extras.cmake
[8.315s] -- Symlinking: /workspace/tors_ws/install/tors_interfaces/share/tors_interfaces/cmake/ament_cmake_export_targets-extras.cmake
[8.324s] -- Symlinking: /workspace/tors_ws/install/tors_interfaces/share/tors_interfaces/cmake/rosidl_cmake_export_typesupport_targets-extras.cmake
[8.333s] -- Symlinking: /workspace/tors_ws/install/tors_interfaces/share/tors_interfaces/cmake/ament_cmake_export_dependencies-extras.cmake
[8.342s] -- Symlinking: /workspace/tors_ws/install/tors_interfaces/share/tors_interfaces/cmake/rosidl_cmake_export_typesupport_libraries-extras.cmake
[8.350s] -- Symlinking: /workspace/tors_ws/install/tors_interfaces/share/tors_interfaces/cmake/tors_interfacesConfig.cmake
[8.360s] -- Symlinking: /workspace/tors_ws/install/tors_interfaces/share/tors_interfaces/cmake/tors_interfacesConfig-version.cmake
[8.372s] -- Symlinking: /workspace/tors_ws/install/tors_interfaces/share/tors_interfaces/package.xml
[8.382s] -- Installing: /workspace/tors_ws/install/tors_interfaces/lib/libtors_interfaces__rosidl_generator_c.so
[8.383s] -- Set runtime path of "/workspace/tors_ws/install/tors_interfaces/lib/libtors_interfaces__rosidl_generator_c.so" to ""
[8.383s] -- Installing: /workspace/tors_ws/install/tors_interfaces/lib/libtors_interfaces__rosidl_typesupport_fastrtps_c.so
[8.383s] -- Set runtime path of "/workspace/tors_ws/install/tors_interfaces/lib/libtors_interfaces__rosidl_typesupport_fastrtps_c.so" to ""
[8.383s] -- Installing: /workspace/tors_ws/install/tors_interfaces/lib/libtors_interfaces__rosidl_typesupport_introspection_c.so
[8.384s] -- Set runtime path of "/workspace/tors_ws/install/tors_interfaces/lib/libtors_interfaces__rosidl_typesupport_introspection_c.so" to ""
[8.384s] -- Installing: /workspace/tors_ws/install/tors_interfaces/lib/libtors_interfaces__rosidl_typesupport_c.so
[8.384s] -- Set runtime path of "/workspace/tors_ws/install/tors_interfaces/lib/libtors_interfaces__rosidl_typesupport_c.so" to ""
[8.384s] -- Installing: /workspace/tors_ws/install/tors_interfaces/lib/libtors_interfaces__rosidl_typesupport_fastrtps_cpp.so
[8.385s] -- Set runtime path of "/workspace/tors_ws/install/tors_interfaces/lib/libtors_interfaces__rosidl_typesupport_fastrtps_cpp.so" to ""
[8.385s] -- Installing: /workspace/tors_ws/install/tors_interfaces/lib/libtors_interfaces__rosidl_typesupport_introspection_cpp.so
[8.385s] -- Set runtime path of "/workspace/tors_ws/install/tors_interfaces/lib/libtors_interfaces__rosidl_typesupport_introspection_cpp.so" to ""
[8.386s] -- Installing: /workspace/tors_ws/install/tors_interfaces/lib/libtors_interfaces__rosidl_typesupport_cpp.so
[8.386s] -- Set runtime path of "/workspace/tors_ws/install/tors_interfaces/lib/libtors_interfaces__rosidl_typesupport_cpp.so" to ""
[8.438s] Listing '/workspace/tors_ws/install/tors_interfaces/local/lib/python3.10/dist-packages/tors_interfaces'...
[8.439s] Compiling '/workspace/tors_ws/install/tors_interfaces/local/lib/python3.10/dist-packages/tors_interfaces/__init__.py'...
[8.439s] Listing '/workspace/tors_ws/install/tors_interfaces/local/lib/python3.10/dist-packages/tors_interfaces/srv'...
[8.439s] Compiling '/workspace/tors_ws/install/tors_interfaces/local/lib/python3.10/dist-packages/tors_interfaces/srv/__init__.py'...
[8.439s] Compiling '/workspace/tors_ws/install/tors_interfaces/local/lib/python3.10/dist-packages/tors_interfaces/srv/_order_msg.py'...
[8.443s] -- Installing: /workspace/tors_ws/install/tors_interfaces/lib/libtors_interfaces__rosidl_generator_py.so
[8.444s] -- Set runtime path of "/workspace/tors_ws/install/tors_interfaces/lib/libtors_interfaces__rosidl_generator_py.so" to ""
[8.444s] -- Installing: /workspace/tors_ws/install/tors_interfaces/share/tors_interfaces/cmake/export_tors_interfaces__rosidl_generator_cExport.cmake
[8.444s] -- Installing: /workspace/tors_ws/install/tors_interfaces/share/tors_interfaces/cmake/export_tors_interfaces__rosidl_generator_cExport-noconfig.cmake
[8.444s] -- Installing: /workspace/tors_ws/install/tors_interfaces/share/tors_interfaces/cmake/export_tors_interfaces__rosidl_typesupport_fastrtps_cExport.cmake
[8.445s] -- Installing: /workspace/tors_ws/install/tors_interfaces/share/tors_interfaces/cmake/export_tors_interfaces__rosidl_typesupport_fastrtps_cExport-noconfig.cmake
[8.445s] -- Installing: /workspace/tors_ws/install/tors_interfaces/share/tors_interfaces/cmake/tors_interfaces__rosidl_typesupport_introspection_cExport.cmake
[8.445s] -- Installing: /workspace/tors_ws/install/tors_interfaces/share/tors_interfaces/cmake/tors_interfaces__rosidl_typesupport_introspection_cExport-noconfig.cmake
[8.445s] -- Installing: /workspace/tors_ws/install/tors_interfaces/share/tors_interfaces/cmake/tors_interfaces__rosidl_typesupport_cExport.cmake
[8.445s] -- Installing: /workspace/tors_ws/install/tors_interfaces/share/tors_interfaces/cmake/tors_interfaces__rosidl_typesupport_cExport-noconfig.cmake
[8.446s] -- Installing: /workspace/tors_ws/install/tors_interfaces/share/tors_interfaces/cmake/export_tors_interfaces__rosidl_generator_cppExport.cmake
[8.446s] -- Installing: /workspace/tors_ws/install/tors_interfaces/share/tors_interfaces/cmake/export_tors_interfaces__rosidl_typesupport_fastrtps_cppExport.cmake
[8.446s] -- Installing: /workspace/tors_ws/install/tors_interfaces/share/tors_interfaces/cmake/export_tors_interfaces__rosidl_typesupport_fastrtps_cppExport-noconfig.cmake
[8.446s] -- Installing: /workspace/tors_ws/install/tors_interfaces/share/tors_interfaces/cmake/tors_interfaces__rosidl_typesupport_introspection_cppExport.cmake
[8.446s] -- Installing: /workspace/tors_ws/install/tors_interfaces/share/tors_interfaces/cmake/tors_interfaces__rosidl_typesupport_introspection_cppExport-noconfig.cmake
[8.446s] -- Installing: /workspace/tors_ws/install/tors_interfaces/share/tors_interfaces/cmake/tors_interfaces__rosidl_typesupport_cppExport.cmake
[8.447s] -- Installing: /workspace/tors_ws/install/tors_interfaces/share/tors_interfaces/cmake/tors_interfaces__rosidl_typesupport_cppExport-noconfig.cmake
[8.447s] -- Installing: /workspace/tors_ws/install/tors_interfaces/share/tors_interfaces/cmake/export_tors_interfaces__rosidl_generator_pyExport.cmake
[8.447s] -- Installing: /workspace/tors_ws/install/tors_interfaces/share/tors_interfaces/cmake/export_tors_interfaces__rosidl_generator_pyExport-noconfig.cmake
[8.453s] Invoked command in '/workspace/tors_ws/build/tors_interfaces' returned '0': CMAKE_PREFIX_PATH=${CMAKE_PREFIX_PATH}:/workspace/turtlebot3_ws/install/turtlebot3_teleop:/workspace/turtlebot3_ws/install/turtlebot3_example:/opt/ros/humble /usr/bin/cmake --install /workspace/tors_ws/build/tors_interfaces
