[0.010s] Invoking command in '/workspace/turtlebot3_ws/build/turtlebot3_simulations': AMENT_PREFIX_PATH=/workspace/turtlebot3_ws/install/turtlebot3_fake_node:/workspace/turtlebot3_ws/install/turtlebot3_msgs:/workspace/turtlebot3_ws/install/turtlebot3_gazebo:${AMENT_PREFIX_PATH} CMAKE_PREFIX_PATH=/workspace/turtlebot3_ws/install/turtlebot3_fake_node:/workspace/turtlebot3_ws/install/turtlebot3_msgs:/workspace/turtlebot3_ws/install/turtlebot3_gazebo:/opt/ros/humble LD_LIBRARY_PATH=/workspace/turtlebot3_ws/install/turtlebot3_msgs/lib:/usr/lib/x86_64-linux-gnu/gazebo-11/plugins:/opt/ros/humble/opt/rviz_ogre_vendor/lib:/opt/ros/humble/lib/x86_64-linux-gnu:/opt/ros/humble/lib:/usr/lib/x86_64-linux-gnu/gazebo-11/plugins PYTHONPATH=/workspace/turtlebot3_ws/install/turtlebot3_msgs/local/lib/python3.10/dist-packages:${PYTHONPATH} /usr/bin/cmake /workspace/turtlebot3_ws/src/turtlebot3_simulations/turtlebot3_simulations -DAMENT_CMAKE_SYMLINK_INSTALL=1 -DCMAKE_INSTALL_PREFIX=/workspace/turtlebot3_ws/install/turtlebot3_simulations
[0.071s] -- The C compiler identification is GNU 11.4.0
[0.137s] -- The CXX compiler identification is GNU 11.4.0
[0.146s] -- Detecting C compiler ABI info
[0.220s] -- Detecting C compiler ABI info - done
[0.228s] -- Check for working C compiler: /usr/bin/cc - skipped
[0.229s] -- Detecting C compile features
[0.229s] -- Detecting C compile features - done
[0.232s] -- Detecting CXX compiler ABI info
[0.318s] -- Detecting CXX compiler ABI info - done
[0.326s] -- Check for working CXX compiler: /usr/bin/c++ - skipped
[0.327s] -- Detecting CXX compile features
[0.327s] -- Detecting CXX compile features - done
[0.331s] -- Found ament_cmake: 1.3.12 (/opt/ros/humble/share/ament_cmake/cmake)
[0.501s] -- Found Python3: /usr/bin/python3 (found version "3.10.12") found components: Interpreter 
[0.559s] -- Override CMake install command with custom implementation using symlinks instead of copying resources
[0.659s] -- Configuring done
[0.661s] -- Generating done
[0.667s] -- Build files have been written to: /workspace/turtlebot3_ws/build/turtlebot3_simulations
[0.670s] Invoked command in '/workspace/turtlebot3_ws/build/turtlebot3_simulations' returned '0': AMENT_PREFIX_PATH=/workspace/turtlebot3_ws/install/turtlebot3_fake_node:/workspace/turtlebot3_ws/install/turtlebot3_msgs:/workspace/turtlebot3_ws/install/turtlebot3_gazebo:${AMENT_PREFIX_PATH} CMAKE_PREFIX_PATH=/workspace/turtlebot3_ws/install/turtlebot3_fake_node:/workspace/turtlebot3_ws/install/turtlebot3_msgs:/workspace/turtlebot3_ws/install/turtlebot3_gazebo:/opt/ros/humble LD_LIBRARY_PATH=/workspace/turtlebot3_ws/install/turtlebot3_msgs/lib:/usr/lib/x86_64-linux-gnu/gazebo-11/plugins:/opt/ros/humble/opt/rviz_ogre_vendor/lib:/opt/ros/humble/lib/x86_64-linux-gnu:/opt/ros/humble/lib:/usr/lib/x86_64-linux-gnu/gazebo-11/plugins PYTHONPATH=/workspace/turtlebot3_ws/install/turtlebot3_msgs/local/lib/python3.10/dist-packages:${PYTHONPATH} /usr/bin/cmake /workspace/turtlebot3_ws/src/turtlebot3_simulations/turtlebot3_simulations -DAMENT_CMAKE_SYMLINK_INSTALL=1 -DCMAKE_INSTALL_PREFIX=/workspace/turtlebot3_ws/install/turtlebot3_simulations
[0.670s] Invoking command in '/workspace/turtlebot3_ws/build/turtlebot3_simulations': AMENT_PREFIX_PATH=/workspace/turtlebot3_ws/install/turtlebot3_fake_node:/workspace/turtlebot3_ws/install/turtlebot3_msgs:/workspace/turtlebot3_ws/install/turtlebot3_gazebo:${AMENT_PREFIX_PATH} CMAKE_PREFIX_PATH=/workspace/turtlebot3_ws/install/turtlebot3_fake_node:/workspace/turtlebot3_ws/install/turtlebot3_msgs:/workspace/turtlebot3_ws/install/turtlebot3_gazebo:/opt/ros/humble LD_LIBRARY_PATH=/workspace/turtlebot3_ws/install/turtlebot3_msgs/lib:/usr/lib/x86_64-linux-gnu/gazebo-11/plugins:/opt/ros/humble/opt/rviz_ogre_vendor/lib:/opt/ros/humble/lib/x86_64-linux-gnu:/opt/ros/humble/lib:/usr/lib/x86_64-linux-gnu/gazebo-11/plugins PYTHONPATH=/workspace/turtlebot3_ws/install/turtlebot3_msgs/local/lib/python3.10/dist-packages:${PYTHONPATH} /usr/bin/cmake --build /workspace/turtlebot3_ws/build/turtlebot3_simulations -- -j20 -l20
[0.713s] Invoked command in '/workspace/turtlebot3_ws/build/turtlebot3_simulations' returned '0': AMENT_PREFIX_PATH=/workspace/turtlebot3_ws/install/turtlebot3_fake_node:/workspace/turtlebot3_ws/install/turtlebot3_msgs:/workspace/turtlebot3_ws/install/turtlebot3_gazebo:${AMENT_PREFIX_PATH} CMAKE_PREFIX_PATH=/workspace/turtlebot3_ws/install/turtlebot3_fake_node:/workspace/turtlebot3_ws/install/turtlebot3_msgs:/workspace/turtlebot3_ws/install/turtlebot3_gazebo:/opt/ros/humble LD_LIBRARY_PATH=/workspace/turtlebot3_ws/install/turtlebot3_msgs/lib:/usr/lib/x86_64-linux-gnu/gazebo-11/plugins:/opt/ros/humble/opt/rviz_ogre_vendor/lib:/opt/ros/humble/lib/x86_64-linux-gnu:/opt/ros/humble/lib:/usr/lib/x86_64-linux-gnu/gazebo-11/plugins PYTHONPATH=/workspace/turtlebot3_ws/install/turtlebot3_msgs/local/lib/python3.10/dist-packages:${PYTHONPATH} /usr/bin/cmake --build /workspace/turtlebot3_ws/build/turtlebot3_simulations -- -j20 -l20
[0.716s] Invoking command in '/workspace/turtlebot3_ws/build/turtlebot3_simulations': AMENT_PREFIX_PATH=/workspace/turtlebot3_ws/install/turtlebot3_fake_node:/workspace/turtlebot3_ws/install/turtlebot3_msgs:/workspace/turtlebot3_ws/install/turtlebot3_gazebo:${AMENT_PREFIX_PATH} CMAKE_PREFIX_PATH=/workspace/turtlebot3_ws/install/turtlebot3_fake_node:/workspace/turtlebot3_ws/install/turtlebot3_msgs:/workspace/turtlebot3_ws/install/turtlebot3_gazebo:/opt/ros/humble LD_LIBRARY_PATH=/workspace/turtlebot3_ws/install/turtlebot3_msgs/lib:/usr/lib/x86_64-linux-gnu/gazebo-11/plugins:/opt/ros/humble/opt/rviz_ogre_vendor/lib:/opt/ros/humble/lib/x86_64-linux-gnu:/opt/ros/humble/lib:/usr/lib/x86_64-linux-gnu/gazebo-11/plugins PYTHONPATH=/workspace/turtlebot3_ws/install/turtlebot3_msgs/local/lib/python3.10/dist-packages:${PYTHONPATH} /usr/bin/cmake --install /workspace/turtlebot3_ws/build/turtlebot3_simulations
[0.722s] -- Install configuration: ""
[0.723s] -- Execute custom install script
[0.723s] -- Symlinking: /workspace/turtlebot3_ws/install/turtlebot3_simulations/share/ament_index/resource_index/package_run_dependencies/turtlebot3_simulations
[0.733s] -- Symlinking: /workspace/turtlebot3_ws/install/turtlebot3_simulations/share/ament_index/resource_index/parent_prefix_path/turtlebot3_simulations
[0.746s] -- Symlinking: /workspace/turtlebot3_ws/install/turtlebot3_simulations/share/turtlebot3_simulations/environment/ament_prefix_path.sh
[0.757s] -- Symlinking: /workspace/turtlebot3_ws/install/turtlebot3_simulations/share/turtlebot3_simulations/environment/ament_prefix_path.dsv
[0.767s] -- Symlinking: /workspace/turtlebot3_ws/install/turtlebot3_simulations/share/turtlebot3_simulations/environment/path.sh
[0.777s] -- Symlinking: /workspace/turtlebot3_ws/install/turtlebot3_simulations/share/turtlebot3_simulations/environment/path.dsv
[0.787s] -- Symlinking: /workspace/turtlebot3_ws/install/turtlebot3_simulations/share/turtlebot3_simulations/local_setup.bash
[0.797s] -- Symlinking: /workspace/turtlebot3_ws/install/turtlebot3_simulations/share/turtlebot3_simulations/local_setup.sh
[0.808s] -- Symlinking: /workspace/turtlebot3_ws/install/turtlebot3_simulations/share/turtlebot3_simulations/local_setup.zsh
[0.818s] -- Symlinking: /workspace/turtlebot3_ws/install/turtlebot3_simulations/share/turtlebot3_simulations/local_setup.dsv
[0.829s] -- Symlinking: /workspace/turtlebot3_ws/install/turtlebot3_simulations/share/turtlebot3_simulations/package.dsv
[0.838s] -- Symlinking: /workspace/turtlebot3_ws/install/turtlebot3_simulations/share/ament_index/resource_index/packages/turtlebot3_simulations
[0.849s] -- Symlinking: /workspace/turtlebot3_ws/install/turtlebot3_simulations/share/turtlebot3_simulations/cmake/turtlebot3_simulationsConfig.cmake
[0.860s] -- Symlinking: /workspace/turtlebot3_ws/install/turtlebot3_simulations/share/turtlebot3_simulations/cmake/turtlebot3_simulationsConfig-version.cmake
[0.870s] -- Symlinking: /workspace/turtlebot3_ws/install/turtlebot3_simulations/share/turtlebot3_simulations/package.xml
[0.887s] Invoked command in '/workspace/turtlebot3_ws/build/turtlebot3_simulations' returned '0': AMENT_PREFIX_PATH=/workspace/turtlebot3_ws/install/turtlebot3_fake_node:/workspace/turtlebot3_ws/install/turtlebot3_msgs:/workspace/turtlebot3_ws/install/turtlebot3_gazebo:${AMENT_PREFIX_PATH} CMAKE_PREFIX_PATH=/workspace/turtlebot3_ws/install/turtlebot3_fake_node:/workspace/turtlebot3_ws/install/turtlebot3_msgs:/workspace/turtlebot3_ws/install/turtlebot3_gazebo:/opt/ros/humble LD_LIBRARY_PATH=/workspace/turtlebot3_ws/install/turtlebot3_msgs/lib:/usr/lib/x86_64-linux-gnu/gazebo-11/plugins:/opt/ros/humble/opt/rviz_ogre_vendor/lib:/opt/ros/humble/lib/x86_64-linux-gnu:/opt/ros/humble/lib:/usr/lib/x86_64-linux-gnu/gazebo-11/plugins PYTHONPATH=/workspace/turtlebot3_ws/install/turtlebot3_msgs/local/lib/python3.10/dist-packages:${PYTHONPATH} /usr/bin/cmake --install /workspace/turtlebot3_ws/build/turtlebot3_simulations
