[0.446s] Invoking command in '/workspace/turtlebot3_ws/build/turtlebot3_teleop': PYTHONPATH=/workspace/turtlebot3_ws/build/turtlebot3_teleop/prefix_override:/usr/lib/python3/dist-packages/colcon_core/task/python/colcon_distutils_commands:/workspace/turtlebot3_ws/install/turtlebot3_teleop/lib/python3.10/site-packages:${PYTHONPATH} /usr/bin/python3 -W ignore:setup.py install is deprecated -W ignore:easy_install command is deprecated setup.py develop --uninstall --editable --build-directory /workspace/turtlebot3_ws/build/turtlebot3_teleop/build
[0.617s] running develop
[0.698s] Removing /workspace/turtlebot3_ws/install/turtlebot3_teleop/lib/python3.10/site-packages/turtlebot3-teleop.egg-link (link to .)
[0.718s] Invoked command in '/workspace/turtlebot3_ws/build/turtlebot3_teleop' returned '0': PYTHONPATH=/workspace/turtlebot3_ws/build/turtlebot3_teleop/prefix_override:/usr/lib/python3/dist-packages/colcon_core/task/python/colcon_distutils_commands:/workspace/turtlebot3_ws/install/turtlebot3_teleop/lib/python3.10/site-packages:${PYTHONPATH} /usr/bin/python3 -W ignore:setup.py install is deprecated -W ignore:easy_install command is deprecated setup.py develop --uninstall --editable --build-directory /workspace/turtlebot3_ws/build/turtlebot3_teleop/build
[0.719s] Invoking command in '/workspace/turtlebot3_ws/src/turtlebot3/turtlebot3_teleop': PYTHONPATH=/workspace/turtlebot3_ws/build/turtlebot3_teleop/prefix_override:/usr/lib/python3/dist-packages/colcon_core/task/python/colcon_distutils_commands:/workspace/turtlebot3_ws/install/turtlebot3_teleop/lib/python3.10/site-packages:${PYTHONPATH} /usr/bin/python3 -W ignore:setup.py install is deprecated -W ignore:easy_install command is deprecated setup.py egg_info --egg-base ../../../build/turtlebot3_teleop build --build-base /workspace/turtlebot3_ws/build/turtlebot3_teleop/build install --record /workspace/turtlebot3_ws/build/turtlebot3_teleop/install.log --single-version-externally-managed install_data --force
[0.864s] running egg_info
[0.864s] writing ../../../build/turtlebot3_teleop/turtlebot3_teleop.egg-info/PKG-INFO
[0.864s] writing dependency_links to ../../../build/turtlebot3_teleop/turtlebot3_teleop.egg-info/dependency_links.txt
[0.865s] writing entry points to ../../../build/turtlebot3_teleop/turtlebot3_teleop.egg-info/entry_points.txt
[0.865s] writing requirements to ../../../build/turtlebot3_teleop/turtlebot3_teleop.egg-info/requires.txt
[0.865s] writing top-level names to ../../../build/turtlebot3_teleop/turtlebot3_teleop.egg-info/top_level.txt
[0.866s] reading manifest file '../../../build/turtlebot3_teleop/turtlebot3_teleop.egg-info/SOURCES.txt'
[0.867s] writing manifest file '../../../build/turtlebot3_teleop/turtlebot3_teleop.egg-info/SOURCES.txt'
[0.867s] running build
[0.867s] running build_py
[0.867s] creating /workspace/turtlebot3_ws/build/turtlebot3_teleop/build
[0.867s] creating /workspace/turtlebot3_ws/build/turtlebot3_teleop/build/lib
[0.867s] creating /workspace/turtlebot3_ws/build/turtlebot3_teleop/build/lib/turtlebot3_teleop
[0.868s] copying turtlebot3_teleop/__init__.py -> /workspace/turtlebot3_ws/build/turtlebot3_teleop/build/lib/turtlebot3_teleop
[0.868s] creating /workspace/turtlebot3_ws/build/turtlebot3_teleop/build/lib/turtlebot3_teleop/script
[0.868s] copying turtlebot3_teleop/script/__init__.py -> /workspace/turtlebot3_ws/build/turtlebot3_teleop/build/lib/turtlebot3_teleop/script
[0.868s] copying turtlebot3_teleop/script/teleop_keyboard.py -> /workspace/turtlebot3_ws/build/turtlebot3_teleop/build/lib/turtlebot3_teleop/script
[0.868s] running install
[0.868s] running install_lib
[0.868s] creating /workspace/turtlebot3_ws/install/turtlebot3_teleop/lib/python3.10/site-packages/turtlebot3_teleop
[0.868s] copying /workspace/turtlebot3_ws/build/turtlebot3_teleop/build/lib/turtlebot3_teleop/__init__.py -> /workspace/turtlebot3_ws/install/turtlebot3_teleop/lib/python3.10/site-packages/turtlebot3_teleop
[0.868s] creating /workspace/turtlebot3_ws/install/turtlebot3_teleop/lib/python3.10/site-packages/turtlebot3_teleop/script
[0.868s] copying /workspace/turtlebot3_ws/build/turtlebot3_teleop/build/lib/turtlebot3_teleop/script/__init__.py -> /workspace/turtlebot3_ws/install/turtlebot3_teleop/lib/python3.10/site-packages/turtlebot3_teleop/script
[0.869s] copying /workspace/turtlebot3_ws/build/turtlebot3_teleop/build/lib/turtlebot3_teleop/script/teleop_keyboard.py -> /workspace/turtlebot3_ws/install/turtlebot3_teleop/lib/python3.10/site-packages/turtlebot3_teleop/script
[0.869s] byte-compiling /workspace/turtlebot3_ws/install/turtlebot3_teleop/lib/python3.10/site-packages/turtlebot3_teleop/__init__.py to __init__.cpython-310.pyc
[0.869s] byte-compiling /workspace/turtlebot3_ws/install/turtlebot3_teleop/lib/python3.10/site-packages/turtlebot3_teleop/script/__init__.py to __init__.cpython-310.pyc
[0.869s] byte-compiling /workspace/turtlebot3_ws/install/turtlebot3_teleop/lib/python3.10/site-packages/turtlebot3_teleop/script/teleop_keyboard.py to teleop_keyboard.cpython-310.pyc
[0.870s] running install_data
[0.870s] copying resource/turtlebot3_teleop -> /workspace/turtlebot3_ws/install/turtlebot3_teleop/share/ament_index/resource_index/packages
[0.870s] copying package.xml -> /workspace/turtlebot3_ws/install/turtlebot3_teleop/share/turtlebot3_teleop
[0.870s] running install_egg_info
[0.871s] Copying ../../../build/turtlebot3_teleop/turtlebot3_teleop.egg-info to /workspace/turtlebot3_ws/install/turtlebot3_teleop/lib/python3.10/site-packages/turtlebot3_teleop-2.1.5-py3.10.egg-info
[0.872s] running install_scripts
[0.888s] Installing teleop_keyboard script to /workspace/turtlebot3_ws/install/turtlebot3_teleop/lib/turtlebot3_teleop
[0.888s] writing list of installed files to '/workspace/turtlebot3_ws/build/turtlebot3_teleop/install.log'
[0.905s] Invoked command in '/workspace/turtlebot3_ws/src/turtlebot3/turtlebot3_teleop' returned '0': PYTHONPATH=/workspace/turtlebot3_ws/build/turtlebot3_teleop/prefix_override:/usr/lib/python3/dist-packages/colcon_core/task/python/colcon_distutils_commands:/workspace/turtlebot3_ws/install/turtlebot3_teleop/lib/python3.10/site-packages:${PYTHONPATH} /usr/bin/python3 -W ignore:setup.py install is deprecated -W ignore:easy_install command is deprecated setup.py egg_info --egg-base ../../../build/turtlebot3_teleop build --build-base /workspace/turtlebot3_ws/build/turtlebot3_teleop/build install --record /workspace/turtlebot3_ws/build/turtlebot3_teleop/install.log --single-version-externally-managed install_data --force
