running develop
running egg_info
creating table_order.egg-info
writing table_order.egg-info/PKG-INFO
writing dependency_links to table_order.egg-info/dependency_links.txt
writing entry points to table_order.egg-info/entry_points.txt
writing requirements to table_order.egg-info/requires.txt
writing top-level names to table_order.egg-info/top_level.txt
writing manifest file 'table_order.egg-info/SOURCES.txt'
reading manifest file 'table_order.egg-info/SOURCES.txt'
writing manifest file 'table_order.egg-info/SOURCES.txt'
running build_ext
Creating /workspace/tors_ws/install/table_order/lib/python3.10/site-packages/table-order.egg-link (link to .)
Installing table_gui script to /workspace/tors_ws/install/table_order/lib/table_order

Installed /workspace/tors_ws/build/table_order
running symlink_data
creating /workspace/tors_ws/install/table_order/share/ament_index
creating /workspace/tors_ws/install/table_order/share/ament_index/resource_index
creating /workspace/tors_ws/install/table_order/share/ament_index/resource_index/packages
symbolically linking /workspace/tors_ws/build/table_order/resource/table_order -> /workspace/tors_ws/install/table_order/share/ament_index/resource_index/packages
symbolically linking /workspace/tors_ws/build/table_order/package.xml -> /workspace/tors_ws/install/table_order/share/table_order
creating /workspace/tors_ws/install/table_order/share/table_order/resource
symbolically linking /workspace/tors_ws/build/table_order/resource/TableOrder.ui -> /workspace/tors_ws/install/table_order/share/table_order/resource
symbolically linking /workspace/tors_ws/build/table_order/resource/짜장면.jpg -> /workspace/tors_ws/install/table_order/share/table_order/resource
symbolically linking /workspace/tors_ws/build/table_order/resource/짬뽕.jpg -> /workspace/tors_ws/install/table_order/share/table_order/resource
symbolically linking /workspace/tors_ws/build/table_order/resource/탕수육.jpg -> /workspace/tors_ws/install/table_order/share/table_order/resource
symbolically linking /workspace/tors_ws/build/table_order/resource/제로 콜라.jpg -> /workspace/tors_ws/install/table_order/share/table_order/resource
