[0.016s] Invoking command in '/workspace/tors_ws/build/tors_interfaces': CMAKE_PREFIX_PATH=${CMAKE_PREFIX_PATH}:/workspace/tors_ws/install/table_order:/workspace/tors_ws/install/pos_control:/workspace/turtlebot3_ws/install/turtlebot3_teleop:/workspace/turtlebot3_ws/install/turtlebot3_example:/opt/ros/humble /usr/bin/cmake --build /workspace/tors_ws/build/tors_interfaces -- -j20 -l20
[0.079s] [  3%] Built target tors_interfaces__cpp
[0.112s] [  3%] Built target ament_cmake_python_symlink_tors_interfaces
[0.125s] [35m[1mConsolidate compiler generated dependencies of target tors_interfaces__rosidl_typesupport_introspection_cpp[0m
[0.139s] [ 12%] Built target tors_interfaces__rosidl_typesupport_introspection_cpp
[0.368s] running egg_info
[0.369s] writing tors_interfaces.egg-info/PKG-INFO
[0.369s] writing dependency_links to tors_interfaces.egg-info/dependency_links.txt
[0.369s] writing top-level names to tors_interfaces.egg-info/top_level.txt
[0.371s] reading manifest file 'tors_interfaces.egg-info/SOURCES.txt'
[0.372s] writing manifest file 'tors_interfaces.egg-info/SOURCES.txt'
[0.402s] [ 12%] Built target ament_cmake_python_build_tors_interfaces_egg
[0.414s] [35m[1mConsolidate compiler generated dependencies of target tors_interfaces__rosidl_typesupport_fastrtps_cpp[0m
[0.430s] [ 22%] Built target tors_interfaces__rosidl_typesupport_fastrtps_cpp
[0.441s] [35m[1mConsolidate compiler generated dependencies of target tors_interfaces__rosidl_typesupport_cpp[0m
[0.459s] [ 32%] Built target tors_interfaces__rosidl_typesupport_cpp
[0.470s] [35m[1mConsolidate compiler generated dependencies of target tors_interfaces__rosidl_generator_c[0m
[0.483s] [ 41%] Built target tors_interfaces__rosidl_generator_c
[0.496s] [35m[1mConsolidate compiler generated dependencies of target tors_interfaces__rosidl_typesupport_fastrtps_c[0m
[0.512s] [ 51%] Built target tors_interfaces__rosidl_typesupport_fastrtps_c
[0.525s] [35m[1mConsolidate compiler generated dependencies of target tors_interfaces__rosidl_typesupport_c[0m
[0.536s] [ 61%] Built target tors_interfaces__rosidl_typesupport_c
[0.546s] [35m[1mConsolidate compiler generated dependencies of target tors_interfaces__rosidl_typesupport_introspection_c[0m
[0.558s] [ 70%] Built target tors_interfaces__rosidl_typesupport_introspection_c
[0.579s] [ 70%] Built target tors_interfaces
[0.602s] [ 74%] Built target tors_interfaces__py
[0.613s] [35m[1mConsolidate compiler generated dependencies of target tors_interfaces__rosidl_generator_py[0m
[0.626s] [ 80%] Built target tors_interfaces__rosidl_generator_py
[0.638s] [35m[1mConsolidate compiler generated dependencies of target tors_interfaces__rosidl_typesupport_fastrtps_c__pyext[0m
[0.652s] [ 87%] Built target tors_interfaces__rosidl_typesupport_fastrtps_c__pyext
[0.663s] [35m[1mConsolidate compiler generated dependencies of target tors_interfaces__rosidl_typesupport_c__pyext[0m
[0.677s] [ 93%] Built target tors_interfaces__rosidl_typesupport_c__pyext
[0.688s] [35m[1mConsolidate compiler generated dependencies of target tors_interfaces__rosidl_typesupport_introspection_c__pyext[0m
[0.700s] [100%] Built target tors_interfaces__rosidl_typesupport_introspection_c__pyext
[0.712s] Invoked command in '/workspace/tors_ws/build/tors_interfaces' returned '0': CMAKE_PREFIX_PATH=${CMAKE_PREFIX_PATH}:/workspace/tors_ws/install/table_order:/workspace/tors_ws/install/pos_control:/workspace/turtlebot3_ws/install/turtlebot3_teleop:/workspace/turtlebot3_ws/install/turtlebot3_example:/opt/ros/humble /usr/bin/cmake --build /workspace/tors_ws/build/tors_interfaces -- -j20 -l20
[0.723s] Invoking command in '/workspace/tors_ws/build/tors_interfaces': CMAKE_PREFIX_PATH=${CMAKE_PREFIX_PATH}:/workspace/tors_ws/install/table_order:/workspace/tors_ws/install/pos_control:/workspace/turtlebot3_ws/install/turtlebot3_teleop:/workspace/turtlebot3_ws/install/turtlebot3_example:/opt/ros/humble /usr/bin/cmake --install /workspace/tors_ws/build/tors_interfaces
[0.729s] -- Install configuration: ""
[0.729s] -- Execute custom install script
[0.729s] -- Up-to-date symlink: /workspace/tors_ws/install/tors_interfaces/share/ament_index/resource_index/rosidl_interfaces/tors_interfaces
[0.730s] -- Up-to-date symlink: /workspace/tors_ws/install/tors_interfaces/include/tors_interfaces/tors_interfaces/msg/rosidl_generator_c__visibility_control.h
[0.730s] -- Up-to-date symlink: /workspace/tors_ws/install/tors_interfaces/include/tors_interfaces/tors_interfaces/srv/detail/order_msg__functions.h
[0.730s] -- Up-to-date symlink: /workspace/tors_ws/install/tors_interfaces/include/tors_interfaces/tors_interfaces/srv/detail/order_msg__struct.h
[0.730s] -- Up-to-date symlink: /workspace/tors_ws/install/tors_interfaces/include/tors_interfaces/tors_interfaces/srv/detail/order_msg__type_support.h
[0.730s] -- Up-to-date symlink: /workspace/tors_ws/install/tors_interfaces/include/tors_interfaces/tors_interfaces/srv/order_msg.h
[0.731s] -- Up-to-date symlink: /workspace/tors_ws/install/tors_interfaces/share/tors_interfaces/environment/library_path.sh
[0.731s] -- Up-to-date symlink: /workspace/tors_ws/install/tors_interfaces/share/tors_interfaces/environment/library_path.dsv
[0.731s] -- Up-to-date symlink: /workspace/tors_ws/install/tors_interfaces/include/tors_interfaces/tors_interfaces/msg/rosidl_typesupport_fastrtps_c__visibility_control.h
[0.731s] -- Up-to-date symlink: /workspace/tors_ws/install/tors_interfaces/include/tors_interfaces/tors_interfaces/srv/detail/order_msg__rosidl_typesupport_fastrtps_c.h
[0.731s] -- Up-to-date symlink: /workspace/tors_ws/install/tors_interfaces/include/tors_interfaces/tors_interfaces/msg/rosidl_typesupport_introspection_c__visibility_control.h
[0.731s] -- Up-to-date symlink: /workspace/tors_ws/install/tors_interfaces/include/tors_interfaces/tors_interfaces/srv/detail/order_msg__rosidl_typesupport_introspection_c.h
[0.731s] -- Up-to-date symlink: /workspace/tors_ws/install/tors_interfaces/include/tors_interfaces/tors_interfaces/msg/rosidl_generator_cpp__visibility_control.hpp
[0.731s] -- Up-to-date symlink: /workspace/tors_ws/install/tors_interfaces/include/tors_interfaces/tors_interfaces/srv/detail/order_msg__builder.hpp
[0.731s] -- Up-to-date symlink: /workspace/tors_ws/install/tors_interfaces/include/tors_interfaces/tors_interfaces/srv/detail/order_msg__struct.hpp
[0.731s] -- Up-to-date symlink: /workspace/tors_ws/install/tors_interfaces/include/tors_interfaces/tors_interfaces/srv/detail/order_msg__traits.hpp
[0.732s] -- Up-to-date symlink: /workspace/tors_ws/install/tors_interfaces/include/tors_interfaces/tors_interfaces/srv/detail/order_msg__type_support.hpp
[0.732s] -- Up-to-date symlink: /workspace/tors_ws/install/tors_interfaces/include/tors_interfaces/tors_interfaces/srv/order_msg.hpp
[0.732s] -- Up-to-date symlink: /workspace/tors_ws/install/tors_interfaces/include/tors_interfaces/tors_interfaces/msg/rosidl_typesupport_fastrtps_cpp__visibility_control.h
[0.732s] -- Up-to-date symlink: /workspace/tors_ws/install/tors_interfaces/include/tors_interfaces/tors_interfaces/srv/detail/order_msg__rosidl_typesupport_fastrtps_cpp.hpp
[0.732s] -- Up-to-date symlink: /workspace/tors_ws/install/tors_interfaces/include/tors_interfaces/tors_interfaces/srv/detail/order_msg__rosidl_typesupport_introspection_cpp.hpp
[0.732s] -- Up-to-date symlink: /workspace/tors_ws/install/tors_interfaces/share/tors_interfaces/environment/pythonpath.sh
[0.732s] -- Up-to-date symlink: /workspace/tors_ws/install/tors_interfaces/share/tors_interfaces/environment/pythonpath.dsv
[0.732s] -- Up-to-date symlink: /workspace/tors_ws/install/tors_interfaces/local/lib/python3.10/dist-packages/tors_interfaces-0.0.0-py3.10.egg-info/PKG-INFO
[0.732s] -- Up-to-date symlink: /workspace/tors_ws/install/tors_interfaces/local/lib/python3.10/dist-packages/tors_interfaces-0.0.0-py3.10.egg-info/SOURCES.txt
[0.732s] -- Up-to-date symlink: /workspace/tors_ws/install/tors_interfaces/local/lib/python3.10/dist-packages/tors_interfaces-0.0.0-py3.10.egg-info/dependency_links.txt
[0.732s] -- Up-to-date symlink: /workspace/tors_ws/install/tors_interfaces/local/lib/python3.10/dist-packages/tors_interfaces-0.0.0-py3.10.egg-info/top_level.txt
[0.733s] -- Up-to-date symlink: /workspace/tors_ws/install/tors_interfaces/local/lib/python3.10/dist-packages/tors_interfaces/__init__.py
[0.733s] -- Up-to-date symlink: /workspace/tors_ws/install/tors_interfaces/local/lib/python3.10/dist-packages/tors_interfaces/_tors_interfaces_s.ep.rosidl_typesupport_c.c
[0.733s] -- Up-to-date symlink: /workspace/tors_ws/install/tors_interfaces/local/lib/python3.10/dist-packages/tors_interfaces/_tors_interfaces_s.ep.rosidl_typesupport_fastrtps_c.c
[0.733s] -- Up-to-date symlink: /workspace/tors_ws/install/tors_interfaces/local/lib/python3.10/dist-packages/tors_interfaces/_tors_interfaces_s.ep.rosidl_typesupport_introspection_c.c
[0.733s] -- Up-to-date symlink: /workspace/tors_ws/install/tors_interfaces/local/lib/python3.10/dist-packages/tors_interfaces/libtors_interfaces__rosidl_generator_py.so
[0.733s] -- Up-to-date symlink: /workspace/tors_ws/install/tors_interfaces/local/lib/python3.10/dist-packages/tors_interfaces/srv/__init__.py
[0.733s] -- Up-to-date symlink: /workspace/tors_ws/install/tors_interfaces/local/lib/python3.10/dist-packages/tors_interfaces/srv/_order_msg.py
[0.733s] -- Up-to-date symlink: /workspace/tors_ws/install/tors_interfaces/local/lib/python3.10/dist-packages/tors_interfaces/srv/_order_msg_s.c
[0.733s] -- Up-to-date symlink: /workspace/tors_ws/install/tors_interfaces/local/lib/python3.10/dist-packages/tors_interfaces/tors_interfaces_s__rosidl_typesupport_c.cpython-310-x86_64-linux-gnu.so
[0.733s] -- Up-to-date symlink: /workspace/tors_ws/install/tors_interfaces/local/lib/python3.10/dist-packages/tors_interfaces/tors_interfaces_s__rosidl_typesupport_fastrtps_c.cpython-310-x86_64-linux-gnu.so
[0.734s] -- Up-to-date symlink: /workspace/tors_ws/install/tors_interfaces/local/lib/python3.10/dist-packages/tors_interfaces/tors_interfaces_s__rosidl_typesupport_introspection_c.cpython-310-x86_64-linux-gnu.so
[0.734s] -- Up-to-date symlink: /workspace/tors_ws/install/tors_interfaces/local/lib/python3.10/dist-packages/tors_interfaces/tors_interfaces_s__rosidl_typesupport_fastrtps_c.cpython-310-x86_64-linux-gnu.so
[0.734s] -- Up-to-date symlink: /workspace/tors_ws/install/tors_interfaces/local/lib/python3.10/dist-packages/tors_interfaces/tors_interfaces_s__rosidl_typesupport_introspection_c.cpython-310-x86_64-linux-gnu.so
[0.734s] -- Up-to-date symlink: /workspace/tors_ws/install/tors_interfaces/local/lib/python3.10/dist-packages/tors_interfaces/tors_interfaces_s__rosidl_typesupport_c.cpython-310-x86_64-linux-gnu.so
[0.734s] -- Up-to-date symlink: /workspace/tors_ws/install/tors_interfaces/share/tors_interfaces/srv/OrderMsg.idl
[0.734s] -- Up-to-date symlink: /workspace/tors_ws/install/tors_interfaces/share/tors_interfaces/srv/OrderMsg.srv
[0.734s] -- Up-to-date symlink: /workspace/tors_ws/install/tors_interfaces/share/tors_interfaces/srv/OrderMsg_Request.msg
[0.734s] -- Up-to-date symlink: /workspace/tors_ws/install/tors_interfaces/share/tors_interfaces/srv/OrderMsg_Response.msg
[0.734s] -- Up-to-date symlink: /workspace/tors_ws/install/tors_interfaces/share/ament_index/resource_index/package_run_dependencies/tors_interfaces
[0.734s] -- Up-to-date symlink: /workspace/tors_ws/install/tors_interfaces/share/ament_index/resource_index/parent_prefix_path/tors_interfaces
[0.734s] -- Up-to-date symlink: /workspace/tors_ws/install/tors_interfaces/share/tors_interfaces/environment/ament_prefix_path.sh
[0.734s] -- Up-to-date symlink: /workspace/tors_ws/install/tors_interfaces/share/tors_interfaces/environment/ament_prefix_path.dsv
[0.735s] -- Up-to-date symlink: /workspace/tors_ws/install/tors_interfaces/share/tors_interfaces/environment/path.sh
[0.735s] -- Up-to-date symlink: /workspace/tors_ws/install/tors_interfaces/share/tors_interfaces/environment/path.dsv
[0.735s] -- Up-to-date symlink: /workspace/tors_ws/install/tors_interfaces/share/tors_interfaces/local_setup.bash
[0.735s] -- Up-to-date symlink: /workspace/tors_ws/install/tors_interfaces/share/tors_interfaces/local_setup.sh
[0.735s] -- Up-to-date symlink: /workspace/tors_ws/install/tors_interfaces/share/tors_interfaces/local_setup.zsh
[0.735s] -- Up-to-date symlink: /workspace/tors_ws/install/tors_interfaces/share/tors_interfaces/local_setup.dsv
[0.735s] -- Symlinking: /workspace/tors_ws/install/tors_interfaces/share/tors_interfaces/package.dsv
[0.748s] -- Up-to-date symlink: /workspace/tors_ws/install/tors_interfaces/share/ament_index/resource_index/packages/tors_interfaces
[0.748s] -- Up-to-date symlink: /workspace/tors_ws/install/tors_interfaces/share/tors_interfaces/cmake/rosidl_cmake-extras.cmake
[0.748s] -- Up-to-date symlink: /workspace/tors_ws/install/tors_interfaces/share/tors_interfaces/cmake/ament_cmake_export_include_directories-extras.cmake
[0.748s] -- Up-to-date symlink: /workspace/tors_ws/install/tors_interfaces/share/tors_interfaces/cmake/ament_cmake_export_libraries-extras.cmake
[0.748s] -- Up-to-date symlink: /workspace/tors_ws/install/tors_interfaces/share/tors_interfaces/cmake/ament_cmake_export_targets-extras.cmake
[0.748s] -- Up-to-date symlink: /workspace/tors_ws/install/tors_interfaces/share/tors_interfaces/cmake/rosidl_cmake_export_typesupport_targets-extras.cmake
[0.748s] -- Up-to-date symlink: /workspace/tors_ws/install/tors_interfaces/share/tors_interfaces/cmake/ament_cmake_export_dependencies-extras.cmake
[0.748s] -- Up-to-date symlink: /workspace/tors_ws/install/tors_interfaces/share/tors_interfaces/cmake/rosidl_cmake_export_typesupport_libraries-extras.cmake
[0.749s] -- Up-to-date symlink: /workspace/tors_ws/install/tors_interfaces/share/tors_interfaces/cmake/tors_interfacesConfig.cmake
[0.749s] -- Up-to-date symlink: /workspace/tors_ws/install/tors_interfaces/share/tors_interfaces/cmake/tors_interfacesConfig-version.cmake
[0.749s] -- Up-to-date symlink: /workspace/tors_ws/install/tors_interfaces/share/tors_interfaces/package.xml
[0.749s] -- Up-to-date: /workspace/tors_ws/install/tors_interfaces/lib/libtors_interfaces__rosidl_generator_c.so
[0.749s] -- Up-to-date: /workspace/tors_ws/install/tors_interfaces/lib/libtors_interfaces__rosidl_typesupport_fastrtps_c.so
[0.749s] -- Up-to-date: /workspace/tors_ws/install/tors_interfaces/lib/libtors_interfaces__rosidl_typesupport_introspection_c.so
[0.749s] -- Up-to-date: /workspace/tors_ws/install/tors_interfaces/lib/libtors_interfaces__rosidl_typesupport_c.so
[0.749s] -- Up-to-date: /workspace/tors_ws/install/tors_interfaces/lib/libtors_interfaces__rosidl_typesupport_fastrtps_cpp.so
[0.749s] -- Up-to-date: /workspace/tors_ws/install/tors_interfaces/lib/libtors_interfaces__rosidl_typesupport_introspection_cpp.so
[0.749s] -- Up-to-date: /workspace/tors_ws/install/tors_interfaces/lib/libtors_interfaces__rosidl_typesupport_cpp.so
[0.797s] Listing '/workspace/tors_ws/install/tors_interfaces/local/lib/python3.10/dist-packages/tors_interfaces'...
[0.797s] Listing '/workspace/tors_ws/install/tors_interfaces/local/lib/python3.10/dist-packages/tors_interfaces/srv'...
[0.801s] -- Up-to-date: /workspace/tors_ws/install/tors_interfaces/lib/libtors_interfaces__rosidl_generator_py.so
[0.801s] -- Up-to-date: /workspace/tors_ws/install/tors_interfaces/share/tors_interfaces/cmake/export_tors_interfaces__rosidl_generator_cExport.cmake
[0.802s] -- Up-to-date: /workspace/tors_ws/install/tors_interfaces/share/tors_interfaces/cmake/export_tors_interfaces__rosidl_generator_cExport-noconfig.cmake
[0.802s] -- Up-to-date: /workspace/tors_ws/install/tors_interfaces/share/tors_interfaces/cmake/export_tors_interfaces__rosidl_typesupport_fastrtps_cExport.cmake
[0.802s] -- Up-to-date: /workspace/tors_ws/install/tors_interfaces/share/tors_interfaces/cmake/export_tors_interfaces__rosidl_typesupport_fastrtps_cExport-noconfig.cmake
[0.802s] -- Up-to-date: /workspace/tors_ws/install/tors_interfaces/share/tors_interfaces/cmake/tors_interfaces__rosidl_typesupport_introspection_cExport.cmake
[0.802s] -- Up-to-date: /workspace/tors_ws/install/tors_interfaces/share/tors_interfaces/cmake/tors_interfaces__rosidl_typesupport_introspection_cExport-noconfig.cmake
[0.802s] -- Up-to-date: /workspace/tors_ws/install/tors_interfaces/share/tors_interfaces/cmake/tors_interfaces__rosidl_typesupport_cExport.cmake
[0.802s] -- Up-to-date: /workspace/tors_ws/install/tors_interfaces/share/tors_interfaces/cmake/tors_interfaces__rosidl_typesupport_cExport-noconfig.cmake
[0.803s] -- Up-to-date: /workspace/tors_ws/install/tors_interfaces/share/tors_interfaces/cmake/export_tors_interfaces__rosidl_generator_cppExport.cmake
[0.803s] -- Up-to-date: /workspace/tors_ws/install/tors_interfaces/share/tors_interfaces/cmake/export_tors_interfaces__rosidl_typesupport_fastrtps_cppExport.cmake
[0.803s] -- Up-to-date: /workspace/tors_ws/install/tors_interfaces/share/tors_interfaces/cmake/export_tors_interfaces__rosidl_typesupport_fastrtps_cppExport-noconfig.cmake
[0.803s] -- Up-to-date: /workspace/tors_ws/install/tors_interfaces/share/tors_interfaces/cmake/tors_interfaces__rosidl_typesupport_introspection_cppExport.cmake
[0.803s] -- Up-to-date: /workspace/tors_ws/install/tors_interfaces/share/tors_interfaces/cmake/tors_interfaces__rosidl_typesupport_introspection_cppExport-noconfig.cmake
[0.803s] -- Up-to-date: /workspace/tors_ws/install/tors_interfaces/share/tors_interfaces/cmake/tors_interfaces__rosidl_typesupport_cppExport.cmake
[0.803s] -- Up-to-date: /workspace/tors_ws/install/tors_interfaces/share/tors_interfaces/cmake/tors_interfaces__rosidl_typesupport_cppExport-noconfig.cmake
[0.803s] -- Up-to-date: /workspace/tors_ws/install/tors_interfaces/share/tors_interfaces/cmake/export_tors_interfaces__rosidl_generator_pyExport.cmake
[0.803s] -- Up-to-date: /workspace/tors_ws/install/tors_interfaces/share/tors_interfaces/cmake/export_tors_interfaces__rosidl_generator_pyExport-noconfig.cmake
[0.807s] Invoked command in '/workspace/tors_ws/build/tors_interfaces' returned '0': CMAKE_PREFIX_PATH=${CMAKE_PREFIX_PATH}:/workspace/tors_ws/install/table_order:/workspace/tors_ws/install/pos_control:/workspace/turtlebot3_ws/install/turtlebot3_teleop:/workspace/turtlebot3_ws/install/turtlebot3_example:/opt/ros/humble /usr/bin/cmake --install /workspace/tors_ws/build/tors_interfaces
