[0.011s] Invoking command in '/workspace/tors_ws/build/tors_interfaces': CMAKE_PREFIX_PATH=${CMAKE_PREFIX_PATH}:/workspace/tors_ws/install/table_order:/workspace/tors_ws/install/pos_control:/workspace/turtlebot3_ws/install/turtlebot3_teleop:/workspace/turtlebot3_ws/install/turtlebot3_example:/opt/ros/humble /usr/bin/cmake --build /workspace/tors_ws/build/tors_interfaces -- -j20 -l20
[0.093s] -- Found ament_cmake: 1.3.12 (/opt/ros/humble/share/ament_cmake/cmake)
[0.179s] -- Override CMake install command with custom implementation using symlinks instead of copying resources
[0.189s] -- Found rosidl_default_generators: 1.2.0 (/opt/ros/humble/share/rosidl_default_generators/cmake)
[0.192s] -- Using all available rosidl_typesupport_c: rosidl_typesupport_fastrtps_c;rosidl_typesupport_introspection_c
[0.194s] -- Found rosidl_adapter: 3.1.7 (/opt/ros/humble/share/rosidl_adapter/cmake)
[0.219s] -- Using all available rosidl_typesupport_cpp: rosidl_typesupport_fastrtps_cpp;rosidl_typesupport_introspection_cpp
[0.412s] -- Found ament_cmake_ros: 0.10.0 (/opt/ros/humble/share/ament_cmake_ros/cmake)
[0.539s] -- Using all available rosidl_typesupport_c: rosidl_typesupport_fastrtps_c;rosidl_typesupport_introspection_c
[0.716s] -- Using all available rosidl_typesupport_cpp: rosidl_typesupport_fastrtps_cpp;rosidl_typesupport_introspection_cpp
[0.733s] -- Found python_cmake_module: 0.10.0 (/opt/ros/humble/share/python_cmake_module/cmake)
[0.754s] -- Using PYTHON_EXECUTABLE: /usr/bin/python3
[0.755s] -- Using PYTHON_INCLUDE_DIRS: /usr/include/python3.10
[0.755s] -- Using PYTHON_LIBRARIES: /usr/lib/x86_64-linux-gnu/libpython3.10.so
[0.764s] -- Found ament_lint_auto: 0.12.14 (/opt/ros/humble/share/ament_lint_auto/cmake)
[0.776s] -- Added test 'lint_cmake' to check CMake code style
[0.777s] -- Added test 'xmllint' to check XML markup files
[0.779s] -- Configuring done
[0.803s] -- Generating done
[0.809s] -- Build files have been written to: /workspace/tors_ws/build/tors_interfaces
[0.840s] [35m[1mConsolidate compiler generated dependencies of target tors_interfaces__rosidl_generator_c[0m
[0.843s] [  0%] Built target ament_cmake_python_symlink_tors_interfaces
[0.846s] [  2%] Built target tors_interfaces__cpp
[0.852s] [  5%] [32mBuilding C object CMakeFiles/tors_interfaces__rosidl_generator_c.dir/rosidl_generator_c/tors_interfaces/msg/detail/order_item__functions.c.o[0m
[0.852s] [  7%] [32mBuilding C object CMakeFiles/tors_interfaces__rosidl_generator_c.dir/rosidl_generator_c/tors_interfaces/srv/detail/order_msg__functions.c.o[0m
[0.857s] [35m[1mConsolidate compiler generated dependencies of target tors_interfaces__rosidl_typesupport_fastrtps_cpp[0m
[0.858s] [35m[1mConsolidate compiler generated dependencies of target tors_interfaces__rosidl_typesupport_introspection_cpp[0m
[0.862s] [35m[1mConsolidate compiler generated dependencies of target tors_interfaces__rosidl_typesupport_cpp[0m
[0.870s] [ 12%] [32mBuilding CXX object CMakeFiles/tors_interfaces__rosidl_typesupport_fastrtps_cpp.dir/rosidl_typesupport_fastrtps_cpp/tors_interfaces/msg/detail/dds_fastrtps/order_item__type_support.cpp.o[0m
[0.870s] [ 12%] [32mBuilding CXX object CMakeFiles/tors_interfaces__rosidl_typesupport_cpp.dir/rosidl_typesupport_cpp/tors_interfaces/srv/order_msg__type_support.cpp.o[0m
[0.871s] [ 15%] [32mBuilding CXX object CMakeFiles/tors_interfaces__rosidl_typesupport_cpp.dir/rosidl_typesupport_cpp/tors_interfaces/msg/order_item__type_support.cpp.o[0m
[0.871s] [ 17%] [32mBuilding CXX object CMakeFiles/tors_interfaces__rosidl_typesupport_introspection_cpp.dir/rosidl_typesupport_introspection_cpp/tors_interfaces/srv/detail/order_msg__type_support.cpp.o[0m
[0.871s] [ 20%] [32mBuilding CXX object CMakeFiles/tors_interfaces__rosidl_typesupport_introspection_cpp.dir/rosidl_typesupport_introspection_cpp/tors_interfaces/msg/detail/order_item__type_support.cpp.o[0m
[0.873s] [ 23%] [32mBuilding CXX object CMakeFiles/tors_interfaces__rosidl_typesupport_fastrtps_cpp.dir/rosidl_typesupport_fastrtps_cpp/tors_interfaces/srv/detail/dds_fastrtps/order_msg__type_support.cpp.o[0m
[0.946s] [ 25%] [32m[1mLinking C shared library libtors_interfaces__rosidl_generator_c.so[0m
[0.984s] [ 28%] Built target tors_interfaces__rosidl_generator_c
[0.986s] running egg_info
[0.987s] writing tors_interfaces.egg-info/PKG-INFO
[0.987s] writing dependency_links to tors_interfaces.egg-info/dependency_links.txt
[0.987s] writing top-level names to tors_interfaces.egg-info/top_level.txt
[0.989s] reading manifest file 'tors_interfaces.egg-info/SOURCES.txt'
[0.989s] writing manifest file 'tors_interfaces.egg-info/SOURCES.txt'
[0.997s] [35m[1mConsolidate compiler generated dependencies of target tors_interfaces__rosidl_typesupport_c[0m
[0.997s] [35m[1mConsolidate compiler generated dependencies of target tors_interfaces__rosidl_typesupport_introspection_c[0m
[1.004s] [35m[1mConsolidate compiler generated dependencies of target tors_interfaces__rosidl_typesupport_fastrtps_c[0m
[1.006s] [ 30%] [32mBuilding CXX object CMakeFiles/tors_interfaces__rosidl_typesupport_c.dir/rosidl_typesupport_c/tors_interfaces/srv/order_msg__type_support.cpp.o[0m
[1.006s] [ 33%] [32mBuilding C object CMakeFiles/tors_interfaces__rosidl_typesupport_introspection_c.dir/rosidl_typesupport_introspection_c/tors_interfaces/msg/detail/order_item__type_support.c.o[0m
[1.006s] [ 35%] [32mBuilding CXX object CMakeFiles/tors_interfaces__rosidl_typesupport_c.dir/rosidl_typesupport_c/tors_interfaces/msg/order_item__type_support.cpp.o[0m
[1.008s] [ 38%] [32mBuilding C object CMakeFiles/tors_interfaces__rosidl_typesupport_introspection_c.dir/rosidl_typesupport_introspection_c/tors_interfaces/srv/detail/order_msg__type_support.c.o[0m
[1.012s] [ 38%] Built target ament_cmake_python_build_tors_interfaces_egg
[1.013s] [ 41%] [32mBuilding CXX object CMakeFiles/tors_interfaces__rosidl_typesupport_fastrtps_c.dir/rosidl_typesupport_fastrtps_c/tors_interfaces/srv/detail/order_msg__type_support_c.cpp.o[0m
[1.014s] [ 43%] [32mBuilding CXX object CMakeFiles/tors_interfaces__rosidl_typesupport_fastrtps_c.dir/rosidl_typesupport_fastrtps_c/tors_interfaces/msg/detail/order_item__type_support_c.cpp.o[0m
[1.033s] [ 46%] [32m[1mLinking C shared library libtors_interfaces__rosidl_typesupport_introspection_c.so[0m
[1.038s] [ 48%] [32m[1mLinking CXX shared library libtors_interfaces__rosidl_typesupport_c.so[0m
[1.053s] [ 51%] Built target tors_interfaces__rosidl_typesupport_introspection_c
[1.073s] [ 53%] Built target tors_interfaces__rosidl_typesupport_c
[1.134s] [ 56%] [32m[1mLinking CXX shared library libtors_interfaces__rosidl_typesupport_cpp.so[0m
[1.170s] [ 58%] Built target tors_interfaces__rosidl_typesupport_cpp
[1.187s] [ 61%] [32m[1mLinking CXX shared library libtors_interfaces__rosidl_typesupport_introspection_cpp.so[0m
[1.206s] [ 64%] [32m[1mLinking CXX shared library libtors_interfaces__rosidl_typesupport_fastrtps_cpp.so[0m
[1.235s] [ 69%] Built target tors_interfaces__rosidl_typesupport_introspection_cpp
[1.235s] [ 69%] [32m[1mLinking CXX shared library libtors_interfaces__rosidl_typesupport_fastrtps_c.so[0m
[1.253s] [ 71%] Built target tors_interfaces__rosidl_typesupport_fastrtps_cpp
[1.282s] [ 74%] Built target tors_interfaces__rosidl_typesupport_fastrtps_c
[1.297s] [ 74%] Built target tors_interfaces
[1.322s] [ 76%] Built target tors_interfaces__py
[1.330s] [35m[1mConsolidate compiler generated dependencies of target tors_interfaces__rosidl_generator_py[0m
[1.342s] [ 79%] [32mBuilding C object CMakeFiles/tors_interfaces__rosidl_generator_py.dir/rosidl_generator_py/tors_interfaces/msg/_order_item_s.c.o[0m
[1.342s] [ 82%] [32mBuilding C object CMakeFiles/tors_interfaces__rosidl_generator_py.dir/rosidl_generator_py/tors_interfaces/srv/_order_msg_s.c.o[0m
[1.420s] [ 84%] [32m[1mLinking C shared library rosidl_generator_py/tors_interfaces/libtors_interfaces__rosidl_generator_py.so[0m
[1.449s] [ 84%] Built target tors_interfaces__rosidl_generator_py
[1.457s] [35m[1mConsolidate compiler generated dependencies of target tors_interfaces__rosidl_typesupport_fastrtps_c__pyext[0m
[1.459s] [35m[1mConsolidate compiler generated dependencies of target tors_interfaces__rosidl_typesupport_introspection_c__pyext[0m
[1.459s] [35m[1mConsolidate compiler generated dependencies of target tors_interfaces__rosidl_typesupport_c__pyext[0m
[1.468s] [ 87%] [32mBuilding C object CMakeFiles/tors_interfaces__rosidl_typesupport_c__pyext.dir/rosidl_generator_py/tors_interfaces/_tors_interfaces_s.ep.rosidl_typesupport_c.c.o[0m
[1.468s] [ 89%] [32mBuilding C object CMakeFiles/tors_interfaces__rosidl_typesupport_fastrtps_c__pyext.dir/rosidl_generator_py/tors_interfaces/_tors_interfaces_s.ep.rosidl_typesupport_fastrtps_c.c.o[0m
[1.468s] [ 92%] [32mBuilding C object CMakeFiles/tors_interfaces__rosidl_typesupport_introspection_c__pyext.dir/rosidl_generator_py/tors_interfaces/_tors_interfaces_s.ep.rosidl_typesupport_introspection_c.c.o[0m
[1.528s] [ 94%] [32m[1mLinking C shared library rosidl_generator_py/tors_interfaces/tors_interfaces_s__rosidl_typesupport_fastrtps_c.cpython-310-x86_64-linux-gnu.so[0m
[1.529s] [ 97%] [32m[1mLinking C shared library rosidl_generator_py/tors_interfaces/tors_interfaces_s__rosidl_typesupport_c.cpython-310-x86_64-linux-gnu.so[0m
[1.533s] [100%] [32m[1mLinking C shared library rosidl_generator_py/tors_interfaces/tors_interfaces_s__rosidl_typesupport_introspection_c.cpython-310-x86_64-linux-gnu.so[0m
[1.553s] [100%] Built target tors_interfaces__rosidl_typesupport_c__pyext
[1.558s] [100%] Built target tors_interfaces__rosidl_typesupport_fastrtps_c__pyext
[1.558s] [100%] Built target tors_interfaces__rosidl_typesupport_introspection_c__pyext
[1.565s] Invoked command in '/workspace/tors_ws/build/tors_interfaces' returned '0': CMAKE_PREFIX_PATH=${CMAKE_PREFIX_PATH}:/workspace/tors_ws/install/table_order:/workspace/tors_ws/install/pos_control:/workspace/turtlebot3_ws/install/turtlebot3_teleop:/workspace/turtlebot3_ws/install/turtlebot3_example:/opt/ros/humble /usr/bin/cmake --build /workspace/tors_ws/build/tors_interfaces -- -j20 -l20
[1.572s] Invoking command in '/workspace/tors_ws/build/tors_interfaces': CMAKE_PREFIX_PATH=${CMAKE_PREFIX_PATH}:/workspace/tors_ws/install/table_order:/workspace/tors_ws/install/pos_control:/workspace/turtlebot3_ws/install/turtlebot3_teleop:/workspace/turtlebot3_ws/install/turtlebot3_example:/opt/ros/humble /usr/bin/cmake --install /workspace/tors_ws/build/tors_interfaces
[1.578s] -- Install configuration: ""
[1.579s] -- Execute custom install script
[1.579s] -- Up-to-date symlink: /workspace/tors_ws/install/tors_interfaces/share/ament_index/resource_index/rosidl_interfaces/tors_interfaces
[1.580s] -- Up-to-date symlink: /workspace/tors_ws/install/tors_interfaces/include/tors_interfaces/tors_interfaces/msg/detail/order_item__functions.h
[1.580s] -- Up-to-date symlink: /workspace/tors_ws/install/tors_interfaces/include/tors_interfaces/tors_interfaces/msg/detail/order_item__struct.h
[1.580s] -- Up-to-date symlink: /workspace/tors_ws/install/tors_interfaces/include/tors_interfaces/tors_interfaces/msg/detail/order_item__type_support.h
[1.580s] -- Up-to-date symlink: /workspace/tors_ws/install/tors_interfaces/include/tors_interfaces/tors_interfaces/msg/order_item.h
[1.580s] -- Up-to-date symlink: /workspace/tors_ws/install/tors_interfaces/include/tors_interfaces/tors_interfaces/msg/rosidl_generator_c__visibility_control.h
[1.580s] -- Up-to-date symlink: /workspace/tors_ws/install/tors_interfaces/include/tors_interfaces/tors_interfaces/srv/detail/order_msg__functions.h
[1.580s] -- Up-to-date symlink: /workspace/tors_ws/install/tors_interfaces/include/tors_interfaces/tors_interfaces/srv/detail/order_msg__struct.h
[1.580s] -- Up-to-date symlink: /workspace/tors_ws/install/tors_interfaces/include/tors_interfaces/tors_interfaces/srv/detail/order_msg__type_support.h
[1.580s] -- Up-to-date symlink: /workspace/tors_ws/install/tors_interfaces/include/tors_interfaces/tors_interfaces/srv/order_msg.h
[1.580s] -- Up-to-date symlink: /workspace/tors_ws/install/tors_interfaces/share/tors_interfaces/environment/library_path.sh
[1.580s] -- Up-to-date symlink: /workspace/tors_ws/install/tors_interfaces/share/tors_interfaces/environment/library_path.dsv
[1.580s] -- Up-to-date symlink: /workspace/tors_ws/install/tors_interfaces/include/tors_interfaces/tors_interfaces/msg/detail/order_item__rosidl_typesupport_fastrtps_c.h
[1.581s] -- Up-to-date symlink: /workspace/tors_ws/install/tors_interfaces/include/tors_interfaces/tors_interfaces/msg/rosidl_typesupport_fastrtps_c__visibility_control.h
[1.581s] -- Up-to-date symlink: /workspace/tors_ws/install/tors_interfaces/include/tors_interfaces/tors_interfaces/srv/detail/order_msg__rosidl_typesupport_fastrtps_c.h
[1.581s] -- Up-to-date symlink: /workspace/tors_ws/install/tors_interfaces/include/tors_interfaces/tors_interfaces/msg/detail/order_item__rosidl_typesupport_introspection_c.h
[1.581s] -- Up-to-date symlink: /workspace/tors_ws/install/tors_interfaces/include/tors_interfaces/tors_interfaces/msg/rosidl_typesupport_introspection_c__visibility_control.h
[1.581s] -- Up-to-date symlink: /workspace/tors_ws/install/tors_interfaces/include/tors_interfaces/tors_interfaces/srv/detail/order_msg__rosidl_typesupport_introspection_c.h
[1.581s] -- Up-to-date symlink: /workspace/tors_ws/install/tors_interfaces/include/tors_interfaces/tors_interfaces/msg/detail/order_item__builder.hpp
[1.581s] -- Up-to-date symlink: /workspace/tors_ws/install/tors_interfaces/include/tors_interfaces/tors_interfaces/msg/detail/order_item__struct.hpp
[1.581s] -- Up-to-date symlink: /workspace/tors_ws/install/tors_interfaces/include/tors_interfaces/tors_interfaces/msg/detail/order_item__traits.hpp
[1.581s] -- Up-to-date symlink: /workspace/tors_ws/install/tors_interfaces/include/tors_interfaces/tors_interfaces/msg/detail/order_item__type_support.hpp
[1.581s] -- Up-to-date symlink: /workspace/tors_ws/install/tors_interfaces/include/tors_interfaces/tors_interfaces/msg/order_item.hpp
[1.582s] -- Up-to-date symlink: /workspace/tors_ws/install/tors_interfaces/include/tors_interfaces/tors_interfaces/msg/rosidl_generator_cpp__visibility_control.hpp
[1.582s] -- Up-to-date symlink: /workspace/tors_ws/install/tors_interfaces/include/tors_interfaces/tors_interfaces/srv/detail/order_msg__builder.hpp
[1.582s] -- Up-to-date symlink: /workspace/tors_ws/install/tors_interfaces/include/tors_interfaces/tors_interfaces/srv/detail/order_msg__struct.hpp
[1.582s] -- Up-to-date symlink: /workspace/tors_ws/install/tors_interfaces/include/tors_interfaces/tors_interfaces/srv/detail/order_msg__traits.hpp
[1.582s] -- Up-to-date symlink: /workspace/tors_ws/install/tors_interfaces/include/tors_interfaces/tors_interfaces/srv/detail/order_msg__type_support.hpp
[1.582s] -- Up-to-date symlink: /workspace/tors_ws/install/tors_interfaces/include/tors_interfaces/tors_interfaces/srv/order_msg.hpp
[1.582s] -- Up-to-date symlink: /workspace/tors_ws/install/tors_interfaces/include/tors_interfaces/tors_interfaces/msg/detail/order_item__rosidl_typesupport_fastrtps_cpp.hpp
[1.582s] -- Up-to-date symlink: /workspace/tors_ws/install/tors_interfaces/include/tors_interfaces/tors_interfaces/msg/rosidl_typesupport_fastrtps_cpp__visibility_control.h
[1.582s] -- Up-to-date symlink: /workspace/tors_ws/install/tors_interfaces/include/tors_interfaces/tors_interfaces/srv/detail/order_msg__rosidl_typesupport_fastrtps_cpp.hpp
[1.582s] -- Up-to-date symlink: /workspace/tors_ws/install/tors_interfaces/include/tors_interfaces/tors_interfaces/msg/detail/order_item__rosidl_typesupport_introspection_cpp.hpp
[1.582s] -- Up-to-date symlink: /workspace/tors_ws/install/tors_interfaces/include/tors_interfaces/tors_interfaces/srv/detail/order_msg__rosidl_typesupport_introspection_cpp.hpp
[1.582s] -- Up-to-date symlink: /workspace/tors_ws/install/tors_interfaces/share/tors_interfaces/environment/pythonpath.sh
[1.582s] -- Up-to-date symlink: /workspace/tors_ws/install/tors_interfaces/share/tors_interfaces/environment/pythonpath.dsv
[1.583s] -- Up-to-date symlink: /workspace/tors_ws/install/tors_interfaces/local/lib/python3.10/dist-packages/tors_interfaces-0.0.0-py3.10.egg-info/PKG-INFO
[1.583s] -- Up-to-date symlink: /workspace/tors_ws/install/tors_interfaces/local/lib/python3.10/dist-packages/tors_interfaces-0.0.0-py3.10.egg-info/SOURCES.txt
[1.583s] -- Up-to-date symlink: /workspace/tors_ws/install/tors_interfaces/local/lib/python3.10/dist-packages/tors_interfaces-0.0.0-py3.10.egg-info/dependency_links.txt
[1.583s] -- Up-to-date symlink: /workspace/tors_ws/install/tors_interfaces/local/lib/python3.10/dist-packages/tors_interfaces-0.0.0-py3.10.egg-info/top_level.txt
[1.583s] -- Up-to-date symlink: /workspace/tors_ws/install/tors_interfaces/local/lib/python3.10/dist-packages/tors_interfaces/__init__.py
[1.583s] -- Up-to-date symlink: /workspace/tors_ws/install/tors_interfaces/local/lib/python3.10/dist-packages/tors_interfaces/_tors_interfaces_s.ep.rosidl_typesupport_c.c
[1.583s] -- Up-to-date symlink: /workspace/tors_ws/install/tors_interfaces/local/lib/python3.10/dist-packages/tors_interfaces/_tors_interfaces_s.ep.rosidl_typesupport_fastrtps_c.c
[1.583s] -- Up-to-date symlink: /workspace/tors_ws/install/tors_interfaces/local/lib/python3.10/dist-packages/tors_interfaces/_tors_interfaces_s.ep.rosidl_typesupport_introspection_c.c
[1.583s] -- Up-to-date symlink: /workspace/tors_ws/install/tors_interfaces/local/lib/python3.10/dist-packages/tors_interfaces/libtors_interfaces__rosidl_generator_py.so
[1.583s] -- Up-to-date symlink: /workspace/tors_ws/install/tors_interfaces/local/lib/python3.10/dist-packages/tors_interfaces/msg/__init__.py
[1.584s] -- Up-to-date symlink: /workspace/tors_ws/install/tors_interfaces/local/lib/python3.10/dist-packages/tors_interfaces/msg/_order_item.py
[1.584s] -- Up-to-date symlink: /workspace/tors_ws/install/tors_interfaces/local/lib/python3.10/dist-packages/tors_interfaces/msg/_order_item_s.c
[1.584s] -- Up-to-date symlink: /workspace/tors_ws/install/tors_interfaces/local/lib/python3.10/dist-packages/tors_interfaces/srv/__init__.py
[1.584s] -- Up-to-date symlink: /workspace/tors_ws/install/tors_interfaces/local/lib/python3.10/dist-packages/tors_interfaces/srv/_order_msg.py
[1.584s] -- Up-to-date symlink: /workspace/tors_ws/install/tors_interfaces/local/lib/python3.10/dist-packages/tors_interfaces/srv/_order_msg_s.c
[1.584s] -- Up-to-date symlink: /workspace/tors_ws/install/tors_interfaces/local/lib/python3.10/dist-packages/tors_interfaces/tors_interfaces_s__rosidl_typesupport_c.cpython-310-x86_64-linux-gnu.so
[1.584s] -- Up-to-date symlink: /workspace/tors_ws/install/tors_interfaces/local/lib/python3.10/dist-packages/tors_interfaces/tors_interfaces_s__rosidl_typesupport_fastrtps_c.cpython-310-x86_64-linux-gnu.so
[1.584s] -- Up-to-date symlink: /workspace/tors_ws/install/tors_interfaces/local/lib/python3.10/dist-packages/tors_interfaces/tors_interfaces_s__rosidl_typesupport_introspection_c.cpython-310-x86_64-linux-gnu.so
[1.584s] -- Up-to-date symlink: /workspace/tors_ws/install/tors_interfaces/local/lib/python3.10/dist-packages/tors_interfaces/tors_interfaces_s__rosidl_typesupport_fastrtps_c.cpython-310-x86_64-linux-gnu.so
[1.584s] -- Up-to-date symlink: /workspace/tors_ws/install/tors_interfaces/local/lib/python3.10/dist-packages/tors_interfaces/tors_interfaces_s__rosidl_typesupport_introspection_c.cpython-310-x86_64-linux-gnu.so
[1.584s] -- Up-to-date symlink: /workspace/tors_ws/install/tors_interfaces/local/lib/python3.10/dist-packages/tors_interfaces/tors_interfaces_s__rosidl_typesupport_c.cpython-310-x86_64-linux-gnu.so
[1.584s] -- Up-to-date symlink: /workspace/tors_ws/install/tors_interfaces/share/tors_interfaces/msg/OrderItem.idl
[1.584s] -- Up-to-date symlink: /workspace/tors_ws/install/tors_interfaces/share/tors_interfaces/srv/OrderMsg.idl
[1.584s] -- Up-to-date symlink: /workspace/tors_ws/install/tors_interfaces/share/tors_interfaces/msg/OrderItem.msg
[1.585s] -- Up-to-date symlink: /workspace/tors_ws/install/tors_interfaces/share/tors_interfaces/srv/OrderMsg.srv
[1.585s] -- Up-to-date symlink: /workspace/tors_ws/install/tors_interfaces/share/tors_interfaces/srv/OrderMsg_Request.msg
[1.585s] -- Up-to-date symlink: /workspace/tors_ws/install/tors_interfaces/share/tors_interfaces/srv/OrderMsg_Response.msg
[1.585s] -- Up-to-date symlink: /workspace/tors_ws/install/tors_interfaces/share/ament_index/resource_index/package_run_dependencies/tors_interfaces
[1.585s] -- Up-to-date symlink: /workspace/tors_ws/install/tors_interfaces/share/ament_index/resource_index/parent_prefix_path/tors_interfaces
[1.585s] -- Up-to-date symlink: /workspace/tors_ws/install/tors_interfaces/share/tors_interfaces/environment/ament_prefix_path.sh
[1.585s] -- Up-to-date symlink: /workspace/tors_ws/install/tors_interfaces/share/tors_interfaces/environment/ament_prefix_path.dsv
[1.585s] -- Up-to-date symlink: /workspace/tors_ws/install/tors_interfaces/share/tors_interfaces/environment/path.sh
[1.585s] -- Up-to-date symlink: /workspace/tors_ws/install/tors_interfaces/share/tors_interfaces/environment/path.dsv
[1.585s] -- Up-to-date symlink: /workspace/tors_ws/install/tors_interfaces/share/tors_interfaces/local_setup.bash
[1.585s] -- Up-to-date symlink: /workspace/tors_ws/install/tors_interfaces/share/tors_interfaces/local_setup.sh
[1.585s] -- Up-to-date symlink: /workspace/tors_ws/install/tors_interfaces/share/tors_interfaces/local_setup.zsh
[1.585s] -- Up-to-date symlink: /workspace/tors_ws/install/tors_interfaces/share/tors_interfaces/local_setup.dsv
[1.586s] -- Symlinking: /workspace/tors_ws/install/tors_interfaces/share/tors_interfaces/package.dsv
[1.590s] -- Up-to-date symlink: /workspace/tors_ws/install/tors_interfaces/share/ament_index/resource_index/packages/tors_interfaces
[1.591s] -- Up-to-date symlink: /workspace/tors_ws/install/tors_interfaces/share/tors_interfaces/cmake/rosidl_cmake-extras.cmake
[1.591s] -- Up-to-date symlink: /workspace/tors_ws/install/tors_interfaces/share/tors_interfaces/cmake/ament_cmake_export_include_directories-extras.cmake
[1.591s] -- Up-to-date symlink: /workspace/tors_ws/install/tors_interfaces/share/tors_interfaces/cmake/ament_cmake_export_libraries-extras.cmake
[1.591s] -- Up-to-date symlink: /workspace/tors_ws/install/tors_interfaces/share/tors_interfaces/cmake/ament_cmake_export_targets-extras.cmake
[1.591s] -- Up-to-date symlink: /workspace/tors_ws/install/tors_interfaces/share/tors_interfaces/cmake/rosidl_cmake_export_typesupport_targets-extras.cmake
[1.591s] -- Up-to-date symlink: /workspace/tors_ws/install/tors_interfaces/share/tors_interfaces/cmake/ament_cmake_export_dependencies-extras.cmake
[1.591s] -- Up-to-date symlink: /workspace/tors_ws/install/tors_interfaces/share/tors_interfaces/cmake/rosidl_cmake_export_typesupport_libraries-extras.cmake
[1.591s] -- Up-to-date symlink: /workspace/tors_ws/install/tors_interfaces/share/tors_interfaces/cmake/tors_interfacesConfig.cmake
[1.591s] -- Up-to-date symlink: /workspace/tors_ws/install/tors_interfaces/share/tors_interfaces/cmake/tors_interfacesConfig-version.cmake
[1.591s] -- Up-to-date symlink: /workspace/tors_ws/install/tors_interfaces/share/tors_interfaces/package.xml
[1.591s] -- Installing: /workspace/tors_ws/install/tors_interfaces/lib/libtors_interfaces__rosidl_generator_c.so
[1.591s] -- Set runtime path of "/workspace/tors_ws/install/tors_interfaces/lib/libtors_interfaces__rosidl_generator_c.so" to ""
[1.592s] -- Installing: /workspace/tors_ws/install/tors_interfaces/lib/libtors_interfaces__rosidl_typesupport_fastrtps_c.so
[1.592s] -- Set runtime path of "/workspace/tors_ws/install/tors_interfaces/lib/libtors_interfaces__rosidl_typesupport_fastrtps_c.so" to ""
[1.592s] -- Installing: /workspace/tors_ws/install/tors_interfaces/lib/libtors_interfaces__rosidl_typesupport_introspection_c.so
[1.592s] -- Set runtime path of "/workspace/tors_ws/install/tors_interfaces/lib/libtors_interfaces__rosidl_typesupport_introspection_c.so" to ""
[1.592s] -- Installing: /workspace/tors_ws/install/tors_interfaces/lib/libtors_interfaces__rosidl_typesupport_c.so
[1.592s] -- Set runtime path of "/workspace/tors_ws/install/tors_interfaces/lib/libtors_interfaces__rosidl_typesupport_c.so" to ""
[1.592s] -- Installing: /workspace/tors_ws/install/tors_interfaces/lib/libtors_interfaces__rosidl_typesupport_fastrtps_cpp.so
[1.593s] -- Set runtime path of "/workspace/tors_ws/install/tors_interfaces/lib/libtors_interfaces__rosidl_typesupport_fastrtps_cpp.so" to ""
[1.593s] -- Installing: /workspace/tors_ws/install/tors_interfaces/lib/libtors_interfaces__rosidl_typesupport_introspection_cpp.so
[1.593s] -- Set runtime path of "/workspace/tors_ws/install/tors_interfaces/lib/libtors_interfaces__rosidl_typesupport_introspection_cpp.so" to ""
[1.593s] -- Installing: /workspace/tors_ws/install/tors_interfaces/lib/libtors_interfaces__rosidl_typesupport_cpp.so
[1.593s] -- Set runtime path of "/workspace/tors_ws/install/tors_interfaces/lib/libtors_interfaces__rosidl_typesupport_cpp.so" to ""
[1.618s] Listing '/workspace/tors_ws/install/tors_interfaces/local/lib/python3.10/dist-packages/tors_interfaces'...
[1.618s] Compiling '/workspace/tors_ws/install/tors_interfaces/local/lib/python3.10/dist-packages/tors_interfaces/__init__.py'...
[1.618s] Listing '/workspace/tors_ws/install/tors_interfaces/local/lib/python3.10/dist-packages/tors_interfaces/msg'...
[1.618s] Listing '/workspace/tors_ws/install/tors_interfaces/local/lib/python3.10/dist-packages/tors_interfaces/srv'...
[1.618s] Compiling '/workspace/tors_ws/install/tors_interfaces/local/lib/python3.10/dist-packages/tors_interfaces/srv/__init__.py'...
[1.620s] -- Installing: /workspace/tors_ws/install/tors_interfaces/lib/libtors_interfaces__rosidl_generator_py.so
[1.620s] -- Set runtime path of "/workspace/tors_ws/install/tors_interfaces/lib/libtors_interfaces__rosidl_generator_py.so" to ""
[1.621s] -- Up-to-date: /workspace/tors_ws/install/tors_interfaces/share/tors_interfaces/cmake/export_tors_interfaces__rosidl_generator_cExport.cmake
[1.621s] -- Up-to-date: /workspace/tors_ws/install/tors_interfaces/share/tors_interfaces/cmake/export_tors_interfaces__rosidl_generator_cExport-noconfig.cmake
[1.621s] -- Up-to-date: /workspace/tors_ws/install/tors_interfaces/share/tors_interfaces/cmake/export_tors_interfaces__rosidl_typesupport_fastrtps_cExport.cmake
[1.621s] -- Up-to-date: /workspace/tors_ws/install/tors_interfaces/share/tors_interfaces/cmake/export_tors_interfaces__rosidl_typesupport_fastrtps_cExport-noconfig.cmake
[1.621s] -- Up-to-date: /workspace/tors_ws/install/tors_interfaces/share/tors_interfaces/cmake/tors_interfaces__rosidl_typesupport_introspection_cExport.cmake
[1.621s] -- Up-to-date: /workspace/tors_ws/install/tors_interfaces/share/tors_interfaces/cmake/tors_interfaces__rosidl_typesupport_introspection_cExport-noconfig.cmake
[1.621s] -- Up-to-date: /workspace/tors_ws/install/tors_interfaces/share/tors_interfaces/cmake/tors_interfaces__rosidl_typesupport_cExport.cmake
[1.621s] -- Up-to-date: /workspace/tors_ws/install/tors_interfaces/share/tors_interfaces/cmake/tors_interfaces__rosidl_typesupport_cExport-noconfig.cmake
[1.621s] -- Up-to-date: /workspace/tors_ws/install/tors_interfaces/share/tors_interfaces/cmake/export_tors_interfaces__rosidl_generator_cppExport.cmake
[1.621s] -- Up-to-date: /workspace/tors_ws/install/tors_interfaces/share/tors_interfaces/cmake/export_tors_interfaces__rosidl_typesupport_fastrtps_cppExport.cmake
[1.621s] -- Up-to-date: /workspace/tors_ws/install/tors_interfaces/share/tors_interfaces/cmake/export_tors_interfaces__rosidl_typesupport_fastrtps_cppExport-noconfig.cmake
[1.622s] -- Up-to-date: /workspace/tors_ws/install/tors_interfaces/share/tors_interfaces/cmake/tors_interfaces__rosidl_typesupport_introspection_cppExport.cmake
[1.622s] -- Up-to-date: /workspace/tors_ws/install/tors_interfaces/share/tors_interfaces/cmake/tors_interfaces__rosidl_typesupport_introspection_cppExport-noconfig.cmake
[1.622s] -- Up-to-date: /workspace/tors_ws/install/tors_interfaces/share/tors_interfaces/cmake/tors_interfaces__rosidl_typesupport_cppExport.cmake
[1.622s] -- Up-to-date: /workspace/tors_ws/install/tors_interfaces/share/tors_interfaces/cmake/tors_interfaces__rosidl_typesupport_cppExport-noconfig.cmake
[1.622s] -- Up-to-date: /workspace/tors_ws/install/tors_interfaces/share/tors_interfaces/cmake/export_tors_interfaces__rosidl_generator_pyExport.cmake
[1.622s] -- Up-to-date: /workspace/tors_ws/install/tors_interfaces/share/tors_interfaces/cmake/export_tors_interfaces__rosidl_generator_pyExport-noconfig.cmake
[1.623s] Invoked command in '/workspace/tors_ws/build/tors_interfaces' returned '0': CMAKE_PREFIX_PATH=${CMAKE_PREFIX_PATH}:/workspace/tors_ws/install/table_order:/workspace/tors_ws/install/pos_control:/workspace/turtlebot3_ws/install/turtlebot3_teleop:/workspace/turtlebot3_ws/install/turtlebot3_example:/opt/ros/humble /usr/bin/cmake --install /workspace/tors_ws/build/tors_interfaces
