[0.010s] Invoking command in '/workspace/turtlebot3_ws/build/turtlebot3_bringup': CMAKE_PREFIX_PATH=/workspace/turtlebot3_ws/install/turtlebot3_node:/workspace/turtlebot3_ws/install/turtlebot3_msgs:/workspace/turtlebot3_ws/install/turtlebot3_description:/workspace/turtlebot3_ws/install/turtlebot3:/workspace/turtlebot3_ws/install/turtlebot3_simulations:/workspace/turtlebot3_ws/install/turtlebot3_bringup:/workspace/turtlebot3_ws/install/turtlebot3_navigation2:/workspace/turtlebot3_ws/install/turtlebot3_fake_node:/workspace/turtlebot3_ws/install/turtlebot3_gazebo:/workspace/turtlebot3_ws/install/turtlebot3_cartographer:/workspace/turtlebot3_ws/install/turtlebot3_teleop:/workspace/turtlebot3_ws/install/turtlebot3_example:/opt/ros/humble LD_LIBRARY_PATH=/workspace/turtlebot3_ws/install/turtlebot3_msgs/lib:/usr/lib/x86_64-linux-gnu/gazebo-11/plugins:/opt/ros/humble/opt/rviz_ogre_vendor/lib:/opt/ros/humble/lib/x86_64-linux-gnu:/opt/ros/humble/lib:/usr/lib/x86_64-linux-gnu/gazebo-11/plugins /usr/bin/cmake /workspace/turtlebot3_ws/src/turtlebot3/turtlebot3_bringup -DCMAKE_INSTALL_PREFIX=/workspace/turtlebot3_ws/install/turtlebot3_bringup
[0.017s] -- Found ament_cmake: 1.3.12 (/opt/ros/humble/share/ament_cmake/cmake)
[0.100s] -- Override CMake install command with custom implementation using symlinks instead of copying resources
[0.149s] -- Configuring done
[0.151s] -- Generating done
[0.152s] -- Build files have been written to: /workspace/turtlebot3_ws/build/turtlebot3_bringup
[0.153s] Invoked command in '/workspace/turtlebot3_ws/build/turtlebot3_bringup' returned '0': CMAKE_PREFIX_PATH=/workspace/turtlebot3_ws/install/turtlebot3_node:/workspace/turtlebot3_ws/install/turtlebot3_msgs:/workspace/turtlebot3_ws/install/turtlebot3_description:/workspace/turtlebot3_ws/install/turtlebot3:/workspace/turtlebot3_ws/install/turtlebot3_simulations:/workspace/turtlebot3_ws/install/turtlebot3_bringup:/workspace/turtlebot3_ws/install/turtlebot3_navigation2:/workspace/turtlebot3_ws/install/turtlebot3_fake_node:/workspace/turtlebot3_ws/install/turtlebot3_gazebo:/workspace/turtlebot3_ws/install/turtlebot3_cartographer:/workspace/turtlebot3_ws/install/turtlebot3_teleop:/workspace/turtlebot3_ws/install/turtlebot3_example:/opt/ros/humble LD_LIBRARY_PATH=/workspace/turtlebot3_ws/install/turtlebot3_msgs/lib:/usr/lib/x86_64-linux-gnu/gazebo-11/plugins:/opt/ros/humble/opt/rviz_ogre_vendor/lib:/opt/ros/humble/lib/x86_64-linux-gnu:/opt/ros/humble/lib:/usr/lib/x86_64-linux-gnu/gazebo-11/plugins /usr/bin/cmake /workspace/turtlebot3_ws/src/turtlebot3/turtlebot3_bringup -DCMAKE_INSTALL_PREFIX=/workspace/turtlebot3_ws/install/turtlebot3_bringup
[0.154s] Invoking command in '/workspace/turtlebot3_ws/build/turtlebot3_bringup': CMAKE_PREFIX_PATH=/workspace/turtlebot3_ws/install/turtlebot3_node:/workspace/turtlebot3_ws/install/turtlebot3_msgs:/workspace/turtlebot3_ws/install/turtlebot3_description:/workspace/turtlebot3_ws/install/turtlebot3:/workspace/turtlebot3_ws/install/turtlebot3_simulations:/workspace/turtlebot3_ws/install/turtlebot3_bringup:/workspace/turtlebot3_ws/install/turtlebot3_navigation2:/workspace/turtlebot3_ws/install/turtlebot3_fake_node:/workspace/turtlebot3_ws/install/turtlebot3_gazebo:/workspace/turtlebot3_ws/install/turtlebot3_cartographer:/workspace/turtlebot3_ws/install/turtlebot3_teleop:/workspace/turtlebot3_ws/install/turtlebot3_example:/opt/ros/humble LD_LIBRARY_PATH=/workspace/turtlebot3_ws/install/turtlebot3_msgs/lib:/usr/lib/x86_64-linux-gnu/gazebo-11/plugins:/opt/ros/humble/opt/rviz_ogre_vendor/lib:/opt/ros/humble/lib/x86_64-linux-gnu:/opt/ros/humble/lib:/usr/lib/x86_64-linux-gnu/gazebo-11/plugins /usr/bin/cmake --build /workspace/turtlebot3_ws/build/turtlebot3_bringup -- -j20 -l20
[0.184s] Invoked command in '/workspace/turtlebot3_ws/build/turtlebot3_bringup' returned '0': CMAKE_PREFIX_PATH=/workspace/turtlebot3_ws/install/turtlebot3_node:/workspace/turtlebot3_ws/install/turtlebot3_msgs:/workspace/turtlebot3_ws/install/turtlebot3_description:/workspace/turtlebot3_ws/install/turtlebot3:/workspace/turtlebot3_ws/install/turtlebot3_simulations:/workspace/turtlebot3_ws/install/turtlebot3_bringup:/workspace/turtlebot3_ws/install/turtlebot3_navigation2:/workspace/turtlebot3_ws/install/turtlebot3_fake_node:/workspace/turtlebot3_ws/install/turtlebot3_gazebo:/workspace/turtlebot3_ws/install/turtlebot3_cartographer:/workspace/turtlebot3_ws/install/turtlebot3_teleop:/workspace/turtlebot3_ws/install/turtlebot3_example:/opt/ros/humble LD_LIBRARY_PATH=/workspace/turtlebot3_ws/install/turtlebot3_msgs/lib:/usr/lib/x86_64-linux-gnu/gazebo-11/plugins:/opt/ros/humble/opt/rviz_ogre_vendor/lib:/opt/ros/humble/lib/x86_64-linux-gnu:/opt/ros/humble/lib:/usr/lib/x86_64-linux-gnu/gazebo-11/plugins /usr/bin/cmake --build /workspace/turtlebot3_ws/build/turtlebot3_bringup -- -j20 -l20
[0.185s] Invoking command in '/workspace/turtlebot3_ws/build/turtlebot3_bringup': CMAKE_PREFIX_PATH=/workspace/turtlebot3_ws/install/turtlebot3_node:/workspace/turtlebot3_ws/install/turtlebot3_msgs:/workspace/turtlebot3_ws/install/turtlebot3_description:/workspace/turtlebot3_ws/install/turtlebot3:/workspace/turtlebot3_ws/install/turtlebot3_simulations:/workspace/turtlebot3_ws/install/turtlebot3_bringup:/workspace/turtlebot3_ws/install/turtlebot3_navigation2:/workspace/turtlebot3_ws/install/turtlebot3_fake_node:/workspace/turtlebot3_ws/install/turtlebot3_gazebo:/workspace/turtlebot3_ws/install/turtlebot3_cartographer:/workspace/turtlebot3_ws/install/turtlebot3_teleop:/workspace/turtlebot3_ws/install/turtlebot3_example:/opt/ros/humble LD_LIBRARY_PATH=/workspace/turtlebot3_ws/install/turtlebot3_msgs/lib:/usr/lib/x86_64-linux-gnu/gazebo-11/plugins:/opt/ros/humble/opt/rviz_ogre_vendor/lib:/opt/ros/humble/lib/x86_64-linux-gnu:/opt/ros/humble/lib:/usr/lib/x86_64-linux-gnu/gazebo-11/plugins /usr/bin/cmake --install /workspace/turtlebot3_ws/build/turtlebot3_bringup
[0.190s] -- Install configuration: ""
[0.190s] -- Execute custom install script
[0.190s] -- Up-to-date symlink: /workspace/turtlebot3_ws/install/turtlebot3_bringup/share/turtlebot3_bringup/launch/robot.launch.py
[0.190s] -- Up-to-date symlink: /workspace/turtlebot3_ws/install/turtlebot3_bringup/share/turtlebot3_bringup/launch/rviz2.launch.py
[0.191s] -- Up-to-date symlink: /workspace/turtlebot3_ws/install/turtlebot3_bringup/share/turtlebot3_bringup/launch/turtlebot3_state_publisher.launch.py
[0.191s] -- Up-to-date symlink: /workspace/turtlebot3_ws/install/turtlebot3_bringup/share/turtlebot3_bringup/param/burger.yaml
[0.191s] -- Up-to-date symlink: /workspace/turtlebot3_ws/install/turtlebot3_bringup/share/turtlebot3_bringup/param/waffle.yaml
[0.191s] -- Up-to-date symlink: /workspace/turtlebot3_ws/install/turtlebot3_bringup/share/turtlebot3_bringup/param/waffle_pi.yaml
[0.191s] -- Up-to-date symlink: /workspace/turtlebot3_ws/install/turtlebot3_bringup/share/turtlebot3_bringup/script/99-turtlebot3-cdc.rules
[0.191s] -- Up-to-date symlink: /workspace/turtlebot3_ws/install/turtlebot3_bringup/share/turtlebot3_bringup/script/create_udev_rules
[0.191s] -- Up-to-date symlink: /workspace/turtlebot3_ws/install/turtlebot3_bringup/share/ament_index/resource_index/package_run_dependencies/turtlebot3_bringup
[0.191s] -- Up-to-date symlink: /workspace/turtlebot3_ws/install/turtlebot3_bringup/share/ament_index/resource_index/parent_prefix_path/turtlebot3_bringup
[0.191s] -- Up-to-date symlink: /workspace/turtlebot3_ws/install/turtlebot3_bringup/share/turtlebot3_bringup/environment/ament_prefix_path.sh
[0.191s] -- Up-to-date symlink: /workspace/turtlebot3_ws/install/turtlebot3_bringup/share/turtlebot3_bringup/environment/ament_prefix_path.dsv
[0.191s] -- Up-to-date symlink: /workspace/turtlebot3_ws/install/turtlebot3_bringup/share/turtlebot3_bringup/environment/path.sh
[0.192s] -- Up-to-date symlink: /workspace/turtlebot3_ws/install/turtlebot3_bringup/share/turtlebot3_bringup/environment/path.dsv
[0.192s] -- Up-to-date symlink: /workspace/turtlebot3_ws/install/turtlebot3_bringup/share/turtlebot3_bringup/local_setup.bash
[0.192s] -- Up-to-date symlink: /workspace/turtlebot3_ws/install/turtlebot3_bringup/share/turtlebot3_bringup/local_setup.sh
[0.192s] -- Up-to-date symlink: /workspace/turtlebot3_ws/install/turtlebot3_bringup/share/turtlebot3_bringup/local_setup.zsh
[0.192s] -- Up-to-date symlink: /workspace/turtlebot3_ws/install/turtlebot3_bringup/share/turtlebot3_bringup/local_setup.dsv
[0.192s] -- Symlinking: /workspace/turtlebot3_ws/install/turtlebot3_bringup/share/turtlebot3_bringup/package.dsv
[0.198s] -- Up-to-date symlink: /workspace/turtlebot3_ws/install/turtlebot3_bringup/share/ament_index/resource_index/packages/turtlebot3_bringup
[0.198s] -- Up-to-date symlink: /workspace/turtlebot3_ws/install/turtlebot3_bringup/share/turtlebot3_bringup/cmake/turtlebot3_bringupConfig.cmake
[0.198s] -- Up-to-date symlink: /workspace/turtlebot3_ws/install/turtlebot3_bringup/share/turtlebot3_bringup/cmake/turtlebot3_bringupConfig-version.cmake
[0.198s] -- Up-to-date symlink: /workspace/turtlebot3_ws/install/turtlebot3_bringup/share/turtlebot3_bringup/package.xml
[0.199s] Invoked command in '/workspace/turtlebot3_ws/build/turtlebot3_bringup' returned '0': CMAKE_PREFIX_PATH=/workspace/turtlebot3_ws/install/turtlebot3_node:/workspace/turtlebot3_ws/install/turtlebot3_msgs:/workspace/turtlebot3_ws/install/turtlebot3_description:/workspace/turtlebot3_ws/install/turtlebot3:/workspace/turtlebot3_ws/install/turtlebot3_simulations:/workspace/turtlebot3_ws/install/turtlebot3_bringup:/workspace/turtlebot3_ws/install/turtlebot3_navigation2:/workspace/turtlebot3_ws/install/turtlebot3_fake_node:/workspace/turtlebot3_ws/install/turtlebot3_gazebo:/workspace/turtlebot3_ws/install/turtlebot3_cartographer:/workspace/turtlebot3_ws/install/turtlebot3_teleop:/workspace/turtlebot3_ws/install/turtlebot3_example:/opt/ros/humble LD_LIBRARY_PATH=/workspace/turtlebot3_ws/install/turtlebot3_msgs/lib:/usr/lib/x86_64-linux-gnu/gazebo-11/plugins:/opt/ros/humble/opt/rviz_ogre_vendor/lib:/opt/ros/humble/lib/x86_64-linux-gnu:/opt/ros/humble/lib:/usr/lib/x86_64-linux-gnu/gazebo-11/plugins /usr/bin/cmake --install /workspace/turtlebot3_ws/build/turtlebot3_bringup
