-- The C compiler identification is GNU 11.4.0
-- The CXX compiler identification is GNU 11.4.0
-- Detecting C compiler ABI info
-- Detecting C compiler ABI info - done
-- Check for working C compiler: /usr/bin/cc - skipped
-- Detecting C compile features
-- Detecting C compile features - done
-- Detecting CXX compiler ABI info
-- Detecting CXX compiler ABI info - done
-- Check for working CXX compiler: /usr/bin/c++ - skipped
-- Detecting CXX compile features
-- Detecting CXX compile features - done
-- Found ament_cmake: 1.3.12 (/opt/ros/humble/share/ament_cmake/cmake)
-- Found Python3: /usr/bin/python3 (found version "3.10.12") found components: Interpreter 
-- Found rosidl_default_generators: 1.2.0 (/opt/ros/humble/share/rosidl_default_generators/cmake)
-- Using all available rosidl_typesupport_c: rosidl_typesupport_fastrtps_c;rosidl_typesupport_introspection_c
-- Found rosidl_adapter: 3.1.7 (/opt/ros/humble/share/rosidl_adapter/cmake)
-- Using all available rosidl_typesupport_cpp: rosidl_typesupport_fastrtps_cpp;rosidl_typesupport_introspection_cpp
-- Found ament_cmake_ros: 0.10.0 (/opt/ros/humble/share/ament_cmake_ros/cmake)
-- Using all available rosidl_typesupport_c: rosidl_typesupport_fastrtps_c;rosidl_typesupport_introspection_c
-- Using all available rosidl_typesupport_cpp: rosidl_typesupport_fastrtps_cpp;rosidl_typesupport_introspection_cpp
-- Found PythonInterp: /usr/bin/python3 (found suitable version "3.10.12", minimum required is "3.6") 
-- Found python_cmake_module: 0.10.0 (/opt/ros/humble/share/python_cmake_module/cmake)
-- Found PythonLibs: /usr/lib/x86_64-linux-gnu/libpython3.10.so (found suitable version "3.10.12", minimum required is "3.5") 
-- Using PYTHON_EXECUTABLE: /usr/bin/python3
-- Using PYTHON_INCLUDE_DIRS: /usr/include/python3.10
-- Using PYTHON_LIBRARIES: /usr/lib/x86_64-linux-gnu/libpython3.10.so
-- Found PythonExtra: .so  
-- Found ament_lint_auto: 0.12.14 (/opt/ros/humble/share/ament_lint_auto/cmake)
-- Added test 'lint_cmake' to check CMake code style
-- Added test 'xmllint' to check XML markup files
-- Configuring done
-- Generating done
-- Build files have been written to: /workspace/tors_ws/build/tors_interfaces
[  2%] [34m[1mGenerating C code for ROS interfaces[0m
[  5%] [34m[1mGenerating C++ code for ROS interfaces[0m
[  5%] Built target ament_cmake_python_copy_tors_interfaces
running egg_info
writing tors_interfaces.egg-info/PKG-INFO
writing dependency_links to tors_interfaces.egg-info/dependency_links.txt
writing top-level names to tors_interfaces.egg-info/top_level.txt
reading manifest file 'tors_interfaces.egg-info/SOURCES.txt'
writing manifest file 'tors_interfaces.egg-info/SOURCES.txt'
[  5%] Built target ament_cmake_python_build_tors_interfaces_egg
[35m[1mConsolidate compiler generated dependencies of target tors_interfaces__rosidl_generator_c[0m
[  5%] Built target tors_interfaces__cpp
[  7%] [32mBuilding C object CMakeFiles/tors_interfaces__rosidl_generator_c.dir/rosidl_generator_c/tors_interfaces/srv/detail/order_msg__functions.c.o[0m
[ 10%] [32mBuilding C object CMakeFiles/tors_interfaces__rosidl_generator_c.dir/rosidl_generator_c/tors_interfaces/msg/detail/order_item__functions.c.o[0m
[ 17%] [34m[1mGenerating C++ type support for eProsima Fast-RTPS[0m
[ 17%] [34m[1mGenerating C++ introspection for ROS interfaces[0m
[ 17%] [34m[1mGenerating C++ type support dispatch for ROS interfaces[0m
[ 20%] [32m[1mLinking C shared library libtors_interfaces__rosidl_generator_c.so[0m
[ 20%] Built target tors_interfaces__rosidl_generator_c
[ 23%] [34m[1mGenerating C introspection for ROS interfaces[0m
[ 28%] [34m[1mGenerating C type support for eProsima Fast-RTPS[0m
[ 28%] [34m[1mGenerating C type support dispatch for ROS interfaces[0m
[35m[1mConsolidate compiler generated dependencies of target tors_interfaces__rosidl_typesupport_cpp[0m
[35m[1mConsolidate compiler generated dependencies of target tors_interfaces__rosidl_typesupport_introspection_cpp[0m
[ 30%] [32mBuilding CXX object CMakeFiles/tors_interfaces__rosidl_typesupport_cpp.dir/rosidl_typesupport_cpp/tors_interfaces/msg/order_item__type_support.cpp.o[0m
[ 33%] [32mBuilding CXX object CMakeFiles/tors_interfaces__rosidl_typesupport_cpp.dir/rosidl_typesupport_cpp/tors_interfaces/srv/order_msg__type_support.cpp.o[0m
[35m[1mConsolidate compiler generated dependencies of target tors_interfaces__rosidl_typesupport_fastrtps_cpp[0m
[ 35%] [32mBuilding CXX object CMakeFiles/tors_interfaces__rosidl_typesupport_introspection_cpp.dir/rosidl_typesupport_introspection_cpp/tors_interfaces/msg/detail/order_item__type_support.cpp.o[0m
[ 38%] [32mBuilding CXX object CMakeFiles/tors_interfaces__rosidl_typesupport_introspection_cpp.dir/rosidl_typesupport_introspection_cpp/tors_interfaces/srv/detail/order_msg__type_support.cpp.o[0m
[ 41%] [32mBuilding CXX object CMakeFiles/tors_interfaces__rosidl_typesupport_fastrtps_cpp.dir/rosidl_typesupport_fastrtps_cpp/tors_interfaces/msg/detail/dds_fastrtps/order_item__type_support.cpp.o[0m
[ 43%] [32mBuilding CXX object CMakeFiles/tors_interfaces__rosidl_typesupport_fastrtps_cpp.dir/rosidl_typesupport_fastrtps_cpp/tors_interfaces/srv/detail/dds_fastrtps/order_msg__type_support.cpp.o[0m
[35m[1mConsolidate compiler generated dependencies of target tors_interfaces__rosidl_typesupport_c[0m
[ 46%] [32mBuilding CXX object CMakeFiles/tors_interfaces__rosidl_typesupport_c.dir/rosidl_typesupport_c/tors_interfaces/srv/order_msg__type_support.cpp.o[0m
[ 48%] [32mBuilding CXX object CMakeFiles/tors_interfaces__rosidl_typesupport_c.dir/rosidl_typesupport_c/tors_interfaces/msg/order_item__type_support.cpp.o[0m
[ 51%] [32m[1mLinking CXX shared library libtors_interfaces__rosidl_typesupport_c.so[0m
[35m[1mConsolidate compiler generated dependencies of target tors_interfaces__rosidl_typesupport_fastrtps_c[0m
[35m[1mConsolidate compiler generated dependencies of target tors_interfaces__rosidl_typesupport_introspection_c[0m
[ 53%] [32mBuilding CXX object CMakeFiles/tors_interfaces__rosidl_typesupport_fastrtps_c.dir/rosidl_typesupport_fastrtps_c/tors_interfaces/msg/detail/order_item__type_support_c.cpp.o[0m
[ 56%] [32mBuilding CXX object CMakeFiles/tors_interfaces__rosidl_typesupport_fastrtps_c.dir/rosidl_typesupport_fastrtps_c/tors_interfaces/srv/detail/order_msg__type_support_c.cpp.o[0m
[ 58%] [32mBuilding C object CMakeFiles/tors_interfaces__rosidl_typesupport_introspection_c.dir/rosidl_typesupport_introspection_c/tors_interfaces/srv/detail/order_msg__type_support.c.o[0m
[ 61%] [32mBuilding C object CMakeFiles/tors_interfaces__rosidl_typesupport_introspection_c.dir/rosidl_typesupport_introspection_c/tors_interfaces/msg/detail/order_item__type_support.c.o[0m
[ 61%] Built target tors_interfaces__rosidl_typesupport_c
[ 64%] [32m[1mLinking C shared library libtors_interfaces__rosidl_typesupport_introspection_c.so[0m
[ 64%] Built target tors_interfaces__rosidl_typesupport_introspection_c
[ 66%] [32m[1mLinking CXX shared library libtors_interfaces__rosidl_typesupport_cpp.so[0m
[ 69%] [32m[1mLinking CXX shared library libtors_interfaces__rosidl_typesupport_introspection_cpp.so[0m
[ 69%] Built target tors_interfaces__rosidl_typesupport_cpp
[ 69%] Built target tors_interfaces__rosidl_typesupport_introspection_cpp
[ 71%] [32m[1mLinking CXX shared library libtors_interfaces__rosidl_typesupport_fastrtps_cpp.so[0m
[ 71%] Built target tors_interfaces__rosidl_typesupport_fastrtps_cpp
[ 74%] [32m[1mLinking CXX shared library libtors_interfaces__rosidl_typesupport_fastrtps_c.so[0m
[ 74%] Built target tors_interfaces__rosidl_typesupport_fastrtps_c
[ 74%] Built target tors_interfaces
[ 76%] [34m[1mGenerating Python code for ROS interfaces[0m
[ 76%] Built target tors_interfaces__py
[35m[1mConsolidate compiler generated dependencies of target tors_interfaces__rosidl_generator_py[0m
[ 82%] [32mBuilding C object CMakeFiles/tors_interfaces__rosidl_generator_py.dir/rosidl_generator_py/tors_interfaces/msg/_order_item_s.c.o[0m
[ 82%] [32mBuilding C object CMakeFiles/tors_interfaces__rosidl_generator_py.dir/rosidl_generator_py/tors_interfaces/srv/_order_msg_s.c.o[0m
[ 84%] [32m[1mLinking C shared library rosidl_generator_py/tors_interfaces/libtors_interfaces__rosidl_generator_py.so[0m
[ 84%] Built target tors_interfaces__rosidl_generator_py
[35m[1mConsolidate compiler generated dependencies of target tors_interfaces__rosidl_typesupport_introspection_c__pyext[0m
[35m[1mConsolidate compiler generated dependencies of target tors_interfaces__rosidl_typesupport_fastrtps_c__pyext[0m
[35m[1mConsolidate compiler generated dependencies of target tors_interfaces__rosidl_typesupport_c__pyext[0m
[ 92%] [32mBuilding C object CMakeFiles/tors_interfaces__rosidl_typesupport_c__pyext.dir/rosidl_generator_py/tors_interfaces/_tors_interfaces_s.ep.rosidl_typesupport_c.c.o[0m
[ 92%] [32mBuilding C object CMakeFiles/tors_interfaces__rosidl_typesupport_fastrtps_c__pyext.dir/rosidl_generator_py/tors_interfaces/_tors_interfaces_s.ep.rosidl_typesupport_fastrtps_c.c.o[0m
[ 92%] [32mBuilding C object CMakeFiles/tors_interfaces__rosidl_typesupport_introspection_c__pyext.dir/rosidl_generator_py/tors_interfaces/_tors_interfaces_s.ep.rosidl_typesupport_introspection_c.c.o[0m
[ 97%] [32m[1mLinking C shared library rosidl_generator_py/tors_interfaces/tors_interfaces_s__rosidl_typesupport_fastrtps_c.cpython-310-x86_64-linux-gnu.so[0m
[ 97%] [32m[1mLinking C shared library rosidl_generator_py/tors_interfaces/tors_interfaces_s__rosidl_typesupport_introspection_c.cpython-310-x86_64-linux-gnu.so[0m
[100%] [32m[1mLinking C shared library rosidl_generator_py/tors_interfaces/tors_interfaces_s__rosidl_typesupport_c.cpython-310-x86_64-linux-gnu.so[0m
[100%] Built target tors_interfaces__rosidl_typesupport_introspection_c__pyext
[100%] Built target tors_interfaces__rosidl_typesupport_fastrtps_c__pyext
[100%] Built target tors_interfaces__rosidl_typesupport_c__pyext
-- Install configuration: ""
-- Up-to-date: /workspace/tors_ws/install/tors_interfaces/include/tors_interfaces/tors_interfaces
-- Up-to-date: /workspace/tors_ws/install/tors_interfaces/include/tors_interfaces/tors_interfaces/srv
-- Up-to-date: /workspace/tors_ws/install/tors_interfaces/include/tors_interfaces/tors_interfaces/srv/detail
-- Installing: /workspace/tors_ws/install/tors_interfaces/include/tors_interfaces/tors_interfaces/srv/detail/order_msg__functions.c
-- Up-to-date: /workspace/tors_ws/install/tors_interfaces/include/tors_interfaces/tors_interfaces/msg
-- Up-to-date: /workspace/tors_ws/install/tors_interfaces/include/tors_interfaces/tors_interfaces/msg/detail
-- Installing: /workspace/tors_ws/install/tors_interfaces/include/tors_interfaces/tors_interfaces/msg/detail/order_item__functions.c
-- Installing: /workspace/tors_ws/install/tors_interfaces/lib/libtors_interfaces__rosidl_generator_c.so
-- Set runtime path of "/workspace/tors_ws/install/tors_interfaces/lib/libtors_interfaces__rosidl_generator_c.so" to ""
-- Up-to-date: /workspace/tors_ws/install/tors_interfaces/include/tors_interfaces/tors_interfaces
-- Up-to-date: /workspace/tors_ws/install/tors_interfaces/include/tors_interfaces/tors_interfaces/srv
-- Up-to-date: /workspace/tors_ws/install/tors_interfaces/include/tors_interfaces/tors_interfaces/srv/detail
-- Up-to-date: /workspace/tors_ws/install/tors_interfaces/include/tors_interfaces/tors_interfaces/msg
-- Up-to-date: /workspace/tors_ws/install/tors_interfaces/include/tors_interfaces/tors_interfaces/msg/detail
-- Installing: /workspace/tors_ws/install/tors_interfaces/lib/libtors_interfaces__rosidl_typesupport_fastrtps_c.so
-- Set runtime path of "/workspace/tors_ws/install/tors_interfaces/lib/libtors_interfaces__rosidl_typesupport_fastrtps_c.so" to ""
-- Up-to-date: /workspace/tors_ws/install/tors_interfaces/include/tors_interfaces/tors_interfaces
-- Up-to-date: /workspace/tors_ws/install/tors_interfaces/include/tors_interfaces/tors_interfaces/srv
-- Up-to-date: /workspace/tors_ws/install/tors_interfaces/include/tors_interfaces/tors_interfaces/srv/detail
-- Installing: /workspace/tors_ws/install/tors_interfaces/include/tors_interfaces/tors_interfaces/srv/detail/order_msg__type_support.c
-- Up-to-date: /workspace/tors_ws/install/tors_interfaces/include/tors_interfaces/tors_interfaces/msg
-- Up-to-date: /workspace/tors_ws/install/tors_interfaces/include/tors_interfaces/tors_interfaces/msg/detail
-- Installing: /workspace/tors_ws/install/tors_interfaces/include/tors_interfaces/tors_interfaces/msg/detail/order_item__type_support.c
-- Installing: /workspace/tors_ws/install/tors_interfaces/lib/libtors_interfaces__rosidl_typesupport_introspection_c.so
-- Set runtime path of "/workspace/tors_ws/install/tors_interfaces/lib/libtors_interfaces__rosidl_typesupport_introspection_c.so" to ""
-- Installing: /workspace/tors_ws/install/tors_interfaces/lib/libtors_interfaces__rosidl_typesupport_c.so
-- Set runtime path of "/workspace/tors_ws/install/tors_interfaces/lib/libtors_interfaces__rosidl_typesupport_c.so" to ""
-- Up-to-date: /workspace/tors_ws/install/tors_interfaces/include/tors_interfaces/tors_interfaces
-- Up-to-date: /workspace/tors_ws/install/tors_interfaces/include/tors_interfaces/tors_interfaces/srv
-- Up-to-date: /workspace/tors_ws/install/tors_interfaces/include/tors_interfaces/tors_interfaces/srv/detail
-- Up-to-date: /workspace/tors_ws/install/tors_interfaces/include/tors_interfaces/tors_interfaces/msg
-- Up-to-date: /workspace/tors_ws/install/tors_interfaces/include/tors_interfaces/tors_interfaces/msg/detail
-- Up-to-date: /workspace/tors_ws/install/tors_interfaces/include/tors_interfaces/tors_interfaces
-- Up-to-date: /workspace/tors_ws/install/tors_interfaces/include/tors_interfaces/tors_interfaces/srv
-- Up-to-date: /workspace/tors_ws/install/tors_interfaces/include/tors_interfaces/tors_interfaces/srv/detail
-- Installing: /workspace/tors_ws/install/tors_interfaces/include/tors_interfaces/tors_interfaces/srv/detail/dds_fastrtps
-- Up-to-date: /workspace/tors_ws/install/tors_interfaces/include/tors_interfaces/tors_interfaces/msg
-- Up-to-date: /workspace/tors_ws/install/tors_interfaces/include/tors_interfaces/tors_interfaces/msg/detail
-- Installing: /workspace/tors_ws/install/tors_interfaces/include/tors_interfaces/tors_interfaces/msg/detail/dds_fastrtps
-- Installing: /workspace/tors_ws/install/tors_interfaces/lib/libtors_interfaces__rosidl_typesupport_fastrtps_cpp.so
-- Set runtime path of "/workspace/tors_ws/install/tors_interfaces/lib/libtors_interfaces__rosidl_typesupport_fastrtps_cpp.so" to ""
-- Up-to-date: /workspace/tors_ws/install/tors_interfaces/include/tors_interfaces/tors_interfaces
-- Up-to-date: /workspace/tors_ws/install/tors_interfaces/include/tors_interfaces/tors_interfaces/srv
-- Up-to-date: /workspace/tors_ws/install/tors_interfaces/include/tors_interfaces/tors_interfaces/srv/detail
-- Installing: /workspace/tors_ws/install/tors_interfaces/include/tors_interfaces/tors_interfaces/srv/detail/order_msg__type_support.cpp
-- Up-to-date: /workspace/tors_ws/install/tors_interfaces/include/tors_interfaces/tors_interfaces/msg
-- Up-to-date: /workspace/tors_ws/install/tors_interfaces/include/tors_interfaces/tors_interfaces/msg/detail
-- Installing: /workspace/tors_ws/install/tors_interfaces/include/tors_interfaces/tors_interfaces/msg/detail/order_item__type_support.cpp
-- Installing: /workspace/tors_ws/install/tors_interfaces/lib/libtors_interfaces__rosidl_typesupport_introspection_cpp.so
-- Set runtime path of "/workspace/tors_ws/install/tors_interfaces/lib/libtors_interfaces__rosidl_typesupport_introspection_cpp.so" to ""
-- Installing: /workspace/tors_ws/install/tors_interfaces/lib/libtors_interfaces__rosidl_typesupport_cpp.so
-- Set runtime path of "/workspace/tors_ws/install/tors_interfaces/lib/libtors_interfaces__rosidl_typesupport_cpp.so" to ""
-- Up-to-date: /workspace/tors_ws/install/tors_interfaces/local/lib/python3.10/dist-packages/tors_interfaces-0.0.0-py3.10.egg-info
-- Up-to-date: /workspace/tors_ws/install/tors_interfaces/local/lib/python3.10/dist-packages/tors_interfaces
-- Up-to-date: /workspace/tors_ws/install/tors_interfaces/local/lib/python3.10/dist-packages/tors_interfaces/srv
-- Up-to-date: /workspace/tors_ws/install/tors_interfaces/local/lib/python3.10/dist-packages/tors_interfaces/msg
Listing '/workspace/tors_ws/install/tors_interfaces/local/lib/python3.10/dist-packages/tors_interfaces'...
Compiling '/workspace/tors_ws/install/tors_interfaces/local/lib/python3.10/dist-packages/tors_interfaces/__init__.py'...
Listing '/workspace/tors_ws/install/tors_interfaces/local/lib/python3.10/dist-packages/tors_interfaces/msg'...
Compiling '/workspace/tors_ws/install/tors_interfaces/local/lib/python3.10/dist-packages/tors_interfaces/msg/__init__.py'...
Compiling '/workspace/tors_ws/install/tors_interfaces/local/lib/python3.10/dist-packages/tors_interfaces/msg/_order_item.py'...
Listing '/workspace/tors_ws/install/tors_interfaces/local/lib/python3.10/dist-packages/tors_interfaces/srv'...
Compiling '/workspace/tors_ws/install/tors_interfaces/local/lib/python3.10/dist-packages/tors_interfaces/srv/__init__.py'...
Compiling '/workspace/tors_ws/install/tors_interfaces/local/lib/python3.10/dist-packages/tors_interfaces/srv/_order_msg.py'...
-- Installing: /workspace/tors_ws/install/tors_interfaces/lib/libtors_interfaces__rosidl_generator_py.so
-- Set runtime path of "/workspace/tors_ws/install/tors_interfaces/lib/libtors_interfaces__rosidl_generator_py.so" to ""
-- Installing: /workspace/tors_ws/install/tors_interfaces/share/tors_interfaces/package.dsv
-- Up-to-date: /workspace/tors_ws/install/tors_interfaces/share/tors_interfaces/cmake/export_tors_interfaces__rosidl_generator_cExport.cmake
-- Up-to-date: /workspace/tors_ws/install/tors_interfaces/share/tors_interfaces/cmake/export_tors_interfaces__rosidl_generator_cExport-noconfig.cmake
-- Up-to-date: /workspace/tors_ws/install/tors_interfaces/share/tors_interfaces/cmake/export_tors_interfaces__rosidl_typesupport_fastrtps_cExport.cmake
-- Up-to-date: /workspace/tors_ws/install/tors_interfaces/share/tors_interfaces/cmake/export_tors_interfaces__rosidl_typesupport_fastrtps_cExport-noconfig.cmake
-- Up-to-date: /workspace/tors_ws/install/tors_interfaces/share/tors_interfaces/cmake/tors_interfaces__rosidl_typesupport_introspection_cExport.cmake
-- Up-to-date: /workspace/tors_ws/install/tors_interfaces/share/tors_interfaces/cmake/tors_interfaces__rosidl_typesupport_introspection_cExport-noconfig.cmake
-- Up-to-date: /workspace/tors_ws/install/tors_interfaces/share/tors_interfaces/cmake/tors_interfaces__rosidl_typesupport_cExport.cmake
-- Up-to-date: /workspace/tors_ws/install/tors_interfaces/share/tors_interfaces/cmake/tors_interfaces__rosidl_typesupport_cExport-noconfig.cmake
-- Up-to-date: /workspace/tors_ws/install/tors_interfaces/share/tors_interfaces/cmake/export_tors_interfaces__rosidl_generator_cppExport.cmake
-- Up-to-date: /workspace/tors_ws/install/tors_interfaces/share/tors_interfaces/cmake/export_tors_interfaces__rosidl_typesupport_fastrtps_cppExport.cmake
-- Up-to-date: /workspace/tors_ws/install/tors_interfaces/share/tors_interfaces/cmake/export_tors_interfaces__rosidl_typesupport_fastrtps_cppExport-noconfig.cmake
-- Up-to-date: /workspace/tors_ws/install/tors_interfaces/share/tors_interfaces/cmake/tors_interfaces__rosidl_typesupport_introspection_cppExport.cmake
-- Up-to-date: /workspace/tors_ws/install/tors_interfaces/share/tors_interfaces/cmake/tors_interfaces__rosidl_typesupport_introspection_cppExport-noconfig.cmake
-- Up-to-date: /workspace/tors_ws/install/tors_interfaces/share/tors_interfaces/cmake/tors_interfaces__rosidl_typesupport_cppExport.cmake
-- Up-to-date: /workspace/tors_ws/install/tors_interfaces/share/tors_interfaces/cmake/tors_interfaces__rosidl_typesupport_cppExport-noconfig.cmake
-- Up-to-date: /workspace/tors_ws/install/tors_interfaces/share/tors_interfaces/cmake/export_tors_interfaces__rosidl_generator_pyExport.cmake
-- Up-to-date: /workspace/tors_ws/install/tors_interfaces/share/tors_interfaces/cmake/export_tors_interfaces__rosidl_generator_pyExport-noconfig.cmake
