[0.011s] Invoking command in '/workspace/tors_ws/build/tors_interfaces': CMAKE_PREFIX_PATH=${CMAKE_PREFIX_PATH}:/workspace/turtlebot3_ws/install/turtlebot3_teleop:/workspace/turtlebot3_ws/install/turtlebot3_example:/opt/ros/humble /usr/bin/cmake /workspace/tors_ws/src/tors_interfaces -DCMAKE_INSTALL_PREFIX=/workspace/tors_ws/install/tors_interfaces
[0.169s] -- The C compiler identification is GNU 11.4.0
[0.252s] -- The CXX compiler identification is GNU 11.4.0
[0.259s] -- Detecting C compiler ABI info
[0.322s] -- Detecting C compiler ABI info - done
[0.326s] -- Check for working C compiler: /usr/bin/cc - skipped
[0.326s] -- Detecting C compile features
[0.327s] -- Detecting C compile features - done
[0.329s] -- Detecting CXX compiler ABI info
[0.383s] -- Detecting CXX compiler ABI info - done
[0.387s] -- Check for working CXX compiler: /usr/bin/c++ - skipped
[0.388s] -- Detecting CXX compile features
[0.388s] -- Detecting CXX compile features - done
[0.391s] -- Found ament_cmake: 1.3.12 (/opt/ros/humble/share/ament_cmake/cmake)
[0.499s] -- Found Python3: /usr/bin/python3 (found version "3.10.12") found components: Interpreter 
[0.579s] -- Found rosidl_default_generators: 1.2.0 (/opt/ros/humble/share/rosidl_default_generators/cmake)
[0.583s] -- Using all available rosidl_typesupport_c: rosidl_typesupport_fastrtps_c;rosidl_typesupport_introspection_c
[0.590s] -- Found rosidl_adapter: 3.1.7 (/opt/ros/humble/share/rosidl_adapter/cmake)
[0.630s] -- Using all available rosidl_typesupport_cpp: rosidl_typesupport_fastrtps_cpp;rosidl_typesupport_introspection_cpp
[0.818s] -- Found ament_cmake_ros: 0.10.0 (/opt/ros/humble/share/ament_cmake_ros/cmake)
[0.942s] -- Using all available rosidl_typesupport_c: rosidl_typesupport_fastrtps_c;rosidl_typesupport_introspection_c
[1.096s] -- Using all available rosidl_typesupport_cpp: rosidl_typesupport_fastrtps_cpp;rosidl_typesupport_introspection_cpp
[1.114s] -- Found PythonInterp: /usr/bin/python3 (found suitable version "3.10.12", minimum required is "3.6") 
[1.116s] -- Found python_cmake_module: 0.10.0 (/opt/ros/humble/share/python_cmake_module/cmake)
[1.134s] -- Found PythonLibs: /usr/lib/x86_64-linux-gnu/libpython3.10.so (found suitable version "3.10.12", minimum required is "3.5") 
[1.134s] -- Using PYTHON_EXECUTABLE: /usr/bin/python3
[1.134s] -- Using PYTHON_INCLUDE_DIRS: /usr/include/python3.10
[1.134s] -- Using PYTHON_LIBRARIES: /usr/lib/x86_64-linux-gnu/libpython3.10.so
[1.149s] -- Found PythonExtra: .so  
[1.174s] -- Found ament_lint_auto: 0.12.14 (/opt/ros/humble/share/ament_lint_auto/cmake)
[1.196s] -- Added test 'lint_cmake' to check CMake code style
[1.197s] -- Added test 'xmllint' to check XML markup files
[1.199s] -- Configuring done
[1.222s] -- Generating done
[1.228s] -- Build files have been written to: /workspace/tors_ws/build/tors_interfaces
[1.232s] Invoked command in '/workspace/tors_ws/build/tors_interfaces' returned '0': CMAKE_PREFIX_PATH=${CMAKE_PREFIX_PATH}:/workspace/turtlebot3_ws/install/turtlebot3_teleop:/workspace/turtlebot3_ws/install/turtlebot3_example:/opt/ros/humble /usr/bin/cmake /workspace/tors_ws/src/tors_interfaces -DCMAKE_INSTALL_PREFIX=/workspace/tors_ws/install/tors_interfaces
[1.233s] Invoking command in '/workspace/tors_ws/build/tors_interfaces': CMAKE_PREFIX_PATH=${CMAKE_PREFIX_PATH}:/workspace/turtlebot3_ws/install/turtlebot3_teleop:/workspace/turtlebot3_ws/install/turtlebot3_example:/opt/ros/humble /usr/bin/cmake --build /workspace/tors_ws/build/tors_interfaces -- -j20 -l20
[1.263s] [  2%] [34m[1mGenerating C code for ROS interfaces[0m
[1.272s] [  5%] [34m[1mGenerating C++ code for ROS interfaces[0m
[1.281s] [  5%] Built target ament_cmake_python_copy_tors_interfaces
[1.427s] running egg_info
[1.428s] writing tors_interfaces.egg-info/PKG-INFO
[1.428s] writing dependency_links to tors_interfaces.egg-info/dependency_links.txt
[1.428s] writing top-level names to tors_interfaces.egg-info/top_level.txt
[1.429s] reading manifest file 'tors_interfaces.egg-info/SOURCES.txt'
[1.430s] writing manifest file 'tors_interfaces.egg-info/SOURCES.txt'
[1.447s] [  5%] Built target ament_cmake_python_build_tors_interfaces_egg
[1.466s] [35m[1mConsolidate compiler generated dependencies of target tors_interfaces__rosidl_generator_c[0m
[1.473s] [  5%] Built target tors_interfaces__cpp
[1.476s] [  7%] [32mBuilding C object CMakeFiles/tors_interfaces__rosidl_generator_c.dir/rosidl_generator_c/tors_interfaces/srv/detail/order_msg__functions.c.o[0m
[1.477s] [ 10%] [32mBuilding C object CMakeFiles/tors_interfaces__rosidl_generator_c.dir/rosidl_generator_c/tors_interfaces/msg/detail/order_item__functions.c.o[0m
[1.480s] [ 17%] [34m[1mGenerating C++ type support for eProsima Fast-RTPS[0m
[1.480s] [ 17%] [34m[1mGenerating C++ introspection for ROS interfaces[0m
[1.480s] [ 17%] [34m[1mGenerating C++ type support dispatch for ROS interfaces[0m
[1.525s] [ 20%] [32m[1mLinking C shared library libtors_interfaces__rosidl_generator_c.so[0m
[1.558s] [ 20%] Built target tors_interfaces__rosidl_generator_c
[1.566s] [ 23%] [34m[1mGenerating C introspection for ROS interfaces[0m
[1.568s] [ 28%] [34m[1mGenerating C type support for eProsima Fast-RTPS[0m
[1.568s] [ 28%] [34m[1mGenerating C type support dispatch for ROS interfaces[0m
[1.644s] [35m[1mConsolidate compiler generated dependencies of target tors_interfaces__rosidl_typesupport_cpp[0m
[1.657s] [35m[1mConsolidate compiler generated dependencies of target tors_interfaces__rosidl_typesupport_introspection_cpp[0m
[1.658s] [ 30%] [32mBuilding CXX object CMakeFiles/tors_interfaces__rosidl_typesupport_cpp.dir/rosidl_typesupport_cpp/tors_interfaces/msg/order_item__type_support.cpp.o[0m
[1.660s] [ 33%] [32mBuilding CXX object CMakeFiles/tors_interfaces__rosidl_typesupport_cpp.dir/rosidl_typesupport_cpp/tors_interfaces/srv/order_msg__type_support.cpp.o[0m
[1.665s] [35m[1mConsolidate compiler generated dependencies of target tors_interfaces__rosidl_typesupport_fastrtps_cpp[0m
[1.669s] [ 35%] [32mBuilding CXX object CMakeFiles/tors_interfaces__rosidl_typesupport_introspection_cpp.dir/rosidl_typesupport_introspection_cpp/tors_interfaces/msg/detail/order_item__type_support.cpp.o[0m
[1.669s] [ 38%] [32mBuilding CXX object CMakeFiles/tors_interfaces__rosidl_typesupport_introspection_cpp.dir/rosidl_typesupport_introspection_cpp/tors_interfaces/srv/detail/order_msg__type_support.cpp.o[0m
[1.677s] [ 41%] [32mBuilding CXX object CMakeFiles/tors_interfaces__rosidl_typesupport_fastrtps_cpp.dir/rosidl_typesupport_fastrtps_cpp/tors_interfaces/msg/detail/dds_fastrtps/order_item__type_support.cpp.o[0m
[1.679s] [ 43%] [32mBuilding CXX object CMakeFiles/tors_interfaces__rosidl_typesupport_fastrtps_cpp.dir/rosidl_typesupport_fastrtps_cpp/tors_interfaces/srv/detail/dds_fastrtps/order_msg__type_support.cpp.o[0m
[1.754s] [35m[1mConsolidate compiler generated dependencies of target tors_interfaces__rosidl_typesupport_c[0m
[1.762s] [ 46%] [32mBuilding CXX object CMakeFiles/tors_interfaces__rosidl_typesupport_c.dir/rosidl_typesupport_c/tors_interfaces/srv/order_msg__type_support.cpp.o[0m
[1.764s] [ 48%] [32mBuilding CXX object CMakeFiles/tors_interfaces__rosidl_typesupport_c.dir/rosidl_typesupport_c/tors_interfaces/msg/order_item__type_support.cpp.o[0m
[1.790s] [ 51%] [32m[1mLinking CXX shared library libtors_interfaces__rosidl_typesupport_c.so[0m
[1.797s] [35m[1mConsolidate compiler generated dependencies of target tors_interfaces__rosidl_typesupport_fastrtps_c[0m
[1.802s] [35m[1mConsolidate compiler generated dependencies of target tors_interfaces__rosidl_typesupport_introspection_c[0m
[1.809s] [ 53%] [32mBuilding CXX object CMakeFiles/tors_interfaces__rosidl_typesupport_fastrtps_c.dir/rosidl_typesupport_fastrtps_c/tors_interfaces/msg/detail/order_item__type_support_c.cpp.o[0m
[1.812s] [ 56%] [32mBuilding CXX object CMakeFiles/tors_interfaces__rosidl_typesupport_fastrtps_c.dir/rosidl_typesupport_fastrtps_c/tors_interfaces/srv/detail/order_msg__type_support_c.cpp.o[0m
[1.814s] [ 58%] [32mBuilding C object CMakeFiles/tors_interfaces__rosidl_typesupport_introspection_c.dir/rosidl_typesupport_introspection_c/tors_interfaces/srv/detail/order_msg__type_support.c.o[0m
[1.814s] [ 61%] [32mBuilding C object CMakeFiles/tors_interfaces__rosidl_typesupport_introspection_c.dir/rosidl_typesupport_introspection_c/tors_interfaces/msg/detail/order_item__type_support.c.o[0m
[1.821s] [ 61%] Built target tors_interfaces__rosidl_typesupport_c
[1.841s] [ 64%] [32m[1mLinking C shared library libtors_interfaces__rosidl_typesupport_introspection_c.so[0m
[1.869s] [ 64%] Built target tors_interfaces__rosidl_typesupport_introspection_c
[1.920s] [ 66%] [32m[1mLinking CXX shared library libtors_interfaces__rosidl_typesupport_cpp.so[0m
[1.940s] [ 69%] [32m[1mLinking CXX shared library libtors_interfaces__rosidl_typesupport_introspection_cpp.so[0m
[1.958s] [ 69%] Built target tors_interfaces__rosidl_typesupport_cpp
[1.985s] [ 69%] Built target tors_interfaces__rosidl_typesupport_introspection_cpp
[1.993s] [ 71%] [32m[1mLinking CXX shared library libtors_interfaces__rosidl_typesupport_fastrtps_cpp.so[0m
[2.042s] [ 71%] Built target tors_interfaces__rosidl_typesupport_fastrtps_cpp
[2.043s] [ 74%] [32m[1mLinking CXX shared library libtors_interfaces__rosidl_typesupport_fastrtps_c.so[0m
[2.090s] [ 74%] Built target tors_interfaces__rosidl_typesupport_fastrtps_c
[2.104s] [ 74%] Built target tors_interfaces
[2.120s] [ 76%] [34m[1mGenerating Python code for ROS interfaces[0m
[2.375s] [ 76%] Built target tors_interfaces__py
[2.384s] [35m[1mConsolidate compiler generated dependencies of target tors_interfaces__rosidl_generator_py[0m
[2.394s] [ 82%] [32mBuilding C object CMakeFiles/tors_interfaces__rosidl_generator_py.dir/rosidl_generator_py/tors_interfaces/msg/_order_item_s.c.o[0m
[2.394s] [ 82%] [32mBuilding C object CMakeFiles/tors_interfaces__rosidl_generator_py.dir/rosidl_generator_py/tors_interfaces/srv/_order_msg_s.c.o[0m
[2.471s] [ 84%] [32m[1mLinking C shared library rosidl_generator_py/tors_interfaces/libtors_interfaces__rosidl_generator_py.so[0m
[2.501s] [ 84%] Built target tors_interfaces__rosidl_generator_py
[2.509s] [35m[1mConsolidate compiler generated dependencies of target tors_interfaces__rosidl_typesupport_introspection_c__pyext[0m
[2.509s] [35m[1mConsolidate compiler generated dependencies of target tors_interfaces__rosidl_typesupport_fastrtps_c__pyext[0m
[2.509s] [35m[1mConsolidate compiler generated dependencies of target tors_interfaces__rosidl_typesupport_c__pyext[0m
[2.520s] [ 92%] [32mBuilding C object CMakeFiles/tors_interfaces__rosidl_typesupport_c__pyext.dir/rosidl_generator_py/tors_interfaces/_tors_interfaces_s.ep.rosidl_typesupport_c.c.o[0m
[2.520s] [ 92%] [32mBuilding C object CMakeFiles/tors_interfaces__rosidl_typesupport_fastrtps_c__pyext.dir/rosidl_generator_py/tors_interfaces/_tors_interfaces_s.ep.rosidl_typesupport_fastrtps_c.c.o[0m
[2.520s] [ 92%] [32mBuilding C object CMakeFiles/tors_interfaces__rosidl_typesupport_introspection_c__pyext.dir/rosidl_generator_py/tors_interfaces/_tors_interfaces_s.ep.rosidl_typesupport_introspection_c.c.o[0m
[2.582s] [ 97%] [32m[1mLinking C shared library rosidl_generator_py/tors_interfaces/tors_interfaces_s__rosidl_typesupport_fastrtps_c.cpython-310-x86_64-linux-gnu.so[0m
[2.582s] [ 97%] [32m[1mLinking C shared library rosidl_generator_py/tors_interfaces/tors_interfaces_s__rosidl_typesupport_introspection_c.cpython-310-x86_64-linux-gnu.so[0m
[2.582s] [100%] [32m[1mLinking C shared library rosidl_generator_py/tors_interfaces/tors_interfaces_s__rosidl_typesupport_c.cpython-310-x86_64-linux-gnu.so[0m
[2.607s] [100%] Built target tors_interfaces__rosidl_typesupport_introspection_c__pyext
[2.609s] [100%] Built target tors_interfaces__rosidl_typesupport_fastrtps_c__pyext
[2.612s] [100%] Built target tors_interfaces__rosidl_typesupport_c__pyext
[2.620s] Invoked command in '/workspace/tors_ws/build/tors_interfaces' returned '0': CMAKE_PREFIX_PATH=${CMAKE_PREFIX_PATH}:/workspace/turtlebot3_ws/install/turtlebot3_teleop:/workspace/turtlebot3_ws/install/turtlebot3_example:/opt/ros/humble /usr/bin/cmake --build /workspace/tors_ws/build/tors_interfaces -- -j20 -l20
[2.627s] Invoking command in '/workspace/tors_ws/build/tors_interfaces': CMAKE_PREFIX_PATH=${CMAKE_PREFIX_PATH}:/workspace/turtlebot3_ws/install/turtlebot3_teleop:/workspace/turtlebot3_ws/install/turtlebot3_example:/opt/ros/humble /usr/bin/cmake --install /workspace/tors_ws/build/tors_interfaces
[2.633s] -- Install configuration: ""
[2.633s] -- Up-to-date: /workspace/tors_ws/install/tors_interfaces/include/tors_interfaces/tors_interfaces
[2.633s] -- Up-to-date: /workspace/tors_ws/install/tors_interfaces/include/tors_interfaces/tors_interfaces/srv
[2.633s] -- Up-to-date: /workspace/tors_ws/install/tors_interfaces/include/tors_interfaces/tors_interfaces/srv/detail
[2.633s] -- Installing: /workspace/tors_ws/install/tors_interfaces/include/tors_interfaces/tors_interfaces/srv/detail/order_msg__functions.c
[2.633s] -- Up-to-date: /workspace/tors_ws/install/tors_interfaces/include/tors_interfaces/tors_interfaces/msg
[2.633s] -- Up-to-date: /workspace/tors_ws/install/tors_interfaces/include/tors_interfaces/tors_interfaces/msg/detail
[2.633s] -- Installing: /workspace/tors_ws/install/tors_interfaces/include/tors_interfaces/tors_interfaces/msg/detail/order_item__functions.c
[2.634s] -- Installing: /workspace/tors_ws/install/tors_interfaces/lib/libtors_interfaces__rosidl_generator_c.so
[2.634s] -- Set runtime path of "/workspace/tors_ws/install/tors_interfaces/lib/libtors_interfaces__rosidl_generator_c.so" to ""
[2.634s] -- Up-to-date: /workspace/tors_ws/install/tors_interfaces/include/tors_interfaces/tors_interfaces
[2.634s] -- Up-to-date: /workspace/tors_ws/install/tors_interfaces/include/tors_interfaces/tors_interfaces/srv
[2.634s] -- Up-to-date: /workspace/tors_ws/install/tors_interfaces/include/tors_interfaces/tors_interfaces/srv/detail
[2.634s] -- Up-to-date: /workspace/tors_ws/install/tors_interfaces/include/tors_interfaces/tors_interfaces/msg
[2.634s] -- Up-to-date: /workspace/tors_ws/install/tors_interfaces/include/tors_interfaces/tors_interfaces/msg/detail
[2.635s] -- Installing: /workspace/tors_ws/install/tors_interfaces/lib/libtors_interfaces__rosidl_typesupport_fastrtps_c.so
[2.635s] -- Set runtime path of "/workspace/tors_ws/install/tors_interfaces/lib/libtors_interfaces__rosidl_typesupport_fastrtps_c.so" to ""
[2.635s] -- Up-to-date: /workspace/tors_ws/install/tors_interfaces/include/tors_interfaces/tors_interfaces
[2.635s] -- Up-to-date: /workspace/tors_ws/install/tors_interfaces/include/tors_interfaces/tors_interfaces/srv
[2.635s] -- Up-to-date: /workspace/tors_ws/install/tors_interfaces/include/tors_interfaces/tors_interfaces/srv/detail
[2.635s] -- Installing: /workspace/tors_ws/install/tors_interfaces/include/tors_interfaces/tors_interfaces/srv/detail/order_msg__type_support.c
[2.635s] -- Up-to-date: /workspace/tors_ws/install/tors_interfaces/include/tors_interfaces/tors_interfaces/msg
[2.635s] -- Up-to-date: /workspace/tors_ws/install/tors_interfaces/include/tors_interfaces/tors_interfaces/msg/detail
[2.635s] -- Installing: /workspace/tors_ws/install/tors_interfaces/include/tors_interfaces/tors_interfaces/msg/detail/order_item__type_support.c
[2.635s] -- Installing: /workspace/tors_ws/install/tors_interfaces/lib/libtors_interfaces__rosidl_typesupport_introspection_c.so
[2.636s] -- Set runtime path of "/workspace/tors_ws/install/tors_interfaces/lib/libtors_interfaces__rosidl_typesupport_introspection_c.so" to ""
[2.636s] -- Installing: /workspace/tors_ws/install/tors_interfaces/lib/libtors_interfaces__rosidl_typesupport_c.so
[2.636s] -- Set runtime path of "/workspace/tors_ws/install/tors_interfaces/lib/libtors_interfaces__rosidl_typesupport_c.so" to ""
[2.636s] -- Up-to-date: /workspace/tors_ws/install/tors_interfaces/include/tors_interfaces/tors_interfaces
[2.636s] -- Up-to-date: /workspace/tors_ws/install/tors_interfaces/include/tors_interfaces/tors_interfaces/srv
[2.636s] -- Up-to-date: /workspace/tors_ws/install/tors_interfaces/include/tors_interfaces/tors_interfaces/srv/detail
[2.636s] -- Up-to-date: /workspace/tors_ws/install/tors_interfaces/include/tors_interfaces/tors_interfaces/msg
[2.636s] -- Up-to-date: /workspace/tors_ws/install/tors_interfaces/include/tors_interfaces/tors_interfaces/msg/detail
[2.636s] -- Up-to-date: /workspace/tors_ws/install/tors_interfaces/include/tors_interfaces/tors_interfaces
[2.636s] -- Up-to-date: /workspace/tors_ws/install/tors_interfaces/include/tors_interfaces/tors_interfaces/srv
[2.636s] -- Up-to-date: /workspace/tors_ws/install/tors_interfaces/include/tors_interfaces/tors_interfaces/srv/detail
[2.636s] -- Installing: /workspace/tors_ws/install/tors_interfaces/include/tors_interfaces/tors_interfaces/srv/detail/dds_fastrtps
[2.636s] -- Up-to-date: /workspace/tors_ws/install/tors_interfaces/include/tors_interfaces/tors_interfaces/msg
[2.636s] -- Up-to-date: /workspace/tors_ws/install/tors_interfaces/include/tors_interfaces/tors_interfaces/msg/detail
[2.636s] -- Installing: /workspace/tors_ws/install/tors_interfaces/include/tors_interfaces/tors_interfaces/msg/detail/dds_fastrtps
[2.637s] -- Installing: /workspace/tors_ws/install/tors_interfaces/lib/libtors_interfaces__rosidl_typesupport_fastrtps_cpp.so
[2.637s] -- Set runtime path of "/workspace/tors_ws/install/tors_interfaces/lib/libtors_interfaces__rosidl_typesupport_fastrtps_cpp.so" to ""
[2.637s] -- Up-to-date: /workspace/tors_ws/install/tors_interfaces/include/tors_interfaces/tors_interfaces
[2.637s] -- Up-to-date: /workspace/tors_ws/install/tors_interfaces/include/tors_interfaces/tors_interfaces/srv
[2.637s] -- Up-to-date: /workspace/tors_ws/install/tors_interfaces/include/tors_interfaces/tors_interfaces/srv/detail
[2.637s] -- Installing: /workspace/tors_ws/install/tors_interfaces/include/tors_interfaces/tors_interfaces/srv/detail/order_msg__type_support.cpp
[2.637s] -- Up-to-date: /workspace/tors_ws/install/tors_interfaces/include/tors_interfaces/tors_interfaces/msg
[2.637s] -- Up-to-date: /workspace/tors_ws/install/tors_interfaces/include/tors_interfaces/tors_interfaces/msg/detail
[2.637s] -- Installing: /workspace/tors_ws/install/tors_interfaces/include/tors_interfaces/tors_interfaces/msg/detail/order_item__type_support.cpp
[2.637s] -- Installing: /workspace/tors_ws/install/tors_interfaces/lib/libtors_interfaces__rosidl_typesupport_introspection_cpp.so
[2.638s] -- Set runtime path of "/workspace/tors_ws/install/tors_interfaces/lib/libtors_interfaces__rosidl_typesupport_introspection_cpp.so" to ""
[2.638s] -- Installing: /workspace/tors_ws/install/tors_interfaces/lib/libtors_interfaces__rosidl_typesupport_cpp.so
[2.638s] -- Set runtime path of "/workspace/tors_ws/install/tors_interfaces/lib/libtors_interfaces__rosidl_typesupport_cpp.so" to ""
[2.638s] -- Up-to-date: /workspace/tors_ws/install/tors_interfaces/local/lib/python3.10/dist-packages/tors_interfaces-0.0.0-py3.10.egg-info
[2.638s] -- Up-to-date: /workspace/tors_ws/install/tors_interfaces/local/lib/python3.10/dist-packages/tors_interfaces
[2.638s] -- Up-to-date: /workspace/tors_ws/install/tors_interfaces/local/lib/python3.10/dist-packages/tors_interfaces/srv
[2.638s] -- Up-to-date: /workspace/tors_ws/install/tors_interfaces/local/lib/python3.10/dist-packages/tors_interfaces/msg
[2.663s] Listing '/workspace/tors_ws/install/tors_interfaces/local/lib/python3.10/dist-packages/tors_interfaces'...
[2.663s] Compiling '/workspace/tors_ws/install/tors_interfaces/local/lib/python3.10/dist-packages/tors_interfaces/__init__.py'...
[2.663s] Listing '/workspace/tors_ws/install/tors_interfaces/local/lib/python3.10/dist-packages/tors_interfaces/msg'...
[2.663s] Compiling '/workspace/tors_ws/install/tors_interfaces/local/lib/python3.10/dist-packages/tors_interfaces/msg/__init__.py'...
[2.663s] Compiling '/workspace/tors_ws/install/tors_interfaces/local/lib/python3.10/dist-packages/tors_interfaces/msg/_order_item.py'...
[2.663s] Listing '/workspace/tors_ws/install/tors_interfaces/local/lib/python3.10/dist-packages/tors_interfaces/srv'...
[2.663s] Compiling '/workspace/tors_ws/install/tors_interfaces/local/lib/python3.10/dist-packages/tors_interfaces/srv/__init__.py'...
[2.663s] Compiling '/workspace/tors_ws/install/tors_interfaces/local/lib/python3.10/dist-packages/tors_interfaces/srv/_order_msg.py'...
[2.666s] -- Installing: /workspace/tors_ws/install/tors_interfaces/lib/libtors_interfaces__rosidl_generator_py.so
[2.666s] -- Set runtime path of "/workspace/tors_ws/install/tors_interfaces/lib/libtors_interfaces__rosidl_generator_py.so" to ""
[2.667s] -- Installing: /workspace/tors_ws/install/tors_interfaces/share/tors_interfaces/package.dsv
[2.667s] -- Up-to-date: /workspace/tors_ws/install/tors_interfaces/share/tors_interfaces/cmake/export_tors_interfaces__rosidl_generator_cExport.cmake
[2.667s] -- Up-to-date: /workspace/tors_ws/install/tors_interfaces/share/tors_interfaces/cmake/export_tors_interfaces__rosidl_generator_cExport-noconfig.cmake
[2.667s] -- Up-to-date: /workspace/tors_ws/install/tors_interfaces/share/tors_interfaces/cmake/export_tors_interfaces__rosidl_typesupport_fastrtps_cExport.cmake
[2.667s] -- Up-to-date: /workspace/tors_ws/install/tors_interfaces/share/tors_interfaces/cmake/export_tors_interfaces__rosidl_typesupport_fastrtps_cExport-noconfig.cmake
[2.667s] -- Up-to-date: /workspace/tors_ws/install/tors_interfaces/share/tors_interfaces/cmake/tors_interfaces__rosidl_typesupport_introspection_cExport.cmake
[2.667s] -- Up-to-date: /workspace/tors_ws/install/tors_interfaces/share/tors_interfaces/cmake/tors_interfaces__rosidl_typesupport_introspection_cExport-noconfig.cmake
[2.667s] -- Up-to-date: /workspace/tors_ws/install/tors_interfaces/share/tors_interfaces/cmake/tors_interfaces__rosidl_typesupport_cExport.cmake
[2.667s] -- Up-to-date: /workspace/tors_ws/install/tors_interfaces/share/tors_interfaces/cmake/tors_interfaces__rosidl_typesupport_cExport-noconfig.cmake
[2.667s] -- Up-to-date: /workspace/tors_ws/install/tors_interfaces/share/tors_interfaces/cmake/export_tors_interfaces__rosidl_generator_cppExport.cmake
[2.668s] -- Up-to-date: /workspace/tors_ws/install/tors_interfaces/share/tors_interfaces/cmake/export_tors_interfaces__rosidl_typesupport_fastrtps_cppExport.cmake
[2.668s] -- Up-to-date: /workspace/tors_ws/install/tors_interfaces/share/tors_interfaces/cmake/export_tors_interfaces__rosidl_typesupport_fastrtps_cppExport-noconfig.cmake
[2.668s] -- Up-to-date: /workspace/tors_ws/install/tors_interfaces/share/tors_interfaces/cmake/tors_interfaces__rosidl_typesupport_introspection_cppExport.cmake
[2.668s] -- Up-to-date: /workspace/tors_ws/install/tors_interfaces/share/tors_interfaces/cmake/tors_interfaces__rosidl_typesupport_introspection_cppExport-noconfig.cmake
[2.668s] -- Up-to-date: /workspace/tors_ws/install/tors_interfaces/share/tors_interfaces/cmake/tors_interfaces__rosidl_typesupport_cppExport.cmake
[2.668s] -- Up-to-date: /workspace/tors_ws/install/tors_interfaces/share/tors_interfaces/cmake/tors_interfaces__rosidl_typesupport_cppExport-noconfig.cmake
[2.668s] -- Up-to-date: /workspace/tors_ws/install/tors_interfaces/share/tors_interfaces/cmake/export_tors_interfaces__rosidl_generator_pyExport.cmake
[2.668s] -- Up-to-date: /workspace/tors_ws/install/tors_interfaces/share/tors_interfaces/cmake/export_tors_interfaces__rosidl_generator_pyExport-noconfig.cmake
[2.670s] Invoked command in '/workspace/tors_ws/build/tors_interfaces' returned '0': CMAKE_PREFIX_PATH=${CMAKE_PREFIX_PATH}:/workspace/turtlebot3_ws/install/turtlebot3_teleop:/workspace/turtlebot3_ws/install/turtlebot3_example:/opt/ros/humble /usr/bin/cmake --install /workspace/tors_ws/build/tors_interfaces
