[0.189s] Invoking command in '/workspace/turtlebot3_ws/build/turtlebot3_fake_node': CMAKE_PREFIX_PATH=/workspace/turtlebot3_ws/install/turtlebot3_msgs:/workspace/turtlebot3_ws/install/turtlebot3:/workspace/turtlebot3_ws/install/turtlebot3_simulations:/workspace/turtlebot3_ws/install/turtlebot3_bringup:/workspace/turtlebot3_ws/install/turtlebot3_node:/workspace/turtlebot3_ws/install/turtlebot3_navigation2:/workspace/turtlebot3_ws/install/turtlebot3_fake_node:/workspace/turtlebot3_ws/install/turtlebot3_gazebo:/workspace/turtlebot3_ws/install/turtlebot3_description:/workspace/turtlebot3_ws/install/turtlebot3_cartographer:/workspace/turtlebot3_ws/install/turtlebot3_teleop:/workspace/turtlebot3_ws/install/turtlebot3_example:/opt/ros/humble LD_LIBRARY_PATH=/workspace/turtlebot3_ws/install/turtlebot3_msgs/lib:/usr/lib/x86_64-linux-gnu/gazebo-11/plugins:/opt/ros/humble/opt/rviz_ogre_vendor/lib:/opt/ros/humble/lib/x86_64-linux-gnu:/opt/ros/humble/lib:/usr/lib/x86_64-linux-gnu/gazebo-11/plugins /usr/bin/cmake /workspace/turtlebot3_ws/src/turtlebot3_simulations/turtlebot3_fake_node -DCMAKE_INSTALL_PREFIX=/workspace/turtlebot3_ws/install/turtlebot3_fake_node
[0.202s] -- Found ament_cmake: 1.3.12 (/opt/ros/humble/share/ament_cmake/cmake)
[0.310s] -- Override CMake install command with custom implementation using symlinks instead of copying resources
[0.316s] -- Found geometry_msgs: 4.9.0 (/opt/ros/humble/share/geometry_msgs/cmake)
[0.337s] -- Found rosidl_generator_c: 3.1.7 (/opt/ros/humble/share/rosidl_generator_c/cmake)
[0.339s] -- Found rosidl_adapter: 3.1.7 (/opt/ros/humble/share/rosidl_adapter/cmake)
[0.344s] -- Found rosidl_generator_cpp: 3.1.7 (/opt/ros/humble/share/rosidl_generator_cpp/cmake)
[0.353s] -- Using all available rosidl_typesupport_c: rosidl_typesupport_fastrtps_c;rosidl_typesupport_introspection_c
[0.363s] -- Using all available rosidl_typesupport_cpp: rosidl_typesupport_fastrtps_cpp;rosidl_typesupport_introspection_cpp
[0.391s] -- Found nav_msgs: 4.9.0 (/opt/ros/humble/share/nav_msgs/cmake)
[0.404s] -- Found rclcpp: 16.0.14 (/opt/ros/humble/share/rclcpp/cmake)
[0.424s] -- Found rmw_implementation_cmake: 6.1.2 (/opt/ros/humble/share/rmw_implementation_cmake/cmake)
[0.426s] -- Found rmw_fastrtps_cpp: 6.2.8 (/opt/ros/humble/share/rmw_fastrtps_cpp/cmake)
[0.525s] -- Using RMW implementation 'rmw_fastrtps_cpp' as default
[0.555s] -- Found sensor_msgs: 4.9.0 (/opt/ros/humble/share/sensor_msgs/cmake)
[0.567s] -- Found tf2: 0.25.15 (/opt/ros/humble/share/tf2/cmake)
[0.570s] -- Found tf2_msgs: 0.25.15 (/opt/ros/humble/share/tf2_msgs/cmake)
[0.600s] -- Found turtlebot3_msgs: 2.2.3 (/workspace/turtlebot3_ws/install/turtlebot3_msgs/share/turtlebot3_msgs/cmake)
[0.693s] -- Configuring done
[0.718s] -- Generating done
[0.725s] -- Build files have been written to: /workspace/turtlebot3_ws/build/turtlebot3_fake_node
[0.739s] Invoked command in '/workspace/turtlebot3_ws/build/turtlebot3_fake_node' returned '0': CMAKE_PREFIX_PATH=/workspace/turtlebot3_ws/install/turtlebot3_msgs:/workspace/turtlebot3_ws/install/turtlebot3:/workspace/turtlebot3_ws/install/turtlebot3_simulations:/workspace/turtlebot3_ws/install/turtlebot3_bringup:/workspace/turtlebot3_ws/install/turtlebot3_node:/workspace/turtlebot3_ws/install/turtlebot3_navigation2:/workspace/turtlebot3_ws/install/turtlebot3_fake_node:/workspace/turtlebot3_ws/install/turtlebot3_gazebo:/workspace/turtlebot3_ws/install/turtlebot3_description:/workspace/turtlebot3_ws/install/turtlebot3_cartographer:/workspace/turtlebot3_ws/install/turtlebot3_teleop:/workspace/turtlebot3_ws/install/turtlebot3_example:/opt/ros/humble LD_LIBRARY_PATH=/workspace/turtlebot3_ws/install/turtlebot3_msgs/lib:/usr/lib/x86_64-linux-gnu/gazebo-11/plugins:/opt/ros/humble/opt/rviz_ogre_vendor/lib:/opt/ros/humble/lib/x86_64-linux-gnu:/opt/ros/humble/lib:/usr/lib/x86_64-linux-gnu/gazebo-11/plugins /usr/bin/cmake /workspace/turtlebot3_ws/src/turtlebot3_simulations/turtlebot3_fake_node -DCMAKE_INSTALL_PREFIX=/workspace/turtlebot3_ws/install/turtlebot3_fake_node
[0.739s] Invoking command in '/workspace/turtlebot3_ws/build/turtlebot3_fake_node': CMAKE_PREFIX_PATH=/workspace/turtlebot3_ws/install/turtlebot3_msgs:/workspace/turtlebot3_ws/install/turtlebot3:/workspace/turtlebot3_ws/install/turtlebot3_simulations:/workspace/turtlebot3_ws/install/turtlebot3_bringup:/workspace/turtlebot3_ws/install/turtlebot3_node:/workspace/turtlebot3_ws/install/turtlebot3_navigation2:/workspace/turtlebot3_ws/install/turtlebot3_fake_node:/workspace/turtlebot3_ws/install/turtlebot3_gazebo:/workspace/turtlebot3_ws/install/turtlebot3_description:/workspace/turtlebot3_ws/install/turtlebot3_cartographer:/workspace/turtlebot3_ws/install/turtlebot3_teleop:/workspace/turtlebot3_ws/install/turtlebot3_example:/opt/ros/humble LD_LIBRARY_PATH=/workspace/turtlebot3_ws/install/turtlebot3_msgs/lib:/usr/lib/x86_64-linux-gnu/gazebo-11/plugins:/opt/ros/humble/opt/rviz_ogre_vendor/lib:/opt/ros/humble/lib/x86_64-linux-gnu:/opt/ros/humble/lib:/usr/lib/x86_64-linux-gnu/gazebo-11/plugins /usr/bin/cmake --build /workspace/turtlebot3_ws/build/turtlebot3_fake_node -- -j20 -l20
[0.795s] [35m[1mConsolidate compiler generated dependencies of target turtlebot3_fake_node[0m
[0.823s] [ 50%] [32mBuilding CXX object CMakeFiles/turtlebot3_fake_node.dir/src/turtlebot3_fake_node.cpp.o[0m
[9.393s] [100%] [32m[1mLinking CXX executable turtlebot3_fake_node[0m
[9.817s] [100%] Built target turtlebot3_fake_node
[9.828s] Invoked command in '/workspace/turtlebot3_ws/build/turtlebot3_fake_node' returned '0': CMAKE_PREFIX_PATH=/workspace/turtlebot3_ws/install/turtlebot3_msgs:/workspace/turtlebot3_ws/install/turtlebot3:/workspace/turtlebot3_ws/install/turtlebot3_simulations:/workspace/turtlebot3_ws/install/turtlebot3_bringup:/workspace/turtlebot3_ws/install/turtlebot3_node:/workspace/turtlebot3_ws/install/turtlebot3_navigation2:/workspace/turtlebot3_ws/install/turtlebot3_fake_node:/workspace/turtlebot3_ws/install/turtlebot3_gazebo:/workspace/turtlebot3_ws/install/turtlebot3_description:/workspace/turtlebot3_ws/install/turtlebot3_cartographer:/workspace/turtlebot3_ws/install/turtlebot3_teleop:/workspace/turtlebot3_ws/install/turtlebot3_example:/opt/ros/humble LD_LIBRARY_PATH=/workspace/turtlebot3_ws/install/turtlebot3_msgs/lib:/usr/lib/x86_64-linux-gnu/gazebo-11/plugins:/opt/ros/humble/opt/rviz_ogre_vendor/lib:/opt/ros/humble/lib/x86_64-linux-gnu:/opt/ros/humble/lib:/usr/lib/x86_64-linux-gnu/gazebo-11/plugins /usr/bin/cmake --build /workspace/turtlebot3_ws/build/turtlebot3_fake_node -- -j20 -l20
[9.830s] Invoking command in '/workspace/turtlebot3_ws/build/turtlebot3_fake_node': CMAKE_PREFIX_PATH=/workspace/turtlebot3_ws/install/turtlebot3_msgs:/workspace/turtlebot3_ws/install/turtlebot3:/workspace/turtlebot3_ws/install/turtlebot3_simulations:/workspace/turtlebot3_ws/install/turtlebot3_bringup:/workspace/turtlebot3_ws/install/turtlebot3_node:/workspace/turtlebot3_ws/install/turtlebot3_navigation2:/workspace/turtlebot3_ws/install/turtlebot3_fake_node:/workspace/turtlebot3_ws/install/turtlebot3_gazebo:/workspace/turtlebot3_ws/install/turtlebot3_description:/workspace/turtlebot3_ws/install/turtlebot3_cartographer:/workspace/turtlebot3_ws/install/turtlebot3_teleop:/workspace/turtlebot3_ws/install/turtlebot3_example:/opt/ros/humble LD_LIBRARY_PATH=/workspace/turtlebot3_ws/install/turtlebot3_msgs/lib:/usr/lib/x86_64-linux-gnu/gazebo-11/plugins:/opt/ros/humble/opt/rviz_ogre_vendor/lib:/opt/ros/humble/lib/x86_64-linux-gnu:/opt/ros/humble/lib:/usr/lib/x86_64-linux-gnu/gazebo-11/plugins /usr/bin/cmake --install /workspace/turtlebot3_ws/build/turtlebot3_fake_node
[9.835s] -- Install configuration: ""
[9.836s] -- Execute custom install script
[9.836s] -- Up-to-date symlink: /workspace/turtlebot3_ws/install/turtlebot3_fake_node/lib/turtlebot3_fake_node/turtlebot3_fake_node
[9.836s] -- Up-to-date symlink: /workspace/turtlebot3_ws/install/turtlebot3_fake_node/share/turtlebot3_fake_node/launch/rviz2.launch.py
[9.836s] -- Up-to-date symlink: /workspace/turtlebot3_ws/install/turtlebot3_fake_node/share/turtlebot3_fake_node/launch/turtlebot3_fake_node.launch.py
[9.836s] -- Up-to-date symlink: /workspace/turtlebot3_ws/install/turtlebot3_fake_node/share/turtlebot3_fake_node/param/burger.yaml
[9.837s] -- Up-to-date symlink: /workspace/turtlebot3_ws/install/turtlebot3_fake_node/share/turtlebot3_fake_node/param/waffle.yaml
[9.837s] -- Up-to-date symlink: /workspace/turtlebot3_ws/install/turtlebot3_fake_node/share/turtlebot3_fake_node/param/waffle_pi.yaml
[9.837s] -- Up-to-date symlink: /workspace/turtlebot3_ws/install/turtlebot3_fake_node/include//turtlebot3_fake_node/turtlebot3_fake_node.hpp
[9.837s] -- Up-to-date symlink: /workspace/turtlebot3_ws/install/turtlebot3_fake_node/share/ament_index/resource_index/package_run_dependencies/turtlebot3_fake_node
[9.837s] -- Up-to-date symlink: /workspace/turtlebot3_ws/install/turtlebot3_fake_node/share/ament_index/resource_index/parent_prefix_path/turtlebot3_fake_node
[9.837s] -- Up-to-date symlink: /workspace/turtlebot3_ws/install/turtlebot3_fake_node/share/turtlebot3_fake_node/environment/ament_prefix_path.sh
[9.837s] -- Up-to-date symlink: /workspace/turtlebot3_ws/install/turtlebot3_fake_node/share/turtlebot3_fake_node/environment/ament_prefix_path.dsv
[9.837s] -- Up-to-date symlink: /workspace/turtlebot3_ws/install/turtlebot3_fake_node/share/turtlebot3_fake_node/environment/path.sh
[9.837s] -- Up-to-date symlink: /workspace/turtlebot3_ws/install/turtlebot3_fake_node/share/turtlebot3_fake_node/environment/path.dsv
[9.837s] -- Up-to-date symlink: /workspace/turtlebot3_ws/install/turtlebot3_fake_node/share/turtlebot3_fake_node/local_setup.bash
[9.837s] -- Up-to-date symlink: /workspace/turtlebot3_ws/install/turtlebot3_fake_node/share/turtlebot3_fake_node/local_setup.sh
[9.837s] -- Up-to-date symlink: /workspace/turtlebot3_ws/install/turtlebot3_fake_node/share/turtlebot3_fake_node/local_setup.zsh
[9.837s] -- Up-to-date symlink: /workspace/turtlebot3_ws/install/turtlebot3_fake_node/share/turtlebot3_fake_node/local_setup.dsv
[9.838s] -- Symlinking: /workspace/turtlebot3_ws/install/turtlebot3_fake_node/share/turtlebot3_fake_node/package.dsv
[9.845s] -- Up-to-date symlink: /workspace/turtlebot3_ws/install/turtlebot3_fake_node/share/ament_index/resource_index/packages/turtlebot3_fake_node
[9.845s] -- Up-to-date symlink: /workspace/turtlebot3_ws/install/turtlebot3_fake_node/share/turtlebot3_fake_node/cmake/ament_cmake_export_include_directories-extras.cmake
[9.845s] -- Up-to-date symlink: /workspace/turtlebot3_ws/install/turtlebot3_fake_node/share/turtlebot3_fake_node/cmake/ament_cmake_export_dependencies-extras.cmake
[9.845s] -- Up-to-date symlink: /workspace/turtlebot3_ws/install/turtlebot3_fake_node/share/turtlebot3_fake_node/cmake/turtlebot3_fake_nodeConfig.cmake
[9.845s] -- Up-to-date symlink: /workspace/turtlebot3_ws/install/turtlebot3_fake_node/share/turtlebot3_fake_node/cmake/turtlebot3_fake_nodeConfig-version.cmake
[9.845s] -- Up-to-date symlink: /workspace/turtlebot3_ws/install/turtlebot3_fake_node/share/turtlebot3_fake_node/package.xml
[9.848s] Invoked command in '/workspace/turtlebot3_ws/build/turtlebot3_fake_node' returned '0': CMAKE_PREFIX_PATH=/workspace/turtlebot3_ws/install/turtlebot3_msgs:/workspace/turtlebot3_ws/install/turtlebot3:/workspace/turtlebot3_ws/install/turtlebot3_simulations:/workspace/turtlebot3_ws/install/turtlebot3_bringup:/workspace/turtlebot3_ws/install/turtlebot3_node:/workspace/turtlebot3_ws/install/turtlebot3_navigation2:/workspace/turtlebot3_ws/install/turtlebot3_fake_node:/workspace/turtlebot3_ws/install/turtlebot3_gazebo:/workspace/turtlebot3_ws/install/turtlebot3_description:/workspace/turtlebot3_ws/install/turtlebot3_cartographer:/workspace/turtlebot3_ws/install/turtlebot3_teleop:/workspace/turtlebot3_ws/install/turtlebot3_example:/opt/ros/humble LD_LIBRARY_PATH=/workspace/turtlebot3_ws/install/turtlebot3_msgs/lib:/usr/lib/x86_64-linux-gnu/gazebo-11/plugins:/opt/ros/humble/opt/rviz_ogre_vendor/lib:/opt/ros/humble/lib/x86_64-linux-gnu:/opt/ros/humble/lib:/usr/lib/x86_64-linux-gnu/gazebo-11/plugins /usr/bin/cmake --install /workspace/turtlebot3_ws/build/turtlebot3_fake_node
