[0.141s] DEBUG:colcon:Command line arguments: ['/usr/bin/colcon', 'build', '--symlink-install']
[0.142s] DEBUG:colcon:Parsed command line arguments: Namespace(log_base=None, log_level=None, verb_name='build', build_base='build', install_base='install', merge_install=False, symlink_install=True, test_result_base=None, continue_on_error=False, executor='parallel', parallel_workers=20, event_handlers=None, ignore_user_meta=False, metas=['./colcon.meta'], base_paths=['.'], packages_ignore=None, packages_ignore_regex=None, paths=None, packages_up_to=None, packages_up_to_regex=None, packages_above=None, packages_above_and_dependencies=None, packages_above_depth=None, packages_select_by_dep=None, packages_skip_by_dep=None, packages_skip_up_to=None, packages_select_build_failed=False, packages_skip_build_finished=False, packages_select_test_failures=False, packages_skip_test_passed=False, packages_select=None, packages_skip=None, packages_select_regex=None, packages_skip_regex=None, packages_start=None, packages_end=None, cmake_args=None, cmake_target=None, cmake_target_skip_unavailable=False, cmake_clean_cache=False, cmake_clean_first=False, cmake_force_configure=False, ament_cmake_args=None, catkin_cmake_args=None, catkin_skip_building_tests=False, mixin_files=None, mixin=None, verb_parser=<colcon_mixin.mixin.mixin_argument.MixinArgumentDecorator object at 0x7a89f5119b40>, verb_extension=<colcon_core.verb.build.BuildVerb object at 0x7a89f52a6a70>, main=<bound method BuildVerb.main of <colcon_core.verb.build.BuildVerb object at 0x7a89f52a6a70>>, mixin_verb=('build',))
[0.329s] Level 1:colcon.colcon_core.package_discovery:discover_packages(colcon_meta) check parameters
[0.329s] Level 1:colcon.colcon_core.package_discovery:discover_packages(recursive) check parameters
[0.329s] Level 1:colcon.colcon_core.package_discovery:discover_packages(ignore) check parameters
[0.329s] Level 1:colcon.colcon_core.package_discovery:discover_packages(path) check parameters
[0.330s] Level 1:colcon.colcon_core.package_discovery:discover_packages(colcon_meta) discover
[0.330s] Level 1:colcon.colcon_core.package_discovery:discover_packages(recursive) discover
[0.330s] INFO:colcon.colcon_core.package_discovery:Crawling recursively for packages in '/workspace/tors_ws'
[0.330s] Level 1:colcon.colcon_core.package_identification:_identify(.) by extensions ['ignore', 'ignore_ament_install']
[0.330s] Level 1:colcon.colcon_core.package_identification:_identify(.) by extension 'ignore'
[0.330s] Level 1:colcon.colcon_core.package_identification:_identify(.) by extension 'ignore_ament_install'
[0.330s] Level 1:colcon.colcon_core.package_identification:_identify(.) by extensions ['colcon_pkg']
[0.330s] Level 1:colcon.colcon_core.package_identification:_identify(.) by extension 'colcon_pkg'
[0.330s] Level 1:colcon.colcon_core.package_identification:_identify(.) by extensions ['colcon_meta']
[0.330s] Level 1:colcon.colcon_core.package_identification:_identify(.) by extension 'colcon_meta'
[0.330s] Level 1:colcon.colcon_core.package_identification:_identify(.) by extensions ['ros']
[0.330s] Level 1:colcon.colcon_core.package_identification:_identify(.) by extension 'ros'
[0.345s] Level 1:colcon.colcon_core.package_identification:_identify(.) by extensions ['cmake', 'python']
[0.345s] Level 1:colcon.colcon_core.package_identification:_identify(.) by extension 'cmake'
[0.345s] Level 1:colcon.colcon_core.package_identification:_identify(.) by extension 'python'
[0.345s] Level 1:colcon.colcon_core.package_identification:_identify(.) by extensions ['python_setup_py']
[0.345s] Level 1:colcon.colcon_core.package_identification:_identify(.) by extension 'python_setup_py'
[0.346s] Level 1:colcon.colcon_core.package_identification:_identify(build) by extensions ['ignore', 'ignore_ament_install']
[0.346s] Level 1:colcon.colcon_core.package_identification:_identify(build) by extension 'ignore'
[0.346s] Level 1:colcon.colcon_core.package_identification:_identify(build) ignored
[0.346s] Level 1:colcon.colcon_core.package_identification:_identify(install) by extensions ['ignore', 'ignore_ament_install']
[0.346s] Level 1:colcon.colcon_core.package_identification:_identify(install) by extension 'ignore'
[0.346s] Level 1:colcon.colcon_core.package_identification:_identify(install) ignored
[0.346s] Level 1:colcon.colcon_core.package_identification:_identify(log) by extensions ['ignore', 'ignore_ament_install']
[0.346s] Level 1:colcon.colcon_core.package_identification:_identify(log) by extension 'ignore'
[0.346s] Level 1:colcon.colcon_core.package_identification:_identify(log) ignored
[0.346s] Level 1:colcon.colcon_core.package_identification:_identify(src) by extensions ['ignore', 'ignore_ament_install']
[0.347s] Level 1:colcon.colcon_core.package_identification:_identify(src) by extension 'ignore'
[0.347s] Level 1:colcon.colcon_core.package_identification:_identify(src) by extension 'ignore_ament_install'
[0.347s] Level 1:colcon.colcon_core.package_identification:_identify(src) by extensions ['colcon_pkg']
[0.347s] Level 1:colcon.colcon_core.package_identification:_identify(src) by extension 'colcon_pkg'
[0.347s] Level 1:colcon.colcon_core.package_identification:_identify(src) by extensions ['colcon_meta']
[0.347s] Level 1:colcon.colcon_core.package_identification:_identify(src) by extension 'colcon_meta'
[0.347s] Level 1:colcon.colcon_core.package_identification:_identify(src) by extensions ['ros']
[0.347s] Level 1:colcon.colcon_core.package_identification:_identify(src) by extension 'ros'
[0.347s] Level 1:colcon.colcon_core.package_identification:_identify(src) by extensions ['cmake', 'python']
[0.347s] Level 1:colcon.colcon_core.package_identification:_identify(src) by extension 'cmake'
[0.347s] Level 1:colcon.colcon_core.package_identification:_identify(src) by extension 'python'
[0.347s] Level 1:colcon.colcon_core.package_identification:_identify(src) by extensions ['python_setup_py']
[0.347s] Level 1:colcon.colcon_core.package_identification:_identify(src) by extension 'python_setup_py'
[0.347s] Level 1:colcon.colcon_core.package_identification:_identify(src/pos_control) by extensions ['ignore', 'ignore_ament_install']
[0.347s] Level 1:colcon.colcon_core.package_identification:_identify(src/pos_control) by extension 'ignore'
[0.348s] Level 1:colcon.colcon_core.package_identification:_identify(src/pos_control) by extension 'ignore_ament_install'
[0.348s] Level 1:colcon.colcon_core.package_identification:_identify(src/pos_control) by extensions ['colcon_pkg']
[0.348s] Level 1:colcon.colcon_core.package_identification:_identify(src/pos_control) by extension 'colcon_pkg'
[0.348s] Level 1:colcon.colcon_core.package_identification:_identify(src/pos_control) by extensions ['colcon_meta']
[0.348s] Level 1:colcon.colcon_core.package_identification:_identify(src/pos_control) by extension 'colcon_meta'
[0.348s] Level 1:colcon.colcon_core.package_identification:_identify(src/pos_control) by extensions ['ros']
[0.348s] Level 1:colcon.colcon_core.package_identification:_identify(src/pos_control) by extension 'ros'
[0.351s] DEBUG:colcon.colcon_core.package_identification:Package 'src/pos_control' with type 'ros.ament_python' and name 'pos_control'
[0.351s] Level 1:colcon.colcon_core.package_identification:_identify(src/table_order) by extensions ['ignore', 'ignore_ament_install']
[0.351s] Level 1:colcon.colcon_core.package_identification:_identify(src/table_order) by extension 'ignore'
[0.351s] Level 1:colcon.colcon_core.package_identification:_identify(src/table_order) by extension 'ignore_ament_install'
[0.351s] Level 1:colcon.colcon_core.package_identification:_identify(src/table_order) by extensions ['colcon_pkg']
[0.351s] Level 1:colcon.colcon_core.package_identification:_identify(src/table_order) by extension 'colcon_pkg'
[0.351s] Level 1:colcon.colcon_core.package_identification:_identify(src/table_order) by extensions ['colcon_meta']
[0.351s] Level 1:colcon.colcon_core.package_identification:_identify(src/table_order) by extension 'colcon_meta'
[0.351s] Level 1:colcon.colcon_core.package_identification:_identify(src/table_order) by extensions ['ros']
[0.351s] Level 1:colcon.colcon_core.package_identification:_identify(src/table_order) by extension 'ros'
[0.352s] DEBUG:colcon.colcon_core.package_identification:Package 'src/table_order' with type 'ros.ament_python' and name 'table_order'
[0.352s] Level 1:colcon.colcon_core.package_identification:_identify(src/tors_interfaces) by extensions ['ignore', 'ignore_ament_install']
[0.353s] Level 1:colcon.colcon_core.package_identification:_identify(src/tors_interfaces) by extension 'ignore'
[0.353s] Level 1:colcon.colcon_core.package_identification:_identify(src/tors_interfaces) by extension 'ignore_ament_install'
[0.353s] Level 1:colcon.colcon_core.package_identification:_identify(src/tors_interfaces) by extensions ['colcon_pkg']
[0.353s] Level 1:colcon.colcon_core.package_identification:_identify(src/tors_interfaces) by extension 'colcon_pkg'
[0.353s] Level 1:colcon.colcon_core.package_identification:_identify(src/tors_interfaces) by extensions ['colcon_meta']
[0.353s] Level 1:colcon.colcon_core.package_identification:_identify(src/tors_interfaces) by extension 'colcon_meta'
[0.353s] Level 1:colcon.colcon_core.package_identification:_identify(src/tors_interfaces) by extensions ['ros']
[0.353s] Level 1:colcon.colcon_core.package_identification:_identify(src/tors_interfaces) by extension 'ros'
[0.354s] DEBUG:colcon.colcon_core.package_identification:Package 'src/tors_interfaces' with type 'ros.ament_cmake' and name 'tors_interfaces'
[0.354s] Level 1:colcon.colcon_core.package_discovery:discover_packages(recursive) using defaults
[0.354s] Level 1:colcon.colcon_core.package_discovery:discover_packages(ignore) discover
[0.354s] Level 1:colcon.colcon_core.package_discovery:discover_packages(ignore) using defaults
[0.354s] Level 1:colcon.colcon_core.package_discovery:discover_packages(path) discover
[0.354s] Level 1:colcon.colcon_core.package_discovery:discover_packages(path) using defaults
[0.384s] Level 5:colcon.colcon_core.verb:set package 'tors_interfaces' build argument 'cmake_args' from command line to 'None'
[0.384s] Level 5:colcon.colcon_core.verb:set package 'tors_interfaces' build argument 'cmake_target' from command line to 'None'
[0.384s] Level 5:colcon.colcon_core.verb:set package 'tors_interfaces' build argument 'cmake_target_skip_unavailable' from command line to 'False'
[0.384s] Level 5:colcon.colcon_core.verb:set package 'tors_interfaces' build argument 'cmake_clean_cache' from command line to 'False'
[0.384s] Level 5:colcon.colcon_core.verb:set package 'tors_interfaces' build argument 'cmake_clean_first' from command line to 'False'
[0.384s] Level 5:colcon.colcon_core.verb:set package 'tors_interfaces' build argument 'cmake_force_configure' from command line to 'False'
[0.384s] Level 5:colcon.colcon_core.verb:set package 'tors_interfaces' build argument 'ament_cmake_args' from command line to 'None'
[0.384s] Level 5:colcon.colcon_core.verb:set package 'tors_interfaces' build argument 'catkin_cmake_args' from command line to 'None'
[0.384s] Level 5:colcon.colcon_core.verb:set package 'tors_interfaces' build argument 'catkin_skip_building_tests' from command line to 'False'
[0.384s] DEBUG:colcon.colcon_core.verb:Building package 'tors_interfaces' with the following arguments: {'ament_cmake_args': None, 'build_base': '/workspace/tors_ws/build/tors_interfaces', 'catkin_cmake_args': None, 'catkin_skip_building_tests': False, 'cmake_args': None, 'cmake_clean_cache': False, 'cmake_clean_first': False, 'cmake_force_configure': False, 'cmake_target': None, 'cmake_target_skip_unavailable': False, 'install_base': '/workspace/tors_ws/install/tors_interfaces', 'merge_install': False, 'path': '/workspace/tors_ws/src/tors_interfaces', 'symlink_install': True, 'test_result_base': None}
[0.385s] Level 5:colcon.colcon_core.verb:set package 'pos_control' build argument 'cmake_args' from command line to 'None'
[0.385s] Level 5:colcon.colcon_core.verb:set package 'pos_control' build argument 'cmake_target' from command line to 'None'
[0.385s] Level 5:colcon.colcon_core.verb:set package 'pos_control' build argument 'cmake_target_skip_unavailable' from command line to 'False'
[0.385s] Level 5:colcon.colcon_core.verb:set package 'pos_control' build argument 'cmake_clean_cache' from command line to 'False'
[0.385s] Level 5:colcon.colcon_core.verb:set package 'pos_control' build argument 'cmake_clean_first' from command line to 'False'
[0.385s] Level 5:colcon.colcon_core.verb:set package 'pos_control' build argument 'cmake_force_configure' from command line to 'False'
[0.385s] Level 5:colcon.colcon_core.verb:set package 'pos_control' build argument 'ament_cmake_args' from command line to 'None'
[0.385s] Level 5:colcon.colcon_core.verb:set package 'pos_control' build argument 'catkin_cmake_args' from command line to 'None'
[0.385s] Level 5:colcon.colcon_core.verb:set package 'pos_control' build argument 'catkin_skip_building_tests' from command line to 'False'
[0.385s] DEBUG:colcon.colcon_core.verb:Building package 'pos_control' with the following arguments: {'ament_cmake_args': None, 'build_base': '/workspace/tors_ws/build/pos_control', 'catkin_cmake_args': None, 'catkin_skip_building_tests': False, 'cmake_args': None, 'cmake_clean_cache': False, 'cmake_clean_first': False, 'cmake_force_configure': False, 'cmake_target': None, 'cmake_target_skip_unavailable': False, 'install_base': '/workspace/tors_ws/install/pos_control', 'merge_install': False, 'path': '/workspace/tors_ws/src/pos_control', 'symlink_install': True, 'test_result_base': None}
[0.386s] Level 5:colcon.colcon_core.verb:set package 'table_order' build argument 'cmake_args' from command line to 'None'
[0.386s] Level 5:colcon.colcon_core.verb:set package 'table_order' build argument 'cmake_target' from command line to 'None'
[0.386s] Level 5:colcon.colcon_core.verb:set package 'table_order' build argument 'cmake_target_skip_unavailable' from command line to 'False'
[0.386s] Level 5:colcon.colcon_core.verb:set package 'table_order' build argument 'cmake_clean_cache' from command line to 'False'
[0.386s] Level 5:colcon.colcon_core.verb:set package 'table_order' build argument 'cmake_clean_first' from command line to 'False'
[0.386s] Level 5:colcon.colcon_core.verb:set package 'table_order' build argument 'cmake_force_configure' from command line to 'False'
[0.386s] Level 5:colcon.colcon_core.verb:set package 'table_order' build argument 'ament_cmake_args' from command line to 'None'
[0.386s] Level 5:colcon.colcon_core.verb:set package 'table_order' build argument 'catkin_cmake_args' from command line to 'None'
[0.386s] Level 5:colcon.colcon_core.verb:set package 'table_order' build argument 'catkin_skip_building_tests' from command line to 'False'
[0.386s] DEBUG:colcon.colcon_core.verb:Building package 'table_order' with the following arguments: {'ament_cmake_args': None, 'build_base': '/workspace/tors_ws/build/table_order', 'catkin_cmake_args': None, 'catkin_skip_building_tests': False, 'cmake_args': None, 'cmake_clean_cache': False, 'cmake_clean_first': False, 'cmake_force_configure': False, 'cmake_target': None, 'cmake_target_skip_unavailable': False, 'install_base': '/workspace/tors_ws/install/table_order', 'merge_install': False, 'path': '/workspace/tors_ws/src/table_order', 'symlink_install': True, 'test_result_base': None}
[0.386s] INFO:colcon.colcon_core.executor:Executing jobs using 'parallel' executor
[0.391s] DEBUG:colcon.colcon_parallel_executor.executor.parallel:run_until_complete
[0.391s] INFO:colcon.colcon_ros.task.ament_cmake.build:Building ROS package in '/workspace/tors_ws/src/tors_interfaces' with build type 'ament_cmake'
[0.391s] INFO:colcon.colcon_cmake.task.cmake.build:Building CMake package in '/workspace/tors_ws/src/tors_interfaces'
[0.394s] INFO:colcon.colcon_core.plugin_system:Skipping extension 'colcon_core.shell.bat': Not used on non-Windows systems
[0.395s] INFO:colcon.colcon_core.shell:Skip shell extension 'powershell' for command environment: Not usable outside of PowerShell
[0.395s] DEBUG:colcon.colcon_core.shell:Skip shell extension 'dsv' for command environment
[0.407s] DEBUG:colcon.colcon_core.event_handler.log_command:Invoking command in '/workspace/tors_ws/build/tors_interfaces': CMAKE_PREFIX_PATH=${CMAKE_PREFIX_PATH}:/workspace/tors_ws/install/table_order:/workspace/tors_ws/install/pos_control:/workspace/turtlebot3_ws/install/turtlebot3_teleop:/workspace/turtlebot3_ws/install/turtlebot3_example:/opt/ros/humble /usr/bin/cmake --build /workspace/tors_ws/build/tors_interfaces -- -j20 -l20
[1.104s] DEBUG:colcon.colcon_core.event_handler.log_command:Invoked command in '/workspace/tors_ws/build/tors_interfaces' returned '0': CMAKE_PREFIX_PATH=${CMAKE_PREFIX_PATH}:/workspace/tors_ws/install/table_order:/workspace/tors_ws/install/pos_control:/workspace/turtlebot3_ws/install/turtlebot3_teleop:/workspace/turtlebot3_ws/install/turtlebot3_example:/opt/ros/humble /usr/bin/cmake --build /workspace/tors_ws/build/tors_interfaces -- -j20 -l20
[1.114s] DEBUG:colcon.colcon_core.event_handler.log_command:Invoking command in '/workspace/tors_ws/build/tors_interfaces': CMAKE_PREFIX_PATH=${CMAKE_PREFIX_PATH}:/workspace/tors_ws/install/table_order:/workspace/tors_ws/install/pos_control:/workspace/turtlebot3_ws/install/turtlebot3_teleop:/workspace/turtlebot3_ws/install/turtlebot3_example:/opt/ros/humble /usr/bin/cmake --install /workspace/tors_ws/build/tors_interfaces
[1.197s] Level 1:colcon.colcon_core.environment:create_environment_scripts_only(tors_interfaces)
[1.198s] DEBUG:colcon.colcon_core.event_handler.log_command:Invoked command in '/workspace/tors_ws/build/tors_interfaces' returned '0': CMAKE_PREFIX_PATH=${CMAKE_PREFIX_PATH}:/workspace/tors_ws/install/table_order:/workspace/tors_ws/install/pos_control:/workspace/turtlebot3_ws/install/turtlebot3_teleop:/workspace/turtlebot3_ws/install/turtlebot3_example:/opt/ros/humble /usr/bin/cmake --install /workspace/tors_ws/build/tors_interfaces
[1.200s] Level 1:colcon.colcon_core.environment:checking '/workspace/tors_ws/install/tors_interfaces' for CMake module files
[1.201s] Level 1:colcon.colcon_core.environment:checking '/workspace/tors_ws/install/tors_interfaces' for CMake config files
[1.201s] Level 1:colcon.colcon_core.shell:create_environment_hook('tors_interfaces', 'cmake_prefix_path')
[1.202s] INFO:colcon.colcon_core.shell:Creating environment hook '/workspace/tors_ws/install/tors_interfaces/share/tors_interfaces/hook/cmake_prefix_path.ps1'
[1.202s] INFO:colcon.colcon_core.shell:Creating environment descriptor '/workspace/tors_ws/install/tors_interfaces/share/tors_interfaces/hook/cmake_prefix_path.dsv'
[1.203s] INFO:colcon.colcon_core.shell:Creating environment hook '/workspace/tors_ws/install/tors_interfaces/share/tors_interfaces/hook/cmake_prefix_path.sh'
[1.204s] Level 1:colcon.colcon_core.environment:checking '/workspace/tors_ws/install/tors_interfaces/lib'
[1.204s] Level 1:colcon.colcon_core.shell:create_environment_hook('tors_interfaces', 'ld_library_path_lib')
[1.204s] INFO:colcon.colcon_core.shell:Creating environment hook '/workspace/tors_ws/install/tors_interfaces/share/tors_interfaces/hook/ld_library_path_lib.ps1'
[1.205s] INFO:colcon.colcon_core.shell:Creating environment descriptor '/workspace/tors_ws/install/tors_interfaces/share/tors_interfaces/hook/ld_library_path_lib.dsv'
[1.205s] INFO:colcon.colcon_core.shell:Creating environment hook '/workspace/tors_ws/install/tors_interfaces/share/tors_interfaces/hook/ld_library_path_lib.sh'
[1.205s] Level 1:colcon.colcon_core.environment:checking '/workspace/tors_ws/install/tors_interfaces/bin'
[1.206s] Level 1:colcon.colcon_core.environment:checking '/workspace/tors_ws/install/tors_interfaces/lib/pkgconfig/tors_interfaces.pc'
[1.208s] Level 1:colcon.colcon_core.environment:checking '/workspace/tors_ws/install/tors_interfaces/lib/python3.10/site-packages'
[1.208s] Level 1:colcon.colcon_core.environment:checking '/workspace/tors_ws/install/tors_interfaces/bin'
[1.208s] INFO:colcon.colcon_core.shell:Creating package script '/workspace/tors_ws/install/tors_interfaces/share/tors_interfaces/package.ps1'
[1.209s] INFO:colcon.colcon_core.shell:Creating package descriptor '/workspace/tors_ws/install/tors_interfaces/share/tors_interfaces/package.dsv'
[1.210s] INFO:colcon.colcon_core.shell:Creating package script '/workspace/tors_ws/install/tors_interfaces/share/tors_interfaces/package.sh'
[1.211s] INFO:colcon.colcon_core.shell:Creating package script '/workspace/tors_ws/install/tors_interfaces/share/tors_interfaces/package.bash'
[1.211s] INFO:colcon.colcon_core.shell:Creating package script '/workspace/tors_ws/install/tors_interfaces/share/tors_interfaces/package.zsh'
[1.212s] Level 1:colcon.colcon_core.environment:create_file_with_runtime_dependencies(/workspace/tors_ws/install/tors_interfaces/share/colcon-core/packages/tors_interfaces)
[1.213s] Level 1:colcon.colcon_core.environment:create_environment_scripts_only(tors_interfaces)
[1.213s] Level 1:colcon.colcon_core.environment:checking '/workspace/tors_ws/install/tors_interfaces' for CMake module files
[1.214s] Level 1:colcon.colcon_core.environment:checking '/workspace/tors_ws/install/tors_interfaces' for CMake config files
[1.214s] Level 1:colcon.colcon_core.shell:create_environment_hook('tors_interfaces', 'cmake_prefix_path')
[1.214s] INFO:colcon.colcon_core.shell:Creating environment hook '/workspace/tors_ws/install/tors_interfaces/share/tors_interfaces/hook/cmake_prefix_path.ps1'
[1.215s] INFO:colcon.colcon_core.shell:Creating environment descriptor '/workspace/tors_ws/install/tors_interfaces/share/tors_interfaces/hook/cmake_prefix_path.dsv'
[1.215s] INFO:colcon.colcon_core.shell:Creating environment hook '/workspace/tors_ws/install/tors_interfaces/share/tors_interfaces/hook/cmake_prefix_path.sh'
[1.216s] Level 1:colcon.colcon_core.environment:checking '/workspace/tors_ws/install/tors_interfaces/lib'
[1.216s] Level 1:colcon.colcon_core.shell:create_environment_hook('tors_interfaces', 'ld_library_path_lib')
[1.216s] INFO:colcon.colcon_core.shell:Creating environment hook '/workspace/tors_ws/install/tors_interfaces/share/tors_interfaces/hook/ld_library_path_lib.ps1'
[1.217s] INFO:colcon.colcon_core.shell:Creating environment descriptor '/workspace/tors_ws/install/tors_interfaces/share/tors_interfaces/hook/ld_library_path_lib.dsv'
[1.217s] INFO:colcon.colcon_core.shell:Creating environment hook '/workspace/tors_ws/install/tors_interfaces/share/tors_interfaces/hook/ld_library_path_lib.sh'
[1.217s] Level 1:colcon.colcon_core.environment:checking '/workspace/tors_ws/install/tors_interfaces/bin'
[1.217s] Level 1:colcon.colcon_core.environment:checking '/workspace/tors_ws/install/tors_interfaces/lib/pkgconfig/tors_interfaces.pc'
[1.218s] Level 1:colcon.colcon_core.environment:checking '/workspace/tors_ws/install/tors_interfaces/lib/python3.10/site-packages'
[1.218s] Level 1:colcon.colcon_core.environment:checking '/workspace/tors_ws/install/tors_interfaces/bin'
[1.218s] INFO:colcon.colcon_core.shell:Creating package script '/workspace/tors_ws/install/tors_interfaces/share/tors_interfaces/package.ps1'
[1.219s] INFO:colcon.colcon_core.shell:Creating package descriptor '/workspace/tors_ws/install/tors_interfaces/share/tors_interfaces/package.dsv'
[1.219s] INFO:colcon.colcon_core.shell:Creating package script '/workspace/tors_ws/install/tors_interfaces/share/tors_interfaces/package.sh'
[1.220s] INFO:colcon.colcon_core.shell:Creating package script '/workspace/tors_ws/install/tors_interfaces/share/tors_interfaces/package.bash'
[1.220s] INFO:colcon.colcon_core.shell:Creating package script '/workspace/tors_ws/install/tors_interfaces/share/tors_interfaces/package.zsh'
[1.220s] Level 1:colcon.colcon_core.environment:create_file_with_runtime_dependencies(/workspace/tors_ws/install/tors_interfaces/share/colcon-core/packages/tors_interfaces)
[1.221s] INFO:colcon.colcon_ros.task.ament_python.build:Building ROS package in '/workspace/tors_ws/src/pos_control' with build type 'ament_python'
[1.221s] Level 1:colcon.colcon_core.shell:create_environment_hook('pos_control', 'ament_prefix_path')
[1.222s] INFO:colcon.colcon_core.shell:Creating environment hook '/workspace/tors_ws/install/pos_control/share/pos_control/hook/ament_prefix_path.ps1'
[1.222s] INFO:colcon.colcon_core.shell:Creating environment descriptor '/workspace/tors_ws/install/pos_control/share/pos_control/hook/ament_prefix_path.dsv'
[1.222s] INFO:colcon.colcon_core.shell:Creating environment hook '/workspace/tors_ws/install/pos_control/share/pos_control/hook/ament_prefix_path.sh'
[1.223s] INFO:colcon.colcon_core.shell:Skip shell extension 'powershell' for command environment: Not usable outside of PowerShell
[1.223s] DEBUG:colcon.colcon_core.shell:Skip shell extension 'dsv' for command environment
[1.231s] INFO:colcon.colcon_ros.task.ament_python.build:Building ROS package in '/workspace/tors_ws/src/table_order' with build type 'ament_python'
[1.231s] Level 1:colcon.colcon_core.shell:create_environment_hook('table_order', 'ament_prefix_path')
[1.232s] INFO:colcon.colcon_core.shell:Creating environment hook '/workspace/tors_ws/install/table_order/share/table_order/hook/ament_prefix_path.ps1'
[1.234s] INFO:colcon.colcon_core.shell:Creating environment descriptor '/workspace/tors_ws/install/table_order/share/table_order/hook/ament_prefix_path.dsv'
[1.238s] INFO:colcon.colcon_core.shell:Creating environment hook '/workspace/tors_ws/install/table_order/share/table_order/hook/ament_prefix_path.sh'
[1.238s] INFO:colcon.colcon_core.shell:Skip shell extension 'powershell' for command environment: Not usable outside of PowerShell
[1.238s] DEBUG:colcon.colcon_core.shell:Skip shell extension 'dsv' for command environment
[1.515s] INFO:colcon.colcon_core.task.python.build:Building Python package in '/workspace/tors_ws/src/pos_control'
[1.515s] INFO:colcon.colcon_core.shell:Skip shell extension 'powershell' for command environment: Not usable outside of PowerShell
[1.515s] DEBUG:colcon.colcon_core.shell:Skip shell extension 'dsv' for command environment
[1.754s] INFO:colcon.colcon_core.task.python.build:Building Python package in '/workspace/tors_ws/src/table_order'
[1.754s] INFO:colcon.colcon_core.shell:Skip shell extension 'powershell' for command environment: Not usable outside of PowerShell
[1.754s] DEBUG:colcon.colcon_core.shell:Skip shell extension 'dsv' for command environment
[2.184s] DEBUG:colcon.colcon_core.event_handler.log_command:Invoking command in '/workspace/tors_ws/build/pos_control': LD_LIBRARY_PATH=/workspace/tors_ws/install/tors_interfaces/lib:/workspace/turtlebot3_ws/install/turtlebot3_msgs/lib:/usr/lib/x86_64-linux-gnu/gazebo-11/plugins:/opt/ros/humble/opt/rviz_ogre_vendor/lib:/opt/ros/humble/lib/x86_64-linux-gnu:/opt/ros/humble/lib:/usr/lib/x86_64-linux-gnu/gazebo-11/plugins PYTHONPATH=/workspace/tors_ws/build/pos_control/prefix_override:/usr/lib/python3/dist-packages/colcon_core/task/python/colcon_distutils_commands:/workspace/tors_ws/install/pos_control/lib/python3.10/site-packages:${PYTHONPATH} /usr/bin/python3 -W ignore:setup.py install is deprecated -W ignore:easy_install command is deprecated setup.py develop --editable --build-directory /workspace/tors_ws/build/pos_control/build --no-deps symlink_data
[2.190s] DEBUG:colcon.colcon_core.event_handler.log_command:Invoking command in '/workspace/tors_ws/build/table_order': LD_LIBRARY_PATH=/workspace/tors_ws/install/tors_interfaces/lib:/workspace/turtlebot3_ws/install/turtlebot3_msgs/lib:/usr/lib/x86_64-linux-gnu/gazebo-11/plugins:/opt/ros/humble/opt/rviz_ogre_vendor/lib:/opt/ros/humble/lib/x86_64-linux-gnu:/opt/ros/humble/lib:/usr/lib/x86_64-linux-gnu/gazebo-11/plugins PYTHONPATH=/workspace/tors_ws/build/table_order/prefix_override:/usr/lib/python3/dist-packages/colcon_core/task/python/colcon_distutils_commands:/workspace/tors_ws/install/table_order/lib/python3.10/site-packages:${PYTHONPATH} /usr/bin/python3 -W ignore:setup.py install is deprecated -W ignore:easy_install command is deprecated setup.py develop --editable --build-directory /workspace/tors_ws/build/table_order/build --no-deps symlink_data
[2.654s] Level 1:colcon.colcon_core.shell:create_environment_hook('pos_control', 'pythonpath_develop')
[2.654s] INFO:colcon.colcon_core.shell:Creating environment hook '/workspace/tors_ws/build/pos_control/share/pos_control/hook/pythonpath_develop.ps1'
[2.655s] INFO:colcon.colcon_core.shell:Creating environment descriptor '/workspace/tors_ws/build/pos_control/share/pos_control/hook/pythonpath_develop.dsv'
[2.655s] INFO:colcon.colcon_core.shell:Creating environment hook '/workspace/tors_ws/build/pos_control/share/pos_control/hook/pythonpath_develop.sh'
[2.656s] Level 1:colcon.colcon_core.environment:checking '/workspace/tors_ws/install/pos_control' for CMake module files
[2.656s] Level 1:colcon.colcon_core.environment:checking '/workspace/tors_ws/install/pos_control' for CMake config files
[2.657s] Level 1:colcon.colcon_core.environment:checking '/workspace/tors_ws/install/pos_control/lib'
[2.657s] Level 1:colcon.colcon_core.environment:checking '/workspace/tors_ws/install/pos_control/bin'
[2.657s] Level 1:colcon.colcon_core.environment:checking '/workspace/tors_ws/install/pos_control/lib/pkgconfig/pos_control.pc'
[2.657s] Level 1:colcon.colcon_core.environment:checking '/workspace/tors_ws/install/pos_control/lib/python3.10/site-packages'
[2.657s] Level 1:colcon.colcon_core.shell:create_environment_hook('pos_control', 'pythonpath')
[2.657s] INFO:colcon.colcon_core.shell:Creating environment hook '/workspace/tors_ws/install/pos_control/share/pos_control/hook/pythonpath.ps1'
[2.658s] DEBUG:colcon.colcon_core.event_handler.log_command:Invoked command in '/workspace/tors_ws/build/pos_control' returned '0': LD_LIBRARY_PATH=/workspace/tors_ws/install/tors_interfaces/lib:/workspace/turtlebot3_ws/install/turtlebot3_msgs/lib:/usr/lib/x86_64-linux-gnu/gazebo-11/plugins:/opt/ros/humble/opt/rviz_ogre_vendor/lib:/opt/ros/humble/lib/x86_64-linux-gnu:/opt/ros/humble/lib:/usr/lib/x86_64-linux-gnu/gazebo-11/plugins PYTHONPATH=/workspace/tors_ws/build/pos_control/prefix_override:/usr/lib/python3/dist-packages/colcon_core/task/python/colcon_distutils_commands:/workspace/tors_ws/install/pos_control/lib/python3.10/site-packages:${PYTHONPATH} /usr/bin/python3 -W ignore:setup.py install is deprecated -W ignore:easy_install command is deprecated setup.py develop --editable --build-directory /workspace/tors_ws/build/pos_control/build --no-deps symlink_data
[2.658s] INFO:colcon.colcon_core.shell:Creating environment descriptor '/workspace/tors_ws/install/pos_control/share/pos_control/hook/pythonpath.dsv'
[2.659s] INFO:colcon.colcon_core.shell:Creating environment hook '/workspace/tors_ws/install/pos_control/share/pos_control/hook/pythonpath.sh'
[2.659s] Level 1:colcon.colcon_core.environment:checking '/workspace/tors_ws/install/pos_control/bin'
[2.659s] Level 1:colcon.colcon_core.environment:create_environment_scripts_only(pos_control)
[2.659s] INFO:colcon.colcon_core.shell:Creating package script '/workspace/tors_ws/install/pos_control/share/pos_control/package.ps1'
[2.660s] INFO:colcon.colcon_core.shell:Creating package descriptor '/workspace/tors_ws/install/pos_control/share/pos_control/package.dsv'
[2.660s] INFO:colcon.colcon_core.shell:Creating package script '/workspace/tors_ws/install/pos_control/share/pos_control/package.sh'
[2.661s] INFO:colcon.colcon_core.shell:Creating package script '/workspace/tors_ws/install/pos_control/share/pos_control/package.bash'
[2.661s] INFO:colcon.colcon_core.shell:Creating package script '/workspace/tors_ws/install/pos_control/share/pos_control/package.zsh'
[2.662s] Level 1:colcon.colcon_core.environment:create_file_with_runtime_dependencies(/workspace/tors_ws/install/pos_control/share/colcon-core/packages/pos_control)
[2.663s] Level 1:colcon.colcon_core.shell:create_environment_hook('table_order', 'pythonpath_develop')
[2.663s] DEBUG:colcon.colcon_core.event_handler.log_command:Invoked command in '/workspace/tors_ws/build/table_order' returned '0': LD_LIBRARY_PATH=/workspace/tors_ws/install/tors_interfaces/lib:/workspace/turtlebot3_ws/install/turtlebot3_msgs/lib:/usr/lib/x86_64-linux-gnu/gazebo-11/plugins:/opt/ros/humble/opt/rviz_ogre_vendor/lib:/opt/ros/humble/lib/x86_64-linux-gnu:/opt/ros/humble/lib:/usr/lib/x86_64-linux-gnu/gazebo-11/plugins PYTHONPATH=/workspace/tors_ws/build/table_order/prefix_override:/usr/lib/python3/dist-packages/colcon_core/task/python/colcon_distutils_commands:/workspace/tors_ws/install/table_order/lib/python3.10/site-packages:${PYTHONPATH} /usr/bin/python3 -W ignore:setup.py install is deprecated -W ignore:easy_install command is deprecated setup.py develop --editable --build-directory /workspace/tors_ws/build/table_order/build --no-deps symlink_data
[2.663s] INFO:colcon.colcon_core.shell:Creating environment hook '/workspace/tors_ws/build/table_order/share/table_order/hook/pythonpath_develop.ps1'
[2.663s] INFO:colcon.colcon_core.shell:Creating environment descriptor '/workspace/tors_ws/build/table_order/share/table_order/hook/pythonpath_develop.dsv'
[2.664s] INFO:colcon.colcon_core.shell:Creating environment hook '/workspace/tors_ws/build/table_order/share/table_order/hook/pythonpath_develop.sh'
[2.664s] Level 1:colcon.colcon_core.environment:checking '/workspace/tors_ws/install/table_order' for CMake module files
[2.665s] Level 1:colcon.colcon_core.environment:checking '/workspace/tors_ws/install/table_order' for CMake config files
[2.665s] Level 1:colcon.colcon_core.environment:checking '/workspace/tors_ws/install/table_order/lib'
[2.665s] Level 1:colcon.colcon_core.environment:checking '/workspace/tors_ws/install/table_order/bin'
[2.665s] Level 1:colcon.colcon_core.environment:checking '/workspace/tors_ws/install/table_order/lib/pkgconfig/table_order.pc'
[2.666s] Level 1:colcon.colcon_core.environment:checking '/workspace/tors_ws/install/table_order/lib/python3.10/site-packages'
[2.666s] Level 1:colcon.colcon_core.shell:create_environment_hook('table_order', 'pythonpath')
[2.666s] INFO:colcon.colcon_core.shell:Creating environment hook '/workspace/tors_ws/install/table_order/share/table_order/hook/pythonpath.ps1'
[2.666s] INFO:colcon.colcon_core.shell:Creating environment descriptor '/workspace/tors_ws/install/table_order/share/table_order/hook/pythonpath.dsv'
[2.667s] INFO:colcon.colcon_core.shell:Creating environment hook '/workspace/tors_ws/install/table_order/share/table_order/hook/pythonpath.sh'
[2.667s] Level 1:colcon.colcon_core.environment:checking '/workspace/tors_ws/install/table_order/bin'
[2.667s] Level 1:colcon.colcon_core.environment:create_environment_scripts_only(table_order)
[2.668s] INFO:colcon.colcon_core.shell:Creating package script '/workspace/tors_ws/install/table_order/share/table_order/package.ps1'
[2.668s] INFO:colcon.colcon_core.shell:Creating package descriptor '/workspace/tors_ws/install/table_order/share/table_order/package.dsv'
[2.669s] INFO:colcon.colcon_core.shell:Creating package script '/workspace/tors_ws/install/table_order/share/table_order/package.sh'
[2.669s] INFO:colcon.colcon_core.shell:Creating package script '/workspace/tors_ws/install/table_order/share/table_order/package.bash'
[2.669s] INFO:colcon.colcon_core.shell:Creating package script '/workspace/tors_ws/install/table_order/share/table_order/package.zsh'
[2.670s] Level 1:colcon.colcon_core.environment:create_file_with_runtime_dependencies(/workspace/tors_ws/install/table_order/share/colcon-core/packages/table_order)
[2.670s] DEBUG:colcon.colcon_parallel_executor.executor.parallel:closing loop
[2.671s] DEBUG:colcon.colcon_parallel_executor.executor.parallel:loop closed
[2.671s] DEBUG:colcon.colcon_parallel_executor.executor.parallel:run_until_complete finished with '0'
[2.671s] DEBUG:colcon.colcon_core.event_reactor:joining thread
[2.685s] INFO:colcon.colcon_core.plugin_system:Skipping extension 'colcon_notification.desktop_notification.notify_send': Could not find 'notify-send'
[2.685s] INFO:colcon.colcon_core.plugin_system:Skipping extension 'colcon_notification.desktop_notification.terminal_notifier': Not used on non-Darwin systems
[2.685s] INFO:colcon.colcon_core.plugin_system:Skipping extension 'colcon_notification.desktop_notification.win32': Not used on non-Windows systems
[2.685s] INFO:colcon.colcon_notification.desktop_notification:Sending desktop notification using 'notify2'
[2.687s] DEBUG:colcon.colcon_notification.desktop_notification.notify2:Failed to initialize notify2: org.freedesktop.DBus.Error.Spawn.ExecFailed: /usr/bin/dbus-launch terminated abnormally without any error message
[2.688s] DEBUG:colcon.colcon_core.event_reactor:joined thread
[2.688s] INFO:colcon.colcon_core.shell:Creating prefix script '/workspace/tors_ws/install/local_setup.ps1'
[2.689s] INFO:colcon.colcon_core.shell:Creating prefix util module '/workspace/tors_ws/install/_local_setup_util_ps1.py'
[2.691s] INFO:colcon.colcon_core.shell:Creating prefix chain script '/workspace/tors_ws/install/setup.ps1'
[2.693s] INFO:colcon.colcon_core.shell:Creating prefix script '/workspace/tors_ws/install/local_setup.sh'
[2.693s] INFO:colcon.colcon_core.shell:Creating prefix util module '/workspace/tors_ws/install/_local_setup_util_sh.py'
[2.694s] INFO:colcon.colcon_core.shell:Creating prefix chain script '/workspace/tors_ws/install/setup.sh'
[2.695s] INFO:colcon.colcon_core.shell:Creating prefix script '/workspace/tors_ws/install/local_setup.bash'
[2.696s] INFO:colcon.colcon_core.shell:Creating prefix chain script '/workspace/tors_ws/install/setup.bash'
[2.697s] INFO:colcon.colcon_core.shell:Creating prefix script '/workspace/tors_ws/install/local_setup.zsh'
[2.698s] INFO:colcon.colcon_core.shell:Creating prefix chain script '/workspace/tors_ws/install/setup.zsh'
