running develop
running egg_info
creating pos_control.egg-info
writing pos_control.egg-info/PKG-INFO
writing dependency_links to pos_control.egg-info/dependency_links.txt
writing entry points to pos_control.egg-info/entry_points.txt
writing requirements to pos_control.egg-info/requires.txt
writing top-level names to pos_control.egg-info/top_level.txt
writing manifest file 'pos_control.egg-info/SOURCES.txt'
reading manifest file 'pos_control.egg-info/SOURCES.txt'
writing manifest file 'pos_control.egg-info/SOURCES.txt'
running build_ext
Creating /workspace/tors_ws/install/pos_control/lib/python3.10/site-packages/pos-control.egg-link (link to .)
Installing pos_control script to /workspace/tors_ws/install/pos_control/lib/pos_control

Installed /workspace/tors_ws/build/pos_control
running symlink_data
creating /workspace/tors_ws/install/pos_control/share/ament_index
creating /workspace/tors_ws/install/pos_control/share/ament_index/resource_index
creating /workspace/tors_ws/install/pos_control/share/ament_index/resource_index/packages
symbolically linking /workspace/tors_ws/build/pos_control/resource/pos_control -> /workspace/tors_ws/install/pos_control/share/ament_index/resource_index/packages
symbolically linking /workspace/tors_ws/build/pos_control/package.xml -> /workspace/tors_ws/install/pos_control/share/pos_control
creating /workspace/tors_ws/install/pos_control/share/pos_control/resource
symbolically linking /workspace/tors_ws/build/pos_control/resource/PosControl.ui -> /workspace/tors_ws/install/pos_control/share/pos_control/resource
