[0.772s] Invoking command in '/workspace/turtlebot3_ws/build/turtlebot3_teleop': PYTHONPATH=/workspace/turtlebot3_ws/build/turtlebot3_teleop/prefix_override:/usr/lib/python3/dist-packages/colcon_core/task/python/colcon_distutils_commands:/workspace/turtlebot3_ws/install/turtlebot3_teleop/lib/python3.10/site-packages:${PYTHONPATH} /usr/bin/python3 -W ignore:setup.py install is deprecated -W ignore:easy_install command is deprecated setup.py develop --editable --build-directory /workspace/turtlebot3_ws/build/turtlebot3_teleop/build --no-deps symlink_data
[1.025s] running develop
[1.154s] running egg_info
[1.154s] creating turtlebot3_teleop.egg-info
[1.155s] writing turtlebot3_teleop.egg-info/PKG-INFO
[1.155s] writing dependency_links to turtlebot3_teleop.egg-info/dependency_links.txt
[1.155s] writing entry points to turtlebot3_teleop.egg-info/entry_points.txt
[1.155s] writing requirements to turtlebot3_teleop.egg-info/requires.txt
[1.155s] writing top-level names to turtlebot3_teleop.egg-info/top_level.txt
[1.155s] writing manifest file 'turtlebot3_teleop.egg-info/SOURCES.txt'
[1.156s] reading manifest file 'turtlebot3_teleop.egg-info/SOURCES.txt'
[1.157s] writing manifest file 'turtlebot3_teleop.egg-info/SOURCES.txt'
[1.158s] running build_ext
[1.158s] Creating /workspace/turtlebot3_ws/install/turtlebot3_teleop/lib/python3.10/site-packages/turtlebot3-teleop.egg-link (link to .)
[1.159s] Installing teleop_keyboard script to /workspace/turtlebot3_ws/install/turtlebot3_teleop/lib/turtlebot3_teleop
[1.159s] 
[1.159s] Installed /workspace/turtlebot3_ws/build/turtlebot3_teleop
[1.159s] running symlink_data
[1.159s] creating /workspace/turtlebot3_ws/install/turtlebot3_teleop/share/ament_index
[1.159s] creating /workspace/turtlebot3_ws/install/turtlebot3_teleop/share/ament_index/resource_index
[1.159s] creating /workspace/turtlebot3_ws/install/turtlebot3_teleop/share/ament_index/resource_index/packages
[1.159s] symbolically linking /workspace/turtlebot3_ws/build/turtlebot3_teleop/resource/turtlebot3_teleop -> /workspace/turtlebot3_ws/install/turtlebot3_teleop/share/ament_index/resource_index/packages
[1.159s] symbolically linking /workspace/turtlebot3_ws/build/turtlebot3_teleop/package.xml -> /workspace/turtlebot3_ws/install/turtlebot3_teleop/share/turtlebot3_teleop
[1.198s] Invoked command in '/workspace/turtlebot3_ws/build/turtlebot3_teleop' returned '0': PYTHONPATH=/workspace/turtlebot3_ws/build/turtlebot3_teleop/prefix_override:/usr/lib/python3/dist-packages/colcon_core/task/python/colcon_distutils_commands:/workspace/turtlebot3_ws/install/turtlebot3_teleop/lib/python3.10/site-packages:${PYTHONPATH} /usr/bin/python3 -W ignore:setup.py install is deprecated -W ignore:easy_install command is deprecated setup.py develop --editable --build-directory /workspace/turtlebot3_ws/build/turtlebot3_teleop/build --no-deps symlink_data
