[0.019s] Invoking command in '/workspace/turtlebot3_ws/build/turtlebot3_navigation2': CMAKE_PREFIX_PATH=${CMAKE_PREFIX_PATH}:/workspace/turtlebot_ws/install/turtlebot3_teleop:/workspace/turtlebot_ws/install/turtlebot3_example:/workspace/turtlebot3_ws/install/turtlebot3_teleop:/workspace/turtlebot3_ws/install/turtlebot3_example:/opt/ros/humble /usr/bin/cmake /workspace/turtlebot3_ws/src/turtlebot3/turtlebot3_navigation2 -DAMENT_CMAKE_SYMLINK_INSTALL=1 -DCMAKE_INSTALL_PREFIX=/workspace/turtlebot3_ws/install/turtlebot3_navigation2
[0.155s] -- The C compiler identification is GNU 11.4.0
[0.249s] -- The CXX compiler identification is GNU 11.4.0
[0.260s] -- Detecting C compiler ABI info
[0.343s] -- Detecting C compiler ABI info - done
[0.360s] -- Check for working C compiler: /usr/bin/cc - skipped
[0.361s] -- Detecting C compile features
[0.361s] -- Detecting C compile features - done
[0.370s] -- Detecting CXX compiler ABI info
[0.466s] -- Detecting CXX compiler ABI info - done
[0.476s] -- Check for working CXX compiler: /usr/bin/c++ - skipped
[0.476s] -- Detecting CXX compile features
[0.477s] -- Detecting CXX compile features - done
[0.481s] -- Found ament_cmake: 1.3.12 (/opt/ros/humble/share/ament_cmake/cmake)
[0.643s] -- Found Python3: /usr/bin/python3 (found version "3.10.12") found components: Interpreter 
[0.720s] -- Override CMake install command with custom implementation using symlinks instead of copying resources
[0.830s] -- Configuring done
[0.833s] -- Generating done
[0.834s] -- Build files have been written to: /workspace/turtlebot3_ws/build/turtlebot3_navigation2
[0.841s] Invoked command in '/workspace/turtlebot3_ws/build/turtlebot3_navigation2' returned '0': CMAKE_PREFIX_PATH=${CMAKE_PREFIX_PATH}:/workspace/turtlebot_ws/install/turtlebot3_teleop:/workspace/turtlebot_ws/install/turtlebot3_example:/workspace/turtlebot3_ws/install/turtlebot3_teleop:/workspace/turtlebot3_ws/install/turtlebot3_example:/opt/ros/humble /usr/bin/cmake /workspace/turtlebot3_ws/src/turtlebot3/turtlebot3_navigation2 -DAMENT_CMAKE_SYMLINK_INSTALL=1 -DCMAKE_INSTALL_PREFIX=/workspace/turtlebot3_ws/install/turtlebot3_navigation2
[0.842s] Invoking command in '/workspace/turtlebot3_ws/build/turtlebot3_navigation2': CMAKE_PREFIX_PATH=${CMAKE_PREFIX_PATH}:/workspace/turtlebot_ws/install/turtlebot3_teleop:/workspace/turtlebot_ws/install/turtlebot3_example:/workspace/turtlebot3_ws/install/turtlebot3_teleop:/workspace/turtlebot3_ws/install/turtlebot3_example:/opt/ros/humble /usr/bin/cmake --build /workspace/turtlebot3_ws/build/turtlebot3_navigation2 -- -j20 -l20
[0.890s] Invoked command in '/workspace/turtlebot3_ws/build/turtlebot3_navigation2' returned '0': CMAKE_PREFIX_PATH=${CMAKE_PREFIX_PATH}:/workspace/turtlebot_ws/install/turtlebot3_teleop:/workspace/turtlebot_ws/install/turtlebot3_example:/workspace/turtlebot3_ws/install/turtlebot3_teleop:/workspace/turtlebot3_ws/install/turtlebot3_example:/opt/ros/humble /usr/bin/cmake --build /workspace/turtlebot3_ws/build/turtlebot3_navigation2 -- -j20 -l20
[0.895s] Invoking command in '/workspace/turtlebot3_ws/build/turtlebot3_navigation2': CMAKE_PREFIX_PATH=${CMAKE_PREFIX_PATH}:/workspace/turtlebot_ws/install/turtlebot3_teleop:/workspace/turtlebot_ws/install/turtlebot3_example:/workspace/turtlebot3_ws/install/turtlebot3_teleop:/workspace/turtlebot3_ws/install/turtlebot3_example:/opt/ros/humble /usr/bin/cmake --install /workspace/turtlebot3_ws/build/turtlebot3_navigation2
[0.899s] -- Install configuration: ""
[0.899s] -- Execute custom install script
[0.900s] -- Symlinking: /workspace/turtlebot3_ws/install/turtlebot3_navigation2/share/turtlebot3_navigation2/launch/navigation2.launch.py
[0.908s] -- Symlinking: /workspace/turtlebot3_ws/install/turtlebot3_navigation2/share/turtlebot3_navigation2/map/map.pgm
[0.920s] -- Symlinking: /workspace/turtlebot3_ws/install/turtlebot3_navigation2/share/turtlebot3_navigation2/map/map.yaml
[0.927s] -- Symlinking: /workspace/turtlebot3_ws/install/turtlebot3_navigation2/share/turtlebot3_navigation2/param/burger.yaml
[0.936s] -- Symlinking: /workspace/turtlebot3_ws/install/turtlebot3_navigation2/share/turtlebot3_navigation2/param/waffle.yaml
[0.945s] -- Symlinking: /workspace/turtlebot3_ws/install/turtlebot3_navigation2/share/turtlebot3_navigation2/param/waffle_pi.yaml
[0.953s] -- Symlinking: /workspace/turtlebot3_ws/install/turtlebot3_navigation2/share/turtlebot3_navigation2/rviz/tb3_navigation2.rviz
[0.964s] -- Symlinking: /workspace/turtlebot3_ws/install/turtlebot3_navigation2/share/ament_index/resource_index/package_run_dependencies/turtlebot3_navigation2
[0.971s] -- Symlinking: /workspace/turtlebot3_ws/install/turtlebot3_navigation2/share/ament_index/resource_index/parent_prefix_path/turtlebot3_navigation2
[0.981s] -- Symlinking: /workspace/turtlebot3_ws/install/turtlebot3_navigation2/share/turtlebot3_navigation2/environment/ament_prefix_path.sh
[0.991s] -- Symlinking: /workspace/turtlebot3_ws/install/turtlebot3_navigation2/share/turtlebot3_navigation2/environment/ament_prefix_path.dsv
[1.000s] -- Symlinking: /workspace/turtlebot3_ws/install/turtlebot3_navigation2/share/turtlebot3_navigation2/environment/path.sh
[1.008s] -- Symlinking: /workspace/turtlebot3_ws/install/turtlebot3_navigation2/share/turtlebot3_navigation2/environment/path.dsv
[1.017s] -- Symlinking: /workspace/turtlebot3_ws/install/turtlebot3_navigation2/share/turtlebot3_navigation2/local_setup.bash
[1.028s] -- Symlinking: /workspace/turtlebot3_ws/install/turtlebot3_navigation2/share/turtlebot3_navigation2/local_setup.sh
[1.036s] -- Symlinking: /workspace/turtlebot3_ws/install/turtlebot3_navigation2/share/turtlebot3_navigation2/local_setup.zsh
[1.046s] -- Symlinking: /workspace/turtlebot3_ws/install/turtlebot3_navigation2/share/turtlebot3_navigation2/local_setup.dsv
[1.055s] -- Symlinking: /workspace/turtlebot3_ws/install/turtlebot3_navigation2/share/turtlebot3_navigation2/package.dsv
[1.064s] -- Symlinking: /workspace/turtlebot3_ws/install/turtlebot3_navigation2/share/ament_index/resource_index/packages/turtlebot3_navigation2
[1.074s] -- Symlinking: /workspace/turtlebot3_ws/install/turtlebot3_navigation2/share/turtlebot3_navigation2/cmake/turtlebot3_navigation2Config.cmake
[1.084s] -- Symlinking: /workspace/turtlebot3_ws/install/turtlebot3_navigation2/share/turtlebot3_navigation2/cmake/turtlebot3_navigation2Config-version.cmake
[1.093s] -- Symlinking: /workspace/turtlebot3_ws/install/turtlebot3_navigation2/share/turtlebot3_navigation2/package.xml
[1.108s] Invoked command in '/workspace/turtlebot3_ws/build/turtlebot3_navigation2' returned '0': CMAKE_PREFIX_PATH=${CMAKE_PREFIX_PATH}:/workspace/turtlebot_ws/install/turtlebot3_teleop:/workspace/turtlebot_ws/install/turtlebot3_example:/workspace/turtlebot3_ws/install/turtlebot3_teleop:/workspace/turtlebot3_ws/install/turtlebot3_example:/opt/ros/humble /usr/bin/cmake --install /workspace/turtlebot3_ws/build/turtlebot3_navigation2
