[0.954s] Invoking command in '/workspace/tors_ws/build/pos_control': AMENT_PREFIX_PATH=/workspace/tors_ws/install/tors_interfaces:${AMENT_PREFIX_PATH} CMAKE_PREFIX_PATH=/workspace/tors_ws/install/tors_interfaces:${CMAKE_PREFIX_PATH} LD_LIBRARY_PATH=/workspace/tors_ws/install/tors_interfaces/lib:/workspace/turtlebot3_ws/install/turtlebot3_msgs/lib:/usr/lib/x86_64-linux-gnu/gazebo-11/plugins:/opt/ros/humble/opt/rviz_ogre_vendor/lib:/opt/ros/humble/lib/x86_64-linux-gnu:/opt/ros/humble/lib:/usr/lib/x86_64-linux-gnu/gazebo-11/plugins PYTHONPATH=/workspace/tors_ws/build/pos_control/prefix_override:/usr/lib/python3/dist-packages/colcon_core/task/python/colcon_distutils_commands:/workspace/tors_ws/install/pos_control/lib/python3.10/site-packages:/workspace/tors_ws/install/tors_interfaces/local/lib/python3.10/dist-packages:${PYTHONPATH} /usr/bin/python3 -W ignore:setup.py install is deprecated -W ignore:easy_install command is deprecated setup.py develop --editable --build-directory /workspace/tors_ws/build/pos_control/build --no-deps symlink_data
[1.238s] running develop
[1.369s] running egg_info
[1.369s] creating pos_control.egg-info
[1.369s] writing pos_control.egg-info/PKG-INFO
[1.370s] writing dependency_links to pos_control.egg-info/dependency_links.txt
[1.370s] writing entry points to pos_control.egg-info/entry_points.txt
[1.370s] writing requirements to pos_control.egg-info/requires.txt
[1.370s] writing top-level names to pos_control.egg-info/top_level.txt
[1.370s] writing manifest file 'pos_control.egg-info/SOURCES.txt'
[1.371s] reading manifest file 'pos_control.egg-info/SOURCES.txt'
[1.372s] writing manifest file 'pos_control.egg-info/SOURCES.txt'
[1.373s] running build_ext
[1.373s] Creating /workspace/tors_ws/install/pos_control/lib/python3.10/site-packages/pos-control.egg-link (link to .)
[1.374s] 
[1.374s] Installed /workspace/tors_ws/build/pos_control
[1.374s] running symlink_data
[1.375s] creating /workspace/tors_ws/install/pos_control/share/ament_index
[1.375s] creating /workspace/tors_ws/install/pos_control/share/ament_index/resource_index
[1.375s] creating /workspace/tors_ws/install/pos_control/share/ament_index/resource_index/packages
[1.375s] symbolically linking /workspace/tors_ws/build/pos_control/resource/pos_control -> /workspace/tors_ws/install/pos_control/share/ament_index/resource_index/packages
[1.375s] symbolically linking /workspace/tors_ws/build/pos_control/package.xml -> /workspace/tors_ws/install/pos_control/share/pos_control
[1.403s] Invoked command in '/workspace/tors_ws/build/pos_control' returned '0': AMENT_PREFIX_PATH=/workspace/tors_ws/install/tors_interfaces:${AMENT_PREFIX_PATH} CMAKE_PREFIX_PATH=/workspace/tors_ws/install/tors_interfaces:${CMAKE_PREFIX_PATH} LD_LIBRARY_PATH=/workspace/tors_ws/install/tors_interfaces/lib:/workspace/turtlebot3_ws/install/turtlebot3_msgs/lib:/usr/lib/x86_64-linux-gnu/gazebo-11/plugins:/opt/ros/humble/opt/rviz_ogre_vendor/lib:/opt/ros/humble/lib/x86_64-linux-gnu:/opt/ros/humble/lib:/usr/lib/x86_64-linux-gnu/gazebo-11/plugins PYTHONPATH=/workspace/tors_ws/build/pos_control/prefix_override:/usr/lib/python3/dist-packages/colcon_core/task/python/colcon_distutils_commands:/workspace/tors_ws/install/pos_control/lib/python3.10/site-packages:/workspace/tors_ws/install/tors_interfaces/local/lib/python3.10/dist-packages:${PYTHONPATH} /usr/bin/python3 -W ignore:setup.py install is deprecated -W ignore:easy_install command is deprecated setup.py develop --editable --build-directory /workspace/tors_ws/build/pos_control/build --no-deps symlink_data
