[0.011s] Invoking command in '/workspace/tors_ws/build/tors_interfaces': CMAKE_PREFIX_PATH=${CMAKE_PREFIX_PATH}:/workspace/turtlebot3_ws/install/turtlebot3_teleop:/workspace/turtlebot3_ws/install/turtlebot3_example:/opt/ros/humble /usr/bin/cmake /workspace/tors_ws/src/tors_interfaces -DAMENT_CMAKE_SYMLINK_INSTALL=1 -DCMAKE_INSTALL_PREFIX=/workspace/tors_ws/install/tors_interfaces
[0.020s] -- Found ament_cmake: 1.3.12 (/opt/ros/humble/share/ament_cmake/cmake)
[0.100s] -- Override CMake install command with custom implementation using symlinks instead of copying resources
[0.106s] -- Found rosidl_default_generators: 1.2.0 (/opt/ros/humble/share/rosidl_default_generators/cmake)
[0.107s] -- Using all available rosidl_typesupport_c: rosidl_typesupport_fastrtps_c;rosidl_typesupport_introspection_c
[0.109s] -- Found rosidl_adapter: 3.1.7 (/opt/ros/humble/share/rosidl_adapter/cmake)
[0.127s] -- Using all available rosidl_typesupport_cpp: rosidl_typesupport_fastrtps_cpp;rosidl_typesupport_introspection_cpp
[0.309s] -- Found ament_cmake_ros: 0.10.0 (/opt/ros/humble/share/ament_cmake_ros/cmake)
[0.438s] -- Using all available rosidl_typesupport_c: rosidl_typesupport_fastrtps_c;rosidl_typesupport_introspection_c
[0.598s] -- Using all available rosidl_typesupport_cpp: rosidl_typesupport_fastrtps_cpp;rosidl_typesupport_introspection_cpp
[0.613s] -- Found python_cmake_module: 0.10.0 (/opt/ros/humble/share/python_cmake_module/cmake)
[0.633s] -- Using PYTHON_EXECUTABLE: /usr/bin/python3
[0.633s] -- Using PYTHON_INCLUDE_DIRS: /usr/include/python3.10
[0.633s] -- Using PYTHON_LIBRARIES: /usr/lib/x86_64-linux-gnu/libpython3.10.so
[0.642s] -- Found ament_lint_auto: 0.12.14 (/opt/ros/humble/share/ament_lint_auto/cmake)
[0.647s] -- Added test 'lint_cmake' to check CMake code style
[0.648s] -- Added test 'xmllint' to check XML markup files
[0.650s] -- Configuring done
[0.666s] -- Generating done
[0.671s] -- Build files have been written to: /workspace/tors_ws/build/tors_interfaces
[0.675s] Invoked command in '/workspace/tors_ws/build/tors_interfaces' returned '0': CMAKE_PREFIX_PATH=${CMAKE_PREFIX_PATH}:/workspace/turtlebot3_ws/install/turtlebot3_teleop:/workspace/turtlebot3_ws/install/turtlebot3_example:/opt/ros/humble /usr/bin/cmake /workspace/tors_ws/src/tors_interfaces -DAMENT_CMAKE_SYMLINK_INSTALL=1 -DCMAKE_INSTALL_PREFIX=/workspace/tors_ws/install/tors_interfaces
[0.676s] Invoking command in '/workspace/tors_ws/build/tors_interfaces': CMAKE_PREFIX_PATH=${CMAKE_PREFIX_PATH}:/workspace/turtlebot3_ws/install/turtlebot3_teleop:/workspace/turtlebot3_ws/install/turtlebot3_example:/opt/ros/humble /usr/bin/cmake --build /workspace/tors_ws/build/tors_interfaces -- -j20 -l20
[0.707s] [35m[1mConsolidate compiler generated dependencies of target tors_interfaces__rosidl_generator_c[0m
[0.715s] [ 10%] Built target tors_interfaces__rosidl_generator_c
[0.716s] [ 12%] Built target tors_interfaces__cpp
[0.721s] [ 12%] Built target ament_cmake_python_symlink_tors_interfaces
[0.722s] [35m[1mConsolidate compiler generated dependencies of target tors_interfaces__rosidl_typesupport_introspection_c[0m
[0.722s] [35m[1mConsolidate compiler generated dependencies of target tors_interfaces__rosidl_typesupport_fastrtps_c[0m
[0.722s] [35m[1mConsolidate compiler generated dependencies of target tors_interfaces__rosidl_typesupport_introspection_cpp[0m
[0.722s] [35m[1mConsolidate compiler generated dependencies of target tors_interfaces__rosidl_typesupport_fastrtps_cpp[0m
[0.725s] [35m[1mConsolidate compiler generated dependencies of target tors_interfaces__rosidl_typesupport_c[0m
[0.725s] [35m[1mConsolidate compiler generated dependencies of target tors_interfaces__rosidl_typesupport_cpp[0m
[0.733s] [ 23%] Built target tors_interfaces__rosidl_typesupport_c
[0.733s] [ 41%] Built target tors_interfaces__rosidl_typesupport_introspection_c
[0.733s] [ 53%] Built target tors_interfaces__rosidl_typesupport_fastrtps_cpp
[0.733s] [ 53%] Built target tors_interfaces__rosidl_typesupport_introspection_cpp
[0.733s] [ 66%] Built target tors_interfaces__rosidl_typesupport_cpp
[0.733s] [ 74%] Built target tors_interfaces__rosidl_typesupport_fastrtps_c
[0.747s] [ 74%] Built target tors_interfaces
[0.763s] [ 76%] Built target tors_interfaces__py
[0.773s] [35m[1mConsolidate compiler generated dependencies of target tors_interfaces__rosidl_generator_py[0m
[0.782s] [ 84%] Built target tors_interfaces__rosidl_generator_py
[0.791s] [35m[1mConsolidate compiler generated dependencies of target tors_interfaces__rosidl_typesupport_introspection_c__pyext[0m
[0.792s] [35m[1mConsolidate compiler generated dependencies of target tors_interfaces__rosidl_typesupport_c__pyext[0m
[0.792s] [35m[1mConsolidate compiler generated dependencies of target tors_interfaces__rosidl_typesupport_fastrtps_c__pyext[0m
[0.802s] [ 89%] [32m[1mLinking C shared library rosidl_generator_py/tors_interfaces/tors_interfaces_s__rosidl_typesupport_c.cpython-310-x86_64-linux-gnu.so[0m
[0.802s] [ 89%] [32m[1mLinking C shared library rosidl_generator_py/tors_interfaces/tors_interfaces_s__rosidl_typesupport_introspection_c.cpython-310-x86_64-linux-gnu.so[0m
[0.803s] [ 92%] [32m[1mLinking C shared library rosidl_generator_py/tors_interfaces/tors_interfaces_s__rosidl_typesupport_fastrtps_c.cpython-310-x86_64-linux-gnu.so[0m
[0.828s] [ 94%] Built target tors_interfaces__rosidl_typesupport_c__pyext
[0.830s] [100%] Built target tors_interfaces__rosidl_typesupport_fastrtps_c__pyext
[0.831s] [100%] Built target tors_interfaces__rosidl_typesupport_introspection_c__pyext
[0.850s] running egg_info
[0.851s] writing tors_interfaces.egg-info/PKG-INFO
[0.851s] writing dependency_links to tors_interfaces.egg-info/dependency_links.txt
[0.851s] writing top-level names to tors_interfaces.egg-info/top_level.txt
[0.852s] reading manifest file 'tors_interfaces.egg-info/SOURCES.txt'
[0.853s] writing manifest file 'tors_interfaces.egg-info/SOURCES.txt'
[0.869s] [100%] Built target ament_cmake_python_build_tors_interfaces_egg
[0.878s] Invoked command in '/workspace/tors_ws/build/tors_interfaces' returned '0': CMAKE_PREFIX_PATH=${CMAKE_PREFIX_PATH}:/workspace/turtlebot3_ws/install/turtlebot3_teleop:/workspace/turtlebot3_ws/install/turtlebot3_example:/opt/ros/humble /usr/bin/cmake --build /workspace/tors_ws/build/tors_interfaces -- -j20 -l20
[0.885s] Invoking command in '/workspace/tors_ws/build/tors_interfaces': CMAKE_PREFIX_PATH=${CMAKE_PREFIX_PATH}:/workspace/turtlebot3_ws/install/turtlebot3_teleop:/workspace/turtlebot3_ws/install/turtlebot3_example:/opt/ros/humble /usr/bin/cmake --install /workspace/tors_ws/build/tors_interfaces
[0.890s] -- Install configuration: ""
[0.890s] -- Execute custom install script
[0.890s] -- Up-to-date symlink: /workspace/tors_ws/install/tors_interfaces/share/ament_index/resource_index/rosidl_interfaces/tors_interfaces
[0.890s] -- Up-to-date symlink: /workspace/tors_ws/install/tors_interfaces/include/tors_interfaces/tors_interfaces/msg/detail/order_item__functions.h
[0.890s] -- Up-to-date symlink: /workspace/tors_ws/install/tors_interfaces/include/tors_interfaces/tors_interfaces/msg/detail/order_item__struct.h
[0.890s] -- Up-to-date symlink: /workspace/tors_ws/install/tors_interfaces/include/tors_interfaces/tors_interfaces/msg/detail/order_item__type_support.h
[0.890s] -- Up-to-date symlink: /workspace/tors_ws/install/tors_interfaces/include/tors_interfaces/tors_interfaces/msg/order_item.h
[0.891s] -- Up-to-date symlink: /workspace/tors_ws/install/tors_interfaces/include/tors_interfaces/tors_interfaces/msg/rosidl_generator_c__visibility_control.h
[0.891s] -- Up-to-date symlink: /workspace/tors_ws/install/tors_interfaces/include/tors_interfaces/tors_interfaces/srv/detail/order_msg__functions.h
[0.891s] -- Up-to-date symlink: /workspace/tors_ws/install/tors_interfaces/include/tors_interfaces/tors_interfaces/srv/detail/order_msg__struct.h
[0.891s] -- Up-to-date symlink: /workspace/tors_ws/install/tors_interfaces/include/tors_interfaces/tors_interfaces/srv/detail/order_msg__type_support.h
[0.891s] -- Up-to-date symlink: /workspace/tors_ws/install/tors_interfaces/include/tors_interfaces/tors_interfaces/srv/order_msg.h
[0.891s] -- Up-to-date symlink: /workspace/tors_ws/install/tors_interfaces/share/tors_interfaces/environment/library_path.sh
[0.891s] -- Up-to-date symlink: /workspace/tors_ws/install/tors_interfaces/share/tors_interfaces/environment/library_path.dsv
[0.891s] -- Up-to-date symlink: /workspace/tors_ws/install/tors_interfaces/include/tors_interfaces/tors_interfaces/msg/detail/order_item__rosidl_typesupport_fastrtps_c.h
[0.891s] -- Up-to-date symlink: /workspace/tors_ws/install/tors_interfaces/include/tors_interfaces/tors_interfaces/msg/rosidl_typesupport_fastrtps_c__visibility_control.h
[0.891s] -- Up-to-date symlink: /workspace/tors_ws/install/tors_interfaces/include/tors_interfaces/tors_interfaces/srv/detail/order_msg__rosidl_typesupport_fastrtps_c.h
[0.891s] -- Up-to-date symlink: /workspace/tors_ws/install/tors_interfaces/include/tors_interfaces/tors_interfaces/msg/detail/order_item__rosidl_typesupport_introspection_c.h
[0.891s] -- Up-to-date symlink: /workspace/tors_ws/install/tors_interfaces/include/tors_interfaces/tors_interfaces/msg/rosidl_typesupport_introspection_c__visibility_control.h
[0.892s] -- Up-to-date symlink: /workspace/tors_ws/install/tors_interfaces/include/tors_interfaces/tors_interfaces/srv/detail/order_msg__rosidl_typesupport_introspection_c.h
[0.892s] -- Up-to-date symlink: /workspace/tors_ws/install/tors_interfaces/include/tors_interfaces/tors_interfaces/msg/detail/order_item__builder.hpp
[0.892s] -- Up-to-date symlink: /workspace/tors_ws/install/tors_interfaces/include/tors_interfaces/tors_interfaces/msg/detail/order_item__struct.hpp
[0.892s] -- Up-to-date symlink: /workspace/tors_ws/install/tors_interfaces/include/tors_interfaces/tors_interfaces/msg/detail/order_item__traits.hpp
[0.892s] -- Up-to-date symlink: /workspace/tors_ws/install/tors_interfaces/include/tors_interfaces/tors_interfaces/msg/detail/order_item__type_support.hpp
[0.892s] -- Up-to-date symlink: /workspace/tors_ws/install/tors_interfaces/include/tors_interfaces/tors_interfaces/msg/order_item.hpp
[0.892s] -- Up-to-date symlink: /workspace/tors_ws/install/tors_interfaces/include/tors_interfaces/tors_interfaces/msg/rosidl_generator_cpp__visibility_control.hpp
[0.892s] -- Up-to-date symlink: /workspace/tors_ws/install/tors_interfaces/include/tors_interfaces/tors_interfaces/srv/detail/order_msg__builder.hpp
[0.892s] -- Up-to-date symlink: /workspace/tors_ws/install/tors_interfaces/include/tors_interfaces/tors_interfaces/srv/detail/order_msg__struct.hpp
[0.892s] -- Up-to-date symlink: /workspace/tors_ws/install/tors_interfaces/include/tors_interfaces/tors_interfaces/srv/detail/order_msg__traits.hpp
[0.892s] -- Up-to-date symlink: /workspace/tors_ws/install/tors_interfaces/include/tors_interfaces/tors_interfaces/srv/detail/order_msg__type_support.hpp
[0.892s] -- Up-to-date symlink: /workspace/tors_ws/install/tors_interfaces/include/tors_interfaces/tors_interfaces/srv/order_msg.hpp
[0.893s] -- Up-to-date symlink: /workspace/tors_ws/install/tors_interfaces/include/tors_interfaces/tors_interfaces/msg/detail/order_item__rosidl_typesupport_fastrtps_cpp.hpp
[0.893s] -- Up-to-date symlink: /workspace/tors_ws/install/tors_interfaces/include/tors_interfaces/tors_interfaces/msg/rosidl_typesupport_fastrtps_cpp__visibility_control.h
[0.893s] -- Up-to-date symlink: /workspace/tors_ws/install/tors_interfaces/include/tors_interfaces/tors_interfaces/srv/detail/order_msg__rosidl_typesupport_fastrtps_cpp.hpp
[0.893s] -- Up-to-date symlink: /workspace/tors_ws/install/tors_interfaces/include/tors_interfaces/tors_interfaces/msg/detail/order_item__rosidl_typesupport_introspection_cpp.hpp
[0.893s] -- Up-to-date symlink: /workspace/tors_ws/install/tors_interfaces/include/tors_interfaces/tors_interfaces/srv/detail/order_msg__rosidl_typesupport_introspection_cpp.hpp
[0.893s] -- Up-to-date symlink: /workspace/tors_ws/install/tors_interfaces/share/tors_interfaces/environment/pythonpath.sh
[0.893s] -- Up-to-date symlink: /workspace/tors_ws/install/tors_interfaces/share/tors_interfaces/environment/pythonpath.dsv
[0.893s] -- Up-to-date symlink: /workspace/tors_ws/install/tors_interfaces/local/lib/python3.10/dist-packages/tors_interfaces-0.0.0-py3.10.egg-info/PKG-INFO
[0.893s] -- Up-to-date symlink: /workspace/tors_ws/install/tors_interfaces/local/lib/python3.10/dist-packages/tors_interfaces-0.0.0-py3.10.egg-info/SOURCES.txt
[0.893s] -- Up-to-date symlink: /workspace/tors_ws/install/tors_interfaces/local/lib/python3.10/dist-packages/tors_interfaces-0.0.0-py3.10.egg-info/dependency_links.txt
[0.893s] -- Up-to-date symlink: /workspace/tors_ws/install/tors_interfaces/local/lib/python3.10/dist-packages/tors_interfaces-0.0.0-py3.10.egg-info/top_level.txt
[0.894s] -- Up-to-date symlink: /workspace/tors_ws/install/tors_interfaces/local/lib/python3.10/dist-packages/tors_interfaces/__init__.py
[0.894s] -- Up-to-date symlink: /workspace/tors_ws/install/tors_interfaces/local/lib/python3.10/dist-packages/tors_interfaces/_tors_interfaces_s.ep.rosidl_typesupport_c.c
[0.894s] -- Up-to-date symlink: /workspace/tors_ws/install/tors_interfaces/local/lib/python3.10/dist-packages/tors_interfaces/_tors_interfaces_s.ep.rosidl_typesupport_fastrtps_c.c
[0.894s] -- Up-to-date symlink: /workspace/tors_ws/install/tors_interfaces/local/lib/python3.10/dist-packages/tors_interfaces/_tors_interfaces_s.ep.rosidl_typesupport_introspection_c.c
[0.894s] -- Up-to-date symlink: /workspace/tors_ws/install/tors_interfaces/local/lib/python3.10/dist-packages/tors_interfaces/libtors_interfaces__rosidl_generator_py.so
[0.894s] -- Up-to-date symlink: /workspace/tors_ws/install/tors_interfaces/local/lib/python3.10/dist-packages/tors_interfaces/msg/__init__.py
[0.894s] -- Up-to-date symlink: /workspace/tors_ws/install/tors_interfaces/local/lib/python3.10/dist-packages/tors_interfaces/msg/_order_item.py
[0.894s] -- Up-to-date symlink: /workspace/tors_ws/install/tors_interfaces/local/lib/python3.10/dist-packages/tors_interfaces/msg/_order_item_s.c
[0.894s] -- Up-to-date symlink: /workspace/tors_ws/install/tors_interfaces/local/lib/python3.10/dist-packages/tors_interfaces/srv/__init__.py
[0.894s] -- Up-to-date symlink: /workspace/tors_ws/install/tors_interfaces/local/lib/python3.10/dist-packages/tors_interfaces/srv/_order_msg.py
[0.894s] -- Up-to-date symlink: /workspace/tors_ws/install/tors_interfaces/local/lib/python3.10/dist-packages/tors_interfaces/srv/_order_msg_s.c
[0.894s] -- Up-to-date symlink: /workspace/tors_ws/install/tors_interfaces/local/lib/python3.10/dist-packages/tors_interfaces/tors_interfaces_s__rosidl_typesupport_c.cpython-310-x86_64-linux-gnu.so
[0.894s] -- Up-to-date symlink: /workspace/tors_ws/install/tors_interfaces/local/lib/python3.10/dist-packages/tors_interfaces/tors_interfaces_s__rosidl_typesupport_fastrtps_c.cpython-310-x86_64-linux-gnu.so
[0.894s] -- Up-to-date symlink: /workspace/tors_ws/install/tors_interfaces/local/lib/python3.10/dist-packages/tors_interfaces/tors_interfaces_s__rosidl_typesupport_introspection_c.cpython-310-x86_64-linux-gnu.so
[0.894s] -- Up-to-date symlink: /workspace/tors_ws/install/tors_interfaces/local/lib/python3.10/dist-packages/tors_interfaces/tors_interfaces_s__rosidl_typesupport_fastrtps_c.cpython-310-x86_64-linux-gnu.so
[0.895s] -- Up-to-date symlink: /workspace/tors_ws/install/tors_interfaces/local/lib/python3.10/dist-packages/tors_interfaces/tors_interfaces_s__rosidl_typesupport_introspection_c.cpython-310-x86_64-linux-gnu.so
[0.895s] -- Up-to-date symlink: /workspace/tors_ws/install/tors_interfaces/local/lib/python3.10/dist-packages/tors_interfaces/tors_interfaces_s__rosidl_typesupport_c.cpython-310-x86_64-linux-gnu.so
[0.895s] -- Up-to-date symlink: /workspace/tors_ws/install/tors_interfaces/share/tors_interfaces/msg/OrderItem.idl
[0.895s] -- Up-to-date symlink: /workspace/tors_ws/install/tors_interfaces/share/tors_interfaces/srv/OrderMsg.idl
[0.895s] -- Up-to-date symlink: /workspace/tors_ws/install/tors_interfaces/share/tors_interfaces/msg/OrderItem.msg
[0.895s] -- Up-to-date symlink: /workspace/tors_ws/install/tors_interfaces/share/tors_interfaces/srv/OrderMsg.srv
[0.895s] -- Up-to-date symlink: /workspace/tors_ws/install/tors_interfaces/share/tors_interfaces/srv/OrderMsg_Request.msg
[0.895s] -- Up-to-date symlink: /workspace/tors_ws/install/tors_interfaces/share/tors_interfaces/srv/OrderMsg_Response.msg
[0.895s] -- Up-to-date symlink: /workspace/tors_ws/install/tors_interfaces/share/ament_index/resource_index/package_run_dependencies/tors_interfaces
[0.895s] -- Up-to-date symlink: /workspace/tors_ws/install/tors_interfaces/share/ament_index/resource_index/parent_prefix_path/tors_interfaces
[0.895s] -- Up-to-date symlink: /workspace/tors_ws/install/tors_interfaces/share/tors_interfaces/environment/ament_prefix_path.sh
[0.895s] -- Up-to-date symlink: /workspace/tors_ws/install/tors_interfaces/share/tors_interfaces/environment/ament_prefix_path.dsv
[0.896s] -- Up-to-date symlink: /workspace/tors_ws/install/tors_interfaces/share/tors_interfaces/environment/path.sh
[0.896s] -- Up-to-date symlink: /workspace/tors_ws/install/tors_interfaces/share/tors_interfaces/environment/path.dsv
[0.896s] -- Up-to-date symlink: /workspace/tors_ws/install/tors_interfaces/share/tors_interfaces/local_setup.bash
[0.896s] -- Up-to-date symlink: /workspace/tors_ws/install/tors_interfaces/share/tors_interfaces/local_setup.sh
[0.896s] -- Up-to-date symlink: /workspace/tors_ws/install/tors_interfaces/share/tors_interfaces/local_setup.zsh
[0.896s] -- Up-to-date symlink: /workspace/tors_ws/install/tors_interfaces/share/tors_interfaces/local_setup.dsv
[0.896s] -- Symlinking: /workspace/tors_ws/install/tors_interfaces/share/tors_interfaces/package.dsv
[0.903s] -- Up-to-date symlink: /workspace/tors_ws/install/tors_interfaces/share/ament_index/resource_index/packages/tors_interfaces
[0.903s] -- Up-to-date symlink: /workspace/tors_ws/install/tors_interfaces/share/tors_interfaces/cmake/rosidl_cmake-extras.cmake
[0.903s] -- Up-to-date symlink: /workspace/tors_ws/install/tors_interfaces/share/tors_interfaces/cmake/ament_cmake_export_include_directories-extras.cmake
[0.903s] -- Up-to-date symlink: /workspace/tors_ws/install/tors_interfaces/share/tors_interfaces/cmake/ament_cmake_export_libraries-extras.cmake
[0.903s] -- Up-to-date symlink: /workspace/tors_ws/install/tors_interfaces/share/tors_interfaces/cmake/ament_cmake_export_targets-extras.cmake
[0.903s] -- Up-to-date symlink: /workspace/tors_ws/install/tors_interfaces/share/tors_interfaces/cmake/rosidl_cmake_export_typesupport_targets-extras.cmake
[0.903s] -- Up-to-date symlink: /workspace/tors_ws/install/tors_interfaces/share/tors_interfaces/cmake/ament_cmake_export_dependencies-extras.cmake
[0.903s] -- Up-to-date symlink: /workspace/tors_ws/install/tors_interfaces/share/tors_interfaces/cmake/rosidl_cmake_export_typesupport_libraries-extras.cmake
[0.903s] -- Up-to-date symlink: /workspace/tors_ws/install/tors_interfaces/share/tors_interfaces/cmake/tors_interfacesConfig.cmake
[0.903s] -- Up-to-date symlink: /workspace/tors_ws/install/tors_interfaces/share/tors_interfaces/cmake/tors_interfacesConfig-version.cmake
[0.904s] -- Up-to-date symlink: /workspace/tors_ws/install/tors_interfaces/share/tors_interfaces/package.xml
[0.904s] -- Up-to-date: /workspace/tors_ws/install/tors_interfaces/lib/libtors_interfaces__rosidl_generator_c.so
[0.904s] -- Up-to-date: /workspace/tors_ws/install/tors_interfaces/lib/libtors_interfaces__rosidl_typesupport_fastrtps_c.so
[0.904s] -- Up-to-date: /workspace/tors_ws/install/tors_interfaces/lib/libtors_interfaces__rosidl_typesupport_introspection_c.so
[0.904s] -- Up-to-date: /workspace/tors_ws/install/tors_interfaces/lib/libtors_interfaces__rosidl_typesupport_c.so
[0.904s] -- Up-to-date: /workspace/tors_ws/install/tors_interfaces/lib/libtors_interfaces__rosidl_typesupport_fastrtps_cpp.so
[0.904s] -- Up-to-date: /workspace/tors_ws/install/tors_interfaces/lib/libtors_interfaces__rosidl_typesupport_introspection_cpp.so
[0.904s] -- Up-to-date: /workspace/tors_ws/install/tors_interfaces/lib/libtors_interfaces__rosidl_typesupport_cpp.so
[0.927s] Listing '/workspace/tors_ws/install/tors_interfaces/local/lib/python3.10/dist-packages/tors_interfaces'...
[0.927s] Compiling '/workspace/tors_ws/install/tors_interfaces/local/lib/python3.10/dist-packages/tors_interfaces/__init__.py'...
[0.927s] Listing '/workspace/tors_ws/install/tors_interfaces/local/lib/python3.10/dist-packages/tors_interfaces/msg'...
[0.927s] Listing '/workspace/tors_ws/install/tors_interfaces/local/lib/python3.10/dist-packages/tors_interfaces/srv'...
[0.930s] -- Up-to-date: /workspace/tors_ws/install/tors_interfaces/lib/libtors_interfaces__rosidl_generator_py.so
[0.930s] -- Up-to-date: /workspace/tors_ws/install/tors_interfaces/share/tors_interfaces/cmake/export_tors_interfaces__rosidl_generator_cExport.cmake
[0.930s] -- Up-to-date: /workspace/tors_ws/install/tors_interfaces/share/tors_interfaces/cmake/export_tors_interfaces__rosidl_generator_cExport-noconfig.cmake
[0.930s] -- Up-to-date: /workspace/tors_ws/install/tors_interfaces/share/tors_interfaces/cmake/export_tors_interfaces__rosidl_typesupport_fastrtps_cExport.cmake
[0.930s] -- Up-to-date: /workspace/tors_ws/install/tors_interfaces/share/tors_interfaces/cmake/export_tors_interfaces__rosidl_typesupport_fastrtps_cExport-noconfig.cmake
[0.930s] -- Up-to-date: /workspace/tors_ws/install/tors_interfaces/share/tors_interfaces/cmake/tors_interfaces__rosidl_typesupport_introspection_cExport.cmake
[0.930s] -- Up-to-date: /workspace/tors_ws/install/tors_interfaces/share/tors_interfaces/cmake/tors_interfaces__rosidl_typesupport_introspection_cExport-noconfig.cmake
[0.930s] -- Up-to-date: /workspace/tors_ws/install/tors_interfaces/share/tors_interfaces/cmake/tors_interfaces__rosidl_typesupport_cExport.cmake
[0.930s] -- Up-to-date: /workspace/tors_ws/install/tors_interfaces/share/tors_interfaces/cmake/tors_interfaces__rosidl_typesupport_cExport-noconfig.cmake
[0.930s] -- Up-to-date: /workspace/tors_ws/install/tors_interfaces/share/tors_interfaces/cmake/export_tors_interfaces__rosidl_generator_cppExport.cmake
[0.930s] -- Up-to-date: /workspace/tors_ws/install/tors_interfaces/share/tors_interfaces/cmake/export_tors_interfaces__rosidl_typesupport_fastrtps_cppExport.cmake
[0.930s] -- Up-to-date: /workspace/tors_ws/install/tors_interfaces/share/tors_interfaces/cmake/export_tors_interfaces__rosidl_typesupport_fastrtps_cppExport-noconfig.cmake
[0.930s] -- Up-to-date: /workspace/tors_ws/install/tors_interfaces/share/tors_interfaces/cmake/tors_interfaces__rosidl_typesupport_introspection_cppExport.cmake
[0.930s] -- Up-to-date: /workspace/tors_ws/install/tors_interfaces/share/tors_interfaces/cmake/tors_interfaces__rosidl_typesupport_introspection_cppExport-noconfig.cmake
[0.930s] -- Up-to-date: /workspace/tors_ws/install/tors_interfaces/share/tors_interfaces/cmake/tors_interfaces__rosidl_typesupport_cppExport.cmake
[0.930s] -- Up-to-date: /workspace/tors_ws/install/tors_interfaces/share/tors_interfaces/cmake/tors_interfaces__rosidl_typesupport_cppExport-noconfig.cmake
[0.930s] -- Up-to-date: /workspace/tors_ws/install/tors_interfaces/share/tors_interfaces/cmake/export_tors_interfaces__rosidl_generator_pyExport.cmake
[0.930s] -- Up-to-date: /workspace/tors_ws/install/tors_interfaces/share/tors_interfaces/cmake/export_tors_interfaces__rosidl_generator_pyExport-noconfig.cmake
[0.932s] Invoked command in '/workspace/tors_ws/build/tors_interfaces' returned '0': CMAKE_PREFIX_PATH=${CMAKE_PREFIX_PATH}:/workspace/turtlebot3_ws/install/turtlebot3_teleop:/workspace/turtlebot3_ws/install/turtlebot3_example:/opt/ros/humble /usr/bin/cmake --install /workspace/tors_ws/build/tors_interfaces
