[0.065s] DEBUG:colcon:Command line arguments: ['/usr/bin/colcon', 'build', '--symlink-install']
[0.066s] DEBUG:colcon:Parsed command line arguments: Namespace(log_base=None, log_level=None, verb_name='build', build_base='build', install_base='install', merge_install=False, symlink_install=True, test_result_base=None, continue_on_error=False, executor='parallel', parallel_workers=20, event_handlers=None, ignore_user_meta=False, metas=['./colcon.meta'], base_paths=['.'], packages_ignore=None, packages_ignore_regex=None, paths=None, packages_up_to=None, packages_up_to_regex=None, packages_above=None, packages_above_and_dependencies=None, packages_above_depth=None, packages_select_by_dep=None, packages_skip_by_dep=None, packages_skip_up_to=None, packages_select_build_failed=False, packages_skip_build_finished=False, packages_select_test_failures=False, packages_skip_test_passed=False, packages_select=None, packages_skip=None, packages_select_regex=None, packages_skip_regex=None, packages_start=None, packages_end=None, cmake_args=None, cmake_target=None, cmake_target_skip_unavailable=False, cmake_clean_cache=False, cmake_clean_first=False, cmake_force_configure=False, ament_cmake_args=None, catkin_cmake_args=None, catkin_skip_building_tests=False, mixin_files=None, mixin=None, verb_parser=<colcon_mixin.mixin.mixin_argument.MixinArgumentDecorator object at 0x7a8235369e40>, verb_extension=<colcon_core.verb.build.BuildVerb object at 0x7a82354eae00>, main=<bound method BuildVerb.main of <colcon_core.verb.build.BuildVerb object at 0x7a82354eae00>>, mixin_verb=('build',))
[0.150s] Level 1:colcon.colcon_core.package_discovery:discover_packages(colcon_meta) check parameters
[0.150s] Level 1:colcon.colcon_core.package_discovery:discover_packages(recursive) check parameters
[0.150s] Level 1:colcon.colcon_core.package_discovery:discover_packages(ignore) check parameters
[0.150s] Level 1:colcon.colcon_core.package_discovery:discover_packages(path) check parameters
[0.150s] Level 1:colcon.colcon_core.package_discovery:discover_packages(colcon_meta) discover
[0.150s] Level 1:colcon.colcon_core.package_discovery:discover_packages(recursive) discover
[0.150s] INFO:colcon.colcon_core.package_discovery:Crawling recursively for packages in '/workspace/tors_ws'
[0.150s] Level 1:colcon.colcon_core.package_identification:_identify(.) by extensions ['ignore', 'ignore_ament_install']
[0.150s] Level 1:colcon.colcon_core.package_identification:_identify(.) by extension 'ignore'
[0.150s] Level 1:colcon.colcon_core.package_identification:_identify(.) by extension 'ignore_ament_install'
[0.150s] Level 1:colcon.colcon_core.package_identification:_identify(.) by extensions ['colcon_pkg']
[0.150s] Level 1:colcon.colcon_core.package_identification:_identify(.) by extension 'colcon_pkg'
[0.150s] Level 1:colcon.colcon_core.package_identification:_identify(.) by extensions ['colcon_meta']
[0.150s] Level 1:colcon.colcon_core.package_identification:_identify(.) by extension 'colcon_meta'
[0.150s] Level 1:colcon.colcon_core.package_identification:_identify(.) by extensions ['ros']
[0.150s] Level 1:colcon.colcon_core.package_identification:_identify(.) by extension 'ros'
[0.158s] Level 1:colcon.colcon_core.package_identification:_identify(.) by extensions ['cmake', 'python']
[0.158s] Level 1:colcon.colcon_core.package_identification:_identify(.) by extension 'cmake'
[0.158s] Level 1:colcon.colcon_core.package_identification:_identify(.) by extension 'python'
[0.158s] Level 1:colcon.colcon_core.package_identification:_identify(.) by extensions ['python_setup_py']
[0.158s] Level 1:colcon.colcon_core.package_identification:_identify(.) by extension 'python_setup_py'
[0.158s] Level 1:colcon.colcon_core.package_identification:_identify(build) by extensions ['ignore', 'ignore_ament_install']
[0.158s] Level 1:colcon.colcon_core.package_identification:_identify(build) by extension 'ignore'
[0.158s] Level 1:colcon.colcon_core.package_identification:_identify(build) ignored
[0.158s] Level 1:colcon.colcon_core.package_identification:_identify(install) by extensions ['ignore', 'ignore_ament_install']
[0.159s] Level 1:colcon.colcon_core.package_identification:_identify(install) by extension 'ignore'
[0.159s] Level 1:colcon.colcon_core.package_identification:_identify(install) ignored
[0.159s] Level 1:colcon.colcon_core.package_identification:_identify(log) by extensions ['ignore', 'ignore_ament_install']
[0.159s] Level 1:colcon.colcon_core.package_identification:_identify(log) by extension 'ignore'
[0.159s] Level 1:colcon.colcon_core.package_identification:_identify(log) ignored
[0.159s] Level 1:colcon.colcon_core.package_identification:_identify(src) by extensions ['ignore', 'ignore_ament_install']
[0.159s] Level 1:colcon.colcon_core.package_identification:_identify(src) by extension 'ignore'
[0.159s] Level 1:colcon.colcon_core.package_identification:_identify(src) by extension 'ignore_ament_install'
[0.159s] Level 1:colcon.colcon_core.package_identification:_identify(src) by extensions ['colcon_pkg']
[0.159s] Level 1:colcon.colcon_core.package_identification:_identify(src) by extension 'colcon_pkg'
[0.159s] Level 1:colcon.colcon_core.package_identification:_identify(src) by extensions ['colcon_meta']
[0.159s] Level 1:colcon.colcon_core.package_identification:_identify(src) by extension 'colcon_meta'
[0.159s] Level 1:colcon.colcon_core.package_identification:_identify(src) by extensions ['ros']
[0.159s] Level 1:colcon.colcon_core.package_identification:_identify(src) by extension 'ros'
[0.159s] Level 1:colcon.colcon_core.package_identification:_identify(src) by extensions ['cmake', 'python']
[0.159s] Level 1:colcon.colcon_core.package_identification:_identify(src) by extension 'cmake'
[0.159s] Level 1:colcon.colcon_core.package_identification:_identify(src) by extension 'python'
[0.159s] Level 1:colcon.colcon_core.package_identification:_identify(src) by extensions ['python_setup_py']
[0.159s] Level 1:colcon.colcon_core.package_identification:_identify(src) by extension 'python_setup_py'
[0.159s] Level 1:colcon.colcon_core.package_identification:_identify(src/pos_control) by extensions ['ignore', 'ignore_ament_install']
[0.159s] Level 1:colcon.colcon_core.package_identification:_identify(src/pos_control) by extension 'ignore'
[0.159s] Level 1:colcon.colcon_core.package_identification:_identify(src/pos_control) by extension 'ignore_ament_install'
[0.159s] Level 1:colcon.colcon_core.package_identification:_identify(src/pos_control) by extensions ['colcon_pkg']
[0.159s] Level 1:colcon.colcon_core.package_identification:_identify(src/pos_control) by extension 'colcon_pkg'
[0.159s] Level 1:colcon.colcon_core.package_identification:_identify(src/pos_control) by extensions ['colcon_meta']
[0.159s] Level 1:colcon.colcon_core.package_identification:_identify(src/pos_control) by extension 'colcon_meta'
[0.159s] Level 1:colcon.colcon_core.package_identification:_identify(src/pos_control) by extensions ['ros']
[0.159s] Level 1:colcon.colcon_core.package_identification:_identify(src/pos_control) by extension 'ros'
[0.161s] DEBUG:colcon.colcon_core.package_identification:Package 'src/pos_control' with type 'ros.ament_python' and name 'pos_control'
[0.161s] Level 1:colcon.colcon_core.package_identification:_identify(src/table_order) by extensions ['ignore', 'ignore_ament_install']
[0.161s] Level 1:colcon.colcon_core.package_identification:_identify(src/table_order) by extension 'ignore'
[0.161s] Level 1:colcon.colcon_core.package_identification:_identify(src/table_order) by extension 'ignore_ament_install'
[0.161s] Level 1:colcon.colcon_core.package_identification:_identify(src/table_order) by extensions ['colcon_pkg']
[0.161s] Level 1:colcon.colcon_core.package_identification:_identify(src/table_order) by extension 'colcon_pkg'
[0.161s] Level 1:colcon.colcon_core.package_identification:_identify(src/table_order) by extensions ['colcon_meta']
[0.161s] Level 1:colcon.colcon_core.package_identification:_identify(src/table_order) by extension 'colcon_meta'
[0.161s] Level 1:colcon.colcon_core.package_identification:_identify(src/table_order) by extensions ['ros']
[0.161s] Level 1:colcon.colcon_core.package_identification:_identify(src/table_order) by extension 'ros'
[0.162s] DEBUG:colcon.colcon_core.package_identification:Package 'src/table_order' with type 'ros.ament_python' and name 'table_order'
[0.162s] Level 1:colcon.colcon_core.package_identification:_identify(src/tors_interfaces) by extensions ['ignore', 'ignore_ament_install']
[0.162s] Level 1:colcon.colcon_core.package_identification:_identify(src/tors_interfaces) by extension 'ignore'
[0.162s] Level 1:colcon.colcon_core.package_identification:_identify(src/tors_interfaces) by extension 'ignore_ament_install'
[0.162s] Level 1:colcon.colcon_core.package_identification:_identify(src/tors_interfaces) by extensions ['colcon_pkg']
[0.162s] Level 1:colcon.colcon_core.package_identification:_identify(src/tors_interfaces) by extension 'colcon_pkg'
[0.162s] Level 1:colcon.colcon_core.package_identification:_identify(src/tors_interfaces) by extensions ['colcon_meta']
[0.162s] Level 1:colcon.colcon_core.package_identification:_identify(src/tors_interfaces) by extension 'colcon_meta'
[0.162s] Level 1:colcon.colcon_core.package_identification:_identify(src/tors_interfaces) by extensions ['ros']
[0.162s] Level 1:colcon.colcon_core.package_identification:_identify(src/tors_interfaces) by extension 'ros'
[0.162s] DEBUG:colcon.colcon_core.package_identification:Package 'src/tors_interfaces' with type 'ros.ament_cmake' and name 'tors_interfaces'
[0.162s] Level 1:colcon.colcon_core.package_discovery:discover_packages(recursive) using defaults
[0.162s] Level 1:colcon.colcon_core.package_discovery:discover_packages(ignore) discover
[0.162s] Level 1:colcon.colcon_core.package_discovery:discover_packages(ignore) using defaults
[0.162s] Level 1:colcon.colcon_core.package_discovery:discover_packages(path) discover
[0.162s] Level 1:colcon.colcon_core.package_discovery:discover_packages(path) using defaults
[0.177s] Level 5:colcon.colcon_core.verb:set package 'tors_interfaces' build argument 'cmake_args' from command line to 'None'
[0.177s] Level 5:colcon.colcon_core.verb:set package 'tors_interfaces' build argument 'cmake_target' from command line to 'None'
[0.177s] Level 5:colcon.colcon_core.verb:set package 'tors_interfaces' build argument 'cmake_target_skip_unavailable' from command line to 'False'
[0.177s] Level 5:colcon.colcon_core.verb:set package 'tors_interfaces' build argument 'cmake_clean_cache' from command line to 'False'
[0.177s] Level 5:colcon.colcon_core.verb:set package 'tors_interfaces' build argument 'cmake_clean_first' from command line to 'False'
[0.177s] Level 5:colcon.colcon_core.verb:set package 'tors_interfaces' build argument 'cmake_force_configure' from command line to 'False'
[0.177s] Level 5:colcon.colcon_core.verb:set package 'tors_interfaces' build argument 'ament_cmake_args' from command line to 'None'
[0.177s] Level 5:colcon.colcon_core.verb:set package 'tors_interfaces' build argument 'catkin_cmake_args' from command line to 'None'
[0.177s] Level 5:colcon.colcon_core.verb:set package 'tors_interfaces' build argument 'catkin_skip_building_tests' from command line to 'False'
[0.177s] DEBUG:colcon.colcon_core.verb:Building package 'tors_interfaces' with the following arguments: {'ament_cmake_args': None, 'build_base': '/workspace/tors_ws/build/tors_interfaces', 'catkin_cmake_args': None, 'catkin_skip_building_tests': False, 'cmake_args': None, 'cmake_clean_cache': False, 'cmake_clean_first': False, 'cmake_force_configure': False, 'cmake_target': None, 'cmake_target_skip_unavailable': False, 'install_base': '/workspace/tors_ws/install/tors_interfaces', 'merge_install': False, 'path': '/workspace/tors_ws/src/tors_interfaces', 'symlink_install': True, 'test_result_base': None}
[0.177s] Level 5:colcon.colcon_core.verb:set package 'pos_control' build argument 'cmake_args' from command line to 'None'
[0.177s] Level 5:colcon.colcon_core.verb:set package 'pos_control' build argument 'cmake_target' from command line to 'None'
[0.177s] Level 5:colcon.colcon_core.verb:set package 'pos_control' build argument 'cmake_target_skip_unavailable' from command line to 'False'
[0.177s] Level 5:colcon.colcon_core.verb:set package 'pos_control' build argument 'cmake_clean_cache' from command line to 'False'
[0.177s] Level 5:colcon.colcon_core.verb:set package 'pos_control' build argument 'cmake_clean_first' from command line to 'False'
[0.177s] Level 5:colcon.colcon_core.verb:set package 'pos_control' build argument 'cmake_force_configure' from command line to 'False'
[0.177s] Level 5:colcon.colcon_core.verb:set package 'pos_control' build argument 'ament_cmake_args' from command line to 'None'
[0.177s] Level 5:colcon.colcon_core.verb:set package 'pos_control' build argument 'catkin_cmake_args' from command line to 'None'
[0.177s] Level 5:colcon.colcon_core.verb:set package 'pos_control' build argument 'catkin_skip_building_tests' from command line to 'False'
[0.177s] DEBUG:colcon.colcon_core.verb:Building package 'pos_control' with the following arguments: {'ament_cmake_args': None, 'build_base': '/workspace/tors_ws/build/pos_control', 'catkin_cmake_args': None, 'catkin_skip_building_tests': False, 'cmake_args': None, 'cmake_clean_cache': False, 'cmake_clean_first': False, 'cmake_force_configure': False, 'cmake_target': None, 'cmake_target_skip_unavailable': False, 'install_base': '/workspace/tors_ws/install/pos_control', 'merge_install': False, 'path': '/workspace/tors_ws/src/pos_control', 'symlink_install': True, 'test_result_base': None}
[0.177s] Level 5:colcon.colcon_core.verb:set package 'table_order' build argument 'cmake_args' from command line to 'None'
[0.177s] Level 5:colcon.colcon_core.verb:set package 'table_order' build argument 'cmake_target' from command line to 'None'
[0.177s] Level 5:colcon.colcon_core.verb:set package 'table_order' build argument 'cmake_target_skip_unavailable' from command line to 'False'
[0.177s] Level 5:colcon.colcon_core.verb:set package 'table_order' build argument 'cmake_clean_cache' from command line to 'False'
[0.177s] Level 5:colcon.colcon_core.verb:set package 'table_order' build argument 'cmake_clean_first' from command line to 'False'
[0.177s] Level 5:colcon.colcon_core.verb:set package 'table_order' build argument 'cmake_force_configure' from command line to 'False'
[0.177s] Level 5:colcon.colcon_core.verb:set package 'table_order' build argument 'ament_cmake_args' from command line to 'None'
[0.177s] Level 5:colcon.colcon_core.verb:set package 'table_order' build argument 'catkin_cmake_args' from command line to 'None'
[0.177s] Level 5:colcon.colcon_core.verb:set package 'table_order' build argument 'catkin_skip_building_tests' from command line to 'False'
[0.177s] DEBUG:colcon.colcon_core.verb:Building package 'table_order' with the following arguments: {'ament_cmake_args': None, 'build_base': '/workspace/tors_ws/build/table_order', 'catkin_cmake_args': None, 'catkin_skip_building_tests': False, 'cmake_args': None, 'cmake_clean_cache': False, 'cmake_clean_first': False, 'cmake_force_configure': False, 'cmake_target': None, 'cmake_target_skip_unavailable': False, 'install_base': '/workspace/tors_ws/install/table_order', 'merge_install': False, 'path': '/workspace/tors_ws/src/table_order', 'symlink_install': True, 'test_result_base': None}
[0.178s] INFO:colcon.colcon_core.executor:Executing jobs using 'parallel' executor
[0.179s] DEBUG:colcon.colcon_parallel_executor.executor.parallel:run_until_complete
[0.179s] INFO:colcon.colcon_ros.task.ament_cmake.build:Building ROS package in '/workspace/tors_ws/src/tors_interfaces' with build type 'ament_cmake'
[0.179s] INFO:colcon.colcon_cmake.task.cmake.build:Building CMake package in '/workspace/tors_ws/src/tors_interfaces'
[0.181s] INFO:colcon.colcon_core.plugin_system:Skipping extension 'colcon_core.shell.bat': Not used on non-Windows systems
[0.181s] INFO:colcon.colcon_core.shell:Skip shell extension 'powershell' for command environment: Not usable outside of PowerShell
[0.181s] DEBUG:colcon.colcon_core.shell:Skip shell extension 'dsv' for command environment
[0.181s] WARNING:colcon.colcon_ros.prefix_path.ament:The path '/workspace/tors_ws/install/table_order' in the environment variable AMENT_PREFIX_PATH doesn't exist
[0.181s] WARNING:colcon.colcon_ros.prefix_path.ament:The path '/workspace/tors_ws/install/pos_control' in the environment variable AMENT_PREFIX_PATH doesn't exist
[0.181s] WARNING:colcon.colcon_ros.prefix_path.ament:The path '/workspace/tors_ws/install/tors_interfaces' in the environment variable AMENT_PREFIX_PATH doesn't exist
[0.182s] WARNING:colcon.colcon_ros.prefix_path.catkin:The path '/workspace/tors_ws/install/tors_interfaces' in the environment variable CMAKE_PREFIX_PATH doesn't exist
[0.188s] DEBUG:colcon.colcon_core.event_handler.log_command:Invoking command in '/workspace/tors_ws/build/tors_interfaces': CMAKE_PREFIX_PATH=${CMAKE_PREFIX_PATH}:/workspace/tors_ws/install/table_order:/workspace/tors_ws/install/pos_control:/workspace/turtlebot3_ws/install/turtlebot3_teleop:/workspace/turtlebot3_ws/install/turtlebot3_example:/opt/ros/humble /usr/bin/cmake /workspace/tors_ws/src/tors_interfaces -DAMENT_CMAKE_SYMLINK_INSTALL=1 -DCMAKE_INSTALL_PREFIX=/workspace/tors_ws/install/tors_interfaces
[1.320s] DEBUG:colcon.colcon_core.event_handler.log_command:Invoked command in '/workspace/tors_ws/build/tors_interfaces' returned '0': CMAKE_PREFIX_PATH=${CMAKE_PREFIX_PATH}:/workspace/tors_ws/install/table_order:/workspace/tors_ws/install/pos_control:/workspace/turtlebot3_ws/install/turtlebot3_teleop:/workspace/turtlebot3_ws/install/turtlebot3_example:/opt/ros/humble /usr/bin/cmake /workspace/tors_ws/src/tors_interfaces -DAMENT_CMAKE_SYMLINK_INSTALL=1 -DCMAKE_INSTALL_PREFIX=/workspace/tors_ws/install/tors_interfaces
[1.322s] DEBUG:colcon.colcon_core.event_handler.log_command:Invoking command in '/workspace/tors_ws/build/tors_interfaces': CMAKE_PREFIX_PATH=${CMAKE_PREFIX_PATH}:/workspace/tors_ws/install/table_order:/workspace/tors_ws/install/pos_control:/workspace/turtlebot3_ws/install/turtlebot3_teleop:/workspace/turtlebot3_ws/install/turtlebot3_example:/opt/ros/humble /usr/bin/cmake --build /workspace/tors_ws/build/tors_interfaces -- -j20 -l20
[2.886s] DEBUG:colcon.colcon_core.event_handler.log_command:Invoked command in '/workspace/tors_ws/build/tors_interfaces' returned '0': CMAKE_PREFIX_PATH=${CMAKE_PREFIX_PATH}:/workspace/tors_ws/install/table_order:/workspace/tors_ws/install/pos_control:/workspace/turtlebot3_ws/install/turtlebot3_teleop:/workspace/turtlebot3_ws/install/turtlebot3_example:/opt/ros/humble /usr/bin/cmake --build /workspace/tors_ws/build/tors_interfaces -- -j20 -l20
[2.894s] DEBUG:colcon.colcon_core.event_handler.log_command:Invoking command in '/workspace/tors_ws/build/tors_interfaces': CMAKE_PREFIX_PATH=${CMAKE_PREFIX_PATH}:/workspace/tors_ws/install/table_order:/workspace/tors_ws/install/pos_control:/workspace/turtlebot3_ws/install/turtlebot3_teleop:/workspace/turtlebot3_ws/install/turtlebot3_example:/opt/ros/humble /usr/bin/cmake --install /workspace/tors_ws/build/tors_interfaces
[3.473s] Level 1:colcon.colcon_core.environment:create_environment_scripts_only(tors_interfaces)
[3.473s] DEBUG:colcon.colcon_core.event_handler.log_command:Invoked command in '/workspace/tors_ws/build/tors_interfaces' returned '0': CMAKE_PREFIX_PATH=${CMAKE_PREFIX_PATH}:/workspace/tors_ws/install/table_order:/workspace/tors_ws/install/pos_control:/workspace/turtlebot3_ws/install/turtlebot3_teleop:/workspace/turtlebot3_ws/install/turtlebot3_example:/opt/ros/humble /usr/bin/cmake --install /workspace/tors_ws/build/tors_interfaces
[3.475s] Level 1:colcon.colcon_core.environment:checking '/workspace/tors_ws/install/tors_interfaces' for CMake module files
[3.476s] Level 1:colcon.colcon_core.environment:checking '/workspace/tors_ws/install/tors_interfaces' for CMake config files
[3.477s] Level 1:colcon.colcon_core.shell:create_environment_hook('tors_interfaces', 'cmake_prefix_path')
[3.477s] INFO:colcon.colcon_core.shell:Creating environment hook '/workspace/tors_ws/install/tors_interfaces/share/tors_interfaces/hook/cmake_prefix_path.ps1'
[3.477s] INFO:colcon.colcon_core.shell:Creating environment descriptor '/workspace/tors_ws/install/tors_interfaces/share/tors_interfaces/hook/cmake_prefix_path.dsv'
[3.477s] INFO:colcon.colcon_core.shell:Creating environment hook '/workspace/tors_ws/install/tors_interfaces/share/tors_interfaces/hook/cmake_prefix_path.sh'
[3.478s] Level 1:colcon.colcon_core.environment:checking '/workspace/tors_ws/install/tors_interfaces/lib'
[3.478s] Level 1:colcon.colcon_core.shell:create_environment_hook('tors_interfaces', 'ld_library_path_lib')
[3.478s] INFO:colcon.colcon_core.shell:Creating environment hook '/workspace/tors_ws/install/tors_interfaces/share/tors_interfaces/hook/ld_library_path_lib.ps1'
[3.478s] INFO:colcon.colcon_core.shell:Creating environment descriptor '/workspace/tors_ws/install/tors_interfaces/share/tors_interfaces/hook/ld_library_path_lib.dsv'
[3.479s] INFO:colcon.colcon_core.shell:Creating environment hook '/workspace/tors_ws/install/tors_interfaces/share/tors_interfaces/hook/ld_library_path_lib.sh'
[3.479s] Level 1:colcon.colcon_core.environment:checking '/workspace/tors_ws/install/tors_interfaces/bin'
[3.479s] Level 1:colcon.colcon_core.environment:checking '/workspace/tors_ws/install/tors_interfaces/lib/pkgconfig/tors_interfaces.pc'
[3.480s] Level 1:colcon.colcon_core.environment:checking '/workspace/tors_ws/install/tors_interfaces/lib/python3.10/site-packages'
[3.480s] Level 1:colcon.colcon_core.environment:checking '/workspace/tors_ws/install/tors_interfaces/bin'
[3.480s] INFO:colcon.colcon_core.shell:Creating package script '/workspace/tors_ws/install/tors_interfaces/share/tors_interfaces/package.ps1'
[3.481s] INFO:colcon.colcon_core.shell:Creating package descriptor '/workspace/tors_ws/install/tors_interfaces/share/tors_interfaces/package.dsv'
[3.481s] INFO:colcon.colcon_core.shell:Creating package script '/workspace/tors_ws/install/tors_interfaces/share/tors_interfaces/package.sh'
[3.482s] INFO:colcon.colcon_core.shell:Creating package script '/workspace/tors_ws/install/tors_interfaces/share/tors_interfaces/package.bash'
[3.482s] INFO:colcon.colcon_core.shell:Creating package script '/workspace/tors_ws/install/tors_interfaces/share/tors_interfaces/package.zsh'
[3.482s] Level 1:colcon.colcon_core.environment:create_file_with_runtime_dependencies(/workspace/tors_ws/install/tors_interfaces/share/colcon-core/packages/tors_interfaces)
[3.483s] Level 1:colcon.colcon_core.environment:create_environment_scripts_only(tors_interfaces)
[3.483s] Level 1:colcon.colcon_core.environment:checking '/workspace/tors_ws/install/tors_interfaces' for CMake module files
[3.483s] Level 1:colcon.colcon_core.environment:checking '/workspace/tors_ws/install/tors_interfaces' for CMake config files
[3.484s] Level 1:colcon.colcon_core.shell:create_environment_hook('tors_interfaces', 'cmake_prefix_path')
[3.484s] INFO:colcon.colcon_core.shell:Creating environment hook '/workspace/tors_ws/install/tors_interfaces/share/tors_interfaces/hook/cmake_prefix_path.ps1'
[3.484s] INFO:colcon.colcon_core.shell:Creating environment descriptor '/workspace/tors_ws/install/tors_interfaces/share/tors_interfaces/hook/cmake_prefix_path.dsv'
[3.484s] INFO:colcon.colcon_core.shell:Creating environment hook '/workspace/tors_ws/install/tors_interfaces/share/tors_interfaces/hook/cmake_prefix_path.sh'
[3.485s] Level 1:colcon.colcon_core.environment:checking '/workspace/tors_ws/install/tors_interfaces/lib'
[3.485s] Level 1:colcon.colcon_core.shell:create_environment_hook('tors_interfaces', 'ld_library_path_lib')
[3.485s] INFO:colcon.colcon_core.shell:Creating environment hook '/workspace/tors_ws/install/tors_interfaces/share/tors_interfaces/hook/ld_library_path_lib.ps1'
[3.485s] INFO:colcon.colcon_core.shell:Creating environment descriptor '/workspace/tors_ws/install/tors_interfaces/share/tors_interfaces/hook/ld_library_path_lib.dsv'
[3.485s] INFO:colcon.colcon_core.shell:Creating environment hook '/workspace/tors_ws/install/tors_interfaces/share/tors_interfaces/hook/ld_library_path_lib.sh'
[3.485s] Level 1:colcon.colcon_core.environment:checking '/workspace/tors_ws/install/tors_interfaces/bin'
[3.485s] Level 1:colcon.colcon_core.environment:checking '/workspace/tors_ws/install/tors_interfaces/lib/pkgconfig/tors_interfaces.pc'
[3.486s] Level 1:colcon.colcon_core.environment:checking '/workspace/tors_ws/install/tors_interfaces/lib/python3.10/site-packages'
[3.486s] Level 1:colcon.colcon_core.environment:checking '/workspace/tors_ws/install/tors_interfaces/bin'
[3.486s] INFO:colcon.colcon_core.shell:Creating package script '/workspace/tors_ws/install/tors_interfaces/share/tors_interfaces/package.ps1'
[3.486s] INFO:colcon.colcon_core.shell:Creating package descriptor '/workspace/tors_ws/install/tors_interfaces/share/tors_interfaces/package.dsv'
[3.486s] INFO:colcon.colcon_core.shell:Creating package script '/workspace/tors_ws/install/tors_interfaces/share/tors_interfaces/package.sh'
[3.487s] INFO:colcon.colcon_core.shell:Creating package script '/workspace/tors_ws/install/tors_interfaces/share/tors_interfaces/package.bash'
[3.487s] INFO:colcon.colcon_core.shell:Creating package script '/workspace/tors_ws/install/tors_interfaces/share/tors_interfaces/package.zsh'
[3.487s] Level 1:colcon.colcon_core.environment:create_file_with_runtime_dependencies(/workspace/tors_ws/install/tors_interfaces/share/colcon-core/packages/tors_interfaces)
[3.487s] INFO:colcon.colcon_ros.task.ament_python.build:Building ROS package in '/workspace/tors_ws/src/pos_control' with build type 'ament_python'
[3.487s] Level 1:colcon.colcon_core.shell:create_environment_hook('pos_control', 'ament_prefix_path')
[3.488s] INFO:colcon.colcon_core.shell:Creating environment hook '/workspace/tors_ws/install/pos_control/share/pos_control/hook/ament_prefix_path.ps1'
[3.488s] INFO:colcon.colcon_core.shell:Creating environment descriptor '/workspace/tors_ws/install/pos_control/share/pos_control/hook/ament_prefix_path.dsv'
[3.488s] INFO:colcon.colcon_core.shell:Creating environment hook '/workspace/tors_ws/install/pos_control/share/pos_control/hook/ament_prefix_path.sh'
[3.489s] INFO:colcon.colcon_core.shell:Skip shell extension 'powershell' for command environment: Not usable outside of PowerShell
[3.489s] DEBUG:colcon.colcon_core.shell:Skip shell extension 'dsv' for command environment
[3.492s] INFO:colcon.colcon_ros.task.ament_python.build:Building ROS package in '/workspace/tors_ws/src/table_order' with build type 'ament_python'
[3.492s] Level 1:colcon.colcon_core.shell:create_environment_hook('table_order', 'ament_prefix_path')
[3.492s] INFO:colcon.colcon_core.shell:Creating environment hook '/workspace/tors_ws/install/table_order/share/table_order/hook/ament_prefix_path.ps1'
[3.492s] INFO:colcon.colcon_core.shell:Creating environment descriptor '/workspace/tors_ws/install/table_order/share/table_order/hook/ament_prefix_path.dsv'
[3.493s] INFO:colcon.colcon_core.shell:Creating environment hook '/workspace/tors_ws/install/table_order/share/table_order/hook/ament_prefix_path.sh'
[3.493s] INFO:colcon.colcon_core.shell:Skip shell extension 'powershell' for command environment: Not usable outside of PowerShell
[3.493s] DEBUG:colcon.colcon_core.shell:Skip shell extension 'dsv' for command environment
[3.643s] INFO:colcon.colcon_core.task.python.build:Building Python package in '/workspace/tors_ws/src/pos_control'
[3.643s] INFO:colcon.colcon_core.shell:Skip shell extension 'powershell' for command environment: Not usable outside of PowerShell
[3.643s] DEBUG:colcon.colcon_core.shell:Skip shell extension 'dsv' for command environment
[3.797s] INFO:colcon.colcon_core.task.python.build:Building Python package in '/workspace/tors_ws/src/table_order'
[3.797s] INFO:colcon.colcon_core.shell:Skip shell extension 'powershell' for command environment: Not usable outside of PowerShell
[3.797s] DEBUG:colcon.colcon_core.shell:Skip shell extension 'dsv' for command environment
[4.031s] DEBUG:colcon.colcon_core.event_handler.log_command:Invoking command in '/workspace/tors_ws/build/table_order': LD_LIBRARY_PATH=/workspace/tors_ws/install/tors_interfaces/lib:/workspace/turtlebot3_ws/install/turtlebot3_msgs/lib:/usr/lib/x86_64-linux-gnu/gazebo-11/plugins:/opt/ros/humble/opt/rviz_ogre_vendor/lib:/opt/ros/humble/lib/x86_64-linux-gnu:/opt/ros/humble/lib:/usr/lib/x86_64-linux-gnu/gazebo-11/plugins PYTHONPATH=/workspace/tors_ws/build/table_order/prefix_override:/usr/lib/python3/dist-packages/colcon_core/task/python/colcon_distutils_commands:/workspace/tors_ws/install/table_order/lib/python3.10/site-packages:${PYTHONPATH} /usr/bin/python3 -W ignore:setup.py install is deprecated -W ignore:easy_install command is deprecated setup.py develop --editable --build-directory /workspace/tors_ws/build/table_order/build --no-deps symlink_data
[4.032s] DEBUG:colcon.colcon_core.event_handler.log_command:Invoking command in '/workspace/tors_ws/build/pos_control': LD_LIBRARY_PATH=/workspace/tors_ws/install/tors_interfaces/lib:/workspace/turtlebot3_ws/install/turtlebot3_msgs/lib:/usr/lib/x86_64-linux-gnu/gazebo-11/plugins:/opt/ros/humble/opt/rviz_ogre_vendor/lib:/opt/ros/humble/lib/x86_64-linux-gnu:/opt/ros/humble/lib:/usr/lib/x86_64-linux-gnu/gazebo-11/plugins PYTHONPATH=/workspace/tors_ws/build/pos_control/prefix_override:/usr/lib/python3/dist-packages/colcon_core/task/python/colcon_distutils_commands:/workspace/tors_ws/install/pos_control/lib/python3.10/site-packages:${PYTHONPATH} /usr/bin/python3 -W ignore:setup.py install is deprecated -W ignore:easy_install command is deprecated setup.py develop --editable --build-directory /workspace/tors_ws/build/pos_control/build --no-deps symlink_data
[4.293s] Level 1:colcon.colcon_core.shell:create_environment_hook('table_order', 'pythonpath_develop')
[4.294s] INFO:colcon.colcon_core.shell:Creating environment hook '/workspace/tors_ws/build/table_order/share/table_order/hook/pythonpath_develop.ps1'
[4.294s] DEBUG:colcon.colcon_core.event_handler.log_command:Invoked command in '/workspace/tors_ws/build/table_order' returned '0': LD_LIBRARY_PATH=/workspace/tors_ws/install/tors_interfaces/lib:/workspace/turtlebot3_ws/install/turtlebot3_msgs/lib:/usr/lib/x86_64-linux-gnu/gazebo-11/plugins:/opt/ros/humble/opt/rviz_ogre_vendor/lib:/opt/ros/humble/lib/x86_64-linux-gnu:/opt/ros/humble/lib:/usr/lib/x86_64-linux-gnu/gazebo-11/plugins PYTHONPATH=/workspace/tors_ws/build/table_order/prefix_override:/usr/lib/python3/dist-packages/colcon_core/task/python/colcon_distutils_commands:/workspace/tors_ws/install/table_order/lib/python3.10/site-packages:${PYTHONPATH} /usr/bin/python3 -W ignore:setup.py install is deprecated -W ignore:easy_install command is deprecated setup.py develop --editable --build-directory /workspace/tors_ws/build/table_order/build --no-deps symlink_data
[4.294s] INFO:colcon.colcon_core.shell:Creating environment descriptor '/workspace/tors_ws/build/table_order/share/table_order/hook/pythonpath_develop.dsv'
[4.295s] INFO:colcon.colcon_core.shell:Creating environment hook '/workspace/tors_ws/build/table_order/share/table_order/hook/pythonpath_develop.sh'
[4.295s] Level 1:colcon.colcon_core.environment:checking '/workspace/tors_ws/install/table_order' for CMake module files
[4.295s] Level 1:colcon.colcon_core.environment:checking '/workspace/tors_ws/install/table_order' for CMake config files
[4.296s] Level 1:colcon.colcon_core.environment:checking '/workspace/tors_ws/install/table_order/lib'
[4.296s] Level 1:colcon.colcon_core.environment:checking '/workspace/tors_ws/install/table_order/bin'
[4.296s] Level 1:colcon.colcon_core.environment:checking '/workspace/tors_ws/install/table_order/lib/pkgconfig/table_order.pc'
[4.296s] Level 1:colcon.colcon_core.environment:checking '/workspace/tors_ws/install/table_order/lib/python3.10/site-packages'
[4.296s] Level 1:colcon.colcon_core.shell:create_environment_hook('table_order', 'pythonpath')
[4.296s] INFO:colcon.colcon_core.shell:Creating environment hook '/workspace/tors_ws/install/table_order/share/table_order/hook/pythonpath.ps1'
[4.296s] INFO:colcon.colcon_core.shell:Creating environment descriptor '/workspace/tors_ws/install/table_order/share/table_order/hook/pythonpath.dsv'
[4.297s] INFO:colcon.colcon_core.shell:Creating environment hook '/workspace/tors_ws/install/table_order/share/table_order/hook/pythonpath.sh'
[4.297s] Level 1:colcon.colcon_core.environment:checking '/workspace/tors_ws/install/table_order/bin'
[4.297s] Level 1:colcon.colcon_core.environment:create_environment_scripts_only(table_order)
[4.297s] INFO:colcon.colcon_core.shell:Creating package script '/workspace/tors_ws/install/table_order/share/table_order/package.ps1'
[4.298s] INFO:colcon.colcon_core.shell:Creating package descriptor '/workspace/tors_ws/install/table_order/share/table_order/package.dsv'
[4.298s] INFO:colcon.colcon_core.shell:Creating package script '/workspace/tors_ws/install/table_order/share/table_order/package.sh'
[4.298s] INFO:colcon.colcon_core.shell:Creating package script '/workspace/tors_ws/install/table_order/share/table_order/package.bash'
[4.298s] INFO:colcon.colcon_core.shell:Creating package script '/workspace/tors_ws/install/table_order/share/table_order/package.zsh'
[4.298s] Level 1:colcon.colcon_core.environment:create_file_with_runtime_dependencies(/workspace/tors_ws/install/table_order/share/colcon-core/packages/table_order)
[4.299s] Level 1:colcon.colcon_core.shell:create_environment_hook('pos_control', 'pythonpath_develop')
[4.299s] INFO:colcon.colcon_core.shell:Creating environment hook '/workspace/tors_ws/build/pos_control/share/pos_control/hook/pythonpath_develop.ps1'
[4.300s] DEBUG:colcon.colcon_core.event_handler.log_command:Invoked command in '/workspace/tors_ws/build/pos_control' returned '0': LD_LIBRARY_PATH=/workspace/tors_ws/install/tors_interfaces/lib:/workspace/turtlebot3_ws/install/turtlebot3_msgs/lib:/usr/lib/x86_64-linux-gnu/gazebo-11/plugins:/opt/ros/humble/opt/rviz_ogre_vendor/lib:/opt/ros/humble/lib/x86_64-linux-gnu:/opt/ros/humble/lib:/usr/lib/x86_64-linux-gnu/gazebo-11/plugins PYTHONPATH=/workspace/tors_ws/build/pos_control/prefix_override:/usr/lib/python3/dist-packages/colcon_core/task/python/colcon_distutils_commands:/workspace/tors_ws/install/pos_control/lib/python3.10/site-packages:${PYTHONPATH} /usr/bin/python3 -W ignore:setup.py install is deprecated -W ignore:easy_install command is deprecated setup.py develop --editable --build-directory /workspace/tors_ws/build/pos_control/build --no-deps symlink_data
[4.300s] INFO:colcon.colcon_core.shell:Creating environment descriptor '/workspace/tors_ws/build/pos_control/share/pos_control/hook/pythonpath_develop.dsv'
[4.301s] INFO:colcon.colcon_core.shell:Creating environment hook '/workspace/tors_ws/build/pos_control/share/pos_control/hook/pythonpath_develop.sh'
[4.301s] Level 1:colcon.colcon_core.environment:checking '/workspace/tors_ws/install/pos_control' for CMake module files
[4.302s] Level 1:colcon.colcon_core.environment:checking '/workspace/tors_ws/install/pos_control' for CMake config files
[4.302s] Level 1:colcon.colcon_core.environment:checking '/workspace/tors_ws/install/pos_control/lib'
[4.302s] Level 1:colcon.colcon_core.environment:checking '/workspace/tors_ws/install/pos_control/bin'
[4.302s] Level 1:colcon.colcon_core.environment:checking '/workspace/tors_ws/install/pos_control/lib/pkgconfig/pos_control.pc'
[4.303s] Level 1:colcon.colcon_core.environment:checking '/workspace/tors_ws/install/pos_control/lib/python3.10/site-packages'
[4.303s] Level 1:colcon.colcon_core.shell:create_environment_hook('pos_control', 'pythonpath')
[4.303s] INFO:colcon.colcon_core.shell:Creating environment hook '/workspace/tors_ws/install/pos_control/share/pos_control/hook/pythonpath.ps1'
[4.303s] INFO:colcon.colcon_core.shell:Creating environment descriptor '/workspace/tors_ws/install/pos_control/share/pos_control/hook/pythonpath.dsv'
[4.303s] INFO:colcon.colcon_core.shell:Creating environment hook '/workspace/tors_ws/install/pos_control/share/pos_control/hook/pythonpath.sh'
[4.304s] Level 1:colcon.colcon_core.environment:checking '/workspace/tors_ws/install/pos_control/bin'
[4.304s] Level 1:colcon.colcon_core.environment:create_environment_scripts_only(pos_control)
[4.304s] INFO:colcon.colcon_core.shell:Creating package script '/workspace/tors_ws/install/pos_control/share/pos_control/package.ps1'
[4.305s] INFO:colcon.colcon_core.shell:Creating package descriptor '/workspace/tors_ws/install/pos_control/share/pos_control/package.dsv'
[4.305s] INFO:colcon.colcon_core.shell:Creating package script '/workspace/tors_ws/install/pos_control/share/pos_control/package.sh'
[4.306s] INFO:colcon.colcon_core.shell:Creating package script '/workspace/tors_ws/install/pos_control/share/pos_control/package.bash'
[4.306s] INFO:colcon.colcon_core.shell:Creating package script '/workspace/tors_ws/install/pos_control/share/pos_control/package.zsh'
[4.307s] Level 1:colcon.colcon_core.environment:create_file_with_runtime_dependencies(/workspace/tors_ws/install/pos_control/share/colcon-core/packages/pos_control)
[4.307s] DEBUG:colcon.colcon_parallel_executor.executor.parallel:closing loop
[4.307s] DEBUG:colcon.colcon_parallel_executor.executor.parallel:loop closed
[4.307s] DEBUG:colcon.colcon_parallel_executor.executor.parallel:run_until_complete finished with '0'
[4.307s] DEBUG:colcon.colcon_core.event_reactor:joining thread
[4.318s] INFO:colcon.colcon_core.plugin_system:Skipping extension 'colcon_notification.desktop_notification.notify_send': Could not find 'notify-send'
[4.318s] INFO:colcon.colcon_core.plugin_system:Skipping extension 'colcon_notification.desktop_notification.terminal_notifier': Not used on non-Darwin systems
[4.318s] INFO:colcon.colcon_core.plugin_system:Skipping extension 'colcon_notification.desktop_notification.win32': Not used on non-Windows systems
[4.318s] INFO:colcon.colcon_notification.desktop_notification:Sending desktop notification using 'notify2'
[4.320s] DEBUG:colcon.colcon_notification.desktop_notification.notify2:Failed to initialize notify2: org.freedesktop.DBus.Error.Spawn.ExecFailed: /usr/bin/dbus-launch terminated abnormally without any error message
[4.321s] DEBUG:colcon.colcon_core.event_reactor:joined thread
[4.321s] INFO:colcon.colcon_core.shell:Creating prefix script '/workspace/tors_ws/install/local_setup.ps1'
[4.323s] INFO:colcon.colcon_core.shell:Creating prefix util module '/workspace/tors_ws/install/_local_setup_util_ps1.py'
[4.323s] INFO:colcon.colcon_core.shell:Creating prefix chain script '/workspace/tors_ws/install/setup.ps1'
[4.324s] INFO:colcon.colcon_core.shell:Creating prefix script '/workspace/tors_ws/install/local_setup.sh'
[4.325s] INFO:colcon.colcon_core.shell:Creating prefix util module '/workspace/tors_ws/install/_local_setup_util_sh.py'
[4.325s] INFO:colcon.colcon_core.shell:Creating prefix chain script '/workspace/tors_ws/install/setup.sh'
[4.326s] INFO:colcon.colcon_core.shell:Creating prefix script '/workspace/tors_ws/install/local_setup.bash'
[4.326s] INFO:colcon.colcon_core.shell:Creating prefix chain script '/workspace/tors_ws/install/setup.bash'
[4.327s] INFO:colcon.colcon_core.shell:Creating prefix script '/workspace/tors_ws/install/local_setup.zsh'
[4.327s] INFO:colcon.colcon_core.shell:Creating prefix chain script '/workspace/tors_ws/install/setup.zsh'
