[0.091s] DEBUG:colcon:Command line arguments: ['/usr/bin/colcon', 'build', '--symlink-install']
[0.091s] DEBUG:colcon:Parsed command line arguments: Namespace(log_base=None, log_level=None, verb_name='build', build_base='build', install_base='install', merge_install=False, symlink_install=True, test_result_base=None, continue_on_error=False, executor='parallel', parallel_workers=20, event_handlers=None, ignore_user_meta=False, metas=['./colcon.meta'], base_paths=['.'], packages_ignore=None, packages_ignore_regex=None, paths=None, packages_up_to=None, packages_up_to_regex=None, packages_above=None, packages_above_and_dependencies=None, packages_above_depth=None, packages_select_by_dep=None, packages_skip_by_dep=None, packages_skip_up_to=None, packages_select_build_failed=False, packages_skip_build_finished=False, packages_select_test_failures=False, packages_skip_test_passed=False, packages_select=None, packages_skip=None, packages_select_regex=None, packages_skip_regex=None, packages_start=None, packages_end=None, cmake_args=None, cmake_target=None, cmake_target_skip_unavailable=False, cmake_clean_cache=False, cmake_clean_first=False, cmake_force_configure=False, ament_cmake_args=None, catkin_cmake_args=None, catkin_skip_building_tests=False, mixin_files=None, mixin=None, verb_parser=<colcon_mixin.mixin.mixin_argument.MixinArgumentDecorator object at 0x76d5a79adbd0>, verb_extension=<colcon_core.verb.build.BuildVerb object at 0x76d5a7b36b00>, main=<bound method BuildVerb.main of <colcon_core.verb.build.BuildVerb object at 0x76d5a7b36b00>>, mixin_verb=('build',))
[0.201s] Level 1:colcon.colcon_core.package_discovery:discover_packages(colcon_meta) check parameters
[0.201s] Level 1:colcon.colcon_core.package_discovery:discover_packages(recursive) check parameters
[0.201s] Level 1:colcon.colcon_core.package_discovery:discover_packages(ignore) check parameters
[0.201s] Level 1:colcon.colcon_core.package_discovery:discover_packages(path) check parameters
[0.201s] Level 1:colcon.colcon_core.package_discovery:discover_packages(colcon_meta) discover
[0.201s] Level 1:colcon.colcon_core.package_discovery:discover_packages(recursive) discover
[0.201s] INFO:colcon.colcon_core.package_discovery:Crawling recursively for packages in '/workspace/tors_ws'
[0.201s] Level 1:colcon.colcon_core.package_identification:_identify(.) by extensions ['ignore', 'ignore_ament_install']
[0.201s] Level 1:colcon.colcon_core.package_identification:_identify(.) by extension 'ignore'
[0.201s] Level 1:colcon.colcon_core.package_identification:_identify(.) by extension 'ignore_ament_install'
[0.201s] Level 1:colcon.colcon_core.package_identification:_identify(.) by extensions ['colcon_pkg']
[0.201s] Level 1:colcon.colcon_core.package_identification:_identify(.) by extension 'colcon_pkg'
[0.201s] Level 1:colcon.colcon_core.package_identification:_identify(.) by extensions ['colcon_meta']
[0.201s] Level 1:colcon.colcon_core.package_identification:_identify(.) by extension 'colcon_meta'
[0.201s] Level 1:colcon.colcon_core.package_identification:_identify(.) by extensions ['ros']
[0.201s] Level 1:colcon.colcon_core.package_identification:_identify(.) by extension 'ros'
[0.210s] Level 1:colcon.colcon_core.package_identification:_identify(.) by extensions ['cmake', 'python']
[0.210s] Level 1:colcon.colcon_core.package_identification:_identify(.) by extension 'cmake'
[0.210s] Level 1:colcon.colcon_core.package_identification:_identify(.) by extension 'python'
[0.210s] Level 1:colcon.colcon_core.package_identification:_identify(.) by extensions ['python_setup_py']
[0.210s] Level 1:colcon.colcon_core.package_identification:_identify(.) by extension 'python_setup_py'
[0.210s] Level 1:colcon.colcon_core.package_identification:_identify(build) by extensions ['ignore', 'ignore_ament_install']
[0.210s] Level 1:colcon.colcon_core.package_identification:_identify(build) by extension 'ignore'
[0.210s] Level 1:colcon.colcon_core.package_identification:_identify(build) ignored
[0.210s] Level 1:colcon.colcon_core.package_identification:_identify(install) by extensions ['ignore', 'ignore_ament_install']
[0.210s] Level 1:colcon.colcon_core.package_identification:_identify(install) by extension 'ignore'
[0.210s] Level 1:colcon.colcon_core.package_identification:_identify(install) ignored
[0.210s] Level 1:colcon.colcon_core.package_identification:_identify(log) by extensions ['ignore', 'ignore_ament_install']
[0.210s] Level 1:colcon.colcon_core.package_identification:_identify(log) by extension 'ignore'
[0.210s] Level 1:colcon.colcon_core.package_identification:_identify(log) ignored
[0.210s] Level 1:colcon.colcon_core.package_identification:_identify(src) by extensions ['ignore', 'ignore_ament_install']
[0.210s] Level 1:colcon.colcon_core.package_identification:_identify(src) by extension 'ignore'
[0.210s] Level 1:colcon.colcon_core.package_identification:_identify(src) by extension 'ignore_ament_install'
[0.210s] Level 1:colcon.colcon_core.package_identification:_identify(src) by extensions ['colcon_pkg']
[0.210s] Level 1:colcon.colcon_core.package_identification:_identify(src) by extension 'colcon_pkg'
[0.210s] Level 1:colcon.colcon_core.package_identification:_identify(src) by extensions ['colcon_meta']
[0.210s] Level 1:colcon.colcon_core.package_identification:_identify(src) by extension 'colcon_meta'
[0.210s] Level 1:colcon.colcon_core.package_identification:_identify(src) by extensions ['ros']
[0.210s] Level 1:colcon.colcon_core.package_identification:_identify(src) by extension 'ros'
[0.210s] Level 1:colcon.colcon_core.package_identification:_identify(src) by extensions ['cmake', 'python']
[0.210s] Level 1:colcon.colcon_core.package_identification:_identify(src) by extension 'cmake'
[0.210s] Level 1:colcon.colcon_core.package_identification:_identify(src) by extension 'python'
[0.210s] Level 1:colcon.colcon_core.package_identification:_identify(src) by extensions ['python_setup_py']
[0.210s] Level 1:colcon.colcon_core.package_identification:_identify(src) by extension 'python_setup_py'
[0.210s] Level 1:colcon.colcon_core.package_identification:_identify(src/pos_control) by extensions ['ignore', 'ignore_ament_install']
[0.210s] Level 1:colcon.colcon_core.package_identification:_identify(src/pos_control) by extension 'ignore'
[0.210s] Level 1:colcon.colcon_core.package_identification:_identify(src/pos_control) by extension 'ignore_ament_install'
[0.211s] Level 1:colcon.colcon_core.package_identification:_identify(src/pos_control) by extensions ['colcon_pkg']
[0.211s] Level 1:colcon.colcon_core.package_identification:_identify(src/pos_control) by extension 'colcon_pkg'
[0.211s] Level 1:colcon.colcon_core.package_identification:_identify(src/pos_control) by extensions ['colcon_meta']
[0.211s] Level 1:colcon.colcon_core.package_identification:_identify(src/pos_control) by extension 'colcon_meta'
[0.211s] Level 1:colcon.colcon_core.package_identification:_identify(src/pos_control) by extensions ['ros']
[0.211s] Level 1:colcon.colcon_core.package_identification:_identify(src/pos_control) by extension 'ros'
[0.213s] DEBUG:colcon.colcon_core.package_identification:Package 'src/pos_control' with type 'ros.ament_python' and name 'pos_control'
[0.213s] Level 1:colcon.colcon_core.package_identification:_identify(src/table_order) by extensions ['ignore', 'ignore_ament_install']
[0.213s] Level 1:colcon.colcon_core.package_identification:_identify(src/table_order) by extension 'ignore'
[0.213s] Level 1:colcon.colcon_core.package_identification:_identify(src/table_order) by extension 'ignore_ament_install'
[0.213s] Level 1:colcon.colcon_core.package_identification:_identify(src/table_order) by extensions ['colcon_pkg']
[0.213s] Level 1:colcon.colcon_core.package_identification:_identify(src/table_order) by extension 'colcon_pkg'
[0.213s] Level 1:colcon.colcon_core.package_identification:_identify(src/table_order) by extensions ['colcon_meta']
[0.213s] Level 1:colcon.colcon_core.package_identification:_identify(src/table_order) by extension 'colcon_meta'
[0.213s] Level 1:colcon.colcon_core.package_identification:_identify(src/table_order) by extensions ['ros']
[0.213s] Level 1:colcon.colcon_core.package_identification:_identify(src/table_order) by extension 'ros'
[0.214s] DEBUG:colcon.colcon_core.package_identification:Package 'src/table_order' with type 'ros.ament_python' and name 'table_order'
[0.214s] Level 1:colcon.colcon_core.package_identification:_identify(src/tors_interfaces) by extensions ['ignore', 'ignore_ament_install']
[0.214s] Level 1:colcon.colcon_core.package_identification:_identify(src/tors_interfaces) by extension 'ignore'
[0.214s] Level 1:colcon.colcon_core.package_identification:_identify(src/tors_interfaces) by extension 'ignore_ament_install'
[0.214s] Level 1:colcon.colcon_core.package_identification:_identify(src/tors_interfaces) by extensions ['colcon_pkg']
[0.214s] Level 1:colcon.colcon_core.package_identification:_identify(src/tors_interfaces) by extension 'colcon_pkg'
[0.214s] Level 1:colcon.colcon_core.package_identification:_identify(src/tors_interfaces) by extensions ['colcon_meta']
[0.214s] Level 1:colcon.colcon_core.package_identification:_identify(src/tors_interfaces) by extension 'colcon_meta'
[0.214s] Level 1:colcon.colcon_core.package_identification:_identify(src/tors_interfaces) by extensions ['ros']
[0.214s] Level 1:colcon.colcon_core.package_identification:_identify(src/tors_interfaces) by extension 'ros'
[0.214s] DEBUG:colcon.colcon_core.package_identification:Package 'src/tors_interfaces' with type 'ros.ament_cmake' and name 'tors_interfaces'
[0.214s] Level 1:colcon.colcon_core.package_discovery:discover_packages(recursive) using defaults
[0.214s] Level 1:colcon.colcon_core.package_discovery:discover_packages(ignore) discover
[0.214s] Level 1:colcon.colcon_core.package_discovery:discover_packages(ignore) using defaults
[0.214s] Level 1:colcon.colcon_core.package_discovery:discover_packages(path) discover
[0.214s] Level 1:colcon.colcon_core.package_discovery:discover_packages(path) using defaults
[0.233s] Level 5:colcon.colcon_core.verb:set package 'tors_interfaces' build argument 'cmake_args' from command line to 'None'
[0.233s] Level 5:colcon.colcon_core.verb:set package 'tors_interfaces' build argument 'cmake_target' from command line to 'None'
[0.233s] Level 5:colcon.colcon_core.verb:set package 'tors_interfaces' build argument 'cmake_target_skip_unavailable' from command line to 'False'
[0.233s] Level 5:colcon.colcon_core.verb:set package 'tors_interfaces' build argument 'cmake_clean_cache' from command line to 'False'
[0.233s] Level 5:colcon.colcon_core.verb:set package 'tors_interfaces' build argument 'cmake_clean_first' from command line to 'False'
[0.233s] Level 5:colcon.colcon_core.verb:set package 'tors_interfaces' build argument 'cmake_force_configure' from command line to 'False'
[0.233s] Level 5:colcon.colcon_core.verb:set package 'tors_interfaces' build argument 'ament_cmake_args' from command line to 'None'
[0.233s] Level 5:colcon.colcon_core.verb:set package 'tors_interfaces' build argument 'catkin_cmake_args' from command line to 'None'
[0.233s] Level 5:colcon.colcon_core.verb:set package 'tors_interfaces' build argument 'catkin_skip_building_tests' from command line to 'False'
[0.233s] DEBUG:colcon.colcon_core.verb:Building package 'tors_interfaces' with the following arguments: {'ament_cmake_args': None, 'build_base': '/workspace/tors_ws/build/tors_interfaces', 'catkin_cmake_args': None, 'catkin_skip_building_tests': False, 'cmake_args': None, 'cmake_clean_cache': False, 'cmake_clean_first': False, 'cmake_force_configure': False, 'cmake_target': None, 'cmake_target_skip_unavailable': False, 'install_base': '/workspace/tors_ws/install/tors_interfaces', 'merge_install': False, 'path': '/workspace/tors_ws/src/tors_interfaces', 'symlink_install': True, 'test_result_base': None}
[0.233s] Level 5:colcon.colcon_core.verb:set package 'pos_control' build argument 'cmake_args' from command line to 'None'
[0.233s] Level 5:colcon.colcon_core.verb:set package 'pos_control' build argument 'cmake_target' from command line to 'None'
[0.233s] Level 5:colcon.colcon_core.verb:set package 'pos_control' build argument 'cmake_target_skip_unavailable' from command line to 'False'
[0.233s] Level 5:colcon.colcon_core.verb:set package 'pos_control' build argument 'cmake_clean_cache' from command line to 'False'
[0.233s] Level 5:colcon.colcon_core.verb:set package 'pos_control' build argument 'cmake_clean_first' from command line to 'False'
[0.233s] Level 5:colcon.colcon_core.verb:set package 'pos_control' build argument 'cmake_force_configure' from command line to 'False'
[0.233s] Level 5:colcon.colcon_core.verb:set package 'pos_control' build argument 'ament_cmake_args' from command line to 'None'
[0.234s] Level 5:colcon.colcon_core.verb:set package 'pos_control' build argument 'catkin_cmake_args' from command line to 'None'
[0.234s] Level 5:colcon.colcon_core.verb:set package 'pos_control' build argument 'catkin_skip_building_tests' from command line to 'False'
[0.234s] DEBUG:colcon.colcon_core.verb:Building package 'pos_control' with the following arguments: {'ament_cmake_args': None, 'build_base': '/workspace/tors_ws/build/pos_control', 'catkin_cmake_args': None, 'catkin_skip_building_tests': False, 'cmake_args': None, 'cmake_clean_cache': False, 'cmake_clean_first': False, 'cmake_force_configure': False, 'cmake_target': None, 'cmake_target_skip_unavailable': False, 'install_base': '/workspace/tors_ws/install/pos_control', 'merge_install': False, 'path': '/workspace/tors_ws/src/pos_control', 'symlink_install': True, 'test_result_base': None}
[0.234s] Level 5:colcon.colcon_core.verb:set package 'table_order' build argument 'cmake_args' from command line to 'None'
[0.234s] Level 5:colcon.colcon_core.verb:set package 'table_order' build argument 'cmake_target' from command line to 'None'
[0.234s] Level 5:colcon.colcon_core.verb:set package 'table_order' build argument 'cmake_target_skip_unavailable' from command line to 'False'
[0.234s] Level 5:colcon.colcon_core.verb:set package 'table_order' build argument 'cmake_clean_cache' from command line to 'False'
[0.234s] Level 5:colcon.colcon_core.verb:set package 'table_order' build argument 'cmake_clean_first' from command line to 'False'
[0.234s] Level 5:colcon.colcon_core.verb:set package 'table_order' build argument 'cmake_force_configure' from command line to 'False'
[0.234s] Level 5:colcon.colcon_core.verb:set package 'table_order' build argument 'ament_cmake_args' from command line to 'None'
[0.234s] Level 5:colcon.colcon_core.verb:set package 'table_order' build argument 'catkin_cmake_args' from command line to 'None'
[0.234s] Level 5:colcon.colcon_core.verb:set package 'table_order' build argument 'catkin_skip_building_tests' from command line to 'False'
[0.234s] DEBUG:colcon.colcon_core.verb:Building package 'table_order' with the following arguments: {'ament_cmake_args': None, 'build_base': '/workspace/tors_ws/build/table_order', 'catkin_cmake_args': None, 'catkin_skip_building_tests': False, 'cmake_args': None, 'cmake_clean_cache': False, 'cmake_clean_first': False, 'cmake_force_configure': False, 'cmake_target': None, 'cmake_target_skip_unavailable': False, 'install_base': '/workspace/tors_ws/install/table_order', 'merge_install': False, 'path': '/workspace/tors_ws/src/table_order', 'symlink_install': True, 'test_result_base': None}
[0.234s] INFO:colcon.colcon_core.executor:Executing jobs using 'parallel' executor
[0.235s] DEBUG:colcon.colcon_parallel_executor.executor.parallel:run_until_complete
[0.235s] INFO:colcon.colcon_ros.task.ament_cmake.build:Building ROS package in '/workspace/tors_ws/src/tors_interfaces' with build type 'ament_cmake'
[0.235s] INFO:colcon.colcon_cmake.task.cmake.build:Building CMake package in '/workspace/tors_ws/src/tors_interfaces'
[0.237s] INFO:colcon.colcon_core.plugin_system:Skipping extension 'colcon_core.shell.bat': Not used on non-Windows systems
[0.237s] INFO:colcon.colcon_core.shell:Skip shell extension 'powershell' for command environment: Not usable outside of PowerShell
[0.237s] DEBUG:colcon.colcon_core.shell:Skip shell extension 'dsv' for command environment
[0.247s] DEBUG:colcon.colcon_core.event_handler.log_command:Invoking command in '/workspace/tors_ws/build/tors_interfaces': CMAKE_PREFIX_PATH=${CMAKE_PREFIX_PATH}:/workspace/tors_ws/install/table_order:/workspace/tors_ws/install/pos_control:/workspace/turtlebot3_ws/install/turtlebot3_teleop:/workspace/turtlebot3_ws/install/turtlebot3_example:/opt/ros/humble /usr/bin/cmake --build /workspace/tors_ws/build/tors_interfaces -- -j20 -l20
[1.800s] DEBUG:colcon.colcon_core.event_handler.log_command:Invoked command in '/workspace/tors_ws/build/tors_interfaces' returned '0': CMAKE_PREFIX_PATH=${CMAKE_PREFIX_PATH}:/workspace/tors_ws/install/table_order:/workspace/tors_ws/install/pos_control:/workspace/turtlebot3_ws/install/turtlebot3_teleop:/workspace/turtlebot3_ws/install/turtlebot3_example:/opt/ros/humble /usr/bin/cmake --build /workspace/tors_ws/build/tors_interfaces -- -j20 -l20
[1.807s] DEBUG:colcon.colcon_core.event_handler.log_command:Invoking command in '/workspace/tors_ws/build/tors_interfaces': CMAKE_PREFIX_PATH=${CMAKE_PREFIX_PATH}:/workspace/tors_ws/install/table_order:/workspace/tors_ws/install/pos_control:/workspace/turtlebot3_ws/install/turtlebot3_teleop:/workspace/turtlebot3_ws/install/turtlebot3_example:/opt/ros/humble /usr/bin/cmake --install /workspace/tors_ws/build/tors_interfaces
[1.858s] Level 1:colcon.colcon_core.environment:create_environment_scripts_only(tors_interfaces)
[1.858s] DEBUG:colcon.colcon_core.event_handler.log_command:Invoked command in '/workspace/tors_ws/build/tors_interfaces' returned '0': CMAKE_PREFIX_PATH=${CMAKE_PREFIX_PATH}:/workspace/tors_ws/install/table_order:/workspace/tors_ws/install/pos_control:/workspace/turtlebot3_ws/install/turtlebot3_teleop:/workspace/turtlebot3_ws/install/turtlebot3_example:/opt/ros/humble /usr/bin/cmake --install /workspace/tors_ws/build/tors_interfaces
[1.861s] Level 1:colcon.colcon_core.environment:checking '/workspace/tors_ws/install/tors_interfaces' for CMake module files
[1.862s] Level 1:colcon.colcon_core.environment:checking '/workspace/tors_ws/install/tors_interfaces' for CMake config files
[1.862s] Level 1:colcon.colcon_core.shell:create_environment_hook('tors_interfaces', 'cmake_prefix_path')
[1.862s] INFO:colcon.colcon_core.shell:Creating environment hook '/workspace/tors_ws/install/tors_interfaces/share/tors_interfaces/hook/cmake_prefix_path.ps1'
[1.863s] INFO:colcon.colcon_core.shell:Creating environment descriptor '/workspace/tors_ws/install/tors_interfaces/share/tors_interfaces/hook/cmake_prefix_path.dsv'
[1.863s] INFO:colcon.colcon_core.shell:Creating environment hook '/workspace/tors_ws/install/tors_interfaces/share/tors_interfaces/hook/cmake_prefix_path.sh'
[1.864s] Level 1:colcon.colcon_core.environment:checking '/workspace/tors_ws/install/tors_interfaces/lib'
[1.864s] Level 1:colcon.colcon_core.shell:create_environment_hook('tors_interfaces', 'ld_library_path_lib')
[1.864s] INFO:colcon.colcon_core.shell:Creating environment hook '/workspace/tors_ws/install/tors_interfaces/share/tors_interfaces/hook/ld_library_path_lib.ps1'
[1.864s] INFO:colcon.colcon_core.shell:Creating environment descriptor '/workspace/tors_ws/install/tors_interfaces/share/tors_interfaces/hook/ld_library_path_lib.dsv'
[1.864s] INFO:colcon.colcon_core.shell:Creating environment hook '/workspace/tors_ws/install/tors_interfaces/share/tors_interfaces/hook/ld_library_path_lib.sh'
[1.864s] Level 1:colcon.colcon_core.environment:checking '/workspace/tors_ws/install/tors_interfaces/bin'
[1.864s] Level 1:colcon.colcon_core.environment:checking '/workspace/tors_ws/install/tors_interfaces/lib/pkgconfig/tors_interfaces.pc'
[1.866s] Level 1:colcon.colcon_core.environment:checking '/workspace/tors_ws/install/tors_interfaces/lib/python3.10/site-packages'
[1.866s] Level 1:colcon.colcon_core.environment:checking '/workspace/tors_ws/install/tors_interfaces/bin'
[1.866s] INFO:colcon.colcon_core.shell:Creating package script '/workspace/tors_ws/install/tors_interfaces/share/tors_interfaces/package.ps1'
[1.866s] INFO:colcon.colcon_core.shell:Creating package descriptor '/workspace/tors_ws/install/tors_interfaces/share/tors_interfaces/package.dsv'
[1.867s] INFO:colcon.colcon_core.shell:Creating package script '/workspace/tors_ws/install/tors_interfaces/share/tors_interfaces/package.sh'
[1.867s] INFO:colcon.colcon_core.shell:Creating package script '/workspace/tors_ws/install/tors_interfaces/share/tors_interfaces/package.bash'
[1.868s] INFO:colcon.colcon_core.shell:Creating package script '/workspace/tors_ws/install/tors_interfaces/share/tors_interfaces/package.zsh'
[1.868s] Level 1:colcon.colcon_core.environment:create_file_with_runtime_dependencies(/workspace/tors_ws/install/tors_interfaces/share/colcon-core/packages/tors_interfaces)
[1.869s] Level 1:colcon.colcon_core.environment:create_environment_scripts_only(tors_interfaces)
[1.869s] Level 1:colcon.colcon_core.environment:checking '/workspace/tors_ws/install/tors_interfaces' for CMake module files
[1.869s] Level 1:colcon.colcon_core.environment:checking '/workspace/tors_ws/install/tors_interfaces' for CMake config files
[1.869s] Level 1:colcon.colcon_core.shell:create_environment_hook('tors_interfaces', 'cmake_prefix_path')
[1.869s] INFO:colcon.colcon_core.shell:Creating environment hook '/workspace/tors_ws/install/tors_interfaces/share/tors_interfaces/hook/cmake_prefix_path.ps1'
[1.870s] INFO:colcon.colcon_core.shell:Creating environment descriptor '/workspace/tors_ws/install/tors_interfaces/share/tors_interfaces/hook/cmake_prefix_path.dsv'
[1.870s] INFO:colcon.colcon_core.shell:Creating environment hook '/workspace/tors_ws/install/tors_interfaces/share/tors_interfaces/hook/cmake_prefix_path.sh'
[1.870s] Level 1:colcon.colcon_core.environment:checking '/workspace/tors_ws/install/tors_interfaces/lib'
[1.870s] Level 1:colcon.colcon_core.shell:create_environment_hook('tors_interfaces', 'ld_library_path_lib')
[1.870s] INFO:colcon.colcon_core.shell:Creating environment hook '/workspace/tors_ws/install/tors_interfaces/share/tors_interfaces/hook/ld_library_path_lib.ps1'
[1.870s] INFO:colcon.colcon_core.shell:Creating environment descriptor '/workspace/tors_ws/install/tors_interfaces/share/tors_interfaces/hook/ld_library_path_lib.dsv'
[1.871s] INFO:colcon.colcon_core.shell:Creating environment hook '/workspace/tors_ws/install/tors_interfaces/share/tors_interfaces/hook/ld_library_path_lib.sh'
[1.871s] Level 1:colcon.colcon_core.environment:checking '/workspace/tors_ws/install/tors_interfaces/bin'
[1.871s] Level 1:colcon.colcon_core.environment:checking '/workspace/tors_ws/install/tors_interfaces/lib/pkgconfig/tors_interfaces.pc'
[1.871s] Level 1:colcon.colcon_core.environment:checking '/workspace/tors_ws/install/tors_interfaces/lib/python3.10/site-packages'
[1.871s] Level 1:colcon.colcon_core.environment:checking '/workspace/tors_ws/install/tors_interfaces/bin'
[1.871s] INFO:colcon.colcon_core.shell:Creating package script '/workspace/tors_ws/install/tors_interfaces/share/tors_interfaces/package.ps1'
[1.871s] INFO:colcon.colcon_core.shell:Creating package descriptor '/workspace/tors_ws/install/tors_interfaces/share/tors_interfaces/package.dsv'
[1.872s] INFO:colcon.colcon_core.shell:Creating package script '/workspace/tors_ws/install/tors_interfaces/share/tors_interfaces/package.sh'
[1.872s] INFO:colcon.colcon_core.shell:Creating package script '/workspace/tors_ws/install/tors_interfaces/share/tors_interfaces/package.bash'
[1.872s] INFO:colcon.colcon_core.shell:Creating package script '/workspace/tors_ws/install/tors_interfaces/share/tors_interfaces/package.zsh'
[1.872s] Level 1:colcon.colcon_core.environment:create_file_with_runtime_dependencies(/workspace/tors_ws/install/tors_interfaces/share/colcon-core/packages/tors_interfaces)
[1.872s] INFO:colcon.colcon_ros.task.ament_python.build:Building ROS package in '/workspace/tors_ws/src/pos_control' with build type 'ament_python'
[1.873s] Level 1:colcon.colcon_core.shell:create_environment_hook('pos_control', 'ament_prefix_path')
[1.873s] INFO:colcon.colcon_core.shell:Creating environment hook '/workspace/tors_ws/install/pos_control/share/pos_control/hook/ament_prefix_path.ps1'
[1.873s] INFO:colcon.colcon_core.shell:Creating environment descriptor '/workspace/tors_ws/install/pos_control/share/pos_control/hook/ament_prefix_path.dsv'
[1.873s] INFO:colcon.colcon_core.shell:Creating environment hook '/workspace/tors_ws/install/pos_control/share/pos_control/hook/ament_prefix_path.sh'
[1.874s] INFO:colcon.colcon_core.shell:Skip shell extension 'powershell' for command environment: Not usable outside of PowerShell
[1.874s] DEBUG:colcon.colcon_core.shell:Skip shell extension 'dsv' for command environment
[1.876s] INFO:colcon.colcon_ros.task.ament_python.build:Building ROS package in '/workspace/tors_ws/src/table_order' with build type 'ament_python'
[1.876s] Level 1:colcon.colcon_core.shell:create_environment_hook('table_order', 'ament_prefix_path')
[1.876s] INFO:colcon.colcon_core.shell:Creating environment hook '/workspace/tors_ws/install/table_order/share/table_order/hook/ament_prefix_path.ps1'
[1.877s] INFO:colcon.colcon_core.shell:Creating environment descriptor '/workspace/tors_ws/install/table_order/share/table_order/hook/ament_prefix_path.dsv'
[1.877s] INFO:colcon.colcon_core.shell:Creating environment hook '/workspace/tors_ws/install/table_order/share/table_order/hook/ament_prefix_path.sh'
[1.877s] INFO:colcon.colcon_core.shell:Skip shell extension 'powershell' for command environment: Not usable outside of PowerShell
[1.877s] DEBUG:colcon.colcon_core.shell:Skip shell extension 'dsv' for command environment
[2.013s] INFO:colcon.colcon_core.task.python.build:Building Python package in '/workspace/tors_ws/src/pos_control'
[2.014s] INFO:colcon.colcon_core.shell:Skip shell extension 'powershell' for command environment: Not usable outside of PowerShell
[2.014s] DEBUG:colcon.colcon_core.shell:Skip shell extension 'dsv' for command environment
[2.142s] INFO:colcon.colcon_core.task.python.build:Building Python package in '/workspace/tors_ws/src/table_order'
[2.143s] INFO:colcon.colcon_core.shell:Skip shell extension 'powershell' for command environment: Not usable outside of PowerShell
[2.143s] DEBUG:colcon.colcon_core.shell:Skip shell extension 'dsv' for command environment
[2.391s] DEBUG:colcon.colcon_core.event_handler.log_command:Invoking command in '/workspace/tors_ws/build/table_order': LD_LIBRARY_PATH=/workspace/tors_ws/install/tors_interfaces/lib:/workspace/turtlebot3_ws/install/turtlebot3_msgs/lib:/usr/lib/x86_64-linux-gnu/gazebo-11/plugins:/opt/ros/humble/opt/rviz_ogre_vendor/lib:/opt/ros/humble/lib/x86_64-linux-gnu:/opt/ros/humble/lib:/usr/lib/x86_64-linux-gnu/gazebo-11/plugins PYTHONPATH=/workspace/tors_ws/build/table_order/prefix_override:/usr/lib/python3/dist-packages/colcon_core/task/python/colcon_distutils_commands:/workspace/tors_ws/install/table_order/lib/python3.10/site-packages:${PYTHONPATH} /usr/bin/python3 -W ignore:setup.py install is deprecated -W ignore:easy_install command is deprecated setup.py develop --editable --build-directory /workspace/tors_ws/build/table_order/build --no-deps symlink_data
[2.392s] DEBUG:colcon.colcon_core.event_handler.log_command:Invoking command in '/workspace/tors_ws/build/pos_control': LD_LIBRARY_PATH=/workspace/tors_ws/install/tors_interfaces/lib:/workspace/turtlebot3_ws/install/turtlebot3_msgs/lib:/usr/lib/x86_64-linux-gnu/gazebo-11/plugins:/opt/ros/humble/opt/rviz_ogre_vendor/lib:/opt/ros/humble/lib/x86_64-linux-gnu:/opt/ros/humble/lib:/usr/lib/x86_64-linux-gnu/gazebo-11/plugins PYTHONPATH=/workspace/tors_ws/build/pos_control/prefix_override:/usr/lib/python3/dist-packages/colcon_core/task/python/colcon_distutils_commands:/workspace/tors_ws/install/pos_control/lib/python3.10/site-packages:${PYTHONPATH} /usr/bin/python3 -W ignore:setup.py install is deprecated -W ignore:easy_install command is deprecated setup.py develop --editable --build-directory /workspace/tors_ws/build/pos_control/build --no-deps symlink_data
[2.608s] Level 1:colcon.colcon_core.shell:create_environment_hook('pos_control', 'pythonpath_develop')
[2.608s] INFO:colcon.colcon_core.shell:Creating environment hook '/workspace/tors_ws/build/pos_control/share/pos_control/hook/pythonpath_develop.ps1'
[2.608s] DEBUG:colcon.colcon_core.event_handler.log_command:Invoked command in '/workspace/tors_ws/build/pos_control' returned '0': LD_LIBRARY_PATH=/workspace/tors_ws/install/tors_interfaces/lib:/workspace/turtlebot3_ws/install/turtlebot3_msgs/lib:/usr/lib/x86_64-linux-gnu/gazebo-11/plugins:/opt/ros/humble/opt/rviz_ogre_vendor/lib:/opt/ros/humble/lib/x86_64-linux-gnu:/opt/ros/humble/lib:/usr/lib/x86_64-linux-gnu/gazebo-11/plugins PYTHONPATH=/workspace/tors_ws/build/pos_control/prefix_override:/usr/lib/python3/dist-packages/colcon_core/task/python/colcon_distutils_commands:/workspace/tors_ws/install/pos_control/lib/python3.10/site-packages:${PYTHONPATH} /usr/bin/python3 -W ignore:setup.py install is deprecated -W ignore:easy_install command is deprecated setup.py develop --editable --build-directory /workspace/tors_ws/build/pos_control/build --no-deps symlink_data
[2.609s] INFO:colcon.colcon_core.shell:Creating environment descriptor '/workspace/tors_ws/build/pos_control/share/pos_control/hook/pythonpath_develop.dsv'
[2.609s] INFO:colcon.colcon_core.shell:Creating environment hook '/workspace/tors_ws/build/pos_control/share/pos_control/hook/pythonpath_develop.sh'
[2.610s] Level 1:colcon.colcon_core.environment:checking '/workspace/tors_ws/install/pos_control' for CMake module files
[2.610s] Level 1:colcon.colcon_core.environment:checking '/workspace/tors_ws/install/pos_control' for CMake config files
[2.611s] Level 1:colcon.colcon_core.environment:checking '/workspace/tors_ws/install/pos_control/lib'
[2.611s] Level 1:colcon.colcon_core.environment:checking '/workspace/tors_ws/install/pos_control/bin'
[2.611s] Level 1:colcon.colcon_core.environment:checking '/workspace/tors_ws/install/pos_control/lib/pkgconfig/pos_control.pc'
[2.611s] Level 1:colcon.colcon_core.environment:checking '/workspace/tors_ws/install/pos_control/lib/python3.10/site-packages'
[2.611s] Level 1:colcon.colcon_core.shell:create_environment_hook('pos_control', 'pythonpath')
[2.611s] INFO:colcon.colcon_core.shell:Creating environment hook '/workspace/tors_ws/install/pos_control/share/pos_control/hook/pythonpath.ps1'
[2.612s] INFO:colcon.colcon_core.shell:Creating environment descriptor '/workspace/tors_ws/install/pos_control/share/pos_control/hook/pythonpath.dsv'
[2.612s] INFO:colcon.colcon_core.shell:Creating environment hook '/workspace/tors_ws/install/pos_control/share/pos_control/hook/pythonpath.sh'
[2.612s] Level 1:colcon.colcon_core.environment:checking '/workspace/tors_ws/install/pos_control/bin'
[2.612s] Level 1:colcon.colcon_core.environment:create_environment_scripts_only(pos_control)
[2.612s] INFO:colcon.colcon_core.shell:Creating package script '/workspace/tors_ws/install/pos_control/share/pos_control/package.ps1'
[2.613s] INFO:colcon.colcon_core.shell:Creating package descriptor '/workspace/tors_ws/install/pos_control/share/pos_control/package.dsv'
[2.613s] INFO:colcon.colcon_core.shell:Creating package script '/workspace/tors_ws/install/pos_control/share/pos_control/package.sh'
[2.613s] INFO:colcon.colcon_core.shell:Creating package script '/workspace/tors_ws/install/pos_control/share/pos_control/package.bash'
[2.613s] INFO:colcon.colcon_core.shell:Creating package script '/workspace/tors_ws/install/pos_control/share/pos_control/package.zsh'
[2.613s] Level 1:colcon.colcon_core.environment:create_file_with_runtime_dependencies(/workspace/tors_ws/install/pos_control/share/colcon-core/packages/pos_control)
[2.614s] Level 1:colcon.colcon_core.shell:create_environment_hook('table_order', 'pythonpath_develop')
[2.614s] INFO:colcon.colcon_core.shell:Creating environment hook '/workspace/tors_ws/build/table_order/share/table_order/hook/pythonpath_develop.ps1'
[2.614s] INFO:colcon.colcon_core.shell:Creating environment descriptor '/workspace/tors_ws/build/table_order/share/table_order/hook/pythonpath_develop.dsv'
[2.615s] DEBUG:colcon.colcon_core.event_handler.log_command:Invoked command in '/workspace/tors_ws/build/table_order' returned '0': LD_LIBRARY_PATH=/workspace/tors_ws/install/tors_interfaces/lib:/workspace/turtlebot3_ws/install/turtlebot3_msgs/lib:/usr/lib/x86_64-linux-gnu/gazebo-11/plugins:/opt/ros/humble/opt/rviz_ogre_vendor/lib:/opt/ros/humble/lib/x86_64-linux-gnu:/opt/ros/humble/lib:/usr/lib/x86_64-linux-gnu/gazebo-11/plugins PYTHONPATH=/workspace/tors_ws/build/table_order/prefix_override:/usr/lib/python3/dist-packages/colcon_core/task/python/colcon_distutils_commands:/workspace/tors_ws/install/table_order/lib/python3.10/site-packages:${PYTHONPATH} /usr/bin/python3 -W ignore:setup.py install is deprecated -W ignore:easy_install command is deprecated setup.py develop --editable --build-directory /workspace/tors_ws/build/table_order/build --no-deps symlink_data
[2.615s] INFO:colcon.colcon_core.shell:Creating environment hook '/workspace/tors_ws/build/table_order/share/table_order/hook/pythonpath_develop.sh'
[2.615s] Level 1:colcon.colcon_core.environment:checking '/workspace/tors_ws/install/table_order' for CMake module files
[2.615s] Level 1:colcon.colcon_core.environment:checking '/workspace/tors_ws/install/table_order' for CMake config files
[2.616s] Level 1:colcon.colcon_core.environment:checking '/workspace/tors_ws/install/table_order/lib'
[2.616s] Level 1:colcon.colcon_core.environment:checking '/workspace/tors_ws/install/table_order/bin'
[2.616s] Level 1:colcon.colcon_core.environment:checking '/workspace/tors_ws/install/table_order/lib/pkgconfig/table_order.pc'
[2.616s] Level 1:colcon.colcon_core.environment:checking '/workspace/tors_ws/install/table_order/lib/python3.10/site-packages'
[2.616s] Level 1:colcon.colcon_core.shell:create_environment_hook('table_order', 'pythonpath')
[2.616s] INFO:colcon.colcon_core.shell:Creating environment hook '/workspace/tors_ws/install/table_order/share/table_order/hook/pythonpath.ps1'
[2.616s] INFO:colcon.colcon_core.shell:Creating environment descriptor '/workspace/tors_ws/install/table_order/share/table_order/hook/pythonpath.dsv'
[2.616s] INFO:colcon.colcon_core.shell:Creating environment hook '/workspace/tors_ws/install/table_order/share/table_order/hook/pythonpath.sh'
[2.617s] Level 1:colcon.colcon_core.environment:checking '/workspace/tors_ws/install/table_order/bin'
[2.617s] Level 1:colcon.colcon_core.environment:create_environment_scripts_only(table_order)
[2.617s] INFO:colcon.colcon_core.shell:Creating package script '/workspace/tors_ws/install/table_order/share/table_order/package.ps1'
[2.617s] INFO:colcon.colcon_core.shell:Creating package descriptor '/workspace/tors_ws/install/table_order/share/table_order/package.dsv'
[2.617s] INFO:colcon.colcon_core.shell:Creating package script '/workspace/tors_ws/install/table_order/share/table_order/package.sh'
[2.618s] INFO:colcon.colcon_core.shell:Creating package script '/workspace/tors_ws/install/table_order/share/table_order/package.bash'
[2.618s] INFO:colcon.colcon_core.shell:Creating package script '/workspace/tors_ws/install/table_order/share/table_order/package.zsh'
[2.618s] Level 1:colcon.colcon_core.environment:create_file_with_runtime_dependencies(/workspace/tors_ws/install/table_order/share/colcon-core/packages/table_order)
[2.618s] DEBUG:colcon.colcon_parallel_executor.executor.parallel:closing loop
[2.618s] DEBUG:colcon.colcon_parallel_executor.executor.parallel:loop closed
[2.618s] DEBUG:colcon.colcon_parallel_executor.executor.parallel:run_until_complete finished with '0'
[2.618s] DEBUG:colcon.colcon_core.event_reactor:joining thread
[2.633s] INFO:colcon.colcon_core.plugin_system:Skipping extension 'colcon_notification.desktop_notification.notify_send': Could not find 'notify-send'
[2.633s] INFO:colcon.colcon_core.plugin_system:Skipping extension 'colcon_notification.desktop_notification.terminal_notifier': Not used on non-Darwin systems
[2.633s] INFO:colcon.colcon_core.plugin_system:Skipping extension 'colcon_notification.desktop_notification.win32': Not used on non-Windows systems
[2.633s] INFO:colcon.colcon_notification.desktop_notification:Sending desktop notification using 'notify2'
[2.635s] DEBUG:colcon.colcon_notification.desktop_notification.notify2:Failed to initialize notify2: org.freedesktop.DBus.Error.Spawn.ExecFailed: /usr/bin/dbus-launch terminated abnormally without any error message
[2.635s] DEBUG:colcon.colcon_core.event_reactor:joined thread
[2.635s] INFO:colcon.colcon_core.shell:Creating prefix script '/workspace/tors_ws/install/local_setup.ps1'
[2.636s] INFO:colcon.colcon_core.shell:Creating prefix util module '/workspace/tors_ws/install/_local_setup_util_ps1.py'
[2.637s] INFO:colcon.colcon_core.shell:Creating prefix chain script '/workspace/tors_ws/install/setup.ps1'
[2.638s] INFO:colcon.colcon_core.shell:Creating prefix script '/workspace/tors_ws/install/local_setup.sh'
[2.638s] INFO:colcon.colcon_core.shell:Creating prefix util module '/workspace/tors_ws/install/_local_setup_util_sh.py'
[2.639s] INFO:colcon.colcon_core.shell:Creating prefix chain script '/workspace/tors_ws/install/setup.sh'
[2.639s] INFO:colcon.colcon_core.shell:Creating prefix script '/workspace/tors_ws/install/local_setup.bash'
[2.640s] INFO:colcon.colcon_core.shell:Creating prefix chain script '/workspace/tors_ws/install/setup.bash'
[2.641s] INFO:colcon.colcon_core.shell:Creating prefix script '/workspace/tors_ws/install/local_setup.zsh'
[2.641s] INFO:colcon.colcon_core.shell:Creating prefix chain script '/workspace/tors_ws/install/setup.zsh'
