[0.027s] Invoking command in '/workspace/turtlebot3_ws/build/turtlebot3_cartographer': CMAKE_PREFIX_PATH=/opt/ros/humble /usr/bin/cmake /workspace/turtlebot3_ws/src/turtlebot3/turtlebot3_cartographer -DAMENT_CMAKE_SYMLINK_INSTALL=1 -DCMAKE_INSTALL_PREFIX=/workspace/turtlebot3_ws/install/turtlebot3_cartographer
[0.302s] -- The C compiler identification is GNU 11.4.0
[0.302s] -- The CXX compiler identification is GNU 11.4.0
[0.302s] -- Detecting C compiler ABI info
[0.360s] -- Detecting C compiler ABI info - done
[0.369s] -- Check for working C compiler: /usr/bin/cc - skipped
[0.370s] -- Detecting C compile features
[0.370s] -- Detecting C compile features - done
[0.385s] -- Detecting CXX compiler ABI info
[0.466s] -- Detecting CXX compiler ABI info - done
[0.474s] -- Check for working CXX compiler: /usr/bin/c++ - skipped
[0.475s] -- Detecting CXX compile features
[0.475s] -- Detecting CXX compile features - done
[0.480s] -- Found ament_cmake: 1.3.12 (/opt/ros/humble/share/ament_cmake/cmake)
[0.672s] -- Found Python3: /usr/bin/python3 (found version "3.10.12") found components: Interpreter 
[0.749s] -- Override CMake install command with custom implementation using symlinks instead of copying resources
[0.859s] -- Configuring done
[0.861s] -- Generating done
[0.863s] -- Build files have been written to: /workspace/turtlebot3_ws/build/turtlebot3_cartographer
[0.880s] Invoked command in '/workspace/turtlebot3_ws/build/turtlebot3_cartographer' returned '0': CMAKE_PREFIX_PATH=/opt/ros/humble /usr/bin/cmake /workspace/turtlebot3_ws/src/turtlebot3/turtlebot3_cartographer -DAMENT_CMAKE_SYMLINK_INSTALL=1 -DCMAKE_INSTALL_PREFIX=/workspace/turtlebot3_ws/install/turtlebot3_cartographer
[0.883s] Invoking command in '/workspace/turtlebot3_ws/build/turtlebot3_cartographer': CMAKE_PREFIX_PATH=/opt/ros/humble /usr/bin/cmake --build /workspace/turtlebot3_ws/build/turtlebot3_cartographer -- -j20 -l20
[0.942s] Invoked command in '/workspace/turtlebot3_ws/build/turtlebot3_cartographer' returned '0': CMAKE_PREFIX_PATH=/opt/ros/humble /usr/bin/cmake --build /workspace/turtlebot3_ws/build/turtlebot3_cartographer -- -j20 -l20
[0.943s] Invoking command in '/workspace/turtlebot3_ws/build/turtlebot3_cartographer': CMAKE_PREFIX_PATH=/opt/ros/humble /usr/bin/cmake --install /workspace/turtlebot3_ws/build/turtlebot3_cartographer
[0.951s] -- Install configuration: ""
[0.952s] -- Execute custom install script
[0.952s] -- Symlinking: /workspace/turtlebot3_ws/install/turtlebot3_cartographer/share/turtlebot3_cartographer/config/turtlebot3_lds_2d.lua
[0.961s] -- Symlinking: /workspace/turtlebot3_ws/install/turtlebot3_cartographer/share/turtlebot3_cartographer/launch/cartographer.launch.py
[0.971s] -- Symlinking: /workspace/turtlebot3_ws/install/turtlebot3_cartographer/share/turtlebot3_cartographer/launch/occupancy_grid.launch.py
[0.982s] -- Symlinking: /workspace/turtlebot3_ws/install/turtlebot3_cartographer/share/turtlebot3_cartographer/rviz/tb3_cartographer.rviz
[0.992s] -- Symlinking: /workspace/turtlebot3_ws/install/turtlebot3_cartographer/share/ament_index/resource_index/package_run_dependencies/turtlebot3_cartographer
[1.002s] -- Symlinking: /workspace/turtlebot3_ws/install/turtlebot3_cartographer/share/ament_index/resource_index/parent_prefix_path/turtlebot3_cartographer
[1.012s] -- Symlinking: /workspace/turtlebot3_ws/install/turtlebot3_cartographer/share/turtlebot3_cartographer/environment/ament_prefix_path.sh
[1.021s] -- Symlinking: /workspace/turtlebot3_ws/install/turtlebot3_cartographer/share/turtlebot3_cartographer/environment/ament_prefix_path.dsv
[1.035s] -- Symlinking: /workspace/turtlebot3_ws/install/turtlebot3_cartographer/share/turtlebot3_cartographer/environment/path.sh
[1.044s] -- Symlinking: /workspace/turtlebot3_ws/install/turtlebot3_cartographer/share/turtlebot3_cartographer/environment/path.dsv
[1.058s] -- Symlinking: /workspace/turtlebot3_ws/install/turtlebot3_cartographer/share/turtlebot3_cartographer/local_setup.bash
[1.066s] -- Symlinking: /workspace/turtlebot3_ws/install/turtlebot3_cartographer/share/turtlebot3_cartographer/local_setup.sh
[1.076s] -- Symlinking: /workspace/turtlebot3_ws/install/turtlebot3_cartographer/share/turtlebot3_cartographer/local_setup.zsh
[1.086s] -- Symlinking: /workspace/turtlebot3_ws/install/turtlebot3_cartographer/share/turtlebot3_cartographer/local_setup.dsv
[1.099s] -- Symlinking: /workspace/turtlebot3_ws/install/turtlebot3_cartographer/share/turtlebot3_cartographer/package.dsv
[1.118s] -- Symlinking: /workspace/turtlebot3_ws/install/turtlebot3_cartographer/share/ament_index/resource_index/packages/turtlebot3_cartographer
[1.130s] -- Symlinking: /workspace/turtlebot3_ws/install/turtlebot3_cartographer/share/turtlebot3_cartographer/cmake/turtlebot3_cartographerConfig.cmake
[1.140s] -- Symlinking: /workspace/turtlebot3_ws/install/turtlebot3_cartographer/share/turtlebot3_cartographer/cmake/turtlebot3_cartographerConfig-version.cmake
[1.150s] -- Symlinking: /workspace/turtlebot3_ws/install/turtlebot3_cartographer/share/turtlebot3_cartographer/package.xml
[1.162s] Invoked command in '/workspace/turtlebot3_ws/build/turtlebot3_cartographer' returned '0': CMAKE_PREFIX_PATH=/opt/ros/humble /usr/bin/cmake --install /workspace/turtlebot3_ws/build/turtlebot3_cartographer
