[0.009s] Invoking command in '/workspace/tors_ws/build/tors_interfaces': CMAKE_PREFIX_PATH=${CMAKE_PREFIX_PATH}:/workspace/tors_ws/install/table_order:/workspace/tors_ws/install/pos_control:/workspace/turtlebot3_ws/install/turtlebot3_teleop:/workspace/turtlebot3_ws/install/turtlebot3_example:/opt/ros/humble /usr/bin/cmake /workspace/tors_ws/src/tors_interfaces -DAMENT_CMAKE_SYMLINK_INSTALL=1 -DCMAKE_INSTALL_PREFIX=/workspace/tors_ws/install/tors_interfaces
[0.058s] -- The C compiler identification is GNU 11.4.0
[0.096s] -- The CXX compiler identification is GNU 11.4.0
[0.102s] -- Detecting C compiler ABI info
[0.158s] -- Detecting C compiler ABI info - done
[0.162s] -- Check for working C compiler: /usr/bin/cc - skipped
[0.162s] -- Detecting C compile features
[0.162s] -- Detecting C compile features - done
[0.165s] -- Detecting CXX compiler ABI info
[0.240s] -- Detecting CXX compiler ABI info - done
[0.246s] -- Check for working CXX compiler: /usr/bin/c++ - skipped
[0.246s] -- Detecting CXX compile features
[0.247s] -- Detecting CXX compile features - done
[0.249s] -- Found ament_cmake: 1.3.12 (/opt/ros/humble/share/ament_cmake/cmake)
[0.365s] -- Found Python3: /usr/bin/python3 (found version "3.10.12") found components: Interpreter 
[0.411s] -- Override CMake install command with custom implementation using symlinks instead of copying resources
[0.445s] -- Found rosidl_default_generators: 1.2.0 (/opt/ros/humble/share/rosidl_default_generators/cmake)
[0.451s] -- Using all available rosidl_typesupport_c: rosidl_typesupport_fastrtps_c;rosidl_typesupport_introspection_c
[0.458s] -- Found rosidl_adapter: 3.1.7 (/opt/ros/humble/share/rosidl_adapter/cmake)
[0.492s] -- Using all available rosidl_typesupport_cpp: rosidl_typesupport_fastrtps_cpp;rosidl_typesupport_introspection_cpp
[0.708s] -- Found ament_cmake_ros: 0.10.0 (/opt/ros/humble/share/ament_cmake_ros/cmake)
[0.840s] -- Using all available rosidl_typesupport_c: rosidl_typesupport_fastrtps_c;rosidl_typesupport_introspection_c
[1.004s] -- Using all available rosidl_typesupport_cpp: rosidl_typesupport_fastrtps_cpp;rosidl_typesupport_introspection_cpp
[1.024s] -- Found PythonInterp: /usr/bin/python3 (found suitable version "3.10.12", minimum required is "3.6") 
[1.025s] -- Found python_cmake_module: 0.10.0 (/opt/ros/humble/share/python_cmake_module/cmake)
[1.047s] -- Found PythonLibs: /usr/lib/x86_64-linux-gnu/libpython3.10.so (found suitable version "3.10.12", minimum required is "3.5") 
[1.047s] -- Using PYTHON_EXECUTABLE: /usr/bin/python3
[1.047s] -- Using PYTHON_INCLUDE_DIRS: /usr/include/python3.10
[1.047s] -- Using PYTHON_LIBRARIES: /usr/lib/x86_64-linux-gnu/libpython3.10.so
[1.062s] -- Found PythonExtra: .so  
[1.090s] -- Found ament_lint_auto: 0.12.14 (/opt/ros/humble/share/ament_lint_auto/cmake)
[1.110s] -- Added test 'lint_cmake' to check CMake code style
[1.111s] -- Added test 'xmllint' to check XML markup files
[1.113s] -- Configuring done
[1.130s] -- Generating done
[1.137s] -- Build files have been written to: /workspace/tors_ws/build/tors_interfaces
[1.141s] Invoked command in '/workspace/tors_ws/build/tors_interfaces' returned '0': CMAKE_PREFIX_PATH=${CMAKE_PREFIX_PATH}:/workspace/tors_ws/install/table_order:/workspace/tors_ws/install/pos_control:/workspace/turtlebot3_ws/install/turtlebot3_teleop:/workspace/turtlebot3_ws/install/turtlebot3_example:/opt/ros/humble /usr/bin/cmake /workspace/tors_ws/src/tors_interfaces -DAMENT_CMAKE_SYMLINK_INSTALL=1 -DCMAKE_INSTALL_PREFIX=/workspace/tors_ws/install/tors_interfaces
[1.143s] Invoking command in '/workspace/tors_ws/build/tors_interfaces': CMAKE_PREFIX_PATH=${CMAKE_PREFIX_PATH}:/workspace/tors_ws/install/table_order:/workspace/tors_ws/install/pos_control:/workspace/turtlebot3_ws/install/turtlebot3_teleop:/workspace/turtlebot3_ws/install/turtlebot3_example:/opt/ros/humble /usr/bin/cmake --build /workspace/tors_ws/build/tors_interfaces -- -j20 -l20
[1.180s] [  2%] [34m[1mGenerating C code for ROS interfaces[0m
[1.188s] [  5%] [34m[1mGenerating C++ code for ROS interfaces[0m
[1.195s] [  5%] Built target ament_cmake_python_symlink_tors_interfaces
[1.352s] running egg_info
[1.352s] creating tors_interfaces.egg-info
[1.352s] writing tors_interfaces.egg-info/PKG-INFO
[1.352s] writing dependency_links to tors_interfaces.egg-info/dependency_links.txt
[1.353s] writing top-level names to tors_interfaces.egg-info/top_level.txt
[1.353s] writing manifest file 'tors_interfaces.egg-info/SOURCES.txt'
[1.354s] reading manifest file 'tors_interfaces.egg-info/SOURCES.txt'
[1.354s] writing manifest file 'tors_interfaces.egg-info/SOURCES.txt'
[1.374s] [  5%] Built target ament_cmake_python_build_tors_interfaces_egg
[1.411s] [  7%] [32mBuilding C object CMakeFiles/tors_interfaces__rosidl_generator_c.dir/rosidl_generator_c/tors_interfaces/srv/detail/order_msg__functions.c.o[0m
[1.411s] [  7%] Built target tors_interfaces__cpp
[1.413s] [ 10%] [32mBuilding C object CMakeFiles/tors_interfaces__rosidl_generator_c.dir/rosidl_generator_c/tors_interfaces/msg/detail/order_item__functions.c.o[0m
[1.418s] [ 17%] [34m[1mGenerating C++ type support dispatch for ROS interfaces[0m
[1.418s] [ 17%] [34m[1mGenerating C++ type support for eProsima Fast-RTPS[0m
[1.418s] [ 17%] [34m[1mGenerating C++ introspection for ROS interfaces[0m
[1.454s] [ 20%] [32m[1mLinking C shared library libtors_interfaces__rosidl_generator_c.so[0m
[1.486s] [ 20%] Built target tors_interfaces__rosidl_generator_c
[1.494s] [ 23%] [34m[1mGenerating C type support dispatch for ROS interfaces[0m
[1.496s] [ 28%] [34m[1mGenerating C introspection for ROS interfaces[0m
[1.496s] [ 28%] [34m[1mGenerating C type support for eProsima Fast-RTPS[0m
[1.614s] [ 33%] [32mBuilding CXX object CMakeFiles/tors_interfaces__rosidl_typesupport_cpp.dir/rosidl_typesupport_cpp/tors_interfaces/msg/order_item__type_support.cpp.o[0m
[1.614s] [ 33%] [32mBuilding CXX object CMakeFiles/tors_interfaces__rosidl_typesupport_cpp.dir/rosidl_typesupport_cpp/tors_interfaces/srv/order_msg__type_support.cpp.o[0m
[1.624s] [ 35%] [32mBuilding CXX object CMakeFiles/tors_interfaces__rosidl_typesupport_introspection_cpp.dir/rosidl_typesupport_introspection_cpp/tors_interfaces/srv/detail/order_msg__type_support.cpp.o[0m
[1.624s] [ 38%] [32mBuilding CXX object CMakeFiles/tors_interfaces__rosidl_typesupport_introspection_cpp.dir/rosidl_typesupport_introspection_cpp/tors_interfaces/msg/detail/order_item__type_support.cpp.o[0m
[1.643s] [ 41%] [32mBuilding CXX object CMakeFiles/tors_interfaces__rosidl_typesupport_fastrtps_cpp.dir/rosidl_typesupport_fastrtps_cpp/tors_interfaces/msg/detail/dds_fastrtps/order_item__type_support.cpp.o[0m
[1.646s] [ 43%] [32mBuilding CXX object CMakeFiles/tors_interfaces__rosidl_typesupport_fastrtps_cpp.dir/rosidl_typesupport_fastrtps_cpp/tors_interfaces/srv/detail/dds_fastrtps/order_msg__type_support.cpp.o[0m
[1.717s] [ 46%] [32mBuilding C object CMakeFiles/tors_interfaces__rosidl_typesupport_introspection_c.dir/rosidl_typesupport_introspection_c/tors_interfaces/msg/detail/order_item__type_support.c.o[0m
[1.719s] [ 48%] [32mBuilding C object CMakeFiles/tors_interfaces__rosidl_typesupport_introspection_c.dir/rosidl_typesupport_introspection_c/tors_interfaces/srv/detail/order_msg__type_support.c.o[0m
[1.755s] [ 51%] [32m[1mLinking C shared library libtors_interfaces__rosidl_typesupport_introspection_c.so[0m
[1.785s] [ 51%] Built target tors_interfaces__rosidl_typesupport_introspection_c
[1.791s] [ 56%] [32mBuilding CXX object CMakeFiles/tors_interfaces__rosidl_typesupport_c.dir/rosidl_typesupport_c/tors_interfaces/srv/order_msg__type_support.cpp.o[0m
[1.791s] [ 56%] [32mBuilding CXX object CMakeFiles/tors_interfaces__rosidl_typesupport_c.dir/rosidl_typesupport_c/tors_interfaces/msg/order_item__type_support.cpp.o[0m
[1.818s] [ 58%] [32m[1mLinking CXX shared library libtors_interfaces__rosidl_typesupport_c.so[0m
[1.844s] [ 61%] [32mBuilding CXX object CMakeFiles/tors_interfaces__rosidl_typesupport_fastrtps_c.dir/rosidl_typesupport_fastrtps_c/tors_interfaces/msg/detail/order_item__type_support_c.cpp.o[0m
[1.846s] [ 64%] [32mBuilding CXX object CMakeFiles/tors_interfaces__rosidl_typesupport_fastrtps_c.dir/rosidl_typesupport_fastrtps_c/tors_interfaces/srv/detail/order_msg__type_support_c.cpp.o[0m
[1.854s] [ 64%] Built target tors_interfaces__rosidl_typesupport_c
[1.873s] [ 66%] [32m[1mLinking CXX shared library libtors_interfaces__rosidl_typesupport_cpp.so[0m
[1.902s] [ 69%] [32m[1mLinking CXX shared library libtors_interfaces__rosidl_typesupport_introspection_cpp.so[0m
[1.907s] [ 69%] Built target tors_interfaces__rosidl_typesupport_cpp
[1.952s] [ 69%] Built target tors_interfaces__rosidl_typesupport_introspection_cpp
[2.001s] [ 71%] [32m[1mLinking CXX shared library libtors_interfaces__rosidl_typesupport_fastrtps_cpp.so[0m
[2.059s] [ 71%] Built target tors_interfaces__rosidl_typesupport_fastrtps_cpp
[2.064s] [ 74%] [32m[1mLinking CXX shared library libtors_interfaces__rosidl_typesupport_fastrtps_c.so[0m
[2.128s] [ 74%] Built target tors_interfaces__rosidl_typesupport_fastrtps_c
[2.149s] [ 74%] Built target tors_interfaces
[2.169s] [ 76%] [34m[1mGenerating Python code for ROS interfaces[0m
[2.469s] [ 76%] Built target tors_interfaces__py
[2.485s] [ 79%] [32mBuilding C object CMakeFiles/tors_interfaces__rosidl_generator_py.dir/rosidl_generator_py/tors_interfaces/srv/_order_msg_s.c.o[0m
[2.485s] [ 82%] [32mBuilding C object CMakeFiles/tors_interfaces__rosidl_generator_py.dir/rosidl_generator_py/tors_interfaces/msg/_order_item_s.c.o[0m
[2.559s] [ 84%] [32m[1mLinking C shared library rosidl_generator_py/tors_interfaces/libtors_interfaces__rosidl_generator_py.so[0m
[2.592s] [ 84%] Built target tors_interfaces__rosidl_generator_py
[2.609s] [ 87%] [32mBuilding C object CMakeFiles/tors_interfaces__rosidl_typesupport_fastrtps_c__pyext.dir/rosidl_generator_py/tors_interfaces/_tors_interfaces_s.ep.rosidl_typesupport_fastrtps_c.c.o[0m
[2.611s] [ 89%] [32mBuilding C object CMakeFiles/tors_interfaces__rosidl_typesupport_introspection_c__pyext.dir/rosidl_generator_py/tors_interfaces/_tors_interfaces_s.ep.rosidl_typesupport_introspection_c.c.o[0m
[2.611s] [ 92%] [32mBuilding C object CMakeFiles/tors_interfaces__rosidl_typesupport_c__pyext.dir/rosidl_generator_py/tors_interfaces/_tors_interfaces_s.ep.rosidl_typesupport_c.c.o[0m
[2.672s] [ 94%] [32m[1mLinking C shared library rosidl_generator_py/tors_interfaces/tors_interfaces_s__rosidl_typesupport_fastrtps_c.cpython-310-x86_64-linux-gnu.so[0m
[2.674s] [ 97%] [32m[1mLinking C shared library rosidl_generator_py/tors_interfaces/tors_interfaces_s__rosidl_typesupport_c.cpython-310-x86_64-linux-gnu.so[0m
[2.674s] [100%] [32m[1mLinking C shared library rosidl_generator_py/tors_interfaces/tors_interfaces_s__rosidl_typesupport_introspection_c.cpython-310-x86_64-linux-gnu.so[0m
[2.698s] [100%] Built target tors_interfaces__rosidl_typesupport_c__pyext
[2.699s] [100%] Built target tors_interfaces__rosidl_typesupport_fastrtps_c__pyext
[2.699s] [100%] Built target tors_interfaces__rosidl_typesupport_introspection_c__pyext
[2.707s] Invoked command in '/workspace/tors_ws/build/tors_interfaces' returned '0': CMAKE_PREFIX_PATH=${CMAKE_PREFIX_PATH}:/workspace/tors_ws/install/table_order:/workspace/tors_ws/install/pos_control:/workspace/turtlebot3_ws/install/turtlebot3_teleop:/workspace/turtlebot3_ws/install/turtlebot3_example:/opt/ros/humble /usr/bin/cmake --build /workspace/tors_ws/build/tors_interfaces -- -j20 -l20
[2.715s] Invoking command in '/workspace/tors_ws/build/tors_interfaces': CMAKE_PREFIX_PATH=${CMAKE_PREFIX_PATH}:/workspace/tors_ws/install/table_order:/workspace/tors_ws/install/pos_control:/workspace/turtlebot3_ws/install/turtlebot3_teleop:/workspace/turtlebot3_ws/install/turtlebot3_example:/opt/ros/humble /usr/bin/cmake --install /workspace/tors_ws/build/tors_interfaces
[2.722s] -- Install configuration: ""
[2.722s] -- Execute custom install script
[2.722s] -- Symlinking: /workspace/tors_ws/install/tors_interfaces/share/ament_index/resource_index/rosidl_interfaces/tors_interfaces
[2.729s] -- Symlinking: /workspace/tors_ws/install/tors_interfaces/include/tors_interfaces/tors_interfaces/msg/detail/order_item__functions.h
[2.736s] -- Symlinking: /workspace/tors_ws/install/tors_interfaces/include/tors_interfaces/tors_interfaces/msg/detail/order_item__struct.h
[2.744s] -- Symlinking: /workspace/tors_ws/install/tors_interfaces/include/tors_interfaces/tors_interfaces/msg/detail/order_item__type_support.h
[2.752s] -- Symlinking: /workspace/tors_ws/install/tors_interfaces/include/tors_interfaces/tors_interfaces/msg/order_item.h
[2.758s] -- Symlinking: /workspace/tors_ws/install/tors_interfaces/include/tors_interfaces/tors_interfaces/msg/rosidl_generator_c__visibility_control.h
[2.765s] -- Symlinking: /workspace/tors_ws/install/tors_interfaces/include/tors_interfaces/tors_interfaces/srv/detail/order_msg__functions.h
[2.773s] -- Symlinking: /workspace/tors_ws/install/tors_interfaces/include/tors_interfaces/tors_interfaces/srv/detail/order_msg__struct.h
[2.778s] -- Symlinking: /workspace/tors_ws/install/tors_interfaces/include/tors_interfaces/tors_interfaces/srv/detail/order_msg__type_support.h
[2.783s] -- Symlinking: /workspace/tors_ws/install/tors_interfaces/include/tors_interfaces/tors_interfaces/srv/order_msg.h
[2.789s] -- Symlinking: /workspace/tors_ws/install/tors_interfaces/share/tors_interfaces/environment/library_path.sh
[2.794s] -- Symlinking: /workspace/tors_ws/install/tors_interfaces/share/tors_interfaces/environment/library_path.dsv
[2.800s] -- Symlinking: /workspace/tors_ws/install/tors_interfaces/include/tors_interfaces/tors_interfaces/msg/detail/order_item__rosidl_typesupport_fastrtps_c.h
[2.808s] -- Symlinking: /workspace/tors_ws/install/tors_interfaces/include/tors_interfaces/tors_interfaces/msg/rosidl_typesupport_fastrtps_c__visibility_control.h
[2.814s] -- Symlinking: /workspace/tors_ws/install/tors_interfaces/include/tors_interfaces/tors_interfaces/srv/detail/order_msg__rosidl_typesupport_fastrtps_c.h
[2.820s] -- Symlinking: /workspace/tors_ws/install/tors_interfaces/include/tors_interfaces/tors_interfaces/msg/detail/order_item__rosidl_typesupport_introspection_c.h
[2.827s] -- Symlinking: /workspace/tors_ws/install/tors_interfaces/include/tors_interfaces/tors_interfaces/msg/rosidl_typesupport_introspection_c__visibility_control.h
[2.833s] -- Symlinking: /workspace/tors_ws/install/tors_interfaces/include/tors_interfaces/tors_interfaces/srv/detail/order_msg__rosidl_typesupport_introspection_c.h
[2.840s] -- Symlinking: /workspace/tors_ws/install/tors_interfaces/include/tors_interfaces/tors_interfaces/msg/detail/order_item__builder.hpp
[2.847s] -- Symlinking: /workspace/tors_ws/install/tors_interfaces/include/tors_interfaces/tors_interfaces/msg/detail/order_item__struct.hpp
[2.854s] -- Symlinking: /workspace/tors_ws/install/tors_interfaces/include/tors_interfaces/tors_interfaces/msg/detail/order_item__traits.hpp
[2.860s] -- Symlinking: /workspace/tors_ws/install/tors_interfaces/include/tors_interfaces/tors_interfaces/msg/detail/order_item__type_support.hpp
[2.866s] -- Symlinking: /workspace/tors_ws/install/tors_interfaces/include/tors_interfaces/tors_interfaces/msg/order_item.hpp
[2.873s] -- Symlinking: /workspace/tors_ws/install/tors_interfaces/include/tors_interfaces/tors_interfaces/msg/rosidl_generator_cpp__visibility_control.hpp
[2.879s] -- Symlinking: /workspace/tors_ws/install/tors_interfaces/include/tors_interfaces/tors_interfaces/srv/detail/order_msg__builder.hpp
[2.886s] -- Symlinking: /workspace/tors_ws/install/tors_interfaces/include/tors_interfaces/tors_interfaces/srv/detail/order_msg__struct.hpp
[2.893s] -- Symlinking: /workspace/tors_ws/install/tors_interfaces/include/tors_interfaces/tors_interfaces/srv/detail/order_msg__traits.hpp
[2.899s] -- Symlinking: /workspace/tors_ws/install/tors_interfaces/include/tors_interfaces/tors_interfaces/srv/detail/order_msg__type_support.hpp
[2.906s] -- Symlinking: /workspace/tors_ws/install/tors_interfaces/include/tors_interfaces/tors_interfaces/srv/order_msg.hpp
[2.914s] -- Symlinking: /workspace/tors_ws/install/tors_interfaces/include/tors_interfaces/tors_interfaces/msg/detail/order_item__rosidl_typesupport_fastrtps_cpp.hpp
[2.920s] -- Symlinking: /workspace/tors_ws/install/tors_interfaces/include/tors_interfaces/tors_interfaces/msg/rosidl_typesupport_fastrtps_cpp__visibility_control.h
[2.928s] -- Symlinking: /workspace/tors_ws/install/tors_interfaces/include/tors_interfaces/tors_interfaces/srv/detail/order_msg__rosidl_typesupport_fastrtps_cpp.hpp
[2.934s] -- Symlinking: /workspace/tors_ws/install/tors_interfaces/include/tors_interfaces/tors_interfaces/msg/detail/order_item__rosidl_typesupport_introspection_cpp.hpp
[2.940s] -- Symlinking: /workspace/tors_ws/install/tors_interfaces/include/tors_interfaces/tors_interfaces/srv/detail/order_msg__rosidl_typesupport_introspection_cpp.hpp
[2.946s] -- Symlinking: /workspace/tors_ws/install/tors_interfaces/share/tors_interfaces/environment/pythonpath.sh
[2.952s] -- Symlinking: /workspace/tors_ws/install/tors_interfaces/share/tors_interfaces/environment/pythonpath.dsv
[2.959s] -- Symlinking: /workspace/tors_ws/install/tors_interfaces/local/lib/python3.10/dist-packages/tors_interfaces-0.0.0-py3.10.egg-info/PKG-INFO
[2.965s] -- Symlinking: /workspace/tors_ws/install/tors_interfaces/local/lib/python3.10/dist-packages/tors_interfaces-0.0.0-py3.10.egg-info/SOURCES.txt
[2.972s] -- Symlinking: /workspace/tors_ws/install/tors_interfaces/local/lib/python3.10/dist-packages/tors_interfaces-0.0.0-py3.10.egg-info/dependency_links.txt
[2.978s] -- Symlinking: /workspace/tors_ws/install/tors_interfaces/local/lib/python3.10/dist-packages/tors_interfaces-0.0.0-py3.10.egg-info/top_level.txt
[2.983s] -- Symlinking: /workspace/tors_ws/install/tors_interfaces/local/lib/python3.10/dist-packages/tors_interfaces/__init__.py
[2.990s] -- Symlinking: /workspace/tors_ws/install/tors_interfaces/local/lib/python3.10/dist-packages/tors_interfaces/_tors_interfaces_s.ep.rosidl_typesupport_c.c
[2.995s] -- Symlinking: /workspace/tors_ws/install/tors_interfaces/local/lib/python3.10/dist-packages/tors_interfaces/_tors_interfaces_s.ep.rosidl_typesupport_fastrtps_c.c
[3.000s] -- Symlinking: /workspace/tors_ws/install/tors_interfaces/local/lib/python3.10/dist-packages/tors_interfaces/_tors_interfaces_s.ep.rosidl_typesupport_introspection_c.c
[3.006s] -- Symlinking: /workspace/tors_ws/install/tors_interfaces/local/lib/python3.10/dist-packages/tors_interfaces/libtors_interfaces__rosidl_generator_py.so
[3.014s] -- Symlinking: /workspace/tors_ws/install/tors_interfaces/local/lib/python3.10/dist-packages/tors_interfaces/msg/__init__.py
[3.020s] -- Symlinking: /workspace/tors_ws/install/tors_interfaces/local/lib/python3.10/dist-packages/tors_interfaces/msg/_order_item.py
[3.028s] -- Symlinking: /workspace/tors_ws/install/tors_interfaces/local/lib/python3.10/dist-packages/tors_interfaces/msg/_order_item_s.c
[3.034s] -- Symlinking: /workspace/tors_ws/install/tors_interfaces/local/lib/python3.10/dist-packages/tors_interfaces/srv/__init__.py
[3.040s] -- Symlinking: /workspace/tors_ws/install/tors_interfaces/local/lib/python3.10/dist-packages/tors_interfaces/srv/_order_msg.py
[3.047s] -- Symlinking: /workspace/tors_ws/install/tors_interfaces/local/lib/python3.10/dist-packages/tors_interfaces/srv/_order_msg_s.c
[3.053s] -- Symlinking: /workspace/tors_ws/install/tors_interfaces/local/lib/python3.10/dist-packages/tors_interfaces/tors_interfaces_s__rosidl_typesupport_c.cpython-310-x86_64-linux-gnu.so
[3.059s] -- Symlinking: /workspace/tors_ws/install/tors_interfaces/local/lib/python3.10/dist-packages/tors_interfaces/tors_interfaces_s__rosidl_typesupport_fastrtps_c.cpython-310-x86_64-linux-gnu.so
[3.065s] -- Symlinking: /workspace/tors_ws/install/tors_interfaces/local/lib/python3.10/dist-packages/tors_interfaces/tors_interfaces_s__rosidl_typesupport_introspection_c.cpython-310-x86_64-linux-gnu.so
[3.071s] -- Up-to-date symlink: /workspace/tors_ws/install/tors_interfaces/local/lib/python3.10/dist-packages/tors_interfaces/tors_interfaces_s__rosidl_typesupport_fastrtps_c.cpython-310-x86_64-linux-gnu.so
[3.071s] -- Up-to-date symlink: /workspace/tors_ws/install/tors_interfaces/local/lib/python3.10/dist-packages/tors_interfaces/tors_interfaces_s__rosidl_typesupport_introspection_c.cpython-310-x86_64-linux-gnu.so
[3.071s] -- Up-to-date symlink: /workspace/tors_ws/install/tors_interfaces/local/lib/python3.10/dist-packages/tors_interfaces/tors_interfaces_s__rosidl_typesupport_c.cpython-310-x86_64-linux-gnu.so
[3.071s] -- Symlinking: /workspace/tors_ws/install/tors_interfaces/share/tors_interfaces/msg/OrderItem.idl
[3.078s] -- Symlinking: /workspace/tors_ws/install/tors_interfaces/share/tors_interfaces/srv/OrderMsg.idl
[3.086s] -- Symlinking: /workspace/tors_ws/install/tors_interfaces/share/tors_interfaces/msg/OrderItem.msg
[3.092s] -- Symlinking: /workspace/tors_ws/install/tors_interfaces/share/tors_interfaces/srv/OrderMsg.srv
[3.100s] -- Symlinking: /workspace/tors_ws/install/tors_interfaces/share/tors_interfaces/srv/OrderMsg_Request.msg
[3.107s] -- Symlinking: /workspace/tors_ws/install/tors_interfaces/share/tors_interfaces/srv/OrderMsg_Response.msg
[3.115s] -- Symlinking: /workspace/tors_ws/install/tors_interfaces/share/ament_index/resource_index/package_run_dependencies/tors_interfaces
[3.121s] -- Symlinking: /workspace/tors_ws/install/tors_interfaces/share/ament_index/resource_index/parent_prefix_path/tors_interfaces
[3.128s] -- Symlinking: /workspace/tors_ws/install/tors_interfaces/share/tors_interfaces/environment/ament_prefix_path.sh
[3.134s] -- Symlinking: /workspace/tors_ws/install/tors_interfaces/share/tors_interfaces/environment/ament_prefix_path.dsv
[3.140s] -- Symlinking: /workspace/tors_ws/install/tors_interfaces/share/tors_interfaces/environment/path.sh
[3.146s] -- Symlinking: /workspace/tors_ws/install/tors_interfaces/share/tors_interfaces/environment/path.dsv
[3.152s] -- Symlinking: /workspace/tors_ws/install/tors_interfaces/share/tors_interfaces/local_setup.bash
[3.159s] -- Symlinking: /workspace/tors_ws/install/tors_interfaces/share/tors_interfaces/local_setup.sh
[3.164s] -- Symlinking: /workspace/tors_ws/install/tors_interfaces/share/tors_interfaces/local_setup.zsh
[3.171s] -- Symlinking: /workspace/tors_ws/install/tors_interfaces/share/tors_interfaces/local_setup.dsv
[3.179s] -- Symlinking: /workspace/tors_ws/install/tors_interfaces/share/tors_interfaces/package.dsv
[3.186s] -- Symlinking: /workspace/tors_ws/install/tors_interfaces/share/ament_index/resource_index/packages/tors_interfaces
[3.192s] -- Symlinking: /workspace/tors_ws/install/tors_interfaces/share/tors_interfaces/cmake/rosidl_cmake-extras.cmake
[3.198s] -- Symlinking: /workspace/tors_ws/install/tors_interfaces/share/tors_interfaces/cmake/ament_cmake_export_include_directories-extras.cmake
[3.206s] -- Symlinking: /workspace/tors_ws/install/tors_interfaces/share/tors_interfaces/cmake/ament_cmake_export_libraries-extras.cmake
[3.214s] -- Symlinking: /workspace/tors_ws/install/tors_interfaces/share/tors_interfaces/cmake/ament_cmake_export_targets-extras.cmake
[3.219s] -- Symlinking: /workspace/tors_ws/install/tors_interfaces/share/tors_interfaces/cmake/rosidl_cmake_export_typesupport_targets-extras.cmake
[3.225s] -- Symlinking: /workspace/tors_ws/install/tors_interfaces/share/tors_interfaces/cmake/ament_cmake_export_dependencies-extras.cmake
[3.233s] -- Symlinking: /workspace/tors_ws/install/tors_interfaces/share/tors_interfaces/cmake/rosidl_cmake_export_typesupport_libraries-extras.cmake
[3.241s] -- Symlinking: /workspace/tors_ws/install/tors_interfaces/share/tors_interfaces/cmake/tors_interfacesConfig.cmake
[3.247s] -- Symlinking: /workspace/tors_ws/install/tors_interfaces/share/tors_interfaces/cmake/tors_interfacesConfig-version.cmake
[3.253s] -- Symlinking: /workspace/tors_ws/install/tors_interfaces/share/tors_interfaces/package.xml
[3.260s] -- Installing: /workspace/tors_ws/install/tors_interfaces/lib/libtors_interfaces__rosidl_generator_c.so
[3.260s] -- Set runtime path of "/workspace/tors_ws/install/tors_interfaces/lib/libtors_interfaces__rosidl_generator_c.so" to ""
[3.260s] -- Installing: /workspace/tors_ws/install/tors_interfaces/lib/libtors_interfaces__rosidl_typesupport_fastrtps_c.so
[3.261s] -- Set runtime path of "/workspace/tors_ws/install/tors_interfaces/lib/libtors_interfaces__rosidl_typesupport_fastrtps_c.so" to ""
[3.261s] -- Installing: /workspace/tors_ws/install/tors_interfaces/lib/libtors_interfaces__rosidl_typesupport_introspection_c.so
[3.261s] -- Set runtime path of "/workspace/tors_ws/install/tors_interfaces/lib/libtors_interfaces__rosidl_typesupport_introspection_c.so" to ""
[3.261s] -- Installing: /workspace/tors_ws/install/tors_interfaces/lib/libtors_interfaces__rosidl_typesupport_c.so
[3.261s] -- Set runtime path of "/workspace/tors_ws/install/tors_interfaces/lib/libtors_interfaces__rosidl_typesupport_c.so" to ""
[3.261s] -- Installing: /workspace/tors_ws/install/tors_interfaces/lib/libtors_interfaces__rosidl_typesupport_fastrtps_cpp.so
[3.261s] -- Set runtime path of "/workspace/tors_ws/install/tors_interfaces/lib/libtors_interfaces__rosidl_typesupport_fastrtps_cpp.so" to ""
[3.261s] -- Installing: /workspace/tors_ws/install/tors_interfaces/lib/libtors_interfaces__rosidl_typesupport_introspection_cpp.so
[3.261s] -- Set runtime path of "/workspace/tors_ws/install/tors_interfaces/lib/libtors_interfaces__rosidl_typesupport_introspection_cpp.so" to ""
[3.261s] -- Installing: /workspace/tors_ws/install/tors_interfaces/lib/libtors_interfaces__rosidl_typesupport_cpp.so
[3.262s] -- Set runtime path of "/workspace/tors_ws/install/tors_interfaces/lib/libtors_interfaces__rosidl_typesupport_cpp.so" to ""
[3.288s] Listing '/workspace/tors_ws/install/tors_interfaces/local/lib/python3.10/dist-packages/tors_interfaces'...
[3.288s] Compiling '/workspace/tors_ws/install/tors_interfaces/local/lib/python3.10/dist-packages/tors_interfaces/__init__.py'...
[3.288s] Listing '/workspace/tors_ws/install/tors_interfaces/local/lib/python3.10/dist-packages/tors_interfaces/msg'...
[3.288s] Compiling '/workspace/tors_ws/install/tors_interfaces/local/lib/python3.10/dist-packages/tors_interfaces/msg/__init__.py'...
[3.289s] Compiling '/workspace/tors_ws/install/tors_interfaces/local/lib/python3.10/dist-packages/tors_interfaces/msg/_order_item.py'...
[3.289s] Listing '/workspace/tors_ws/install/tors_interfaces/local/lib/python3.10/dist-packages/tors_interfaces/srv'...
[3.289s] Compiling '/workspace/tors_ws/install/tors_interfaces/local/lib/python3.10/dist-packages/tors_interfaces/srv/__init__.py'...
[3.289s] Compiling '/workspace/tors_ws/install/tors_interfaces/local/lib/python3.10/dist-packages/tors_interfaces/srv/_order_msg.py'...
[3.291s] -- Installing: /workspace/tors_ws/install/tors_interfaces/lib/libtors_interfaces__rosidl_generator_py.so
[3.291s] -- Set runtime path of "/workspace/tors_ws/install/tors_interfaces/lib/libtors_interfaces__rosidl_generator_py.so" to ""
[3.291s] -- Installing: /workspace/tors_ws/install/tors_interfaces/share/tors_interfaces/cmake/export_tors_interfaces__rosidl_generator_cExport.cmake
[3.292s] -- Installing: /workspace/tors_ws/install/tors_interfaces/share/tors_interfaces/cmake/export_tors_interfaces__rosidl_generator_cExport-noconfig.cmake
[3.292s] -- Installing: /workspace/tors_ws/install/tors_interfaces/share/tors_interfaces/cmake/export_tors_interfaces__rosidl_typesupport_fastrtps_cExport.cmake
[3.292s] -- Installing: /workspace/tors_ws/install/tors_interfaces/share/tors_interfaces/cmake/export_tors_interfaces__rosidl_typesupport_fastrtps_cExport-noconfig.cmake
[3.292s] -- Installing: /workspace/tors_ws/install/tors_interfaces/share/tors_interfaces/cmake/tors_interfaces__rosidl_typesupport_introspection_cExport.cmake
[3.292s] -- Installing: /workspace/tors_ws/install/tors_interfaces/share/tors_interfaces/cmake/tors_interfaces__rosidl_typesupport_introspection_cExport-noconfig.cmake
[3.292s] -- Installing: /workspace/tors_ws/install/tors_interfaces/share/tors_interfaces/cmake/tors_interfaces__rosidl_typesupport_cExport.cmake
[3.292s] -- Installing: /workspace/tors_ws/install/tors_interfaces/share/tors_interfaces/cmake/tors_interfaces__rosidl_typesupport_cExport-noconfig.cmake
[3.292s] -- Installing: /workspace/tors_ws/install/tors_interfaces/share/tors_interfaces/cmake/export_tors_interfaces__rosidl_generator_cppExport.cmake
[3.292s] -- Installing: /workspace/tors_ws/install/tors_interfaces/share/tors_interfaces/cmake/export_tors_interfaces__rosidl_typesupport_fastrtps_cppExport.cmake
[3.292s] -- Installing: /workspace/tors_ws/install/tors_interfaces/share/tors_interfaces/cmake/export_tors_interfaces__rosidl_typesupport_fastrtps_cppExport-noconfig.cmake
[3.292s] -- Installing: /workspace/tors_ws/install/tors_interfaces/share/tors_interfaces/cmake/tors_interfaces__rosidl_typesupport_introspection_cppExport.cmake
[3.293s] -- Installing: /workspace/tors_ws/install/tors_interfaces/share/tors_interfaces/cmake/tors_interfaces__rosidl_typesupport_introspection_cppExport-noconfig.cmake
[3.293s] -- Installing: /workspace/tors_ws/install/tors_interfaces/share/tors_interfaces/cmake/tors_interfaces__rosidl_typesupport_cppExport.cmake
[3.293s] -- Installing: /workspace/tors_ws/install/tors_interfaces/share/tors_interfaces/cmake/tors_interfaces__rosidl_typesupport_cppExport-noconfig.cmake
[3.293s] -- Installing: /workspace/tors_ws/install/tors_interfaces/share/tors_interfaces/cmake/export_tors_interfaces__rosidl_generator_pyExport.cmake
[3.293s] -- Installing: /workspace/tors_ws/install/tors_interfaces/share/tors_interfaces/cmake/export_tors_interfaces__rosidl_generator_pyExport-noconfig.cmake
[3.294s] Invoked command in '/workspace/tors_ws/build/tors_interfaces' returned '0': CMAKE_PREFIX_PATH=${CMAKE_PREFIX_PATH}:/workspace/tors_ws/install/table_order:/workspace/tors_ws/install/pos_control:/workspace/turtlebot3_ws/install/turtlebot3_teleop:/workspace/turtlebot3_ws/install/turtlebot3_example:/opt/ros/humble /usr/bin/cmake --install /workspace/tors_ws/build/tors_interfaces
