[0.020s] Invoking command in '/workspace/tors_ws/build/tors_interfaces': CMAKE_PREFIX_PATH=${CMAKE_PREFIX_PATH}:/workspace/tors_ws/install/table_order:/workspace/tors_ws/install/pos_control:/workspace/turtlebot3_ws/install/turtlebot3_teleop:/workspace/turtlebot3_ws/install/turtlebot3_example:/opt/ros/humble /usr/bin/cmake --build /workspace/tors_ws/build/tors_interfaces -- -j20 -l20
[0.078s] [  3%] Built target tors_interfaces__cpp
[0.110s] [  3%] Built target ament_cmake_python_symlink_tors_interfaces
[0.137s] [ 12%] Built target tors_interfaces__rosidl_typesupport_introspection_cpp
[0.398s] running egg_info
[0.399s] writing tors_interfaces.egg-info/PKG-INFO
[0.399s] writing dependency_links to tors_interfaces.egg-info/dependency_links.txt
[0.399s] writing top-level names to tors_interfaces.egg-info/top_level.txt
[0.402s] reading manifest file 'tors_interfaces.egg-info/SOURCES.txt'
[0.402s] writing manifest file 'tors_interfaces.egg-info/SOURCES.txt'
[0.430s] [ 12%] Built target ament_cmake_python_build_tors_interfaces_egg
[0.458s] [ 22%] Built target tors_interfaces__rosidl_typesupport_fastrtps_cpp
[0.488s] [ 32%] Built target tors_interfaces__rosidl_typesupport_cpp
[0.518s] [ 41%] Built target tors_interfaces__rosidl_generator_c
[0.551s] [ 51%] Built target tors_interfaces__rosidl_typesupport_fastrtps_c
[0.584s] [ 61%] Built target tors_interfaces__rosidl_typesupport_c
[0.609s] [ 70%] Built target tors_interfaces__rosidl_typesupport_introspection_c
[0.634s] [ 70%] Built target tors_interfaces
[0.660s] [ 74%] Built target tors_interfaces__py
[0.687s] [ 80%] Built target tors_interfaces__rosidl_generator_py
[0.715s] [ 87%] Built target tors_interfaces__rosidl_typesupport_fastrtps_c__pyext
[0.745s] [ 93%] Built target tors_interfaces__rosidl_typesupport_c__pyext
[0.775s] [100%] Built target tors_interfaces__rosidl_typesupport_introspection_c__pyext
[0.793s] Invoked command in '/workspace/tors_ws/build/tors_interfaces' returned '0': CMAKE_PREFIX_PATH=${CMAKE_PREFIX_PATH}:/workspace/tors_ws/install/table_order:/workspace/tors_ws/install/pos_control:/workspace/turtlebot3_ws/install/turtlebot3_teleop:/workspace/turtlebot3_ws/install/turtlebot3_example:/opt/ros/humble /usr/bin/cmake --build /workspace/tors_ws/build/tors_interfaces -- -j20 -l20
[0.806s] Invoking command in '/workspace/tors_ws/build/tors_interfaces': CMAKE_PREFIX_PATH=${CMAKE_PREFIX_PATH}:/workspace/tors_ws/install/table_order:/workspace/tors_ws/install/pos_control:/workspace/turtlebot3_ws/install/turtlebot3_teleop:/workspace/turtlebot3_ws/install/turtlebot3_example:/opt/ros/humble /usr/bin/cmake --install /workspace/tors_ws/build/tors_interfaces
[0.815s] -- Install configuration: ""
[0.816s] -- Execute custom install script
[0.816s] -- Up-to-date symlink: /workspace/tors_ws/install/tors_interfaces/share/ament_index/resource_index/rosidl_interfaces/tors_interfaces
[0.816s] -- Up-to-date symlink: /workspace/tors_ws/install/tors_interfaces/include/tors_interfaces/tors_interfaces/msg/rosidl_generator_c__visibility_control.h
[0.816s] -- Up-to-date symlink: /workspace/tors_ws/install/tors_interfaces/include/tors_interfaces/tors_interfaces/srv/detail/order_msg__functions.h
[0.817s] -- Up-to-date symlink: /workspace/tors_ws/install/tors_interfaces/include/tors_interfaces/tors_interfaces/srv/detail/order_msg__struct.h
[0.817s] -- Up-to-date symlink: /workspace/tors_ws/install/tors_interfaces/include/tors_interfaces/tors_interfaces/srv/detail/order_msg__type_support.h
[0.817s] -- Up-to-date symlink: /workspace/tors_ws/install/tors_interfaces/include/tors_interfaces/tors_interfaces/srv/order_msg.h
[0.817s] -- Up-to-date symlink: /workspace/tors_ws/install/tors_interfaces/share/tors_interfaces/environment/library_path.sh
[0.817s] -- Up-to-date symlink: /workspace/tors_ws/install/tors_interfaces/share/tors_interfaces/environment/library_path.dsv
[0.818s] -- Up-to-date symlink: /workspace/tors_ws/install/tors_interfaces/include/tors_interfaces/tors_interfaces/msg/rosidl_typesupport_fastrtps_c__visibility_control.h
[0.818s] -- Up-to-date symlink: /workspace/tors_ws/install/tors_interfaces/include/tors_interfaces/tors_interfaces/srv/detail/order_msg__rosidl_typesupport_fastrtps_c.h
[0.818s] -- Up-to-date symlink: /workspace/tors_ws/install/tors_interfaces/include/tors_interfaces/tors_interfaces/msg/rosidl_typesupport_introspection_c__visibility_control.h
[0.818s] -- Up-to-date symlink: /workspace/tors_ws/install/tors_interfaces/include/tors_interfaces/tors_interfaces/srv/detail/order_msg__rosidl_typesupport_introspection_c.h
[0.819s] -- Up-to-date symlink: /workspace/tors_ws/install/tors_interfaces/include/tors_interfaces/tors_interfaces/msg/rosidl_generator_cpp__visibility_control.hpp
[0.819s] -- Up-to-date symlink: /workspace/tors_ws/install/tors_interfaces/include/tors_interfaces/tors_interfaces/srv/detail/order_msg__builder.hpp
[0.819s] -- Up-to-date symlink: /workspace/tors_ws/install/tors_interfaces/include/tors_interfaces/tors_interfaces/srv/detail/order_msg__struct.hpp
[0.819s] -- Up-to-date symlink: /workspace/tors_ws/install/tors_interfaces/include/tors_interfaces/tors_interfaces/srv/detail/order_msg__traits.hpp
[0.819s] -- Up-to-date symlink: /workspace/tors_ws/install/tors_interfaces/include/tors_interfaces/tors_interfaces/srv/detail/order_msg__type_support.hpp
[0.819s] -- Up-to-date symlink: /workspace/tors_ws/install/tors_interfaces/include/tors_interfaces/tors_interfaces/srv/order_msg.hpp
[0.820s] -- Up-to-date symlink: /workspace/tors_ws/install/tors_interfaces/include/tors_interfaces/tors_interfaces/msg/rosidl_typesupport_fastrtps_cpp__visibility_control.h
[0.820s] -- Up-to-date symlink: /workspace/tors_ws/install/tors_interfaces/include/tors_interfaces/tors_interfaces/srv/detail/order_msg__rosidl_typesupport_fastrtps_cpp.hpp
[0.820s] -- Up-to-date symlink: /workspace/tors_ws/install/tors_interfaces/include/tors_interfaces/tors_interfaces/srv/detail/order_msg__rosidl_typesupport_introspection_cpp.hpp
[0.820s] -- Up-to-date symlink: /workspace/tors_ws/install/tors_interfaces/share/tors_interfaces/environment/pythonpath.sh
[0.820s] -- Up-to-date symlink: /workspace/tors_ws/install/tors_interfaces/share/tors_interfaces/environment/pythonpath.dsv
[0.821s] -- Up-to-date symlink: /workspace/tors_ws/install/tors_interfaces/local/lib/python3.10/dist-packages/tors_interfaces-0.0.0-py3.10.egg-info/PKG-INFO
[0.821s] -- Up-to-date symlink: /workspace/tors_ws/install/tors_interfaces/local/lib/python3.10/dist-packages/tors_interfaces-0.0.0-py3.10.egg-info/SOURCES.txt
[0.821s] -- Up-to-date symlink: /workspace/tors_ws/install/tors_interfaces/local/lib/python3.10/dist-packages/tors_interfaces-0.0.0-py3.10.egg-info/dependency_links.txt
[0.821s] -- Up-to-date symlink: /workspace/tors_ws/install/tors_interfaces/local/lib/python3.10/dist-packages/tors_interfaces-0.0.0-py3.10.egg-info/top_level.txt
[0.822s] -- Up-to-date symlink: /workspace/tors_ws/install/tors_interfaces/local/lib/python3.10/dist-packages/tors_interfaces/__init__.py
[0.822s] -- Up-to-date symlink: /workspace/tors_ws/install/tors_interfaces/local/lib/python3.10/dist-packages/tors_interfaces/_tors_interfaces_s.ep.rosidl_typesupport_c.c
[0.822s] -- Up-to-date symlink: /workspace/tors_ws/install/tors_interfaces/local/lib/python3.10/dist-packages/tors_interfaces/_tors_interfaces_s.ep.rosidl_typesupport_fastrtps_c.c
[0.822s] -- Up-to-date symlink: /workspace/tors_ws/install/tors_interfaces/local/lib/python3.10/dist-packages/tors_interfaces/_tors_interfaces_s.ep.rosidl_typesupport_introspection_c.c
[0.822s] -- Up-to-date symlink: /workspace/tors_ws/install/tors_interfaces/local/lib/python3.10/dist-packages/tors_interfaces/libtors_interfaces__rosidl_generator_py.so
[0.822s] -- Up-to-date symlink: /workspace/tors_ws/install/tors_interfaces/local/lib/python3.10/dist-packages/tors_interfaces/srv/__init__.py
[0.822s] -- Up-to-date symlink: /workspace/tors_ws/install/tors_interfaces/local/lib/python3.10/dist-packages/tors_interfaces/srv/_order_msg.py
[0.822s] -- Up-to-date symlink: /workspace/tors_ws/install/tors_interfaces/local/lib/python3.10/dist-packages/tors_interfaces/srv/_order_msg_s.c
[0.822s] -- Up-to-date symlink: /workspace/tors_ws/install/tors_interfaces/local/lib/python3.10/dist-packages/tors_interfaces/tors_interfaces_s__rosidl_typesupport_c.cpython-310-x86_64-linux-gnu.so
[0.822s] -- Up-to-date symlink: /workspace/tors_ws/install/tors_interfaces/local/lib/python3.10/dist-packages/tors_interfaces/tors_interfaces_s__rosidl_typesupport_fastrtps_c.cpython-310-x86_64-linux-gnu.so
[0.823s] -- Up-to-date symlink: /workspace/tors_ws/install/tors_interfaces/local/lib/python3.10/dist-packages/tors_interfaces/tors_interfaces_s__rosidl_typesupport_introspection_c.cpython-310-x86_64-linux-gnu.so
[0.823s] -- Up-to-date symlink: /workspace/tors_ws/install/tors_interfaces/local/lib/python3.10/dist-packages/tors_interfaces/tors_interfaces_s__rosidl_typesupport_fastrtps_c.cpython-310-x86_64-linux-gnu.so
[0.823s] -- Up-to-date symlink: /workspace/tors_ws/install/tors_interfaces/local/lib/python3.10/dist-packages/tors_interfaces/tors_interfaces_s__rosidl_typesupport_introspection_c.cpython-310-x86_64-linux-gnu.so
[0.823s] -- Up-to-date symlink: /workspace/tors_ws/install/tors_interfaces/local/lib/python3.10/dist-packages/tors_interfaces/tors_interfaces_s__rosidl_typesupport_c.cpython-310-x86_64-linux-gnu.so
[0.823s] -- Up-to-date symlink: /workspace/tors_ws/install/tors_interfaces/share/tors_interfaces/srv/OrderMsg.idl
[0.824s] -- Up-to-date symlink: /workspace/tors_ws/install/tors_interfaces/share/tors_interfaces/srv/OrderMsg.srv
[0.824s] -- Up-to-date symlink: /workspace/tors_ws/install/tors_interfaces/share/tors_interfaces/srv/OrderMsg_Request.msg
[0.824s] -- Up-to-date symlink: /workspace/tors_ws/install/tors_interfaces/share/tors_interfaces/srv/OrderMsg_Response.msg
[0.824s] -- Up-to-date symlink: /workspace/tors_ws/install/tors_interfaces/share/ament_index/resource_index/package_run_dependencies/tors_interfaces
[0.824s] -- Up-to-date symlink: /workspace/tors_ws/install/tors_interfaces/share/ament_index/resource_index/parent_prefix_path/tors_interfaces
[0.824s] -- Up-to-date symlink: /workspace/tors_ws/install/tors_interfaces/share/tors_interfaces/environment/ament_prefix_path.sh
[0.824s] -- Up-to-date symlink: /workspace/tors_ws/install/tors_interfaces/share/tors_interfaces/environment/ament_prefix_path.dsv
[0.825s] -- Up-to-date symlink: /workspace/tors_ws/install/tors_interfaces/share/tors_interfaces/environment/path.sh
[0.825s] -- Up-to-date symlink: /workspace/tors_ws/install/tors_interfaces/share/tors_interfaces/environment/path.dsv
[0.825s] -- Up-to-date symlink: /workspace/tors_ws/install/tors_interfaces/share/tors_interfaces/local_setup.bash
[0.825s] -- Up-to-date symlink: /workspace/tors_ws/install/tors_interfaces/share/tors_interfaces/local_setup.sh
[0.825s] -- Up-to-date symlink: /workspace/tors_ws/install/tors_interfaces/share/tors_interfaces/local_setup.zsh
[0.825s] -- Up-to-date symlink: /workspace/tors_ws/install/tors_interfaces/share/tors_interfaces/local_setup.dsv
[0.825s] -- Symlinking: /workspace/tors_ws/install/tors_interfaces/share/tors_interfaces/package.dsv
[0.847s] -- Up-to-date symlink: /workspace/tors_ws/install/tors_interfaces/share/ament_index/resource_index/packages/tors_interfaces
[0.847s] -- Up-to-date symlink: /workspace/tors_ws/install/tors_interfaces/share/tors_interfaces/cmake/rosidl_cmake-extras.cmake
[0.847s] -- Up-to-date symlink: /workspace/tors_ws/install/tors_interfaces/share/tors_interfaces/cmake/ament_cmake_export_include_directories-extras.cmake
[0.847s] -- Up-to-date symlink: /workspace/tors_ws/install/tors_interfaces/share/tors_interfaces/cmake/ament_cmake_export_libraries-extras.cmake
[0.847s] -- Up-to-date symlink: /workspace/tors_ws/install/tors_interfaces/share/tors_interfaces/cmake/ament_cmake_export_targets-extras.cmake
[0.848s] -- Up-to-date symlink: /workspace/tors_ws/install/tors_interfaces/share/tors_interfaces/cmake/rosidl_cmake_export_typesupport_targets-extras.cmake
[0.848s] -- Up-to-date symlink: /workspace/tors_ws/install/tors_interfaces/share/tors_interfaces/cmake/ament_cmake_export_dependencies-extras.cmake
[0.848s] -- Up-to-date symlink: /workspace/tors_ws/install/tors_interfaces/share/tors_interfaces/cmake/rosidl_cmake_export_typesupport_libraries-extras.cmake
[0.848s] -- Up-to-date symlink: /workspace/tors_ws/install/tors_interfaces/share/tors_interfaces/cmake/tors_interfacesConfig.cmake
[0.848s] -- Up-to-date symlink: /workspace/tors_ws/install/tors_interfaces/share/tors_interfaces/cmake/tors_interfacesConfig-version.cmake
[0.849s] -- Up-to-date symlink: /workspace/tors_ws/install/tors_interfaces/share/tors_interfaces/package.xml
[0.849s] -- Up-to-date: /workspace/tors_ws/install/tors_interfaces/lib/libtors_interfaces__rosidl_generator_c.so
[0.849s] -- Up-to-date: /workspace/tors_ws/install/tors_interfaces/lib/libtors_interfaces__rosidl_typesupport_fastrtps_c.so
[0.849s] -- Up-to-date: /workspace/tors_ws/install/tors_interfaces/lib/libtors_interfaces__rosidl_typesupport_introspection_c.so
[0.850s] -- Up-to-date: /workspace/tors_ws/install/tors_interfaces/lib/libtors_interfaces__rosidl_typesupport_c.so
[0.850s] -- Up-to-date: /workspace/tors_ws/install/tors_interfaces/lib/libtors_interfaces__rosidl_typesupport_fastrtps_cpp.so
[0.850s] -- Up-to-date: /workspace/tors_ws/install/tors_interfaces/lib/libtors_interfaces__rosidl_typesupport_introspection_cpp.so
[0.850s] -- Up-to-date: /workspace/tors_ws/install/tors_interfaces/lib/libtors_interfaces__rosidl_typesupport_cpp.so
[0.900s] Listing '/workspace/tors_ws/install/tors_interfaces/local/lib/python3.10/dist-packages/tors_interfaces'...
[0.900s] Listing '/workspace/tors_ws/install/tors_interfaces/local/lib/python3.10/dist-packages/tors_interfaces/srv'...
[0.901s] -- Up-to-date: /workspace/tors_ws/install/tors_interfaces/lib/libtors_interfaces__rosidl_generator_py.so
[0.905s] -- Up-to-date: /workspace/tors_ws/install/tors_interfaces/share/tors_interfaces/cmake/export_tors_interfaces__rosidl_generator_cExport.cmake
[0.906s] -- Up-to-date: /workspace/tors_ws/install/tors_interfaces/share/tors_interfaces/cmake/export_tors_interfaces__rosidl_generator_cExport-noconfig.cmake
[0.906s] -- Up-to-date: /workspace/tors_ws/install/tors_interfaces/share/tors_interfaces/cmake/export_tors_interfaces__rosidl_typesupport_fastrtps_cExport.cmake
[0.906s] -- Up-to-date: /workspace/tors_ws/install/tors_interfaces/share/tors_interfaces/cmake/export_tors_interfaces__rosidl_typesupport_fastrtps_cExport-noconfig.cmake
[0.906s] -- Up-to-date: /workspace/tors_ws/install/tors_interfaces/share/tors_interfaces/cmake/tors_interfaces__rosidl_typesupport_introspection_cExport.cmake
[0.906s] -- Up-to-date: /workspace/tors_ws/install/tors_interfaces/share/tors_interfaces/cmake/tors_interfaces__rosidl_typesupport_introspection_cExport-noconfig.cmake
[0.906s] -- Up-to-date: /workspace/tors_ws/install/tors_interfaces/share/tors_interfaces/cmake/tors_interfaces__rosidl_typesupport_cExport.cmake
[0.906s] -- Up-to-date: /workspace/tors_ws/install/tors_interfaces/share/tors_interfaces/cmake/tors_interfaces__rosidl_typesupport_cExport-noconfig.cmake
[0.906s] -- Up-to-date: /workspace/tors_ws/install/tors_interfaces/share/tors_interfaces/cmake/export_tors_interfaces__rosidl_generator_cppExport.cmake
[0.906s] -- Up-to-date: /workspace/tors_ws/install/tors_interfaces/share/tors_interfaces/cmake/export_tors_interfaces__rosidl_typesupport_fastrtps_cppExport.cmake
[0.906s] -- Up-to-date: /workspace/tors_ws/install/tors_interfaces/share/tors_interfaces/cmake/export_tors_interfaces__rosidl_typesupport_fastrtps_cppExport-noconfig.cmake
[0.906s] -- Up-to-date: /workspace/tors_ws/install/tors_interfaces/share/tors_interfaces/cmake/tors_interfaces__rosidl_typesupport_introspection_cppExport.cmake
[0.906s] -- Up-to-date: /workspace/tors_ws/install/tors_interfaces/share/tors_interfaces/cmake/tors_interfaces__rosidl_typesupport_introspection_cppExport-noconfig.cmake
[0.906s] -- Up-to-date: /workspace/tors_ws/install/tors_interfaces/share/tors_interfaces/cmake/tors_interfaces__rosidl_typesupport_cppExport.cmake
[0.906s] -- Up-to-date: /workspace/tors_ws/install/tors_interfaces/share/tors_interfaces/cmake/tors_interfaces__rosidl_typesupport_cppExport-noconfig.cmake
[0.907s] -- Up-to-date: /workspace/tors_ws/install/tors_interfaces/share/tors_interfaces/cmake/export_tors_interfaces__rosidl_generator_pyExport.cmake
[0.907s] -- Up-to-date: /workspace/tors_ws/install/tors_interfaces/share/tors_interfaces/cmake/export_tors_interfaces__rosidl_generator_pyExport-noconfig.cmake
[0.910s] Invoked command in '/workspace/tors_ws/build/tors_interfaces' returned '0': CMAKE_PREFIX_PATH=${CMAKE_PREFIX_PATH}:/workspace/tors_ws/install/table_order:/workspace/tors_ws/install/pos_control:/workspace/turtlebot3_ws/install/turtlebot3_teleop:/workspace/turtlebot3_ws/install/turtlebot3_example:/opt/ros/humble /usr/bin/cmake --install /workspace/tors_ws/build/tors_interfaces
